#
# There is insufficient memory for the Java Runtime Environment to continue.
# Native memory allocation (mmap) failed to map 78118912 bytes for committing reserved memory.
# Possible reasons:
#   The system is out of physical RAM or swap space
#   In 32 bit mode, the process size limit was hit
# Possible solutions:
#   Reduce memory load on the system
#   Increase physical memory or swap space
#   Check if swap backing store is full
#   Use 64 bit Java on a 64 bit OS
#   Decrease Java heap size (-Xmx/-Xms)
#   Decrease number of Java threads
#   Decrease Java thread stack sizes (-Xss)
#   Set larger code cache with -XX:ReservedCodeCacheSize=
# This output file may be truncated or incomplete.
#
#  Out of Memory Error (os_linux.cpp:2627), pid=4415, tid=0x00007f994decc700
#
# JRE version: Java(TM) SE Runtime Environment (8.0_111-b14) (build 1.8.0_111-b14)
# Java VM: Java HotSpot(TM) 64-Bit Server VM (25.111-b14 mixed mode linux-amd64 compressed oops)
# Failed to write core dump. Core dumps have been disabled. To enable core dumping, try "ulimit -c unlimited" before starting Java again
#

---------------  T H R E A D  ---------------

Current thread (0x00007f9964077800):  VMThread [stack: 0x00007f994ddcc000,0x00007f994decd000] [id=4425]

Stack: [0x00007f994ddcc000,0x00007f994decd000],  sp=0x00007f994decb160,  free space=1020k
Native frames: (J=compiled Java code, j=interpreted, Vv=VM code, C=native code)
V  [libjvm.so+0xac5c2a]  VMError::report_and_die()+0x2ba
V  [libjvm.so+0x4fc50b]  report_vm_out_of_memory(char const*, int, unsigned long, VMErrorType, char const*)+0x8b
V  [libjvm.so+0x922ae3]  os::Linux::commit_memory_impl(char*, unsigned long, bool)+0x103
V  [libjvm.so+0x923039]  os::pd_commit_memory(char*, unsigned long, unsigned long, bool)+0x29
V  [libjvm.so+0x91d33a]  os::commit_memory(char*, unsigned long, unsigned long, bool)+0x2a
V  [libjvm.so+0x991ac3]  PSVirtualSpace::expand_by(unsigned long)+0x53
V  [libjvm.so+0x992ec8]  PSYoungGen::resize_generation(unsigned long, unsigned long)+0xf8
V  [libjvm.so+0x992022]  PSYoungGen::resize(unsigned long, unsigned long)+0x22
V  [libjvm.so+0x98f2fb]  PSScavenge::invoke_no_policy()+0xf3b
V  [libjvm.so+0x98fa81]  PSScavenge::invoke()+0x41
V  [libjvm.so+0x9467d0]  ParallelScavengeHeap::failed_mem_allocate(unsigned long)+0x70
V  [libjvm.so+0xac7647]  VM_ParallelGCFailedAllocation::doit()+0x97
V  [libjvm.so+0xacf125]  VM_Operation::evaluate()+0x55
V  [libjvm.so+0xacd4fa]  VMThread::evaluate_operation(VM_Operation*)+0xba
V  [libjvm.so+0xacd87e]  VMThread::loop()+0x1ce
V  [libjvm.so+0xacdcf0]  VMThread::run()+0x70
V  [libjvm.so+0x924ea8]  java_start(Thread*)+0x108

VM_Operation (0x00007f98f8a54700): ParallelGCFailedAllocation, mode: safepoint, requested by thread 0x00007f9904108800


---------------  P R O C E S S  ---------------

Java Threads: ( => current thread )
  0x00007f9904108800 JavaThread "Thread-2" [_thread_blocked, id=4448, stack(0x00007f98f8955000,0x00007f98f8a56000)]
  0x00007f9904107000 JavaThread "Thread-1" [_thread_blocked, id=4447, stack(0x00007f98f8a56000,0x00007f98f8b57000)]
  0x00007f9904106800 JavaThread "Thread-0" [_thread_blocked, id=4446, stack(0x00007f991e82a000,0x00007f991e92b000)]
  0x00007f9904161800 JavaThread "TimerQueue" daemon [_thread_blocked, id=4442, stack(0x00007f991e410000,0x00007f991e511000)]
  0x00007f996400a000 JavaThread "DestroyJavaVM" [_thread_blocked, id=4420, stack(0x00007f996c2b9000,0x00007f996c3ba000)]
  0x00007f99642b8000 JavaThread "AWT-EventQueue-0" [_thread_blocked, id=4439, stack(0x00007f991eb2b000,0x00007f991ec2c000)]
  0x00007f996426e000 JavaThread "AWT-Shutdown" [_thread_blocked, id=4438, stack(0x00007f991ec2c000,0x00007f991ed2d000)]
  0x00007f9964208000 JavaThread "AWT-XAWT" daemon [_thread_blocked, id=4437, stack(0x00007f991f155000,0x00007f991f256000)]
  0x00007f99641e4800 JavaThread "Java2D Disposer" daemon [_thread_blocked, id=4436, stack(0x00007f991f666000,0x00007f991f767000)]
  0x00007f99640da000 JavaThread "Service Thread" daemon [_thread_blocked, id=4432, stack(0x00007f994d3fc000,0x00007f994d4fd000)]
  0x00007f99640bd000 JavaThread "C1 CompilerThread2" daemon [_thread_blocked, id=4431, stack(0x00007f994d4fd000,0x00007f994d5fe000)]
  0x00007f99640bb000 JavaThread "C2 CompilerThread1" daemon [_thread_blocked, id=4430, stack(0x00007f994d5fe000,0x00007f994d6ff000)]
  0x00007f99640b8000 JavaThread "C2 CompilerThread0" daemon [_thread_blocked, id=4429, stack(0x00007f994d6ff000,0x00007f994d800000)]
  0x00007f99640b6800 JavaThread "Signal Dispatcher" daemon [_thread_blocked, id=4428, stack(0x00007f994d800000,0x00007f994d901000)]
  0x00007f9964084000 JavaThread "Finalizer" daemon [_thread_blocked, id=4427, stack(0x00007f994dbca000,0x00007f994dccb000)]
  0x00007f996407f000 JavaThread "Reference Handler" daemon [_thread_blocked, id=4426, stack(0x00007f994dccb000,0x00007f994ddcc000)]

Other Threads:
=>0x00007f9964077800 VMThread [stack: 0x00007f994ddcc000,0x00007f994decd000] [id=4425]
  0x00007f99640f5000 WatcherThread [stack: 0x00007f994d2fb000,0x00007f994d3fc000] [id=4433]

VM state:at safepoint (normal execution)

VM Mutex/Monitor currently owned by a thread:  ([mutex/lock_event])
[0x00007f9964006050] Threads_lock - owner thread: 0x00007f9964077800
[0x00007f9964006550] Heap_lock - owner thread: 0x00007f9904108800

Heap:
 PSYoungGen      total 131584K, used 160K [0x00000000ebe00000, 0x00000000f4300000, 0x0000000100000000)
  eden space 126976K, 0% used [0x00000000ebe00000,0x00000000ebe00000,0x00000000f3a00000)
  from space 4608K, 3% used [0x00000000f3a00000,0x00000000f3a28000,0x00000000f3e80000)
  to   space 4608K, 0% used [0x00000000f3e80000,0x00000000f3e80000,0x00000000f4300000)
 ParOldGen       total 42496K, used 3865K [0x00000000c3a00000, 0x00000000c6380000, 0x00000000ebe00000)
  object space 42496K, 9% used [0x00000000c3a00000,0x00000000c3dc6780,0x00000000c6380000)
 Metaspace       used 17078K, capacity 17302K, committed 17664K, reserved 1064960K
  class space    used 2107K, capacity 2183K, committed 2304K, reserved 1048576K

Card table byte_map: [0x00007f9968e8f000,0x00007f9969073000] byte_map_base: 0x00007f9968872000

Marking Bits: (ParMarkBitMap*) 0x00007f996b794220
 Begin Bits: [0x00007f994e1d0000, 0x00007f994f0e8000)
 End Bits:   [0x00007f994f0e8000, 0x00007f9950000000)

Polling page: 0x00007f996c3dd000

CodeCache: size=245760Kb used=6299Kb max_used=6349Kb free=239460Kb
 bounds [0x00007f9955000000, 0x00007f9955640000, 0x00007f9964000000]
 total_blobs=2505 nmethods=1911 adapters=506
 compilation: enabled

Compilation events (10 events):
Event: 50.976 Thread 0x00007f99640bb000 1978       4       java.util.GregorianCalendar::<init> (60 bytes)
Event: 51.125 Thread 0x00007f99640bb000 nmethod 1978 0x00007f9955606050 code [0x00007f9955606260, 0x00007f9955606c10]
Event: 51.125 Thread 0x00007f99640bb000 1983       4       java.util.GregorianCalendar::<init> (19 bytes)
Event: 51.159 Thread 0x00007f99640bb000 nmethod 1983 0x00007f9955608650 code [0x00007f99556087e0, 0x00007f9955608c98]
Event: 51.159 Thread 0x00007f99640bb000 2000       4       java.util.Locale::getUnicodeLocaleType (54 bytes)
Event: 51.198 Thread 0x00007f99640bb000 nmethod 2000 0x00007f9955603e90 code [0x00007f9955604000, 0x00007f99556042f8]
Event: 51.198 Thread 0x00007f99640bb000 1989       4       java.util.GregorianCalendar::<init> (56 bytes)
Event: 51.583 Thread 0x00007f99640bb000 nmethod 1989 0x00007f9955604990 code [0x00007f9955604b60, 0x00007f9955605228]
Event: 51.688 Thread 0x00007f99640bd000 2051       2       java.awt.event.InvocationEvent::<init> (13 bytes)
Event: 51.613 Thread 0x00007f99640b8000 nmethod 1921 0x00007f99556257d0 code [0x00007f99556261a0, 0x00007f9955631988]

GC Heap History (10 events):
Event: 46.513 GC heap after
Heap after GC invocations=4 (full 0):
 PSYoungGen      total 34304K, used 2528K [0x00000000ebe00000, 0x00000000ee200000, 0x0000000100000000)
  eden space 31744K, 0% used [0x00000000ebe00000,0x00000000ebe00000,0x00000000edd00000)
  from space 2560K, 98% used [0x00000000edf80000,0x00000000ee1f83b8,0x00000000ee200000)
  to   space 2560K, 0% used [0x00000000edd00000,0x00000000edd00000,0x00000000edf80000)
 ParOldGen       total 42496K, used 1338K [0x00000000c3a00000, 0x00000000c6380000, 0x00000000ebe00000)
  object space 42496K, 3% used [0x00000000c3a00000,0x00000000c3b4eb30,0x00000000c6380000)
 Metaspace       used 17038K, capacity 17238K, committed 17664K, reserved 1064960K
  class space    used 2107K, capacity 2183K, committed 2304K, reserved 1048576K
}
Event: 47.744 GC heap before
{Heap before GC invocations=5 (full 0):
 PSYoungGen      total 34304K, used 34272K [0x00000000ebe00000, 0x00000000ee200000, 0x0000000100000000)
  eden space 31744K, 100% used [0x00000000ebe00000,0x00000000edd00000,0x00000000edd00000)
  from space 2560K, 98% used [0x00000000edf80000,0x00000000ee1f83b8,0x00000000ee200000)
  to   space 2560K, 0% used [0x00000000edd00000,0x00000000edd00000,0x00000000edf80000)
 ParOldGen       total 42496K, used 1338K [0x00000000c3a00000, 0x00000000c6380000, 0x00000000ebe00000)
  object space 42496K, 3% used [0x00000000c3a00000,0x00000000c3b4eb30,0x00000000c6380000)
 Metaspace       used 17055K, capacity 17238K, committed 17664K, reserved 1064960K
  class space    used 2107K, capacity 2183K, committed 2304K, reserved 1048576K
Event: 47.781 GC heap after
Heap after GC invocations=5 (full 0):
 PSYoungGen      total 34304K, used 2530K [0x00000000ebe00000, 0x00000000f0400000, 0x0000000100000000)
  eden space 31744K, 0% used [0x00000000ebe00000,0x00000000ebe00000,0x00000000edd00000)
  from space 2560K, 98% used [0x00000000edd00000,0x00000000edf78be8,0x00000000edf80000)
  to   space 4096K, 0% used [0x00000000f0000000,0x00000000f0000000,0x00000000f0400000)
 ParOldGen       total 42496K, used 1354K [0x00000000c3a00000, 0x00000000c6380000, 0x00000000ebe00000)
  object space 42496K, 3% used [0x00000000c3a00000,0x00000000c3b52b30,0x00000000c6380000)
 Metaspace       used 17055K, capacity 17238K, committed 17664K, reserved 1064960K
  class space    used 2107K, capacity 2183K, committed 2304K, reserved 1048576K
}
Event: 48.691 GC heap before
{Heap before GC invocations=6 (full 0):
 PSYoungGen      total 34304K, used 34274K [0x00000000ebe00000, 0x00000000f0400000, 0x0000000100000000)
  eden space 31744K, 100% used [0x00000000ebe00000,0x00000000edd00000,0x00000000edd00000)
  from space 2560K, 98% used [0x00000000edd00000,0x00000000edf78be8,0x00000000edf80000)
  to   space 4096K, 0% used [0x00000000f0000000,0x00000000f0000000,0x00000000f0400000)
 ParOldGen       total 42496K, used 1354K [0x00000000c3a00000, 0x00000000c6380000, 0x00000000ebe00000)
  object space 42496K, 3% used [0x00000000c3a00000,0x00000000c3b52b30,0x00000000c6380000)
 Metaspace       used 17063K, capacity 17238K, committed 17664K, reserved 1064960K
  class space    used 2107K, capacity 2183K, committed 2304K, reserved 1048576K
Event: 48.737 GC heap after
Heap after GC invocations=6 (full 0):
 PSYoungGen      total 67584K, used 2546K [0x00000000ebe00000, 0x00000000f0400000, 0x0000000100000000)
  eden space 63488K, 0% used [0x00000000ebe00000,0x00000000ebe00000,0x00000000efc00000)
  from space 4096K, 62% used [0x00000000f0000000,0x00000000f027cbd8,0x00000000f0400000)
  to   space 4096K, 0% used [0x00000000efc00000,0x00000000efc00000,0x00000000f0000000)
 ParOldGen       total 42496K, used 1362K [0x00000000c3a00000, 0x00000000c6380000, 0x00000000ebe00000)
  object space 42496K, 3% used [0x00000000c3a00000,0x00000000c3b54b30,0x00000000c6380000)
 Metaspace       used 17063K, capacity 17238K, committed 17664K, reserved 1064960K
  class space    used 2107K, capacity 2183K, committed 2304K, reserved 1048576K
}
Event: 50.052 GC heap before
{Heap before GC invocations=7 (full 0):
 PSYoungGen      total 67584K, used 66034K [0x00000000ebe00000, 0x00000000f0400000, 0x0000000100000000)
  eden space 63488K, 100% used [0x00000000ebe00000,0x00000000efc00000,0x00000000efc00000)
  from space 4096K, 62% used [0x00000000f0000000,0x00000000f027cbd8,0x00000000f0400000)
  to   space 4096K, 0% used [0x00000000efc00000,0x00000000efc00000,0x00000000f0000000)
 ParOldGen       total 42496K, used 1362K [0x00000000c3a00000, 0x00000000c6380000, 0x00000000ebe00000)
  object space 42496K, 3% used [0x00000000c3a00000,0x00000000c3b54b30,0x00000000c6380000)
 Metaspace       used 17067K, capacity 17238K, committed 17664K, reserved 1064960K
  class space    used 2107K, capacity 2183K, committed 2304K, reserved 1048576K
Event: 50.071 GC heap after
Heap after GC invocations=7 (full 0):
 PSYoungGen      total 67584K, used 160K [0x00000000ebe00000, 0x00000000f4300000, 0x0000000100000000)
  eden space 63488K, 0% used [0x00000000ebe00000,0x00000000ebe00000,0x00000000efc00000)
  from space 4096K, 3% used [0x00000000efc00000,0x00000000efc28000,0x00000000f0000000)
  to   space 4608K, 0% used [0x00000000f3e80000,0x00000000f3e80000,0x00000000f4300000)
 ParOldGen       total 42496K, used 3833K [0x00000000c3a00000, 0x00000000c6380000, 0x00000000ebe00000)
  object space 42496K, 9% used [0x00000000c3a00000,0x00000000c3dbe780,0x00000000c6380000)
 Metaspace       used 17067K, capacity 17238K, committed 17664K, reserved 1064960K
  class space    used 2107K, capacity 2183K, committed 2304K, reserved 1048576K
}
Event: 50.481 GC heap before
{Heap before GC invocations=8 (full 0):
 PSYoungGen      total 67584K, used 63648K [0x00000000ebe00000, 0x00000000f4300000, 0x0000000100000000)
  eden space 63488K, 100% used [0x00000000ebe00000,0x00000000efc00000,0x00000000efc00000)
  from space 4096K, 3% used [0x00000000efc00000,0x00000000efc28000,0x00000000f0000000)
  to   space 4608K, 0% used [0x00000000f3e80000,0x00000000f3e80000,0x00000000f4300000)
 ParOldGen       total 42496K, used 3833K [0x00000000c3a00000, 0x00000000c6380000, 0x00000000ebe00000)
  object space 42496K, 9% used [0x00000000c3a00000,0x00000000c3dbe780,0x00000000c6380000)
 Metaspace       used 17069K, capacity 17238K, committed 17664K, reserved 1064960K
  class space    used 2107K, capacity 2183K, committed 2304K, reserved 1048576K
Event: 50.484 GC heap after
Heap after GC invocations=8 (full 0):
 PSYoungGen      total 131584K, used 64K [0x00000000ebe00000, 0x00000000f4300000, 0x0000000100000000)
  eden space 126976K, 0% used [0x00000000ebe00000,0x00000000ebe00000,0x00000000f3a00000)
  from space 4608K, 1% used [0x00000000f3e80000,0x00000000f3e90000,0x00000000f4300000)
  to   space 4608K, 0% used [0x00000000f3a00000,0x00000000f3a00000,0x00000000f3e80000)
 ParOldGen       total 42496K, used 3841K [0x00000000c3a00000, 0x00000000c6380000, 0x00000000ebe00000)
  object space 42496K, 9% used [0x00000000c3a00000,0x00000000c3dc0780,0x00000000c6380000)
 Metaspace       used 17069K, capacity 17238K, committed 17664K, reserved 1064960K
  class space    used 2107K, capacity 2183K, committed 2304K, reserved 1048576K
}
Event: 51.688 GC heap before
{Heap before GC invocations=9 (full 0):
 PSYoungGen      total 131584K, used 127040K [0x00000000ebe00000, 0x00000000f4300000, 0x0000000100000000)
  eden space 126976K, 100% used [0x00000000ebe00000,0x00000000f3a00000,0x00000000f3a00000)
  from space 4608K, 1% used [0x00000000f3e80000,0x00000000f3e90000,0x00000000f4300000)
  to   space 4608K, 0% used [0x00000000f3a00000,0x00000000f3a00000,0x00000000f3e80000)
 ParOldGen       total 42496K, used 3841K [0x00000000c3a00000, 0x00000000c6380000, 0x00000000ebe00000)
  object space 42496K, 9% used [0x00000000c3a00000,0x00000000c3dc0780,0x00000000c6380000)
 Metaspace       used 17078K, capacity 17302K, committed 17664K, reserved 1064960K
  class space    used 2107K, capacity 2183K, committed 2304K, reserved 1048576K

Deoptimization events (10 events):
Event: 10.588 Thread 0x00007f99642b8000 Uncommon trap: reason=class_check action=maybe_recompile pc=0x00007f9955165e64 method=java.lang.String.equals(Ljava/lang/Object;)Z @ 8
Event: 10.589 Thread 0x00007f99642b8000 Uncommon trap: reason=class_check action=maybe_recompile pc=0x00007f9955165e64 method=java.lang.String.equals(Ljava/lang/Object;)Z @ 8
Event: 13.548 Thread 0x00007f99642b8000 Uncommon trap: reason=unstable_if action=reinterpret pc=0x00007f995522f85c method=java.util.HashMap.getNode(ILjava/lang/Object;)Ljava/util/HashMap$Node; @ 84
Event: 13.548 Thread 0x00007f99642b8000 Uncommon trap: reason=unstable_if action=reinterpret pc=0x00007f995525540c method=java.util.HashMap.getNode(ILjava/lang/Object;)Ljava/util/HashMap$Node; @ 84
Event: 14.040 Thread 0x00007f99642b8000 Uncommon trap: reason=unstable_if action=reinterpret pc=0x00007f9955233268 method=java.util.HashMap.putVal(ILjava/lang/Object;Ljava/lang/Object;ZZ)Ljava/lang/Object; @ 109
Event: 44.091 Thread 0x00007f99642b8000 Uncommon trap: reason=unstable_if action=reinterpret pc=0x00007f995550baa4 method=javax.swing.plaf.nimbus.DerivedColor.equals(Ljava/lang/Object;)Z @ 77
Event: 44.585 Thread 0x00007f99642b8000 Uncommon trap: reason=unstable_if action=reinterpret pc=0x00007f995548a3fc method=sun.java2d.loops.ProcessPath$ActiveEdgeList.sort()V @ 135
Event: 44.657 Thread 0x00007f9904107000 Uncommon trap: reason=unstable_if action=reinterpret pc=0x00007f9955232a60 method=java.lang.ref.SoftReference.get()Ljava/lang/Object; @ 17
Event: 44.657 Thread 0x00007f9904108800 Uncommon trap: reason=unstable_if action=reinterpret pc=0x00007f9955232a60 method=java.lang.ref.SoftReference.get()Ljava/lang/Object; @ 17
Event: 45.069 Thread 0x00007f99642b8000 Uncommon trap: reason=unstable_if action=reinterpret pc=0x00007f9955534bd8 method=java.lang.ref.SoftReference.get()Ljava/lang/Object; @ 17

Internal exceptions (10 events):
Event: 4.316 Thread 0x00007f996400a000 Exception <a 'java/lang/ClassNotFoundException': javax/swing/JTreeCell> (0x00000000ec2296c8) thrown at [/HUDSON3/workspace/8-2-build-linux-amd64/jdk8u111/7883/hotspot/src/share/vm/classfile/systemDictionary.cpp, line 210]
Event: 4.316 Thread 0x00007f996400a000 Exception <a 'java/lang/ClassNotFoundException': TreeCell> (0x00000000ec229b50) thrown at [/HUDSON3/workspace/8-2-build-linux-amd64/jdk8u111/7883/hotspot/src/share/vm/classfile/systemDictionary.cpp, line 210]
Event: 4.318 Thread 0x00007f996400a000 Exception <a 'java/lang/ClassNotFoundException': RootPane> (0x00000000ec22a5b0) thrown at [/HUDSON3/workspace/8-2-build-linux-amd64/jdk8u111/7883/hotspot/src/share/vm/classfile/systemDictionary.cpp, line 210]
Event: 4.895 Thread 0x00007f99642b8000 Implicit null exception at 0x00007f99551e1936 to 0x00007f99551e1ced
Event: 8.446 Thread 0x00007f99642b8000 Exception <a 'java/lang/UnsupportedOperationException': > (0x00000000ec539a30) thrown at [/HUDSON3/workspace/8-2-build-linux-amd64/jdk8u111/7883/hotspot/src/share/vm/prims/jni.cpp, line 735]
Event: 14.113 Thread 0x00007f99642b8000 Exception <a 'java/lang/UnsupportedOperationException': > (0x00000000ec638988) thrown at [/HUDSON3/workspace/8-2-build-linux-amd64/jdk8u111/7883/hotspot/src/share/vm/prims/jni.cpp, line 735]
Event: 18.342 Thread 0x00007f99642b8000 Exception <a 'java/lang/UnsupportedOperationException': > (0x00000000ec69ddb8) thrown at [/HUDSON3/workspace/8-2-build-linux-amd64/jdk8u111/7883/hotspot/src/share/vm/prims/jni.cpp, line 735]
Event: 29.385 Thread 0x00007f99642b8000 Exception <a 'java/lang/UnsupportedOperationException': > (0x00000000ec7c6b38) thrown at [/HUDSON3/workspace/8-2-build-linux-amd64/jdk8u111/7883/hotspot/src/share/vm/prims/jni.cpp, line 735]
Event: 36.109 Thread 0x00007f99642b8000 Exception <a 'java/lang/UnsupportedOperationException': > (0x00000000ec83dea8) thrown at [/HUDSON3/workspace/8-2-build-linux-amd64/jdk8u111/7883/hotspot/src/share/vm/prims/jni.cpp, line 735]
Event: 45.377 Thread 0x00007f99642b8000 Exception <a 'java/lang/UnsupportedOperationException': > (0x00000000ec613d48) thrown at [/HUDSON3/workspace/8-2-build-linux-amd64/jdk8u111/7883/hotspot/src/share/vm/prims/jni.cpp, line 735]

Events (10 events):
Event: 48.686 Executing VM operation: ParallelGCFailedAllocation
Event: 48.745 Executing VM operation: ParallelGCFailedAllocation done
Event: 49.271 Executing VM operation: RevokeBias
Event: 49.292 Executing VM operation: RevokeBias done
Event: 49.292 Thread 0x00007f9904186800 Thread exited: 0x00007f9904186800
Event: 50.027 Executing VM operation: ParallelGCFailedAllocation
Event: 50.071 Executing VM operation: ParallelGCFailedAllocation done
Event: 50.474 Executing VM operation: ParallelGCFailedAllocation
Event: 50.484 Executing VM operation: ParallelGCFailedAllocation done
Event: 51.618 Executing VM operation: ParallelGCFailedAllocation


Dynamic libraries:
00400000-00401000 r-xp 00000000 08:03 147193                             /usr/lib/jvm/java-8-oracle/bin/java
00600000-00601000 rw-p 00000000 08:03 147193                             /usr/lib/jvm/java-8-oracle/bin/java
00c32000-00c53000 rw-p 00000000 00:00 0                                  [heap]
c3a00000-c6380000 rw-p 00000000 00:00 0 
c6380000-ebe00000 ---p 00000000 00:00 0 
ebe00000-f4300000 rw-p 00000000 00:00 0 
f8d80000-100000000 ---p 00000000 00:00 0 
100000000-100240000 rw-p 00000000 00:00 0 
100240000-140000000 ---p 00000000 00:00 0 
7f98ec000000-7f98ec021000 rw-p 00000000 00:00 0 
7f98ec021000-7f98f0000000 ---p 00000000 00:00 0 
7f98f4000000-7f98f4021000 rw-p 00000000 00:00 0 
7f98f4021000-7f98f8000000 ---p 00000000 00:00 0 
7f98f8955000-7f98f8958000 ---p 00000000 00:00 0 
7f98f8958000-7f98f8a56000 rw-p 00000000 00:00 0                          [stack:4448]
7f98f8a56000-7f98f8a59000 ---p 00000000 00:00 0 
7f98f8a59000-7f98f8b57000 rw-p 00000000 00:00 0                          [stack:4447]
7f98f8b57000-7f98f8b92000 r-xp 00000000 08:03 147309                     /usr/lib/jvm/java-8-oracle/jre/lib/amd64/libjpeg.so
7f98f8b92000-7f98f8d91000 ---p 0003b000 08:03 147309                     /usr/lib/jvm/java-8-oracle/jre/lib/amd64/libjpeg.so
7f98f8d91000-7f98f8d92000 rw-p 0003a000 08:03 147309                     /usr/lib/jvm/java-8-oracle/jre/lib/amd64/libjpeg.so
7f98f8d92000-7f98f8e92000 rw-p 00000000 00:00 0 
7f98f8e92000-7f98f8f92000 ---p 00000000 00:00 0 
7f98f8f92000-7f98f8f98000 r-xp 00000000 08:03 2369447                    /usr/lib/x86_64-linux-gnu/libdatrie.so.1.3.1
7f98f8f98000-7f98f9197000 ---p 00006000 08:03 2369447                    /usr/lib/x86_64-linux-gnu/libdatrie.so.1.3.1
7f98f9197000-7f98f9198000 r--p 00005000 08:03 2369447                    /usr/lib/x86_64-linux-gnu/libdatrie.so.1.3.1
7f98f9198000-7f98f9199000 rw-p 00006000 08:03 2369447                    /usr/lib/x86_64-linux-gnu/libdatrie.so.1.3.1
7f98f9199000-7f98f91b3000 r-xp 00000000 08:03 2369729                    /usr/lib/x86_64-linux-gnu/libgraphite2.so.3.0.1
7f98f91b3000-7f98f93b2000 ---p 0001a000 08:03 2369729                    /usr/lib/x86_64-linux-gnu/libgraphite2.so.3.0.1
7f98f93b2000-7f98f93b4000 r--p 00019000 08:03 2369729                    /usr/lib/x86_64-linux-gnu/libgraphite2.so.3.0.1
7f98f93b4000-7f98f93b5000 rw-p 0001b000 08:03 2369729                    /usr/lib/x86_64-linux-gnu/libgraphite2.so.3.0.1
7f98f93b5000-7f98f93f2000 r-xp 00000000 08:03 397961                     /lib/x86_64-linux-gnu/libpcre.so.3.13.1
7f98f93f2000-7f98f95f1000 ---p 0003d000 08:03 397961                     /lib/x86_64-linux-gnu/libpcre.so.3.13.1
7f98f95f1000-7f98f95f2000 r--p 0003c000 08:03 397961                     /lib/x86_64-linux-gnu/libpcre.so.3.13.1
7f98f95f2000-7f98f95f3000 rw-p 0003d000 08:03 397961                     /lib/x86_64-linux-gnu/libpcre.so.3.13.1
7f98f95f3000-7f98f95fa000 r-xp 00000000 08:03 2369548                    /usr/lib/x86_64-linux-gnu/libffi.so.6.0.1
7f98f95fa000-7f98f97f9000 ---p 00007000 08:03 2369548                    /usr/lib/x86_64-linux-gnu/libffi.so.6.0.1
7f98f97f9000-7f98f97fa000 r--p 00006000 08:03 2369548                    /usr/lib/x86_64-linux-gnu/libffi.so.6.0.1
7f98f97fa000-7f98f97fb000 rw-p 00007000 08:03 2369548                    /usr/lib/x86_64-linux-gnu/libffi.so.6.0.1
7f98f97fb000-7f98f9822000 r-xp 00000000 08:03 397879                     /lib/x86_64-linux-gnu/libexpat.so.1.6.0
7f98f9822000-7f98f9a22000 ---p 00027000 08:03 397879                     /lib/x86_64-linux-gnu/libexpat.so.1.6.0
7f98f9a22000-7f98f9a24000 r--p 00027000 08:03 397879                     /lib/x86_64-linux-gnu/libexpat.so.1.6.0
7f98f9a24000-7f98f9a25000 rw-p 00029000 08:03 397879                     /lib/x86_64-linux-gnu/libexpat.so.1.6.0
7f98f9a25000-7f98f9a2d000 r-xp 00000000 08:03 2370298                    /usr/lib/x86_64-linux-gnu/libthai.so.0.2.0
7f98f9a2d000-7f98f9c2c000 ---p 00008000 08:03 2370298                    /usr/lib/x86_64-linux-gnu/libthai.so.0.2.0
7f98f9c2c000-7f98f9c2d000 r--p 00007000 08:03 2370298                    /usr/lib/x86_64-linux-gnu/libthai.so.0.2.0
7f98f9c2d000-7f98f9c2e000 rw-p 00008000 08:03 2370298                    /usr/lib/x86_64-linux-gnu/libthai.so.0.2.0
7f98f9c2e000-7f98f9c81000 r-xp 00000000 08:03 2369862                    /usr/lib/x86_64-linux-gnu/libharfbuzz.so.0.927.0
7f98f9c81000-7f98f9e81000 ---p 00053000 08:03 2369862                    /usr/lib/x86_64-linux-gnu/libharfbuzz.so.0.927.0
7f98f9e81000-7f98f9e82000 r--p 00053000 08:03 2369862                    /usr/lib/x86_64-linux-gnu/libharfbuzz.so.0.927.0
7f98f9e82000-7f98f9e83000 rw-p 00054000 08:03 2369862                    /usr/lib/x86_64-linux-gnu/libharfbuzz.so.0.927.0
7f98f9e83000-7f98f9e9a000 r-xp 00000000 08:03 393245                     /lib/x86_64-linux-gnu/libresolv-2.19.so
7f98f9e9a000-7f98fa09a000 ---p 00017000 08:03 393245                     /lib/x86_64-linux-gnu/libresolv-2.19.so
7f98fa09a000-7f98fa09b000 r--p 00017000 08:03 393245                     /lib/x86_64-linux-gnu/libresolv-2.19.so
7f98fa09b000-7f98fa09c000 rw-p 00018000 08:03 393245                     /lib/x86_64-linux-gnu/libresolv-2.19.so
7f98fa09c000-7f98fa09e000 rw-p 00000000 00:00 0 
7f98fa09e000-7f98fa0be000 r-xp 00000000 08:03 397988                     /lib/x86_64-linux-gnu/libselinux.so.1
7f98fa0be000-7f98fa2bd000 ---p 00020000 08:03 397988                     /lib/x86_64-linux-gnu/libselinux.so.1
7f98fa2bd000-7f98fa2be000 r--p 0001f000 08:03 397988                     /lib/x86_64-linux-gnu/libselinux.so.1
7f98fa2be000-7f98fa2bf000 rw-p 00020000 08:03 397988                     /lib/x86_64-linux-gnu/libselinux.so.1
7f98fa2bf000-7f98fa2c1000 rw-p 00000000 00:00 0 
7f98fa2c1000-7f98fa2d9000 r-xp 00000000 08:03 398021                     /lib/x86_64-linux-gnu/libz.so.1.2.8
7f98fa2d9000-7f98fa4d8000 ---p 00018000 08:03 398021                     /lib/x86_64-linux-gnu/libz.so.1.2.8
7f98fa4d8000-7f98fa4d9000 r--p 00017000 08:03 398021                     /lib/x86_64-linux-gnu/libz.so.1.2.8
7f98fa4d9000-7f98fa4da000 rw-p 00018000 08:03 398021                     /lib/x86_64-linux-gnu/libz.so.1.2.8
7f98fa4da000-7f98fa4e2000 r-xp 00000000 08:03 2370424                    /usr/lib/x86_64-linux-gnu/libxcb-render.so.0.0.0
7f98fa4e2000-7f98fa6e1000 ---p 00008000 08:03 2370424                    /usr/lib/x86_64-linux-gnu/libxcb-render.so.0.0.0
7f98fa6e1000-7f98fa6e2000 r--p 00007000 08:03 2370424                    /usr/lib/x86_64-linux-gnu/libxcb-render.so.0.0.0
7f98fa6e2000-7f98fa6e3000 rw-p 00008000 08:03 2370424                    /usr/lib/x86_64-linux-gnu/libxcb-render.so.0.0.0
7f98fa6e3000-7f98fa6e5000 r-xp 00000000 08:03 2370428                    /usr/lib/x86_64-linux-gnu/libxcb-shm.so.0.0.0
7f98fa6e5000-7f98fa8e4000 ---p 00002000 08:03 2370428                    /usr/lib/x86_64-linux-gnu/libxcb-shm.so.0.0.0
7f98fa8e4000-7f98fa8e5000 r--p 00001000 08:03 2370428                    /usr/lib/x86_64-linux-gnu/libxcb-shm.so.0.0.0
7f98fa8e5000-7f98fa8e6000 rw-p 00002000 08:03 2370428                    /usr/lib/x86_64-linux-gnu/libxcb-shm.so.0.0.0
7f98fa8e6000-7f98fa90b000 r-xp 00000000 08:03 397973                     /lib/x86_64-linux-gnu/libpng12.so.0.50.0
7f98fa90b000-7f98fab0a000 ---p 00025000 08:03 397973                     /lib/x86_64-linux-gnu/libpng12.so.0.50.0
7f98fab0a000-7f98fab0b000 r--p 00024000 08:03 397973                     /lib/x86_64-linux-gnu/libpng12.so.0.50.0
7f98fab0b000-7f98fab0c000 rw-p 00025000 08:03 397973                     /lib/x86_64-linux-gnu/libpng12.so.0.50.0
7f98fab0c000-7f98fabad000 r-xp 00000000 08:03 2370136                    /usr/lib/x86_64-linux-gnu/libpixman-1.so.0.30.2
7f98fabad000-7f98fadad000 ---p 000a1000 08:03 2370136                    /usr/lib/x86_64-linux-gnu/libpixman-1.so.0.30.2
7f98fadad000-7f98fadb4000 r--p 000a1000 08:03 2370136                    /usr/lib/x86_64-linux-gnu/libpixman-1.so.0.30.2
7f98fadb4000-7f98fadb5000 rw-p 000a8000 08:03 2370136                    /usr/lib/x86_64-linux-gnu/libpixman-1.so.0.30.2
7f98fadb5000-7f98fae52000 r-xp 00000000 08:03 2369613                    /usr/lib/x86_64-linux-gnu/libfreetype.so.6.11.1
7f98fae52000-7f98fb051000 ---p 0009d000 08:03 2369613                    /usr/lib/x86_64-linux-gnu/libfreetype.so.6.11.1
7f98fb051000-7f98fb057000 r--p 0009c000 08:03 2369613                    /usr/lib/x86_64-linux-gnu/libfreetype.so.6.11.1
7f98fb057000-7f98fb058000 rw-p 000a2000 08:03 2369613                    /usr/lib/x86_64-linux-gnu/libfreetype.so.6.11.1
7f98fb058000-7f98fb05a000 r-xp 00000000 08:03 2369230                    /usr/lib/x86_64-linux-gnu/libXdamage.so.1.1.0
7f98fb05a000-7f98fb259000 ---p 00002000 08:03 2369230                    /usr/lib/x86_64-linux-gnu/libXdamage.so.1.1.0
7f98fb259000-7f98fb25a000 r--p 00001000 08:03 2369230                    /usr/lib/x86_64-linux-gnu/libXdamage.so.1.1.0
7f98fb25a000-7f98fb25b000 rw-p 00002000 08:03 2369230                    /usr/lib/x86_64-linux-gnu/libXdamage.so.1.1.0
7f98fb25b000-7f98fb25d000 r-xp 00000000 08:03 2369226                    /usr/lib/x86_64-linux-gnu/libXcomposite.so.1.0.0
7f98fb25d000-7f98fb45c000 ---p 00002000 08:03 2369226                    /usr/lib/x86_64-linux-gnu/libXcomposite.so.1.0.0
7f98fb45c000-7f98fb45d000 r--p 00001000 08:03 2369226                    /usr/lib/x86_64-linux-gnu/libXcomposite.so.1.0.0
7f98fb45d000-7f98fb45e000 rw-p 00002000 08:03 2369226                    /usr/lib/x86_64-linux-gnu/libXcomposite.so.1.0.0
7f98fb45e000-7f98fb467000 r-xp 00000000 08:03 2369254                    /usr/lib/x86_64-linux-gnu/libXrandr.so.2.2.0
7f98fb467000-7f98fb666000 ---p 00009000 08:03 2369254                    /usr/lib/x86_64-linux-gnu/libXrandr.so.2.2.0
7f98fb666000-7f98fb667000 r--p 00008000 08:03 2369254                    /usr/lib/x86_64-linux-gnu/libXrandr.so.2.2.0
7f98fb667000-7f98fb668000 rw-p 00009000 08:03 2369254                    /usr/lib/x86_64-linux-gnu/libXrandr.so.2.2.0
7f98fb668000-7f98fb66a000 r-xp 00000000 08:03 2369244                    /usr/lib/x86_64-linux-gnu/libXinerama.so.1.0.0
7f98fb66a000-7f98fb869000 ---p 00002000 08:03 2369244                    /usr/lib/x86_64-linux-gnu/libXinerama.so.1.0.0
7f98fb869000-7f98fb86a000 r--p 00001000 08:03 2369244                    /usr/lib/x86_64-linux-gnu/libXinerama.so.1.0.0
7f98fb86a000-7f98fb86b000 rw-p 00002000 08:03 2369244                    /usr/lib/x86_64-linux-gnu/libXinerama.so.1.0.0
7f98fb86b000-7f98fb971000 r-xp 00000000 08:03 397888                     /lib/x86_64-linux-gnu/libglib-2.0.so.0.4002.0
7f98fb971000-7f98fbb70000 ---p 00106000 08:03 397888                     /lib/x86_64-linux-gnu/libglib-2.0.so.0.4002.0
7f98fbb70000-7f98fbb71000 r--p 00105000 08:03 397888                     /lib/x86_64-linux-gnu/libglib-2.0.so.0.4002.0
7f98fbb71000-7f98fbb72000 rw-p 00106000 08:03 397888                     /lib/x86_64-linux-gnu/libglib-2.0.so.0.4002.0
7f98fbb72000-7f98fbb73000 rw-p 00000000 00:00 0 
7f98fbb73000-7f98fbbc2000 r-xp 00000000 08:03 2369711                    /usr/lib/x86_64-linux-gnu/libgobject-2.0.so.0.4002.0
7f98fbbc2000-7f98fbdc2000 ---p 0004f000 08:03 2369711                    /usr/lib/x86_64-linux-gnu/libgobject-2.0.so.0.4002.0
7f98fbdc2000-7f98fbdc3000 r--p 0004f000 08:03 2369711                    /usr/lib/x86_64-linux-gnu/libgobject-2.0.so.0.4002.0
7f98fbdc3000-7f98fbdc4000 rw-p 00050000 08:03 2369711                    /usr/lib/x86_64-linux-gnu/libgobject-2.0.so.0.4002.0
7f98fbdc4000-7f98fbdfe000 r-xp 00000000 08:03 2369585                    /usr/lib/x86_64-linux-gnu/libfontconfig.so.1.8.0
7f98fbdfe000-7f98fbffd000 ---p 0003a000 08:03 2369585                    /usr/lib/x86_64-linux-gnu/libfontconfig.so.1.8.0
7f98fbffd000-7f98fbfff000 r--p 00039000 08:03 2369585                    /usr/lib/x86_64-linux-gnu/libfontconfig.so.1.8.0
7f98fbfff000-7f98fc000000 rw-p 0003b000 08:03 2369585                    /usr/lib/x86_64-linux-gnu/libfontconfig.so.1.8.0
7f98fc000000-7f98fc058000 rw-p 00000000 00:00 0 
7f98fc058000-7f9900000000 ---p 00000000 00:00 0 
7f9900000000-7f9900021000 rw-p 00000000 00:00 0 
7f9900021000-7f9904000000 ---p 00000000 00:00 0 
7f9904000000-7f990434f000 rw-p 00000000 00:00 0 
7f990434f000-7f9908000000 ---p 00000000 00:00 0 
7f9908000000-7f9908047000 rw-p 00000000 00:00 0 
7f9908047000-7f990c000000 ---p 00000000 00:00 0 
7f990c000000-7f990c027000 rw-p 00000000 00:00 0 
7f990c027000-7f9910000000 ---p 00000000 00:00 0 
7f9910000000-7f9910021000 rw-p 00000000 00:00 0 
7f9910021000-7f9914000000 ---p 00000000 00:00 0 
7f9914000000-7f9914021000 rw-p 00000000 00:00 0 
7f9914021000-7f9918000000 ---p 00000000 00:00 0 
7f9918000000-7f9918021000 rw-p 00000000 00:00 0 
7f9918021000-7f991c000000 ---p 00000000 00:00 0 
7f991c0ed000-7f991c137000 r-xp 00000000 08:03 2370113                    /usr/lib/x86_64-linux-gnu/libpango-1.0.so.0.3600.3
7f991c137000-7f991c337000 ---p 0004a000 08:03 2370113                    /usr/lib/x86_64-linux-gnu/libpango-1.0.so.0.3600.3
7f991c337000-7f991c339000 r--p 0004a000 08:03 2370113                    /usr/lib/x86_64-linux-gnu/libpango-1.0.so.0.3600.3
7f991c339000-7f991c33a000 rw-p 0004c000 08:03 2370113                    /usr/lib/x86_64-linux-gnu/libpango-1.0.so.0.3600.3
7f991c33a000-7f991c34e000 r-xp 00000000 08:03 2370117                    /usr/lib/x86_64-linux-gnu/libpangoft2-1.0.so.0.3600.3
7f991c34e000-7f991c54d000 ---p 00014000 08:03 2370117                    /usr/lib/x86_64-linux-gnu/libpangoft2-1.0.so.0.3600.3
7f991c54d000-7f991c54e000 r--p 00013000 08:03 2370117                    /usr/lib/x86_64-linux-gnu/libpangoft2-1.0.so.0.3600.3
7f991c54e000-7f991c54f000 rw-p 00014000 08:03 2370117                    /usr/lib/x86_64-linux-gnu/libpangoft2-1.0.so.0.3600.3
7f991c54f000-7f991c6bb000 r-xp 00000000 08:03 2369673                    /usr/lib/x86_64-linux-gnu/libgio-2.0.so.0.4002.0
7f991c6bb000-7f991c8ba000 ---p 0016c000 08:03 2369673                    /usr/lib/x86_64-linux-gnu/libgio-2.0.so.0.4002.0
7f991c8ba000-7f991c8be000 r--p 0016b000 08:03 2369673                    /usr/lib/x86_64-linux-gnu/libgio-2.0.so.0.4002.0
7f991c8be000-7f991c8c0000 rw-p 0016f000 08:03 2369673                    /usr/lib/x86_64-linux-gnu/libgio-2.0.so.0.4002.0
7f991c8c0000-7f991c8c2000 rw-p 00000000 00:00 0 
7f991c8c2000-7f991c8e2000 r-xp 00000000 08:03 2369647                    /usr/lib/x86_64-linux-gnu/libgdk_pixbuf-2.0.so.0.3000.7
7f991c8e2000-7f991cae1000 ---p 00020000 08:03 2369647                    /usr/lib/x86_64-linux-gnu/libgdk_pixbuf-2.0.so.0.3000.7
7f991cae1000-7f991cae2000 r--p 0001f000 08:03 2369647                    /usr/lib/x86_64-linux-gnu/libgdk_pixbuf-2.0.so.0.3000.7
7f991cae2000-7f991cae3000 rw-p 00020000 08:03 2369647                    /usr/lib/x86_64-linux-gnu/libgdk_pixbuf-2.0.so.0.3000.7
7f991cae3000-7f991cbe9000 r-xp 00000000 08:03 2369368                    /usr/lib/x86_64-linux-gnu/libcairo.so.2.11301.0
7f991cbe9000-7f991cde8000 ---p 00106000 08:03 2369368                    /usr/lib/x86_64-linux-gnu/libcairo.so.2.11301.0
7f991cde8000-7f991cdeb000 r--p 00105000 08:03 2369368                    /usr/lib/x86_64-linux-gnu/libcairo.so.2.11301.0
7f991cdeb000-7f991cdec000 rw-p 00108000 08:03 2369368                    /usr/lib/x86_64-linux-gnu/libcairo.so.2.11301.0
7f991cdec000-7f991cdee000 rw-p 00000000 00:00 0 
7f991cdee000-7f991ce0d000 r-xp 00000000 08:03 2369319                    /usr/lib/x86_64-linux-gnu/libatk-1.0.so.0.21009.1
7f991ce0d000-7f991d00d000 ---p 0001f000 08:03 2369319                    /usr/lib/x86_64-linux-gnu/libatk-1.0.so.0.21009.1
7f991d00d000-7f991d00f000 r--p 0001f000 08:03 2369319                    /usr/lib/x86_64-linux-gnu/libatk-1.0.so.0.21009.1
7f991d00f000-7f991d010000 rw-p 00021000 08:03 2369319                    /usr/lib/x86_64-linux-gnu/libatk-1.0.so.0.21009.1
7f991d010000-7f991d01b000 r-xp 00000000 08:03 2370115                    /usr/lib/x86_64-linux-gnu/libpangocairo-1.0.so.0.3600.3
7f991d01b000-7f991d21b000 ---p 0000b000 08:03 2370115                    /usr/lib/x86_64-linux-gnu/libpangocairo-1.0.so.0.3600.3
7f991d21b000-7f991d21c000 r--p 0000b000 08:03 2370115                    /usr/lib/x86_64-linux-gnu/libpangocairo-1.0.so.0.3600.3
7f991d21c000-7f991d21d000 rw-p 0000c000 08:03 2370115                    /usr/lib/x86_64-linux-gnu/libpangocairo-1.0.so.0.3600.3
7f991d21d000-7f991d220000 r-xp 00000000 08:03 2369687                    /usr/lib/x86_64-linux-gnu/libgmodule-2.0.so.0.4002.0
7f991d220000-7f991d41f000 ---p 00003000 08:03 2369687                    /usr/lib/x86_64-linux-gnu/libgmodule-2.0.so.0.4002.0
7f991d41f000-7f991d420000 r--p 00002000 08:03 2369687                    /usr/lib/x86_64-linux-gnu/libgmodule-2.0.so.0.4002.0
7f991d420000-7f991d421000 rw-p 00003000 08:03 2369687                    /usr/lib/x86_64-linux-gnu/libgmodule-2.0.so.0.4002.0
7f991d421000-7f991d4cf000 r-xp 00000000 08:03 2369645                    /usr/lib/x86_64-linux-gnu/libgdk-x11-2.0.so.0.2400.23
7f991d4cf000-7f991d6ce000 ---p 000ae000 08:03 2369645                    /usr/lib/x86_64-linux-gnu/libgdk-x11-2.0.so.0.2400.23
7f991d6ce000-7f991d6d2000 r--p 000ad000 08:03 2369645                    /usr/lib/x86_64-linux-gnu/libgdk-x11-2.0.so.0.2400.23
7f991d6d2000-7f991d6d4000 rw-p 000b1000 08:03 2369645                    /usr/lib/x86_64-linux-gnu/libgdk-x11-2.0.so.0.2400.23
7f991d6d4000-7f991db04000 r-xp 00000000 08:03 2369839                    /usr/lib/x86_64-linux-gnu/libgtk-x11-2.0.so.0.2400.23
7f991db04000-7f991dd03000 ---p 00430000 08:03 2369839                    /usr/lib/x86_64-linux-gnu/libgtk-x11-2.0.so.0.2400.23
7f991dd03000-7f991dd0a000 r--p 0042f000 08:03 2369839                    /usr/lib/x86_64-linux-gnu/libgtk-x11-2.0.so.0.2400.23
7f991dd0a000-7f991dd0e000 rw-p 00436000 08:03 2369839                    /usr/lib/x86_64-linux-gnu/libgtk-x11-2.0.so.0.2400.23
7f991dd0e000-7f991dd11000 rw-p 00000000 00:00 0 
7f991dd31000-7f991df31000 rw-p 00000000 00:00 0 
7f991df31000-7f991df5b000 r-xp 00000000 08:03 147305                     /usr/lib/jvm/java-8-oracle/jre/lib/amd64/libdcpr.so
7f991df5b000-7f991e15b000 ---p 0002a000 08:03 147305                     /usr/lib/jvm/java-8-oracle/jre/lib/amd64/libdcpr.so
7f991e15b000-7f991e15e000 rw-p 0002a000 08:03 147305                     /usr/lib/jvm/java-8-oracle/jre/lib/amd64/libdcpr.so
7f991e15e000-7f991e1c7000 r-xp 00000000 08:03 147338                     /usr/lib/jvm/java-8-oracle/jre/lib/amd64/libt2k.so
7f991e1c7000-7f991e3c7000 ---p 00069000 08:03 147338                     /usr/lib/jvm/java-8-oracle/jre/lib/amd64/libt2k.so
7f991e3c7000-7f991e3ce000 rw-p 00069000 08:03 147338                     /usr/lib/jvm/java-8-oracle/jre/lib/amd64/libt2k.so
7f991e3ce000-7f991e3de000 rw-p 00000000 00:00 0 
7f991e3de000-7f991e3e9000 r--s 00000000 08:03 273569                     /var/cache/fontconfig/945677eb7aeaf62f1d50efc3fb3ec7d8-le64.cache-4
7f991e3e9000-7f991e3ef000 r--s 00000000 08:03 273554                     /var/cache/fontconfig/2cd17615ca594fa2959ae173292e504c-le64.cache-4
7f991e3ef000-7f991e3f6000 r--s 00000000 08:03 273573                     /var/cache/fontconfig/a755afe4a08bf5b97852ceb7400b47bc-le64.cache-4
7f991e3fc000-7f991e40d000 rw-s 00000000 00:05 536477720                  /SYSV00000000 (deleted)
7f991e410000-7f991e413000 ---p 00000000 00:00 0 
7f991e413000-7f991e511000 rw-p 00000000 00:00 0                          [stack:4442]
7f991e511000-7f991e529000 r--s 00000000 08:03 789761                     /usr/share/fonts/type1/gsfonts/n022003l.pfb
7f991e529000-7f991e729000 rw-p 00000000 00:00 0 
7f991e729000-7f991e72c000 ---p 00000000 00:00 0 
7f991e72c000-7f991e82a000 rw-p 00000000 00:00 0 
7f991e82a000-7f991e82d000 ---p 00000000 00:00 0 
7f991e82d000-7f991eb2b000 rw-p 00000000 00:00 0                          [stack:4446]
7f991eb2b000-7f991eb2e000 ---p 00000000 00:00 0 
7f991eb2e000-7f991ec2c000 rw-p 00000000 00:00 0                          [stack:4439]
7f991ec2c000-7f991ec2f000 ---p 00000000 00:00 0 
7f991ec2f000-7f991ed2d000 rw-p 00000000 00:00 0                          [stack:4438]
7f991ed2d000-7f991ed3e000 r-xp 00000000 08:03 147332                     /usr/lib/jvm/java-8-oracle/jre/lib/amd64/libnio.so
7f991ed3e000-7f991ef3d000 ---p 00011000 08:03 147332                     /usr/lib/jvm/java-8-oracle/jre/lib/amd64/libnio.so
7f991ef3d000-7f991ef3e000 rw-p 00010000 08:03 147332                     /usr/lib/jvm/java-8-oracle/jre/lib/amd64/libnio.so
7f991ef3e000-7f991ef54000 r-xp 00000000 08:03 147293                     /usr/lib/jvm/java-8-oracle/jre/lib/amd64/libnet.so
7f991ef54000-7f991f154000 ---p 00016000 08:03 147293                     /usr/lib/jvm/java-8-oracle/jre/lib/amd64/libnet.so
7f991f154000-7f991f155000 rw-p 00016000 08:03 147293                     /usr/lib/jvm/java-8-oracle/jre/lib/amd64/libnet.so
7f991f155000-7f991f158000 ---p 00000000 00:00 0 
7f991f158000-7f991f256000 rw-p 00000000 00:00 0                          [stack:4437]
7f991f256000-7f991f25b000 r-xp 00000000 08:03 2369236                    /usr/lib/x86_64-linux-gnu/libXfixes.so.3.1.0
7f991f25b000-7f991f45a000 ---p 00005000 08:03 2369236                    /usr/lib/x86_64-linux-gnu/libXfixes.so.3.1.0
7f991f45a000-7f991f45b000 r--p 00004000 08:03 2369236                    /usr/lib/x86_64-linux-gnu/libXfixes.so.3.1.0
7f991f45b000-7f991f45c000 rw-p 00005000 08:03 2369236                    /usr/lib/x86_64-linux-gnu/libXfixes.so.3.1.0
7f991f45c000-7f991f465000 r-xp 00000000 08:03 2369228                    /usr/lib/x86_64-linux-gnu/libXcursor.so.1.0.2
7f991f465000-7f991f664000 ---p 00009000 08:03 2369228                    /usr/lib/x86_64-linux-gnu/libXcursor.so.1.0.2
7f991f664000-7f991f665000 r--p 00008000 08:03 2369228                    /usr/lib/x86_64-linux-gnu/libXcursor.so.1.0.2
7f991f665000-7f991f666000 rw-p 00009000 08:03 2369228                    /usr/lib/x86_64-linux-gnu/libXcursor.so.1.0.2
7f991f666000-7f991f669000 ---p 00000000 00:00 0 
7f991f669000-7f991f767000 rw-p 00000000 00:00 0                          [stack:4436]
7f991f767000-7f991f77d000 r-xp 00000000 08:03 397884                     /lib/x86_64-linux-gnu/libgcc_s.so.1
7f991f77d000-7f991f97c000 ---p 00016000 08:03 397884                     /lib/x86_64-linux-gnu/libgcc_s.so.1
7f991f97c000-7f991f97d000 rw-p 00015000 08:03 397884                     /lib/x86_64-linux-gnu/libgcc_s.so.1
7f991f97d000-7f991f9e2000 r-xp 00000000 08:03 147282                     /usr/lib/jvm/java-8-oracle/jre/lib/amd64/libfontmanager.so
7f991f9e2000-7f991fbe1000 ---p 00065000 08:03 147282                     /usr/lib/jvm/java-8-oracle/jre/lib/amd64/libfontmanager.so
7f991fbe1000-7f991fbe6000 rw-p 00064000 08:03 147282                     /usr/lib/jvm/java-8-oracle/jre/lib/amd64/libfontmanager.so
7f991fbe6000-7f991fbf6000 rw-p 00000000 00:00 0 
7f991fbf6000-7f991fbfb000 r-xp 00000000 08:03 2369232                    /usr/lib/x86_64-linux-gnu/libXdmcp.so.6.0.0
7f991fbfb000-7f991fdfa000 ---p 00005000 08:03 2369232                    /usr/lib/x86_64-linux-gnu/libXdmcp.so.6.0.0
7f991fdfa000-7f991fdfb000 r--p 00004000 08:03 2369232                    /usr/lib/x86_64-linux-gnu/libXdmcp.so.6.0.0
7f991fdfb000-7f991fdfc000 rw-p 00005000 08:03 2369232                    /usr/lib/x86_64-linux-gnu/libXdmcp.so.6.0.0
7f991fdfc000-7f991fdfe000 r-xp 00000000 08:03 2369221                    /usr/lib/x86_64-linux-gnu/libXau.so.6.0.0
7f991fdfe000-7f991fffe000 ---p 00002000 08:03 2369221                    /usr/lib/x86_64-linux-gnu/libXau.so.6.0.0
7f991fffe000-7f991ffff000 r--p 00002000 08:03 2369221                    /usr/lib/x86_64-linux-gnu/libXau.so.6.0.0
7f991ffff000-7f9920000000 rw-p 00003000 08:03 2369221                    /usr/lib/x86_64-linux-gnu/libXau.so.6.0.0
7f9920000000-7f9920699000 rw-p 00000000 00:00 0 
7f9920699000-7f9924000000 ---p 00000000 00:00 0 
7f9924000000-7f9924021000 rw-p 00000000 00:00 0 
7f9924021000-7f9928000000 ---p 00000000 00:00 0 
7f9928000000-7f9929051000 rw-p 00000000 00:00 0 
7f9929051000-7f992c000000 ---p 00000000 00:00 0 
7f992c000000-7f992c982000 rw-p 00000000 00:00 0 
7f992c982000-7f9930000000 ---p 00000000 00:00 0 
7f9930000000-7f9930021000 rw-p 00000000 00:00 0 
7f9930021000-7f9934000000 ---p 00000000 00:00 0 
7f9934000000-7f9934021000 rw-p 00000000 00:00 0 
7f9934021000-7f9938000000 ---p 00000000 00:00 0 
7f9938000000-7f99382c7000 rw-p 00000000 00:00 0 
7f99382c7000-7f993c000000 ---p 00000000 00:00 0 
7f993c000000-7f993c021000 rw-p 00000000 00:00 0 
7f993c021000-7f9940000000 ---p 00000000 00:00 0 
7f9940000000-7f9940021000 rw-p 00000000 00:00 0 
7f9940021000-7f9944000000 ---p 00000000 00:00 0 
7f9944000000-7f9944021000 rw-p 00000000 00:00 0 
7f9944021000-7f9948000000 ---p 00000000 00:00 0 
7f9948000000-7f9948021000 rw-p 00000000 00:00 0 
7f9948021000-7f994c000000 ---p 00000000 00:00 0 
7f994c000000-7f994c001000 rw-p 00000000 00:00 0 
7f994c001000-7f994c002000 r--s 00000000 08:03 273576                     /var/cache/fontconfig/c05880de57d1f5e948fdfacc138775d9-le64.cache-4
7f994c002000-7f994c004000 r--s 00000000 08:03 273571                     /var/cache/fontconfig/99e8ed0e538f840c565b6ed5dad60d56-le64.cache-4
7f994c004000-7f994c005000 r--s 00000000 08:03 273586                     /var/cache/fontconfig/e7071f4a29fa870f4323321c154eba04-le64.cache-4
7f994c005000-7f994c006000 r--s 00000000 08:03 273551                     /var/cache/fontconfig/0d8c3b2ac0904cb8a57a757ad11a4a08-le64.cache-4
7f994c006000-7f994c012000 r--s 00000000 08:03 273564                     /var/cache/fontconfig/6d41288fd70b0be22e8c3a91e032eec0-le64.cache-4
7f994c012000-7f994c026000 r--s 00000000 08:03 273548                     /var/cache/fontconfig/04aabc0a78ac019cf9454389977116d2-le64.cache-4
7f994c026000-7f994c02a000 r--s 00000000 08:03 273557                     /var/cache/fontconfig/385c0604a188198f04d133e54aba7fe7-le64.cache-4
7f994c02a000-7f994c02c000 r--s 00000000 08:03 273566                     /var/cache/fontconfig/767a8244fc0220cfb567a839d0392e0b-le64.cache-4
7f994c02c000-7f994c03e000 r--s 00000000 08:03 273549                     /var/cache/fontconfig/0bd3dc0958fa2205aaaa8ebb13e2872b-le64.cache-4
7f994c03e000-7f994c043000 r--s 00000000 08:03 273568                     /var/cache/fontconfig/8801497958630a81b71ace7c5f9b32a8-le64.cache-4
7f994c043000-7f994c04a000 r--s 00000000 08:03 273555                     /var/cache/fontconfig/3047814df9a2f067bd2d96a2b9c36e5a-le64.cache-4
7f994c04a000-7f994c067000 r-xp 00000000 08:03 2370440                    /usr/lib/x86_64-linux-gnu/libxcb.so.1.1.0
7f994c067000-7f994c267000 ---p 0001d000 08:03 2370440                    /usr/lib/x86_64-linux-gnu/libxcb.so.1.1.0
7f994c267000-7f994c268000 r--p 0001d000 08:03 2370440                    /usr/lib/x86_64-linux-gnu/libxcb.so.1.1.0
7f994c268000-7f994c269000 rw-p 0001e000 08:03 2370440                    /usr/lib/x86_64-linux-gnu/libxcb.so.1.1.0
7f994c269000-7f994c278000 r-xp 00000000 08:03 2369242                    /usr/lib/x86_64-linux-gnu/libXi.so.6.1.0
7f994c278000-7f994c477000 ---p 0000f000 08:03 2369242                    /usr/lib/x86_64-linux-gnu/libXi.so.6.1.0
7f994c477000-7f994c478000 r--p 0000e000 08:03 2369242                    /usr/lib/x86_64-linux-gnu/libXi.so.6.1.0
7f994c478000-7f994c479000 rw-p 0000f000 08:03 2369242                    /usr/lib/x86_64-linux-gnu/libXi.so.6.1.0
7f994c479000-7f994c47e000 r-xp 00000000 08:03 2369262                    /usr/lib/x86_64-linux-gnu/libXtst.so.6.1.0
7f994c47e000-7f994c67d000 ---p 00005000 08:03 2369262                    /usr/lib/x86_64-linux-gnu/libXtst.so.6.1.0
7f994c67d000-7f994c67e000 r--p 00004000 08:03 2369262                    /usr/lib/x86_64-linux-gnu/libXtst.so.6.1.0
7f994c67e000-7f994c67f000 rw-p 00005000 08:03 2369262                    /usr/lib/x86_64-linux-gnu/libXtst.so.6.1.0
7f994c67f000-7f994c688000 r-xp 00000000 08:03 2369256                    /usr/lib/x86_64-linux-gnu/libXrender.so.1.3.0
7f994c688000-7f994c887000 ---p 00009000 08:03 2369256                    /usr/lib/x86_64-linux-gnu/libXrender.so.1.3.0
7f994c887000-7f994c888000 r--p 00008000 08:03 2369256                    /usr/lib/x86_64-linux-gnu/libXrender.so.1.3.0
7f994c888000-7f994c889000 rw-p 00009000 08:03 2369256                    /usr/lib/x86_64-linux-gnu/libXrender.so.1.3.0
7f994c889000-7f994c9b9000 r-xp 00000000 08:03 2369217                    /usr/lib/x86_64-linux-gnu/libX11.so.6.3.0
7f994c9b9000-7f994cbb9000 ---p 00130000 08:03 2369217                    /usr/lib/x86_64-linux-gnu/libX11.so.6.3.0
7f994cbb9000-7f994cbba000 r--p 00130000 08:03 2369217                    /usr/lib/x86_64-linux-gnu/libX11.so.6.3.0
7f994cbba000-7f994cbbe000 rw-p 00131000 08:03 2369217                    /usr/lib/x86_64-linux-gnu/libX11.so.6.3.0
7f994cbbe000-7f994cbcf000 r-xp 00000000 08:03 2369234                    /usr/lib/x86_64-linux-gnu/libXext.so.6.4.0
7f994cbcf000-7f994cdce000 ---p 00011000 08:03 2369234                    /usr/lib/x86_64-linux-gnu/libXext.so.6.4.0
7f994cdce000-7f994cdcf000 r--p 00010000 08:03 2369234                    /usr/lib/x86_64-linux-gnu/libXext.so.6.4.0
7f994cdcf000-7f994cdd0000 rw-p 00011000 08:03 2369234                    /usr/lib/x86_64-linux-gnu/libXext.so.6.4.0
7f994cdd0000-7f994ce24000 r-xp 00000000 08:03 147314                     /usr/lib/jvm/java-8-oracle/jre/lib/amd64/libawt_xawt.so
7f994ce24000-7f994d024000 ---p 00054000 08:03 147314                     /usr/lib/jvm/java-8-oracle/jre/lib/amd64/libawt_xawt.so
7f994d024000-7f994d028000 rw-p 00054000 08:03 147314                     /usr/lib/jvm/java-8-oracle/jre/lib/amd64/libawt_xawt.so
7f994d028000-7f994d029000 rw-p 00000000 00:00 0 
7f994d029000-7f994d0cb000 r-xp 00000000 08:03 147299                     /usr/lib/jvm/java-8-oracle/jre/lib/amd64/libawt.so
7f994d0cb000-7f994d2cb000 ---p 000a2000 08:03 147299                     /usr/lib/jvm/java-8-oracle/jre/lib/amd64/libawt.so
7f994d2cb000-7f994d2d7000 rw-p 000a2000 08:03 147299                     /usr/lib/jvm/java-8-oracle/jre/lib/amd64/libawt.so
7f994d2d7000-7f994d2fb000 rw-p 00000000 00:00 0 
7f994d2fb000-7f994d2fc000 ---p 00000000 00:00 0 
7f994d2fc000-7f994d3fc000 rw-p 00000000 00:00 0                          [stack:4433]
7f994d3fc000-7f994d3ff000 ---p 00000000 00:00 0 
7f994d3ff000-7f994d4fd000 rw-p 00000000 00:00 0                          [stack:4432]
7f994d4fd000-7f994d500000 ---p 00000000 00:00 0 
7f994d500000-7f994d5fe000 rw-p 00000000 00:00 0                          [stack:4431]
7f994d5fe000-7f994d601000 ---p 00000000 00:00 0 
7f994d601000-7f994d6ff000 rw-p 00000000 00:00 0                          [stack:4430]
7f994d6ff000-7f994d702000 ---p 00000000 00:00 0 
7f994d702000-7f994d800000 rw-p 00000000 00:00 0                          [stack:4429]
7f994d800000-7f994d803000 ---p 00000000 00:00 0 
7f994d803000-7f994d901000 rw-p 00000000 00:00 0                          [stack:4428]
7f994d901000-7f994dbca000 r--p 00000000 08:03 2367214                    /usr/lib/locale/locale-archive
7f994dbca000-7f994dbcd000 ---p 00000000 00:00 0 
7f994dbcd000-7f994dccb000 rw-p 00000000 00:00 0                          [stack:4427]
7f994dccb000-7f994dcce000 ---p 00000000 00:00 0 
7f994dcce000-7f994ddcc000 rw-p 00000000 00:00 0                          [stack:4426]
7f994ddcc000-7f994ddcd000 ---p 00000000 00:00 0 
7f994ddcd000-7f9950000000 rw-p 00000000 00:00 0                          [stack:4425]
7f9950000000-7f9950021000 rw-p 00000000 00:00 0 
7f9950021000-7f9954000000 ---p 00000000 00:00 0 
7f9954000000-7f9954001000 r--s 00000000 08:03 273553                     /var/cache/fontconfig/1ac9eb803944fde146138c791f5cc56a-le64.cache-4
7f9954001000-7f9954014000 r--s 00000000 08:03 273580                     /var/cache/fontconfig/d52a8644073d54c13679302ca1180695-le64.cache-4
7f9954014000-7f995401d000 r--s 00000000 08:03 273558                     /var/cache/fontconfig/3f7329c5293ffd510edef78f73874cfd-le64.cache-4
7f995401d000-7f9954028000 r--s 00000000 08:03 273581                     /var/cache/fontconfig/d589a48862398ed80a3d6066f4f56f4c-le64.cache-4
7f9954028000-7f995403b000 r--s 00000000 08:03 271705                     /var/cache/fontconfig/4ac51e5cfbc76fc3f983e470323a16d3-le64.cache-4
7f995403b000-7f9954054000 r--s 0012e000 08:03 1972319                    /home/tharindu/NewFolder/swingx.jar
7f9954054000-7f9955000000 rw-p 00000000 00:00 0 
7f9955000000-7f9955640000 rwxp 00000000 00:00 0 
7f9955640000-7f9964000000 ---p 00000000 00:00 0 
7f9964000000-7f99644a0000 rw-p 00000000 00:00 0 
7f99644a0000-7f9968000000 ---p 00000000 00:00 0 
7f9968000000-7f9968001000 r--s 00000000 08:03 273583                     /var/cache/fontconfig/dc05db6664285cc2f12bf69c139ae4c3-le64.cache-4
7f9968001000-7f9968002000 r--s 00000000 08:03 273559                     /var/cache/fontconfig/4794a0821666d79190d59a36cb4f44b5-le64.cache-4
7f9968002000-7f9968008000 r--s 00000000 08:03 273574                     /var/cache/fontconfig/b47c4e1ecd0709278f4910c18777a504-le64.cache-4
7f9968008000-7f996800b000 r--s 00000000 08:03 263186                     /var/cache/fontconfig/e13b20fdb08344e0e664864cc2ede53d-le64.cache-4
7f996800b000-7f9968013000 r--s 000c4000 08:03 1895480                    /home/tharindu/mysql-connector-java-5.1.23-bin.jar
7f9968013000-7f9968518000 rw-p 00000000 00:00 0 
7f9968518000-7f99686f0000 r--s 03d2a000 08:03 147348                     /usr/lib/jvm/java-8-oracle/jre/lib/rt.jar
7f99686f0000-7f9968949000 rw-p 00000000 00:00 0 
7f9968949000-7f996894a000 ---p 00000000 00:00 0 
7f996894a000-7f9968a4a000 rw-p 00000000 00:00 0                          [stack:4424]
7f9968a4a000-7f9968a4b000 ---p 00000000 00:00 0 
7f9968a4b000-7f9968b4b000 rw-p 00000000 00:00 0                          [stack:4423]
7f9968b4b000-7f9968b4c000 ---p 00000000 00:00 0 
7f9968b4c000-7f9968c4c000 rw-p 00000000 00:00 0                          [stack:4422]
7f9968c4c000-7f9968c4d000 ---p 00000000 00:00 0 
7f9968c4d000-7f9968d62000 rw-p 00000000 00:00 0                          [stack:4421]
7f9968d62000-7f9968e8f000 ---p 00000000 00:00 0 
7f9968e8f000-7f9968ea4000 rw-p 00000000 00:00 0 
7f9968ea4000-7f9968fd1000 ---p 00000000 00:00 0 
7f9968fd1000-7f9969014000 rw-p 00000000 00:00 0 
7f9969014000-7f9969072000 ---p 00000000 00:00 0 
7f9969072000-7f996908c000 rw-p 00000000 00:00 0 
7f996908c000-7f9969433000 ---p 00000000 00:00 0 
7f9969433000-7f996944d000 r-xp 00000000 08:03 147337                     /usr/lib/jvm/java-8-oracle/jre/lib/amd64/libzip.so
7f996944d000-7f996964d000 ---p 0001a000 08:03 147337                     /usr/lib/jvm/java-8-oracle/jre/lib/amd64/libzip.so
7f996964d000-7f996964e000 rw-p 0001a000 08:03 147337                     /usr/lib/jvm/java-8-oracle/jre/lib/amd64/libzip.so
7f996964e000-7f9969658000 r-xp 00000000 08:03 394379                     /lib/x86_64-linux-gnu/libnss_files-2.19.so
7f9969658000-7f9969857000 ---p 0000a000 08:03 394379                     /lib/x86_64-linux-gnu/libnss_files-2.19.so
7f9969857000-7f9969858000 r--p 00009000 08:03 394379                     /lib/x86_64-linux-gnu/libnss_files-2.19.so
7f9969858000-7f9969859000 rw-p 0000a000 08:03 394379                     /lib/x86_64-linux-gnu/libnss_files-2.19.so
7f9969859000-7f9969864000 r-xp 00000000 08:03 394342                     /lib/x86_64-linux-gnu/libnss_nis-2.19.so
7f9969864000-7f9969a63000 ---p 0000b000 08:03 394342                     /lib/x86_64-linux-gnu/libnss_nis-2.19.so
7f9969a63000-7f9969a64000 r--p 0000a000 08:03 394342                     /lib/x86_64-linux-gnu/libnss_nis-2.19.so
7f9969a64000-7f9969a65000 rw-p 0000b000 08:03 394342                     /lib/x86_64-linux-gnu/libnss_nis-2.19.so
7f9969a65000-7f9969a7c000 r-xp 00000000 08:03 394332                     /lib/x86_64-linux-gnu/libnsl-2.19.so
7f9969a7c000-7f9969c7b000 ---p 00017000 08:03 394332                     /lib/x86_64-linux-gnu/libnsl-2.19.so
7f9969c7b000-7f9969c7c000 r--p 00016000 08:03 394332                     /lib/x86_64-linux-gnu/libnsl-2.19.so
7f9969c7c000-7f9969c7d000 rw-p 00017000 08:03 394332                     /lib/x86_64-linux-gnu/libnsl-2.19.so
7f9969c7d000-7f9969c7f000 rw-p 00000000 00:00 0 
7f9969c7f000-7f9969c88000 r-xp 00000000 08:03 394326                     /lib/x86_64-linux-gnu/libnss_compat-2.19.so
7f9969c88000-7f9969e87000 ---p 00009000 08:03 394326                     /lib/x86_64-linux-gnu/libnss_compat-2.19.so
7f9969e87000-7f9969e88000 r--p 00008000 08:03 394326                     /lib/x86_64-linux-gnu/libnss_compat-2.19.so
7f9969e88000-7f9969e89000 rw-p 00009000 08:03 394326                     /lib/x86_64-linux-gnu/libnss_compat-2.19.so
7f9969e89000-7f9969eb4000 r-xp 00000000 08:03 147281                     /usr/lib/jvm/java-8-oracle/jre/lib/amd64/libjava.so
7f9969eb4000-7f996a0b3000 ---p 0002b000 08:03 147281                     /usr/lib/jvm/java-8-oracle/jre/lib/amd64/libjava.so
7f996a0b3000-7f996a0b5000 rw-p 0002a000 08:03 147281                     /usr/lib/jvm/java-8-oracle/jre/lib/amd64/libjava.so
7f996a0b5000-7f996a0c2000 r-xp 00000000 08:03 147315                     /usr/lib/jvm/java-8-oracle/jre/lib/amd64/libverify.so
7f996a0c2000-7f996a2c1000 ---p 0000d000 08:03 147315                     /usr/lib/jvm/java-8-oracle/jre/lib/amd64/libverify.so
7f996a2c1000-7f996a2c3000 rw-p 0000c000 08:03 147315                     /usr/lib/jvm/java-8-oracle/jre/lib/amd64/libverify.so
7f996a2c3000-7f996a2ca000 r-xp 00000000 08:03 394367                     /lib/x86_64-linux-gnu/librt-2.19.so
7f996a2ca000-7f996a4c9000 ---p 00007000 08:03 394367                     /lib/x86_64-linux-gnu/librt-2.19.so
7f996a4c9000-7f996a4ca000 r--p 00006000 08:03 394367                     /lib/x86_64-linux-gnu/librt-2.19.so
7f996a4ca000-7f996a4cb000 rw-p 00007000 08:03 394367                     /lib/x86_64-linux-gnu/librt-2.19.so
7f996a4cb000-7f996a5d0000 r-xp 00000000 08:03 394317                     /lib/x86_64-linux-gnu/libm-2.19.so
7f996a5d0000-7f996a7cf000 ---p 00105000 08:03 394317                     /lib/x86_64-linux-gnu/libm-2.19.so
7f996a7cf000-7f996a7d0000 r--p 00104000 08:03 394317                     /lib/x86_64-linux-gnu/libm-2.19.so
7f996a7d0000-7f996a7d1000 rw-p 00105000 08:03 394317                     /lib/x86_64-linux-gnu/libm-2.19.so
7f996a7d1000-7f996b49e000 r-xp 00000000 08:03 147311                     /usr/lib/jvm/java-8-oracle/jre/lib/amd64/server/libjvm.so
7f996b49e000-7f996b69d000 ---p 00ccd000 08:03 147311                     /usr/lib/jvm/java-8-oracle/jre/lib/amd64/server/libjvm.so
7f996b69d000-7f996b776000 rw-p 00ccc000 08:03 147311                     /usr/lib/jvm/java-8-oracle/jre/lib/amd64/server/libjvm.so
7f996b776000-7f996b7c1000 rw-p 00000000 00:00 0 
7f996b7c1000-7f996b97b000 r-xp 00000000 08:03 394368                     /lib/x86_64-linux-gnu/libc-2.19.so
7f996b97b000-7f996bb7b000 ---p 001ba000 08:03 394368                     /lib/x86_64-linux-gnu/libc-2.19.so
7f996bb7b000-7f996bb7f000 r--p 001ba000 08:03 394368                     /lib/x86_64-linux-gnu/libc-2.19.so
7f996bb7f000-7f996bb81000 rw-p 001be000 08:03 394368                     /lib/x86_64-linux-gnu/libc-2.19.so
7f996bb81000-7f996bb86000 rw-p 00000000 00:00 0 
7f996bb86000-7f996bb89000 r-xp 00000000 08:03 394319                     /lib/x86_64-linux-gnu/libdl-2.19.so
7f996bb89000-7f996bd88000 ---p 00003000 08:03 394319                     /lib/x86_64-linux-gnu/libdl-2.19.so
7f996bd88000-7f996bd89000 r--p 00002000 08:03 394319                     /lib/x86_64-linux-gnu/libdl-2.19.so
7f996bd89000-7f996bd8a000 rw-p 00003000 08:03 394319                     /lib/x86_64-linux-gnu/libdl-2.19.so
7f996bd8a000-7f996bd9f000 r-xp 00000000 08:03 146537                     /usr/lib/jvm/java-8-oracle/lib/amd64/jli/libjli.so
7f996bd9f000-7f996bf9f000 ---p 00015000 08:03 146537                     /usr/lib/jvm/java-8-oracle/lib/amd64/jli/libjli.so
7f996bf9f000-7f996bfa0000 rw-p 00015000 08:03 146537                     /usr/lib/jvm/java-8-oracle/lib/amd64/jli/libjli.so
7f996bfa0000-7f996bfb9000 r-xp 00000000 08:03 394333                     /lib/x86_64-linux-gnu/libpthread-2.19.so
7f996bfb9000-7f996c1b8000 ---p 00019000 08:03 394333                     /lib/x86_64-linux-gnu/libpthread-2.19.so
7f996c1b8000-7f996c1b9000 r--p 00018000 08:03 394333                     /lib/x86_64-linux-gnu/libpthread-2.19.so
7f996c1b9000-7f996c1ba000 rw-p 00019000 08:03 394333                     /lib/x86_64-linux-gnu/libpthread-2.19.so
7f996c1ba000-7f996c1be000 rw-p 00000000 00:00 0 
7f996c1be000-7f996c1e1000 r-xp 00000000 08:03 394338                     /lib/x86_64-linux-gnu/ld-2.19.so
7f996c1e1000-7f996c1e2000 r--s 00000000 08:03 273561                     /var/cache/fontconfig/56cf4f4769d0f4abc89a4895d7bd3ae1-le64.cache-4
7f996c1e2000-7f996c1e3000 r--s 00000000 08:03 273575                     /var/cache/fontconfig/b9d506c9ac06c20b433354fa67a72993-le64.cache-4
7f996c1e3000-7f996c1e7000 r--s 00000000 08:03 263185                     /var/cache/fontconfig/7ef2298fde41cc6eeb7af42e48b7d293-le64.cache-4
7f996c1e7000-7f996c2b9000 rw-p 00000000 00:00 0 
7f996c2b9000-7f996c2bc000 ---p 00000000 00:00 0 
7f996c2bc000-7f996c3be000 rw-p 00000000 00:00 0                          [stack:4420]
7f996c3be000-7f996c3bf000 r--s 00000000 08:03 273550                     /var/cache/fontconfig/0c9eb80ebd1c36541ebe2852d3bb0c49-le64.cache-4
7f996c3bf000-7f996c3c1000 r--s 00007000 08:03 2105209                    /home/tharindu/Public/Untitled Folder/jdatepicker-1.3.2.jar
7f996c3c1000-7f996c3d4000 rw-p 00000000 00:00 0 
7f996c3d4000-7f996c3dc000 rw-s 00000000 08:03 2228675                    /tmp/hsperfdata_tharindu/4415
7f996c3dc000-7f996c3dd000 rw-p 00000000 00:00 0 
7f996c3dd000-7f996c3de000 ---p 00000000 00:00 0 
7f996c3de000-7f996c3e0000 rw-p 00000000 00:00 0 
7f996c3e0000-7f996c3e1000 r--p 00022000 08:03 394338                     /lib/x86_64-linux-gnu/ld-2.19.so
7f996c3e1000-7f996c3e2000 rw-p 00023000 08:03 394338                     /lib/x86_64-linux-gnu/ld-2.19.so
7f996c3e2000-7f996c3e3000 rw-p 00000000 00:00 0 
7fffa72fe000-7fffa731f000 rw-p 00000000 00:00 0                          [stack]
7fffa7393000-7fffa7395000 r--p 00000000 00:00 0                          [vvar]
7fffa7395000-7fffa7397000 r-xp 00000000 00:00 0                          [vdso]
ffffffffff600000-ffffffffff601000 r-xp 00000000 00:00 0                  [vsyscall]

VM Arguments:
jvm_args: -Dfile.encoding=UTF-8 
java_command: hotel.view.Login
java_class_path (initial): /home/tharindu/NewFolder/swingx.jar:/home/tharindu/Public/Untitled Folder/jdatepicker-1.3.2.jar:/home/tharindu/mysql-connector-java-5.1.23-bin.jar:/home/tharindu/NetBeansProjects/Hotel/build/classes
Launcher Type: SUN_STANDARD

Environment Variables:
JAVA_HOME=/usr/lib/jvm/java-8-oracle
PATH=/usr/local/sbin:/usr/local/bin:/usr/sbin:/usr/bin:/sbin:/bin:/usr/games:/usr/local/games:/usr/lib/jvm/java-8-oracle/bin:/usr/lib/jvm/java-8-oracle/db/bin:/usr/lib/jvm/java-8-oracle/jre/bin
USERNAME=tharindu
LD_LIBRARY_PATH=/usr/lib/jvm/java-8-oracle/jre/lib/amd64:/usr/lib/jvm/java-8-oracle/jre/lib/i386:
SHELL=/bin/bash
DISPLAY=:0

Signal Handlers:
SIGSEGV: [libjvm.so+0xac64b0], sa_mask[0]=11111111011111111101111111111110, sa_flags=SA_RESTART|SA_SIGINFO
SIGBUS: [libjvm.so+0xac64b0], sa_mask[0]=11111111011111111101111111111110, sa_flags=SA_RESTART|SA_SIGINFO
SIGFPE: [libjvm.so+0x91f950], sa_mask[0]=11111111011111111101111111111110, sa_flags=SA_RESTART|SA_SIGINFO
SIGPIPE: [libjvm.so+0x91f950], sa_mask[0]=11111111011111111101111111111110, sa_flags=SA_RESTART|SA_SIGINFO
SIGXFSZ: [libjvm.so+0x91f950], sa_mask[0]=11111111011111111101111111111110, sa_flags=SA_RESTART|SA_SIGINFO
SIGILL: [libjvm.so+0x91f950], sa_mask[0]=11111111011111111101111111111110, sa_flags=SA_RESTART|SA_SIGINFO
SIGUSR1: SIG_DFL, sa_mask[0]=00000000000000000000000000000000, sa_flags=none
SIGUSR2: [libjvm.so+0x920f80], sa_mask[0]=00100000000000000000000000000000, sa_flags=SA_RESTART|SA_SIGINFO
SIGHUP: [libjvm.so+0x922380], sa_mask[0]=11111111011111111101111111111110, sa_flags=SA_RESTART|SA_SIGINFO
SIGINT: SIG_IGN, sa_mask[0]=00000000000000000000000000000000, sa_flags=none
SIGTERM: [libjvm.so+0x922380], sa_mask[0]=11111111011111111101111111111110, sa_flags=SA_RESTART|SA_SIGINFO
SIGQUIT: [libjvm.so+0x922380], sa_mask[0]=11111111011111111101111111111110, sa_flags=SA_RESTART|SA_SIGINFO


---------------  S Y S T E M  ---------------

OS:DISTRIB_ID=LinuxMint
DISTRIB_RELEASE=17.3
DISTRIB_CODENAME=rosa
DISTRIB_DESCRIPTION="Linux Mint 17.3 Rosa"

uname:Linux 3.19.0-32-generic #37~14.04.1-Ubuntu SMP Thu Oct 22 09:41:40 UTC 2015 x86_64
libc:glibc 2.19 NPTL 2.19 
rlimit: STACK 8192k, CORE 0k, NPROC 15316, NOFILE 4096, AS infinity
load average:13.43 11.30 9.22

/proc/meminfo:
MemTotal:        3953184 kB
MemFree:          113432 kB
MemAvailable:      44980 kB
Buffers:             260 kB
Cached:           309132 kB
SwapCached:            0 kB
Active:          3427412 kB
Inactive:         288332 kB
Active(anon):    3426292 kB
Inactive(anon):   282304 kB
Active(file):       1120 kB
Inactive(file):     6028 kB
Unevictable:           0 kB
Mlocked:               0 kB
SwapTotal:             0 kB
SwapFree:              0 kB
Dirty:               120 kB
Writeback:             0 kB
AnonPages:       3406660 kB
Mapped:            70468 kB
Shmem:            301936 kB
Slab:              53660 kB
SReclaimable:      24868 kB
SUnreclaim:        28792 kB
KernelStack:        9024 kB
PageTables:        30472 kB
NFS_Unstable:          0 kB
Bounce:                0 kB
WritebackTmp:          0 kB
CommitLimit:     1976592 kB
Committed_AS:    5474880 kB
VmallocTotal:   34359738367 kB
VmallocUsed:      347192 kB
VmallocChunk:   34359384028 kB
HardwareCorrupted:     0 kB
AnonHugePages:   2217984 kB
CmaTotal:              0 kB
CmaFree:               0 kB
HugePages_Total:       0
HugePages_Free:        0
HugePages_Rsvd:        0
HugePages_Surp:        0
Hugepagesize:       2048 kB
DirectMap4k:      107176 kB
DirectMap2M:     3993600 kB


CPU:total 4 (2 cores per cpu, 2 threads per core) family 6 model 42 stepping 7, cmov, cx8, fxsr, mmx, sse, sse2, sse3, ssse3, sse4.1, sse4.2, popcnt, avx, clmul, ht, tsc, tscinvbit

/proc/cpuinfo:
processor	: 0
vendor_id	: GenuineIntel
cpu family	: 6
model		: 42
model name	: Intel(R) Core(TM) i3-2350M CPU @ 2.30GHz
stepping	: 7
microcode	: 0x1b
cpu MHz		: 799.968
cache size	: 3072 KB
physical id	: 0
siblings	: 4
core id		: 0
cpu cores	: 2
apicid		: 0
initial apicid	: 0
fpu		: yes
fpu_exception	: yes
cpuid level	: 13
wp		: yes
flags		: fpu vme de pse tsc msr pae mce cx8 apic sep mtrr pge mca cmov pat pse36 clflush dts acpi mmx fxsr sse sse2 ss ht tm pbe syscall nx rdtscp lm constant_tsc arch_perfmon pebs bts rep_good nopl xtopology nonstop_tsc aperfmperf eagerfpu pni pclmulqdq dtes64 monitor ds_cpl vmx est tm2 ssse3 cx16 xtpr pdcm pcid sse4_1 sse4_2 x2apic popcnt tsc_deadline_timer xsave avx lahf_lm arat epb pln pts dtherm tpr_shadow vnmi flexpriority ept vpid xsaveopt
bugs		:
bogomips	: 4589.72
clflush size	: 64
cache_alignment	: 64
address sizes	: 36 bits physical, 48 bits virtual
power management:

processor	: 1
vendor_id	: GenuineIntel
cpu family	: 6
model		: 42
model name	: Intel(R) Core(TM) i3-2350M CPU @ 2.30GHz
stepping	: 7
microcode	: 0x1b
cpu MHz		: 799.968
cache size	: 3072 KB
physical id	: 0
siblings	: 4
core id		: 1
cpu cores	: 2
apicid		: 2
initial apicid	: 2
fpu		: yes
fpu_exception	: yes
cpuid level	: 13
wp		: yes
flags		: fpu vme de pse tsc msr pae mce cx8 apic sep mtrr pge mca cmov pat pse36 clflush dts acpi mmx fxsr sse sse2 ss ht tm pbe syscall nx rdtscp lm constant_tsc arch_perfmon pebs bts rep_good nopl xtopology nonstop_tsc aperfmperf eagerfpu pni pclmulqdq dtes64 monitor ds_cpl vmx est tm2 ssse3 cx16 xtpr pdcm pcid sse4_1 sse4_2 x2apic popcnt tsc_deadline_timer xsave avx lahf_lm arat epb pln pts dtherm tpr_shadow vnmi flexpriority ept vpid xsaveopt
bugs		:
bogomips	: 4589.72
clflush size	: 64
cache_alignment	: 64
address sizes	: 36 bits physical, 48 bits virtual
power management:

processor	: 2
vendor_id	: GenuineIntel
cpu family	: 6
model		: 42
model name	: Intel(R) Core(TM) i3-2350M CPU @ 2.30GHz
stepping	: 7
microcode	: 0x1b
cpu MHz		: 799.968
cache size	: 3072 KB
physical id	: 0
siblings	: 4
core id		: 0
cpu cores	: 2
apicid		: 1
initial apicid	: 1
fpu		: yes
fpu_exception	: yes
cpuid level	: 13
wp		: yes
flags		: fpu vme de pse tsc msr pae mce cx8 apic sep mtrr pge mca cmov pat pse36 clflush dts acpi mmx fxsr sse sse2 ss ht tm pbe syscall nx rdtscp lm constant_tsc arch_perfmon pebs bts rep_good nopl xtopology nonstop_tsc aperfmperf eagerfpu pni pclmulqdq dtes64 monitor ds_cpl vmx est tm2 ssse3 cx16 xtpr pdcm pcid sse4_1 sse4_2 x2apic popcnt tsc_deadline_timer xsave avx lahf_lm arat epb pln pts dtherm tpr_shadow vnmi flexpriority ept vpid xsaveopt
bugs		:
bogomips	: 4589.72
clflush size	: 64
cache_alignment	: 64
address sizes	: 36 bits physical, 48 bits virtual
power management:

processor	: 3
vendor_id	: GenuineIntel
cpu family	: 6
model		: 42
model name	: Intel(R) Core(TM) i3-2350M CPU @ 2.30GHz
stepping	: 7
microcode	: 0x1b
cpu MHz		: 799.968
cache size	: 3072 KB
physical id	: 0
siblings	: 4
core id		: 1
cpu cores	: 2
apicid		: 3
initial apicid	: 3
fpu		: yes
fpu_exception	: yes
cpuid level	: 13
wp		: yes
flags		: fpu vme de pse tsc msr pae mce cx8 apic sep mtrr pge mca cmov pat pse36 clflush dts acpi mmx fxsr sse sse2 ss ht tm pbe syscall nx rdtscp lm constant_tsc arch_perfmon pebs bts rep_good nopl xtopology nonstop_tsc aperfmperf eagerfpu pni pclmulqdq dtes64 monitor ds_cpl vmx est tm2 ssse3 cx16 xtpr pdcm pcid sse4_1 sse4_2 x2apic popcnt tsc_deadline_timer xsave avx lahf_lm arat epb pln pts dtherm tpr_shadow vnmi flexpriority ept vpid xsaveopt
bugs		:
bogomips	: 4589.72
clflush size	: 64
cache_alignment	: 64
address sizes	: 36 bits physical, 48 bits virtual
power management:



Memory: 4k page, physical 3953184k(112936k free), swap 0k(0k free)

vm_info: Java HotSpot(TM) 64-Bit Server VM (25.111-b14) for linux-amd64 JRE (1.8.0_111-b14), built on Sep 22 2016 16:14:03 by "java_re" with gcc 4.3.0 20080428 (Red Hat 4.3.0-8)

time: Thu Apr 20 00:26:06 2017
elapsed time: 55 seconds (0d 0h 0m 55s)

