#
# There is insufficient memory for the Java Runtime Environment to continue.
# Native memory allocation (mmap) failed to map 120061952 bytes for committing reserved memory.
# Possible reasons:
#   The system is out of physical RAM or swap space
#   In 32 bit mode, the process size limit was hit
# Possible solutions:
#   Reduce memory load on the system
#   Increase physical memory or swap space
#   Check if swap backing store is full
#   Use 64 bit Java on a 64 bit OS
#   Decrease Java heap size (-Xmx/-Xms)
#   Decrease number of Java threads
#   Decrease Java thread stack sizes (-Xss)
#   Set larger code cache with -XX:ReservedCodeCacheSize=
# This output file may be truncated or incomplete.
#
#  Out of Memory Error (os_linux.cpp:2627), pid=11633, tid=0x00007f03b85a7700
#
# JRE version: Java(TM) SE Runtime Environment (8.0_111-b14) (build 1.8.0_111-b14)
# Java VM: Java HotSpot(TM) 64-Bit Server VM (25.111-b14 mixed mode linux-amd64 compressed oops)
# Failed to write core dump. Core dumps have been disabled. To enable core dumping, try "ulimit -c unlimited" before starting Java again
#

---------------  T H R E A D  ---------------

Current thread (0x00007f03cc077800):  VMThread [stack: 0x00007f03b84a7000,0x00007f03b85a8000] [id=11642]

Stack: [0x00007f03b84a7000,0x00007f03b85a8000],  sp=0x00007f03b85a6060,  free space=1020k
Native frames: (J=compiled Java code, j=interpreted, Vv=VM code, C=native code)
V  [libjvm.so+0xac5c2a]  VMError::report_and_die()+0x2ba
V  [libjvm.so+0x4fc50b]  report_vm_out_of_memory(char const*, int, unsigned long, VMErrorType, char const*)+0x8b
V  [libjvm.so+0x922ae3]  os::Linux::commit_memory_impl(char*, unsigned long, bool)+0x103
V  [libjvm.so+0x923039]  os::pd_commit_memory(char*, unsigned long, unsigned long, bool)+0x29
V  [libjvm.so+0x91d33a]  os::commit_memory(char*, unsigned long, unsigned long, bool)+0x2a
V  [libjvm.so+0x991ac3]  PSVirtualSpace::expand_by(unsigned long)+0x53
V  [libjvm.so+0x992ec8]  PSYoungGen::resize_generation(unsigned long, unsigned long)+0xf8
V  [libjvm.so+0x992022]  PSYoungGen::resize(unsigned long, unsigned long)+0x22
V  [libjvm.so+0x98f2fb]  PSScavenge::invoke_no_policy()+0xf3b
V  [libjvm.so+0x98fa81]  PSScavenge::invoke()+0x41
V  [libjvm.so+0x9467d0]  ParallelScavengeHeap::failed_mem_allocate(unsigned long)+0x70
V  [libjvm.so+0xac7647]  VM_ParallelGCFailedAllocation::doit()+0x97
V  [libjvm.so+0xacf125]  VM_Operation::evaluate()+0x55
V  [libjvm.so+0xacd4fa]  VMThread::evaluate_operation(VM_Operation*)+0xba
V  [libjvm.so+0xacd87e]  VMThread::loop()+0x1ce
V  [libjvm.so+0xacdcf0]  VMThread::run()+0x70
V  [libjvm.so+0x924ea8]  java_start(Thread*)+0x108

VM_Operation (0x00007f03a0b91680): ParallelGCFailedAllocation, mode: safepoint, requested by thread 0x00007f0374147800


---------------  P R O C E S S  ---------------

Java Threads: ( => current thread )
  0x00007f037414b000 JavaThread "Thread-2" [_thread_blocked, id=11661, stack(0x00007f036346f000,0x00007f0363570000)]
  0x00007f0374149800 JavaThread "Thread-1" [_thread_blocked, id=11660, stack(0x00007f03a0081000,0x00007f03a0182000)]
  0x00007f0374147800 JavaThread "Thread-0" [_thread_blocked, id=11659, stack(0x00007f03a0a92000,0x00007f03a0b93000)]
  0x00007f0374069000 JavaThread "TimerQueue" daemon [_thread_blocked, id=11656, stack(0x00007f03a0bab000,0x00007f03a0cac000)]
  0x00007f03cc009800 JavaThread "DestroyJavaVM" [_thread_blocked, id=11637, stack(0x00007f03d2942000,0x00007f03d2a43000)]
  0x00007f03cc282800 JavaThread "AWT-EventQueue-0" [_thread_blocked, id=11654, stack(0x00007f03a11ad000,0x00007f03a12ae000)]
  0x00007f03cc239000 JavaThread "AWT-Shutdown" [_thread_blocked, id=11653, stack(0x00007f03a12ae000,0x00007f03a13af000)]
  0x00007f03cc202800 JavaThread "AWT-XAWT" daemon [_thread_blocked, id=11652, stack(0x00007f03a17d7000,0x00007f03a18d8000)]
  0x00007f03cc1df800 JavaThread "Java2D Disposer" daemon [_thread_blocked, id=11651, stack(0x00007f03a1ce8000,0x00007f03a1de9000)]
  0x00007f03cc0c0000 JavaThread "Service Thread" daemon [_thread_blocked, id=11649, stack(0x00007f03a3a34000,0x00007f03a3b35000)]
  0x00007f03cc0bd000 JavaThread "C1 CompilerThread2" daemon [_thread_blocked, id=11648, stack(0x00007f03a3b35000,0x00007f03a3c36000)]
  0x00007f03cc0bb000 JavaThread "C2 CompilerThread1" daemon [_thread_blocked, id=11647, stack(0x00007f03a3c36000,0x00007f03a3d37000)]
  0x00007f03cc0b8000 JavaThread "C2 CompilerThread0" daemon [_thread_blocked, id=11646, stack(0x00007f03b80a3000,0x00007f03b81a4000)]
  0x00007f03cc0b6800 JavaThread "Signal Dispatcher" daemon [_thread_blocked, id=11645, stack(0x00007f03b81a4000,0x00007f03b82a5000)]
  0x00007f03cc084000 JavaThread "Finalizer" daemon [_thread_blocked, id=11644, stack(0x00007f03b82a5000,0x00007f03b83a6000)]
  0x00007f03cc07f000 JavaThread "Reference Handler" daemon [_thread_blocked, id=11643, stack(0x00007f03b83a6000,0x00007f03b84a7000)]

Other Threads:
=>0x00007f03cc077800 VMThread [stack: 0x00007f03b84a7000,0x00007f03b85a8000] [id=11642]
  0x00007f03cc0c2800 WatcherThread [stack: 0x00007f03a3933000,0x00007f03a3a34000] [id=11650]

VM state:at safepoint (normal execution)

VM Mutex/Monitor currently owned by a thread:  ([mutex/lock_event])
[0x00007f03cc005ff0] Threads_lock - owner thread: 0x00007f03cc077800
[0x00007f03cc0064f0] Heap_lock - owner thread: 0x00007f0374147800

Heap:
 PSYoungGen      total 207872K, used 192K [0x00000000ebe00000, 0x00000000f8d80000, 0x0000000100000000)
  eden space 203264K, 0% used [0x00000000ebe00000,0x00000000ebe00000,0x00000000f8480000)
  from space 4608K, 4% used [0x00000000f8480000,0x00000000f84b0000,0x00000000f8900000)
  to   space 4608K, 0% used [0x00000000f8900000,0x00000000f8900000,0x00000000f8d80000)
 ParOldGen       total 42496K, used 3639K [0x00000000c3a00000, 0x00000000c6380000, 0x00000000ebe00000)
  object space 42496K, 8% used [0x00000000c3a00000,0x00000000c3d8ddb0,0x00000000c6380000)
 Metaspace       used 16009K, capacity 16246K, committed 16512K, reserved 1062912K
  class space    used 2026K, capacity 2087K, committed 2176K, reserved 1048576K

Card table byte_map: [0x00007f03bc42a000,0x00007f03bc60e000] byte_map_base: 0x00007f03bbe0d000

Marking Bits: (ParMarkBitMap*) 0x00007f03d1e1d220
 Begin Bits: [0x00007f03ba0b4000, 0x00007f03bafcc000)
 End Bits:   [0x00007f03bafcc000, 0x00007f03bbee4000)

Polling page: 0x00007f03d2a66000

CodeCache: size=245760Kb used=4916Kb max_used=4916Kb free=240843Kb
 bounds [0x00007f03bc9ce000, 0x00007f03bceae000, 0x00007f03cb9ce000]
 total_blobs=2019 nmethods=1427 adapters=503
 compilation: enabled

Compilation events (10 events):
Event: 13.601 Thread 0x00007f03cc0bd000 nmethod 1488 0x00007f03bce8f890 code [0x00007f03bce8f9e0, 0x00007f03bce8faf0]
Event: 13.685 Thread 0x00007f03cc0b8000 nmethod 1458 0x00007f03bce91510 code [0x00007f03bce91800, 0x00007f03bce92430]
Event: 13.685 Thread 0x00007f03cc0b8000 1468       4       java.lang.StringBuffer::<init> (7 bytes)
Event: 13.687 Thread 0x00007f03cc0b8000 nmethod 1468 0x00007f03bce8fd10 code [0x00007f03bce8fe60, 0x00007f03bce8ff58]
Event: 13.687 Thread 0x00007f03cc0b8000 1483       4       java.awt.MultipleGradientPaintContext::indexIntoGradientsArrays (190 bytes)
Event: 13.694 Thread 0x00007f03cc0b8000 nmethod 1483 0x00007f03bce94690 code [0x00007f03bce94840, 0x00007f03bce94bf8]
Event: 13.694 Thread 0x00007f03cc0b8000  989       4       java.text.SimpleDateFormat::format (21 bytes)
Event: 13.695 Thread 0x00007f03cc0b8000 nmethod 989 0x00007f03bce94390 code [0x00007f03bce944e0, 0x00007f03bce945a8]
Event: 13.695 Thread 0x00007f03cc0b8000  980       4       sun.util.locale.provider.CalendarProviderImpl::getInstance (25 bytes)
Event: 13.816 Thread 0x00007f03cc0b8000 nmethod 980 0x00007f03bce93f10 code [0x00007f03bce94080, 0x00007f03bce94208]

GC Heap History (10 events):
Event: 10.067 GC heap after
Heap after GC invocations=6 (full 0):
 PSYoungGen      total 67072K, used 2530K [0x00000000ebe00000, 0x00000000f0300000, 0x0000000100000000)
  eden space 63488K, 0% used [0x00000000ebe00000,0x00000000ebe00000,0x00000000efc00000)
  from space 3584K, 70% used [0x00000000eff80000,0x00000000f01f8be8,0x00000000f0300000)
  to   space 3584K, 0% used [0x00000000efc00000,0x00000000efc00000,0x00000000eff80000)
 ParOldGen       total 42496K, used 978K [0x00000000c3a00000, 0x00000000c6380000, 0x00000000ebe00000)
  object space 42496K, 2% used [0x00000000c3a00000,0x00000000c3af48e0,0x00000000c6380000)
 Metaspace       used 15571K, capacity 15766K, committed 16000K, reserved 1062912K
  class space    used 1974K, capacity 2055K, committed 2176K, reserved 1048576K
}
Event: 10.408 GC heap before
{Heap before GC invocations=7 (full 0):
 PSYoungGen      total 67072K, used 66018K [0x00000000ebe00000, 0x00000000f0300000, 0x0000000100000000)
  eden space 63488K, 100% used [0x00000000ebe00000,0x00000000efc00000,0x00000000efc00000)
  from space 3584K, 70% used [0x00000000eff80000,0x00000000f01f8be8,0x00000000f0300000)
  to   space 3584K, 0% used [0x00000000efc00000,0x00000000efc00000,0x00000000eff80000)
 ParOldGen       total 42496K, used 978K [0x00000000c3a00000, 0x00000000c6380000, 0x00000000ebe00000)
  object space 42496K, 2% used [0x00000000c3a00000,0x00000000c3af48e0,0x00000000c6380000)
 Metaspace       used 15651K, capacity 15830K, committed 16256K, reserved 1062912K
  class space    used 1982K, capacity 2055K, committed 2176K, reserved 1048576K
Event: 10.434 GC heap after
Heap after GC invocations=7 (full 0):
 PSYoungGen      total 67072K, used 192K [0x00000000ebe00000, 0x00000000f4200000, 0x0000000100000000)
  eden space 63488K, 0% used [0x00000000ebe00000,0x00000000ebe00000,0x00000000efc00000)
  from space 3584K, 5% used [0x00000000efc00000,0x00000000efc30000,0x00000000eff80000)
  to   space 4096K, 0% used [0x00000000f3e00000,0x00000000f3e00000,0x00000000f4200000)
 ParOldGen       total 42496K, used 3418K [0x00000000c3a00000, 0x00000000c6380000, 0x00000000ebe00000)
  object space 42496K, 8% used [0x00000000c3a00000,0x00000000c3d56b50,0x00000000c6380000)
 Metaspace       used 15651K, capacity 15830K, committed 16256K, reserved 1062912K
  class space    used 1982K, capacity 2055K, committed 2176K, reserved 1048576K
}
Event: 10.752 GC heap before
{Heap before GC invocations=8 (full 0):
 PSYoungGen      total 67072K, used 63680K [0x00000000ebe00000, 0x00000000f4200000, 0x0000000100000000)
  eden space 63488K, 100% used [0x00000000ebe00000,0x00000000efc00000,0x00000000efc00000)
  from space 3584K, 5% used [0x00000000efc00000,0x00000000efc30000,0x00000000eff80000)
  to   space 4096K, 0% used [0x00000000f3e00000,0x00000000f3e00000,0x00000000f4200000)
 ParOldGen       total 42496K, used 3418K [0x00000000c3a00000, 0x00000000c6380000, 0x00000000ebe00000)
  object space 42496K, 8% used [0x00000000c3a00000,0x00000000c3d56b50,0x00000000c6380000)
 Metaspace       used 15660K, capacity 15830K, committed 16256K, reserved 1062912K
  class space    used 1983K, capacity 2055K, committed 2176K, reserved 1048576K
Event: 10.758 GC heap after
Heap after GC invocations=8 (full 0):
 PSYoungGen      total 131072K, used 128K [0x00000000ebe00000, 0x00000000f4200000, 0x0000000100000000)
  eden space 126976K, 0% used [0x00000000ebe00000,0x00000000ebe00000,0x00000000f3a00000)
  from space 4096K, 3% used [0x00000000f3e00000,0x00000000f3e20000,0x00000000f4200000)
  to   space 4096K, 0% used [0x00000000f3a00000,0x00000000f3a00000,0x00000000f3e00000)
 ParOldGen       total 42496K, used 3475K [0x00000000c3a00000, 0x00000000c6380000, 0x00000000ebe00000)
  object space 42496K, 8% used [0x00000000c3a00000,0x00000000c3d64ed0,0x00000000c6380000)
 Metaspace       used 15660K, capacity 15830K, committed 16256K, reserved 1062912K
  class space    used 1983K, capacity 2055K, committed 2176K, reserved 1048576K
}
Event: 12.056 GC heap before
{Heap before GC invocations=9 (full 0):
 PSYoungGen      total 131072K, used 127104K [0x00000000ebe00000, 0x00000000f4200000, 0x0000000100000000)
  eden space 126976K, 100% used [0x00000000ebe00000,0x00000000f3a00000,0x00000000f3a00000)
  from space 4096K, 3% used [0x00000000f3e00000,0x00000000f3e20000,0x00000000f4200000)
  to   space 4096K, 0% used [0x00000000f3a00000,0x00000000f3a00000,0x00000000f3e00000)
 ParOldGen       total 42496K, used 3475K [0x00000000c3a00000, 0x00000000c6380000, 0x00000000ebe00000)
  object space 42496K, 8% used [0x00000000c3a00000,0x00000000c3d64ed0,0x00000000c6380000)
 Metaspace       used 15898K, capacity 16118K, committed 16512K, reserved 1062912K
  class space    used 2026K, capacity 2087K, committed 2176K, reserved 1048576K
Event: 12.061 GC heap after
Heap after GC invocations=9 (full 0):
 PSYoungGen      total 131072K, used 192K [0x00000000ebe00000, 0x00000000f8d80000, 0x0000000100000000)
  eden space 126976K, 0% used [0x00000000ebe00000,0x00000000ebe00000,0x00000000f3a00000)
  from space 4096K, 4% used [0x00000000f3a00000,0x00000000f3a30000,0x00000000f3e00000)
  to   space 4608K, 0% used [0x00000000f8900000,0x00000000f8900000,0x00000000f8d80000)
 ParOldGen       total 42496K, used 3507K [0x00000000c3a00000, 0x00000000c6380000, 0x00000000ebe00000)
  object space 42496K, 8% used [0x00000000c3a00000,0x00000000c3d6ced0,0x00000000c6380000)
 Metaspace       used 15898K, capacity 16118K, committed 16512K, reserved 1062912K
  class space    used 2026K, capacity 2087K, committed 2176K, reserved 1048576K
}
Event: 12.774 GC heap before
{Heap before GC invocations=10 (full 0):
 PSYoungGen      total 131072K, used 127168K [0x00000000ebe00000, 0x00000000f8d80000, 0x0000000100000000)
  eden space 126976K, 100% used [0x00000000ebe00000,0x00000000f3a00000,0x00000000f3a00000)
  from space 4096K, 4% used [0x00000000f3a00000,0x00000000f3a30000,0x00000000f3e00000)
  to   space 4608K, 0% used [0x00000000f8900000,0x00000000f8900000,0x00000000f8d80000)
 ParOldGen       total 42496K, used 3507K [0x00000000c3a00000, 0x00000000c6380000, 0x00000000ebe00000)
  object space 42496K, 8% used [0x00000000c3a00000,0x00000000c3d6ced0,0x00000000c6380000)
 Metaspace       used 15958K, capacity 16182K, committed 16512K, reserved 1062912K
  class space    used 2026K, capacity 2087K, committed 2176K, reserved 1048576K
Event: 12.782 GC heap after
Heap after GC invocations=10 (full 0):
 PSYoungGen      total 207872K, used 192K [0x00000000ebe00000, 0x00000000f8d80000, 0x0000000100000000)
  eden space 203264K, 0% used [0x00000000ebe00000,0x00000000ebe00000,0x00000000f8480000)
  from space 4608K, 4% used [0x00000000f8900000,0x00000000f8930000,0x00000000f8d80000)
  to   space 4608K, 0% used [0x00000000f8480000,0x00000000f8480000,0x00000000f8900000)
 ParOldGen       total 42496K, used 3531K [0x00000000c3a00000, 0x00000000c6380000, 0x00000000ebe00000)
  object space 42496K, 8% used [0x00000000c3a00000,0x00000000c3d72ed0,0x00000000c6380000)
 Metaspace       used 15958K, capacity 16182K, committed 16512K, reserved 1062912K
  class space    used 2026K, capacity 2087K, committed 2176K, reserved 1048576K
}
Event: 14.320 GC heap before
{Heap before GC invocations=11 (full 0):
 PSYoungGen      total 207872K, used 203456K [0x00000000ebe00000, 0x00000000f8d80000, 0x0000000100000000)
  eden space 203264K, 100% used [0x00000000ebe00000,0x00000000f8480000,0x00000000f8480000)
  from space 4608K, 4% used [0x00000000f8900000,0x00000000f8930000,0x00000000f8d80000)
  to   space 4608K, 0% used [0x00000000f8480000,0x00000000f8480000,0x00000000f8900000)
 ParOldGen       total 42496K, used 3531K [0x00000000c3a00000, 0x00000000c6380000, 0x00000000ebe00000)
  object space 42496K, 8% used [0x00000000c3a00000,0x00000000c3d72ed0,0x00000000c6380000)
 Metaspace       used 16009K, capacity 16246K, committed 16512K, reserved 1062912K
  class space    used 2026K, capacity 2087K, committed 2176K, reserved 1048576K

Deoptimization events (10 events):
Event: 10.841 Thread 0x00007f03cc282800 Uncommon trap: reason=unstable_if action=reinterpret pc=0x00007f03bcc9e4d8 method=sun.util.calendar.BaseCalendar.getFixedDate(IIILsun/util/calendar/BaseCalendar$Date;)J @ 33
Event: 10.844 Thread 0x00007f03cc282800 Uncommon trap: reason=class_check action=maybe_recompile pc=0x00007f03bcb207f0 method=java.lang.String.equals(Ljava/lang/Object;)Z @ 8
Event: 10.907 Thread 0x00007f03cc282800 Uncommon trap: reason=unstable_if action=reinterpret pc=0x00007f03bccc1604 method=java.util.Calendar.complete()V @ 4
Event: 10.915 Thread 0x00007f03cc282800 Uncommon trap: reason=unstable_if action=reinterpret pc=0x00007f03bccc4c2c method=java.util.Calendar.complete()V @ 4
Event: 10.956 Thread 0x00007f03cc282800 Uncommon trap: reason=unstable_if action=reinterpret pc=0x00007f03bcd642d8 method=java.text.SimpleDateFormat.zeroPaddingNumber(IIILjava/lang/StringBuffer;)V @ 52
Event: 11.017 Thread 0x00007f03cc282800 Uncommon trap: reason=class_check action=maybe_recompile pc=0x00007f03bcb207f0 method=java.lang.String.equals(Ljava/lang/Object;)Z @ 8
Event: 11.017 Thread 0x00007f03cc282800 Uncommon trap: reason=class_check action=maybe_recompile pc=0x00007f03bcb207f0 method=java.lang.String.equals(Ljava/lang/Object;)Z @ 8
Event: 11.211 Thread 0x00007f03cc282800 Uncommon trap: reason=unstable_if action=reinterpret pc=0x00007f03bcdd8428 method=java.text.SimpleDateFormat.zeroPaddingNumber(IIILjava/lang/StringBuffer;)V @ 52
Event: 13.301 Thread 0x00007f03cc282800 Uncommon trap: reason=class_check action=maybe_recompile pc=0x00007f03bcb207f0 method=java.lang.String.equals(Ljava/lang/Object;)Z @ 8
Event: 13.303 Thread 0x00007f03cc282800 Uncommon trap: reason=unstable_if action=reinterpret pc=0x00007f03bce28728 method=java.util.GregorianCalendar.add(II)V @ 29

Internal exceptions (10 events):
Event: 3.930 Thread 0x00007f03cc009800 Exception <a 'java/lang/ClassNotFoundException': javax/swing/JToolBarSeparator> (0x00000000ec242488) thrown at [/HUDSON3/workspace/8-2-build-linux-amd64/jdk8u111/7883/hotspot/src/share/vm/classfile/systemDictionary.cpp, line 210]
Event: 3.930 Thread 0x00007f03cc009800 Exception <a 'java/lang/ClassNotFoundException': ToolBarSeparator> (0x00000000ec242920) thrown at [/HUDSON3/workspace/8-2-build-linux-amd64/jdk8u111/7883/hotspot/src/share/vm/classfile/systemDictionary.cpp, line 210]
Event: 3.932 Thread 0x00007f03cc009800 Exception <a 'java/lang/ClassNotFoundException': ToolTip> (0x00000000ec243060) thrown at [/HUDSON3/workspace/8-2-build-linux-amd64/jdk8u111/7883/hotspot/src/share/vm/classfile/systemDictionary.cpp, line 210]
Event: 3.945 Thread 0x00007f03cc009800 Exception <a 'java/lang/ClassNotFoundException': Tree> (0x00000000ec243c80) thrown at [/HUDSON3/workspace/8-2-build-linux-amd64/jdk8u111/7883/hotspot/src/share/vm/classfile/systemDictionary.cpp, line 210]
Event: 3.945 Thread 0x00007f03cc009800 Exception <a 'java/lang/ClassNotFoundException': Tree> (0x00000000ec2443c0) thrown at [/HUDSON3/workspace/8-2-build-linux-amd64/jdk8u111/7883/hotspot/src/share/vm/classfile/systemDictionary.cpp, line 210]
Event: 3.945 Thread 0x00007f03cc009800 Exception <a 'java/lang/ClassNotFoundException': javax/swing/JTreeCell> (0x00000000ec244740) thrown at [/HUDSON3/workspace/8-2-build-linux-amd64/jdk8u111/7883/hotspot/src/share/vm/classfile/systemDictionary.cpp, line 210]
Event: 3.945 Thread 0x00007f03cc009800 Exception <a 'java/lang/ClassNotFoundException': TreeCell> (0x00000000ec244bc8) thrown at [/HUDSON3/workspace/8-2-build-linux-amd64/jdk8u111/7883/hotspot/src/share/vm/classfile/systemDictionary.cpp, line 210]
Event: 3.954 Thread 0x00007f03cc009800 Exception <a 'java/lang/ClassNotFoundException': RootPane> (0x00000000ec245628) thrown at [/HUDSON3/workspace/8-2-build-linux-amd64/jdk8u111/7883/hotspot/src/share/vm/classfile/systemDictionary.cpp, line 210]
Event: 4.360 Thread 0x00007f03cc282800 Implicit null exception at 0x00007f03bcb8ddf6 to 0x00007f03bcb8e1ad
Event: 10.036 Thread 0x00007f03cc282800 Exception <a 'java/lang/UnsupportedOperationException': > (0x00000000ed4ecfa0) thrown at [/HUDSON3/workspace/8-2-build-linux-amd64/jdk8u111/7883/hotspot/src/share/vm/prims/jni.cpp, line 735]

Events (10 events):
Event: 13.414 Thread 0x00007f03cc0bd000 flushing nmethod 0x00007f03bcb8dc50
Event: 13.415 Thread 0x00007f03cc0bd000 flushing nmethod 0x00007f03bcbb9f10
Event: 13.421 Thread 0x00007f0374047800 Thread exited: 0x00007f0374047800
Event: 13.535 Thread 0x00007f0374147800 DEOPT PACKING pc=0x00007f03bcda0845 sp=0x00007f03a0b91840
Event: 13.536 Thread 0x00007f0374147800 DEOPT UNPACKING pc=0x00007f03bca15633 sp=0x00007f03a0b91610 mode 0
Event: 13.566 Thread 0x00007f03cc282800 DEOPT PACKING pc=0x00007f03bcd2501a sp=0x00007f03a12a9550
Event: 13.566 Thread 0x00007f03cc282800 DEOPT UNPACKING pc=0x00007f03bca15633 sp=0x00007f03a12a9288 mode 0
Event: 13.583 Thread 0x00007f03cc282800 DEOPT PACKING pc=0x00007f03bcd2501a sp=0x00007f03a12a9510
Event: 13.583 Thread 0x00007f03cc282800 DEOPT UNPACKING pc=0x00007f03bca15633 sp=0x00007f03a12a9248 mode 0
Event: 13.874 Executing VM operation: ParallelGCFailedAllocation


Dynamic libraries:
00400000-00401000 r-xp 00000000 08:03 147193                             /usr/lib/jvm/java-8-oracle/bin/java
00600000-00601000 rw-p 00000000 08:03 147193                             /usr/lib/jvm/java-8-oracle/bin/java
01afa000-01b1b000 rw-p 00000000 00:00 0                                  [heap]
c3a00000-c6380000 rw-p 00000000 00:00 0 
c6380000-ebe00000 ---p 00000000 00:00 0 
ebe00000-f8d80000 rw-p 00000000 00:00 0 
100000000-100220000 rw-p 00000000 00:00 0 
100220000-140000000 ---p 00000000 00:00 0 
7f0354000000-7f0354021000 rw-p 00000000 00:00 0 
7f0354021000-7f0358000000 ---p 00000000 00:00 0 
7f0358000000-7f0358021000 rw-p 00000000 00:00 0 
7f0358021000-7f035c000000 ---p 00000000 00:00 0 
7f035c000000-7f035c021000 rw-p 00000000 00:00 0 
7f035c021000-7f0360000000 ---p 00000000 00:00 0 
7f0363242000-7f036326c000 r-xp 00000000 08:03 147305                     /usr/lib/jvm/java-8-oracle/jre/lib/amd64/libdcpr.so
7f036326c000-7f036346c000 ---p 0002a000 08:03 147305                     /usr/lib/jvm/java-8-oracle/jre/lib/amd64/libdcpr.so
7f036346c000-7f036346f000 rw-p 0002a000 08:03 147305                     /usr/lib/jvm/java-8-oracle/jre/lib/amd64/libdcpr.so
7f036346f000-7f0363472000 ---p 00000000 00:00 0 
7f0363472000-7f0363570000 rw-p 00000000 00:00 0                          [stack:11661]
7f0363570000-7f03635ab000 r-xp 00000000 08:03 147309                     /usr/lib/jvm/java-8-oracle/jre/lib/amd64/libjpeg.so
7f03635ab000-7f03637aa000 ---p 0003b000 08:03 147309                     /usr/lib/jvm/java-8-oracle/jre/lib/amd64/libjpeg.so
7f03637aa000-7f03637ab000 rw-p 0003a000 08:03 147309                     /usr/lib/jvm/java-8-oracle/jre/lib/amd64/libjpeg.so
7f03637ab000-7f03639ab000 rw-p 00000000 00:00 0 
7f03639ab000-7f03639b1000 r-xp 00000000 08:03 2369447                    /usr/lib/x86_64-linux-gnu/libdatrie.so.1.3.1
7f03639b1000-7f0363bb0000 ---p 00006000 08:03 2369447                    /usr/lib/x86_64-linux-gnu/libdatrie.so.1.3.1
7f0363bb0000-7f0363bb1000 r--p 00005000 08:03 2369447                    /usr/lib/x86_64-linux-gnu/libdatrie.so.1.3.1
7f0363bb1000-7f0363bb2000 rw-p 00006000 08:03 2369447                    /usr/lib/x86_64-linux-gnu/libdatrie.so.1.3.1
7f0363bb2000-7f0363bcc000 r-xp 00000000 08:03 2369729                    /usr/lib/x86_64-linux-gnu/libgraphite2.so.3.0.1
7f0363bcc000-7f0363dcb000 ---p 0001a000 08:03 2369729                    /usr/lib/x86_64-linux-gnu/libgraphite2.so.3.0.1
7f0363dcb000-7f0363dcd000 r--p 00019000 08:03 2369729                    /usr/lib/x86_64-linux-gnu/libgraphite2.so.3.0.1
7f0363dcd000-7f0363dce000 rw-p 0001b000 08:03 2369729                    /usr/lib/x86_64-linux-gnu/libgraphite2.so.3.0.1
7f0363dce000-7f0363e0b000 r-xp 00000000 08:03 397961                     /lib/x86_64-linux-gnu/libpcre.so.3.13.1
7f0363e0b000-7f036400a000 ---p 0003d000 08:03 397961                     /lib/x86_64-linux-gnu/libpcre.so.3.13.1
7f036400a000-7f036400b000 r--p 0003c000 08:03 397961                     /lib/x86_64-linux-gnu/libpcre.so.3.13.1
7f036400b000-7f036400c000 rw-p 0003d000 08:03 397961                     /lib/x86_64-linux-gnu/libpcre.so.3.13.1
7f036400c000-7f0364013000 r-xp 00000000 08:03 2369548                    /usr/lib/x86_64-linux-gnu/libffi.so.6.0.1
7f0364013000-7f0364212000 ---p 00007000 08:03 2369548                    /usr/lib/x86_64-linux-gnu/libffi.so.6.0.1
7f0364212000-7f0364213000 r--p 00006000 08:03 2369548                    /usr/lib/x86_64-linux-gnu/libffi.so.6.0.1
7f0364213000-7f0364214000 rw-p 00007000 08:03 2369548                    /usr/lib/x86_64-linux-gnu/libffi.so.6.0.1
7f0364214000-7f036423b000 r-xp 00000000 08:03 397879                     /lib/x86_64-linux-gnu/libexpat.so.1.6.0
7f036423b000-7f036443b000 ---p 00027000 08:03 397879                     /lib/x86_64-linux-gnu/libexpat.so.1.6.0
7f036443b000-7f036443d000 r--p 00027000 08:03 397879                     /lib/x86_64-linux-gnu/libexpat.so.1.6.0
7f036443d000-7f036443e000 rw-p 00029000 08:03 397879                     /lib/x86_64-linux-gnu/libexpat.so.1.6.0
7f036443e000-7f0364446000 r-xp 00000000 08:03 2370298                    /usr/lib/x86_64-linux-gnu/libthai.so.0.2.0
7f0364446000-7f0364645000 ---p 00008000 08:03 2370298                    /usr/lib/x86_64-linux-gnu/libthai.so.0.2.0
7f0364645000-7f0364646000 r--p 00007000 08:03 2370298                    /usr/lib/x86_64-linux-gnu/libthai.so.0.2.0
7f0364646000-7f0364647000 rw-p 00008000 08:03 2370298                    /usr/lib/x86_64-linux-gnu/libthai.so.0.2.0
7f0364647000-7f036469a000 r-xp 00000000 08:03 2369862                    /usr/lib/x86_64-linux-gnu/libharfbuzz.so.0.927.0
7f036469a000-7f036489a000 ---p 00053000 08:03 2369862                    /usr/lib/x86_64-linux-gnu/libharfbuzz.so.0.927.0
7f036489a000-7f036489b000 r--p 00053000 08:03 2369862                    /usr/lib/x86_64-linux-gnu/libharfbuzz.so.0.927.0
7f036489b000-7f036489c000 rw-p 00054000 08:03 2369862                    /usr/lib/x86_64-linux-gnu/libharfbuzz.so.0.927.0
7f036489c000-7f03648b3000 r-xp 00000000 08:03 393245                     /lib/x86_64-linux-gnu/libresolv-2.19.so
7f03648b3000-7f0364ab3000 ---p 00017000 08:03 393245                     /lib/x86_64-linux-gnu/libresolv-2.19.so
7f0364ab3000-7f0364ab4000 r--p 00017000 08:03 393245                     /lib/x86_64-linux-gnu/libresolv-2.19.so
7f0364ab4000-7f0364ab5000 rw-p 00018000 08:03 393245                     /lib/x86_64-linux-gnu/libresolv-2.19.so
7f0364ab5000-7f0364ab7000 rw-p 00000000 00:00 0 
7f0364ab7000-7f0364ad7000 r-xp 00000000 08:03 397988                     /lib/x86_64-linux-gnu/libselinux.so.1
7f0364ad7000-7f0364cd6000 ---p 00020000 08:03 397988                     /lib/x86_64-linux-gnu/libselinux.so.1
7f0364cd6000-7f0364cd7000 r--p 0001f000 08:03 397988                     /lib/x86_64-linux-gnu/libselinux.so.1
7f0364cd7000-7f0364cd8000 rw-p 00020000 08:03 397988                     /lib/x86_64-linux-gnu/libselinux.so.1
7f0364cd8000-7f0364cda000 rw-p 00000000 00:00 0 
7f0364cda000-7f0364cf2000 r-xp 00000000 08:03 398021                     /lib/x86_64-linux-gnu/libz.so.1.2.8
7f0364cf2000-7f0364ef1000 ---p 00018000 08:03 398021                     /lib/x86_64-linux-gnu/libz.so.1.2.8
7f0364ef1000-7f0364ef2000 r--p 00017000 08:03 398021                     /lib/x86_64-linux-gnu/libz.so.1.2.8
7f0364ef2000-7f0364ef3000 rw-p 00018000 08:03 398021                     /lib/x86_64-linux-gnu/libz.so.1.2.8
7f0364ef3000-7f0364efb000 r-xp 00000000 08:03 2370424                    /usr/lib/x86_64-linux-gnu/libxcb-render.so.0.0.0
7f0364efb000-7f03650fa000 ---p 00008000 08:03 2370424                    /usr/lib/x86_64-linux-gnu/libxcb-render.so.0.0.0
7f03650fa000-7f03650fb000 r--p 00007000 08:03 2370424                    /usr/lib/x86_64-linux-gnu/libxcb-render.so.0.0.0
7f03650fb000-7f03650fc000 rw-p 00008000 08:03 2370424                    /usr/lib/x86_64-linux-gnu/libxcb-render.so.0.0.0
7f03650fc000-7f03650fe000 r-xp 00000000 08:03 2370428                    /usr/lib/x86_64-linux-gnu/libxcb-shm.so.0.0.0
7f03650fe000-7f03652fd000 ---p 00002000 08:03 2370428                    /usr/lib/x86_64-linux-gnu/libxcb-shm.so.0.0.0
7f03652fd000-7f03652fe000 r--p 00001000 08:03 2370428                    /usr/lib/x86_64-linux-gnu/libxcb-shm.so.0.0.0
7f03652fe000-7f03652ff000 rw-p 00002000 08:03 2370428                    /usr/lib/x86_64-linux-gnu/libxcb-shm.so.0.0.0
7f03652ff000-7f0365324000 r-xp 00000000 08:03 397973                     /lib/x86_64-linux-gnu/libpng12.so.0.50.0
7f0365324000-7f0365523000 ---p 00025000 08:03 397973                     /lib/x86_64-linux-gnu/libpng12.so.0.50.0
7f0365523000-7f0365524000 r--p 00024000 08:03 397973                     /lib/x86_64-linux-gnu/libpng12.so.0.50.0
7f0365524000-7f0365525000 rw-p 00025000 08:03 397973                     /lib/x86_64-linux-gnu/libpng12.so.0.50.0
7f0365525000-7f03655c6000 r-xp 00000000 08:03 2370136                    /usr/lib/x86_64-linux-gnu/libpixman-1.so.0.30.2
7f03655c6000-7f03657c6000 ---p 000a1000 08:03 2370136                    /usr/lib/x86_64-linux-gnu/libpixman-1.so.0.30.2
7f03657c6000-7f03657cd000 r--p 000a1000 08:03 2370136                    /usr/lib/x86_64-linux-gnu/libpixman-1.so.0.30.2
7f03657cd000-7f03657ce000 rw-p 000a8000 08:03 2370136                    /usr/lib/x86_64-linux-gnu/libpixman-1.so.0.30.2
7f03657ce000-7f036586b000 r-xp 00000000 08:03 2369613                    /usr/lib/x86_64-linux-gnu/libfreetype.so.6.11.1
7f036586b000-7f0365a6a000 ---p 0009d000 08:03 2369613                    /usr/lib/x86_64-linux-gnu/libfreetype.so.6.11.1
7f0365a6a000-7f0365a70000 r--p 0009c000 08:03 2369613                    /usr/lib/x86_64-linux-gnu/libfreetype.so.6.11.1
7f0365a70000-7f0365a71000 rw-p 000a2000 08:03 2369613                    /usr/lib/x86_64-linux-gnu/libfreetype.so.6.11.1
7f0365a71000-7f0365a73000 r-xp 00000000 08:03 2369230                    /usr/lib/x86_64-linux-gnu/libXdamage.so.1.1.0
7f0365a73000-7f0365c72000 ---p 00002000 08:03 2369230                    /usr/lib/x86_64-linux-gnu/libXdamage.so.1.1.0
7f0365c72000-7f0365c73000 r--p 00001000 08:03 2369230                    /usr/lib/x86_64-linux-gnu/libXdamage.so.1.1.0
7f0365c73000-7f0365c74000 rw-p 00002000 08:03 2369230                    /usr/lib/x86_64-linux-gnu/libXdamage.so.1.1.0
7f0365c74000-7f0365c76000 r-xp 00000000 08:03 2369226                    /usr/lib/x86_64-linux-gnu/libXcomposite.so.1.0.0
7f0365c76000-7f0365e75000 ---p 00002000 08:03 2369226                    /usr/lib/x86_64-linux-gnu/libXcomposite.so.1.0.0
7f0365e75000-7f0365e76000 r--p 00001000 08:03 2369226                    /usr/lib/x86_64-linux-gnu/libXcomposite.so.1.0.0
7f0365e76000-7f0365e77000 rw-p 00002000 08:03 2369226                    /usr/lib/x86_64-linux-gnu/libXcomposite.so.1.0.0
7f0365e77000-7f0365e80000 r-xp 00000000 08:03 2369254                    /usr/lib/x86_64-linux-gnu/libXrandr.so.2.2.0
7f0365e80000-7f036607f000 ---p 00009000 08:03 2369254                    /usr/lib/x86_64-linux-gnu/libXrandr.so.2.2.0
7f036607f000-7f0366080000 r--p 00008000 08:03 2369254                    /usr/lib/x86_64-linux-gnu/libXrandr.so.2.2.0
7f0366080000-7f0366081000 rw-p 00009000 08:03 2369254                    /usr/lib/x86_64-linux-gnu/libXrandr.so.2.2.0
7f0366081000-7f0366083000 r-xp 00000000 08:03 2369244                    /usr/lib/x86_64-linux-gnu/libXinerama.so.1.0.0
7f0366083000-7f0366282000 ---p 00002000 08:03 2369244                    /usr/lib/x86_64-linux-gnu/libXinerama.so.1.0.0
7f0366282000-7f0366283000 r--p 00001000 08:03 2369244                    /usr/lib/x86_64-linux-gnu/libXinerama.so.1.0.0
7f0366283000-7f0366284000 rw-p 00002000 08:03 2369244                    /usr/lib/x86_64-linux-gnu/libXinerama.so.1.0.0
7f0366284000-7f036638a000 r-xp 00000000 08:03 397888                     /lib/x86_64-linux-gnu/libglib-2.0.so.0.4002.0
7f036638a000-7f0366589000 ---p 00106000 08:03 397888                     /lib/x86_64-linux-gnu/libglib-2.0.so.0.4002.0
7f0366589000-7f036658a000 r--p 00105000 08:03 397888                     /lib/x86_64-linux-gnu/libglib-2.0.so.0.4002.0
7f036658a000-7f036658b000 rw-p 00106000 08:03 397888                     /lib/x86_64-linux-gnu/libglib-2.0.so.0.4002.0
7f036658b000-7f036658c000 rw-p 00000000 00:00 0 
7f036658c000-7f03665db000 r-xp 00000000 08:03 2369711                    /usr/lib/x86_64-linux-gnu/libgobject-2.0.so.0.4002.0
7f03665db000-7f03667db000 ---p 0004f000 08:03 2369711                    /usr/lib/x86_64-linux-gnu/libgobject-2.0.so.0.4002.0
7f03667db000-7f03667dc000 r--p 0004f000 08:03 2369711                    /usr/lib/x86_64-linux-gnu/libgobject-2.0.so.0.4002.0
7f03667dc000-7f03667dd000 rw-p 00050000 08:03 2369711                    /usr/lib/x86_64-linux-gnu/libgobject-2.0.so.0.4002.0
7f03667dd000-7f0366817000 r-xp 00000000 08:03 2369585                    /usr/lib/x86_64-linux-gnu/libfontconfig.so.1.8.0
7f0366817000-7f0366a16000 ---p 0003a000 08:03 2369585                    /usr/lib/x86_64-linux-gnu/libfontconfig.so.1.8.0
7f0366a16000-7f0366a18000 r--p 00039000 08:03 2369585                    /usr/lib/x86_64-linux-gnu/libfontconfig.so.1.8.0
7f0366a18000-7f0366a19000 rw-p 0003b000 08:03 2369585                    /usr/lib/x86_64-linux-gnu/libfontconfig.so.1.8.0
7f0366a19000-7f0366a63000 r-xp 00000000 08:03 2370113                    /usr/lib/x86_64-linux-gnu/libpango-1.0.so.0.3600.3
7f0366a63000-7f0366c63000 ---p 0004a000 08:03 2370113                    /usr/lib/x86_64-linux-gnu/libpango-1.0.so.0.3600.3
7f0366c63000-7f0366c65000 r--p 0004a000 08:03 2370113                    /usr/lib/x86_64-linux-gnu/libpango-1.0.so.0.3600.3
7f0366c65000-7f0366c66000 rw-p 0004c000 08:03 2370113                    /usr/lib/x86_64-linux-gnu/libpango-1.0.so.0.3600.3
7f0366c66000-7f0366c7a000 r-xp 00000000 08:03 2370117                    /usr/lib/x86_64-linux-gnu/libpangoft2-1.0.so.0.3600.3
7f0366c7a000-7f0366e79000 ---p 00014000 08:03 2370117                    /usr/lib/x86_64-linux-gnu/libpangoft2-1.0.so.0.3600.3
7f0366e79000-7f0366e7a000 r--p 00013000 08:03 2370117                    /usr/lib/x86_64-linux-gnu/libpangoft2-1.0.so.0.3600.3
7f0366e7a000-7f0366e7b000 rw-p 00014000 08:03 2370117                    /usr/lib/x86_64-linux-gnu/libpangoft2-1.0.so.0.3600.3
7f0366e7b000-7f0366fe7000 r-xp 00000000 08:03 2369673                    /usr/lib/x86_64-linux-gnu/libgio-2.0.so.0.4002.0
7f0366fe7000-7f03671e6000 ---p 0016c000 08:03 2369673                    /usr/lib/x86_64-linux-gnu/libgio-2.0.so.0.4002.0
7f03671e6000-7f03671ea000 r--p 0016b000 08:03 2369673                    /usr/lib/x86_64-linux-gnu/libgio-2.0.so.0.4002.0
7f03671ea000-7f03671ec000 rw-p 0016f000 08:03 2369673                    /usr/lib/x86_64-linux-gnu/libgio-2.0.so.0.4002.0
7f03671ec000-7f03671ee000 rw-p 00000000 00:00 0 
7f03671ee000-7f036720e000 r-xp 00000000 08:03 2369647                    /usr/lib/x86_64-linux-gnu/libgdk_pixbuf-2.0.so.0.3000.7
7f036720e000-7f036740d000 ---p 00020000 08:03 2369647                    /usr/lib/x86_64-linux-gnu/libgdk_pixbuf-2.0.so.0.3000.7
7f036740d000-7f036740e000 r--p 0001f000 08:03 2369647                    /usr/lib/x86_64-linux-gnu/libgdk_pixbuf-2.0.so.0.3000.7
7f036740e000-7f036740f000 rw-p 00020000 08:03 2369647                    /usr/lib/x86_64-linux-gnu/libgdk_pixbuf-2.0.so.0.3000.7
7f036740f000-7f0367515000 r-xp 00000000 08:03 2369368                    /usr/lib/x86_64-linux-gnu/libcairo.so.2.11301.0
7f0367515000-7f0367714000 ---p 00106000 08:03 2369368                    /usr/lib/x86_64-linux-gnu/libcairo.so.2.11301.0
7f0367714000-7f0367717000 r--p 00105000 08:03 2369368                    /usr/lib/x86_64-linux-gnu/libcairo.so.2.11301.0
7f0367717000-7f0367718000 rw-p 00108000 08:03 2369368                    /usr/lib/x86_64-linux-gnu/libcairo.so.2.11301.0
7f0367718000-7f036771a000 rw-p 00000000 00:00 0 
7f036771a000-7f0367739000 r-xp 00000000 08:03 2369319                    /usr/lib/x86_64-linux-gnu/libatk-1.0.so.0.21009.1
7f0367739000-7f0367939000 ---p 0001f000 08:03 2369319                    /usr/lib/x86_64-linux-gnu/libatk-1.0.so.0.21009.1
7f0367939000-7f036793b000 r--p 0001f000 08:03 2369319                    /usr/lib/x86_64-linux-gnu/libatk-1.0.so.0.21009.1
7f036793b000-7f036793c000 rw-p 00021000 08:03 2369319                    /usr/lib/x86_64-linux-gnu/libatk-1.0.so.0.21009.1
7f036793c000-7f0367947000 r-xp 00000000 08:03 2370115                    /usr/lib/x86_64-linux-gnu/libpangocairo-1.0.so.0.3600.3
7f0367947000-7f0367b47000 ---p 0000b000 08:03 2370115                    /usr/lib/x86_64-linux-gnu/libpangocairo-1.0.so.0.3600.3
7f0367b47000-7f0367b48000 r--p 0000b000 08:03 2370115                    /usr/lib/x86_64-linux-gnu/libpangocairo-1.0.so.0.3600.3
7f0367b48000-7f0367b49000 rw-p 0000c000 08:03 2370115                    /usr/lib/x86_64-linux-gnu/libpangocairo-1.0.so.0.3600.3
7f0367b49000-7f0367b4c000 r-xp 00000000 08:03 2369687                    /usr/lib/x86_64-linux-gnu/libgmodule-2.0.so.0.4002.0
7f0367b4c000-7f0367d4b000 ---p 00003000 08:03 2369687                    /usr/lib/x86_64-linux-gnu/libgmodule-2.0.so.0.4002.0
7f0367d4b000-7f0367d4c000 r--p 00002000 08:03 2369687                    /usr/lib/x86_64-linux-gnu/libgmodule-2.0.so.0.4002.0
7f0367d4c000-7f0367d4d000 rw-p 00003000 08:03 2369687                    /usr/lib/x86_64-linux-gnu/libgmodule-2.0.so.0.4002.0
7f0367d4d000-7f0367dfb000 r-xp 00000000 08:03 2369645                    /usr/lib/x86_64-linux-gnu/libgdk-x11-2.0.so.0.2400.23
7f0367dfb000-7f0367ffa000 ---p 000ae000 08:03 2369645                    /usr/lib/x86_64-linux-gnu/libgdk-x11-2.0.so.0.2400.23
7f0367ffa000-7f0367ffe000 r--p 000ad000 08:03 2369645                    /usr/lib/x86_64-linux-gnu/libgdk-x11-2.0.so.0.2400.23
7f0367ffe000-7f0368000000 rw-p 000b1000 08:03 2369645                    /usr/lib/x86_64-linux-gnu/libgdk-x11-2.0.so.0.2400.23
7f0368000000-7f036806e000 rw-p 00000000 00:00 0 
7f036806e000-7f036c000000 ---p 00000000 00:00 0 
7f036c000000-7f036c021000 rw-p 00000000 00:00 0 
7f036c021000-7f0370000000 ---p 00000000 00:00 0 
7f0370000000-7f0370021000 rw-p 00000000 00:00 0 
7f0370021000-7f0374000000 ---p 00000000 00:00 0 
7f0374000000-7f03743ca000 rw-p 00000000 00:00 0 
7f03743ca000-7f0378000000 ---p 00000000 00:00 0 
7f0378000000-7f0378021000 rw-p 00000000 00:00 0 
7f0378021000-7f037c000000 ---p 00000000 00:00 0 
7f037c000000-7f037c035000 rw-p 00000000 00:00 0 
7f037c035000-7f0380000000 ---p 00000000 00:00 0 
7f0380000000-7f0380021000 rw-p 00000000 00:00 0 
7f0380021000-7f0384000000 ---p 00000000 00:00 0 
7f0384000000-7f0384021000 rw-p 00000000 00:00 0 
7f0384021000-7f0388000000 ---p 00000000 00:00 0 
7f0388000000-7f0388e7f000 rw-p 00000000 00:00 0 
7f0388e7f000-7f038c000000 ---p 00000000 00:00 0 
7f038c000000-7f038c809000 rw-p 00000000 00:00 0 
7f038c809000-7f0390000000 ---p 00000000 00:00 0 
7f0390000000-7f0390021000 rw-p 00000000 00:00 0 
7f0390021000-7f0394000000 ---p 00000000 00:00 0 
7f0394000000-7f0394705000 rw-p 00000000 00:00 0 
7f0394705000-7f0398000000 ---p 00000000 00:00 0 
7f0398000000-7f0398021000 rw-p 00000000 00:00 0 
7f0398021000-7f039c000000 ---p 00000000 00:00 0 
7f039c000000-7f039c021000 rw-p 00000000 00:00 0 
7f039c021000-7f03a0000000 ---p 00000000 00:00 0 
7f03a0081000-7f03a0084000 ---p 00000000 00:00 0 
7f03a0084000-7f03a0182000 rw-p 00000000 00:00 0                          [stack:11660]
7f03a0182000-7f03a05b2000 r-xp 00000000 08:03 2369839                    /usr/lib/x86_64-linux-gnu/libgtk-x11-2.0.so.0.2400.23
7f03a05b2000-7f03a07b1000 ---p 00430000 08:03 2369839                    /usr/lib/x86_64-linux-gnu/libgtk-x11-2.0.so.0.2400.23
7f03a07b1000-7f03a07b8000 r--p 0042f000 08:03 2369839                    /usr/lib/x86_64-linux-gnu/libgtk-x11-2.0.so.0.2400.23
7f03a07b8000-7f03a07bc000 rw-p 00436000 08:03 2369839                    /usr/lib/x86_64-linux-gnu/libgtk-x11-2.0.so.0.2400.23
7f03a07bc000-7f03a07bf000 rw-p 00000000 00:00 0 
7f03a07bf000-7f03a0828000 r-xp 00000000 08:03 147338                     /usr/lib/jvm/java-8-oracle/jre/lib/amd64/libt2k.so
7f03a0828000-7f03a0a28000 ---p 00069000 08:03 147338                     /usr/lib/jvm/java-8-oracle/jre/lib/amd64/libt2k.so
7f03a0a28000-7f03a0a2f000 rw-p 00069000 08:03 147338                     /usr/lib/jvm/java-8-oracle/jre/lib/amd64/libt2k.so
7f03a0a2f000-7f03a0a3f000 rw-p 00000000 00:00 0 
7f03a0a3f000-7f03a0a40000 r--s 00000000 08:03 273576                     /var/cache/fontconfig/c05880de57d1f5e948fdfacc138775d9-le64.cache-4
7f03a0a40000-7f03a0a4b000 r--s 00000000 08:03 273569                     /var/cache/fontconfig/945677eb7aeaf62f1d50efc3fb3ec7d8-le64.cache-4
7f03a0a4b000-7f03a0a51000 r--s 00000000 08:03 273554                     /var/cache/fontconfig/2cd17615ca594fa2959ae173292e504c-le64.cache-4
7f03a0a51000-7f03a0a58000 r--s 00000000 08:03 273573                     /var/cache/fontconfig/a755afe4a08bf5b97852ceb7400b47bc-le64.cache-4
7f03a0a58000-7f03a0a64000 r--s 00000000 08:03 273564                     /var/cache/fontconfig/6d41288fd70b0be22e8c3a91e032eec0-le64.cache-4
7f03a0a64000-7f03a0a78000 r--s 00000000 08:03 273548                     /var/cache/fontconfig/04aabc0a78ac019cf9454389977116d2-le64.cache-4
7f03a0a8b000-7f03a0a8f000 rw-s 00000000 00:05 1189085199                 /SYSV00000000 (deleted)
7f03a0a91000-7f03a0a92000 rw-p 00000000 00:00 0 
7f03a0a92000-7f03a0a95000 ---p 00000000 00:00 0 
7f03a0a95000-7f03a0b93000 rw-p 00000000 00:00 0                          [stack:11659]
7f03a0b93000-7f03a0bab000 r--s 00000000 08:03 789761                     /usr/share/fonts/type1/gsfonts/n022003l.pfb
7f03a0bab000-7f03a0bae000 ---p 00000000 00:00 0 
7f03a0bae000-7f03a0eac000 rw-p 00000000 00:00 0                          [stack:11656]
7f03a0eac000-7f03a0eaf000 ---p 00000000 00:00 0 
7f03a0eaf000-7f03a11ad000 rw-p 00000000 00:00 0 
7f03a11ad000-7f03a11b0000 ---p 00000000 00:00 0 
7f03a11b0000-7f03a12ae000 rw-p 00000000 00:00 0                          [stack:11654]
7f03a12ae000-7f03a12b1000 ---p 00000000 00:00 0 
7f03a12b1000-7f03a13af000 rw-p 00000000 00:00 0                          [stack:11653]
7f03a13af000-7f03a13c0000 r-xp 00000000 08:03 147332                     /usr/lib/jvm/java-8-oracle/jre/lib/amd64/libnio.so
7f03a13c0000-7f03a15bf000 ---p 00011000 08:03 147332                     /usr/lib/jvm/java-8-oracle/jre/lib/amd64/libnio.so
7f03a15bf000-7f03a15c0000 rw-p 00010000 08:03 147332                     /usr/lib/jvm/java-8-oracle/jre/lib/amd64/libnio.so
7f03a15c0000-7f03a15d6000 r-xp 00000000 08:03 147293                     /usr/lib/jvm/java-8-oracle/jre/lib/amd64/libnet.so
7f03a15d6000-7f03a17d6000 ---p 00016000 08:03 147293                     /usr/lib/jvm/java-8-oracle/jre/lib/amd64/libnet.so
7f03a17d6000-7f03a17d7000 rw-p 00016000 08:03 147293                     /usr/lib/jvm/java-8-oracle/jre/lib/amd64/libnet.so
7f03a17d7000-7f03a17da000 ---p 00000000 00:00 0 
7f03a17da000-7f03a18d8000 rw-p 00000000 00:00 0                          [stack:11652]
7f03a18d8000-7f03a18dd000 r-xp 00000000 08:03 2369236                    /usr/lib/x86_64-linux-gnu/libXfixes.so.3.1.0
7f03a18dd000-7f03a1adc000 ---p 00005000 08:03 2369236                    /usr/lib/x86_64-linux-gnu/libXfixes.so.3.1.0
7f03a1adc000-7f03a1add000 r--p 00004000 08:03 2369236                    /usr/lib/x86_64-linux-gnu/libXfixes.so.3.1.0
7f03a1add000-7f03a1ade000 rw-p 00005000 08:03 2369236                    /usr/lib/x86_64-linux-gnu/libXfixes.so.3.1.0
7f03a1ade000-7f03a1ae7000 r-xp 00000000 08:03 2369228                    /usr/lib/x86_64-linux-gnu/libXcursor.so.1.0.2
7f03a1ae7000-7f03a1ce6000 ---p 00009000 08:03 2369228                    /usr/lib/x86_64-linux-gnu/libXcursor.so.1.0.2
7f03a1ce6000-7f03a1ce7000 r--p 00008000 08:03 2369228                    /usr/lib/x86_64-linux-gnu/libXcursor.so.1.0.2
7f03a1ce7000-7f03a1ce8000 rw-p 00009000 08:03 2369228                    /usr/lib/x86_64-linux-gnu/libXcursor.so.1.0.2
7f03a1ce8000-7f03a1ceb000 ---p 00000000 00:00 0 
7f03a1ceb000-7f03a1de9000 rw-p 00000000 00:00 0                          [stack:11651]
7f03a1de9000-7f03a1dff000 r-xp 00000000 08:03 397884                     /lib/x86_64-linux-gnu/libgcc_s.so.1
7f03a1dff000-7f03a1ffe000 ---p 00016000 08:03 397884                     /lib/x86_64-linux-gnu/libgcc_s.so.1
7f03a1ffe000-7f03a1fff000 rw-p 00015000 08:03 397884                     /lib/x86_64-linux-gnu/libgcc_s.so.1
7f03a1fff000-7f03a2064000 r-xp 00000000 08:03 147282                     /usr/lib/jvm/java-8-oracle/jre/lib/amd64/libfontmanager.so
7f03a2064000-7f03a2263000 ---p 00065000 08:03 147282                     /usr/lib/jvm/java-8-oracle/jre/lib/amd64/libfontmanager.so
7f03a2263000-7f03a2268000 rw-p 00064000 08:03 147282                     /usr/lib/jvm/java-8-oracle/jre/lib/amd64/libfontmanager.so
7f03a2268000-7f03a2278000 rw-p 00000000 00:00 0 
7f03a2278000-7f03a227d000 r-xp 00000000 08:03 2369232                    /usr/lib/x86_64-linux-gnu/libXdmcp.so.6.0.0
7f03a227d000-7f03a247c000 ---p 00005000 08:03 2369232                    /usr/lib/x86_64-linux-gnu/libXdmcp.so.6.0.0
7f03a247c000-7f03a247d000 r--p 00004000 08:03 2369232                    /usr/lib/x86_64-linux-gnu/libXdmcp.so.6.0.0
7f03a247d000-7f03a247e000 rw-p 00005000 08:03 2369232                    /usr/lib/x86_64-linux-gnu/libXdmcp.so.6.0.0
7f03a247e000-7f03a2480000 r-xp 00000000 08:03 2369221                    /usr/lib/x86_64-linux-gnu/libXau.so.6.0.0
7f03a2480000-7f03a2680000 ---p 00002000 08:03 2369221                    /usr/lib/x86_64-linux-gnu/libXau.so.6.0.0
7f03a2680000-7f03a2681000 r--p 00002000 08:03 2369221                    /usr/lib/x86_64-linux-gnu/libXau.so.6.0.0
7f03a2681000-7f03a2682000 rw-p 00003000 08:03 2369221                    /usr/lib/x86_64-linux-gnu/libXau.so.6.0.0
7f03a2682000-7f03a269f000 r-xp 00000000 08:03 2370440                    /usr/lib/x86_64-linux-gnu/libxcb.so.1.1.0
7f03a269f000-7f03a289f000 ---p 0001d000 08:03 2370440                    /usr/lib/x86_64-linux-gnu/libxcb.so.1.1.0
7f03a289f000-7f03a28a0000 r--p 0001d000 08:03 2370440                    /usr/lib/x86_64-linux-gnu/libxcb.so.1.1.0
7f03a28a0000-7f03a28a1000 rw-p 0001e000 08:03 2370440                    /usr/lib/x86_64-linux-gnu/libxcb.so.1.1.0
7f03a28a1000-7f03a28b0000 r-xp 00000000 08:03 2369242                    /usr/lib/x86_64-linux-gnu/libXi.so.6.1.0
7f03a28b0000-7f03a2aaf000 ---p 0000f000 08:03 2369242                    /usr/lib/x86_64-linux-gnu/libXi.so.6.1.0
7f03a2aaf000-7f03a2ab0000 r--p 0000e000 08:03 2369242                    /usr/lib/x86_64-linux-gnu/libXi.so.6.1.0
7f03a2ab0000-7f03a2ab1000 rw-p 0000f000 08:03 2369242                    /usr/lib/x86_64-linux-gnu/libXi.so.6.1.0
7f03a2ab1000-7f03a2ab6000 r-xp 00000000 08:03 2369262                    /usr/lib/x86_64-linux-gnu/libXtst.so.6.1.0
7f03a2ab6000-7f03a2cb5000 ---p 00005000 08:03 2369262                    /usr/lib/x86_64-linux-gnu/libXtst.so.6.1.0
7f03a2cb5000-7f03a2cb6000 r--p 00004000 08:03 2369262                    /usr/lib/x86_64-linux-gnu/libXtst.so.6.1.0
7f03a2cb6000-7f03a2cb7000 rw-p 00005000 08:03 2369262                    /usr/lib/x86_64-linux-gnu/libXtst.so.6.1.0
7f03a2cb7000-7f03a2cc0000 r-xp 00000000 08:03 2369256                    /usr/lib/x86_64-linux-gnu/libXrender.so.1.3.0
7f03a2cc0000-7f03a2ebf000 ---p 00009000 08:03 2369256                    /usr/lib/x86_64-linux-gnu/libXrender.so.1.3.0
7f03a2ebf000-7f03a2ec0000 r--p 00008000 08:03 2369256                    /usr/lib/x86_64-linux-gnu/libXrender.so.1.3.0
7f03a2ec0000-7f03a2ec1000 rw-p 00009000 08:03 2369256                    /usr/lib/x86_64-linux-gnu/libXrender.so.1.3.0
7f03a2ec1000-7f03a2ff1000 r-xp 00000000 08:03 2369217                    /usr/lib/x86_64-linux-gnu/libX11.so.6.3.0
7f03a2ff1000-7f03a31f1000 ---p 00130000 08:03 2369217                    /usr/lib/x86_64-linux-gnu/libX11.so.6.3.0
7f03a31f1000-7f03a31f2000 r--p 00130000 08:03 2369217                    /usr/lib/x86_64-linux-gnu/libX11.so.6.3.0
7f03a31f2000-7f03a31f6000 rw-p 00131000 08:03 2369217                    /usr/lib/x86_64-linux-gnu/libX11.so.6.3.0
7f03a31f6000-7f03a3207000 r-xp 00000000 08:03 2369234                    /usr/lib/x86_64-linux-gnu/libXext.so.6.4.0
7f03a3207000-7f03a3406000 ---p 00011000 08:03 2369234                    /usr/lib/x86_64-linux-gnu/libXext.so.6.4.0
7f03a3406000-7f03a3407000 r--p 00010000 08:03 2369234                    /usr/lib/x86_64-linux-gnu/libXext.so.6.4.0
7f03a3407000-7f03a3408000 rw-p 00011000 08:03 2369234                    /usr/lib/x86_64-linux-gnu/libXext.so.6.4.0
7f03a3408000-7f03a345c000 r-xp 00000000 08:03 147314                     /usr/lib/jvm/java-8-oracle/jre/lib/amd64/libawt_xawt.so
7f03a345c000-7f03a365c000 ---p 00054000 08:03 147314                     /usr/lib/jvm/java-8-oracle/jre/lib/amd64/libawt_xawt.so
7f03a365c000-7f03a3660000 rw-p 00054000 08:03 147314                     /usr/lib/jvm/java-8-oracle/jre/lib/amd64/libawt_xawt.so
7f03a3660000-7f03a3661000 rw-p 00000000 00:00 0 
7f03a3661000-7f03a3703000 r-xp 00000000 08:03 147299                     /usr/lib/jvm/java-8-oracle/jre/lib/amd64/libawt.so
7f03a3703000-7f03a3903000 ---p 000a2000 08:03 147299                     /usr/lib/jvm/java-8-oracle/jre/lib/amd64/libawt.so
7f03a3903000-7f03a390f000 rw-p 000a2000 08:03 147299                     /usr/lib/jvm/java-8-oracle/jre/lib/amd64/libawt.so
7f03a390f000-7f03a3933000 rw-p 00000000 00:00 0 
7f03a3933000-7f03a3934000 ---p 00000000 00:00 0 
7f03a3934000-7f03a3a34000 rw-p 00000000 00:00 0                          [stack:11650]
7f03a3a34000-7f03a3a37000 ---p 00000000 00:00 0 
7f03a3a37000-7f03a3b35000 rw-p 00000000 00:00 0                          [stack:11649]
7f03a3b35000-7f03a3b38000 ---p 00000000 00:00 0 
7f03a3b38000-7f03a3c36000 rw-p 00000000 00:00 0                          [stack:11648]
7f03a3c36000-7f03a3c39000 ---p 00000000 00:00 0 
7f03a3c39000-7f03a3d37000 rw-p 00000000 00:00 0                          [stack:11647]
7f03a3d37000-7f03a4000000 r--p 00000000 08:03 2367214                    /usr/lib/locale/locale-archive
7f03a4000000-7f03a4021000 rw-p 00000000 00:00 0 
7f03a4021000-7f03a8000000 ---p 00000000 00:00 0 
7f03a8000000-7f03a82c4000 rw-p 00000000 00:00 0 
7f03a82c4000-7f03ac000000 ---p 00000000 00:00 0 
7f03ac000000-7f03ac021000 rw-p 00000000 00:00 0 
7f03ac021000-7f03b0000000 ---p 00000000 00:00 0 
7f03b0000000-7f03b0021000 rw-p 00000000 00:00 0 
7f03b0021000-7f03b4000000 ---p 00000000 00:00 0 
7f03b4000000-7f03b4021000 rw-p 00000000 00:00 0 
7f03b4021000-7f03b8000000 ---p 00000000 00:00 0 
7f03b8000000-7f03b8002000 r--s 00000000 08:03 273571                     /var/cache/fontconfig/99e8ed0e538f840c565b6ed5dad60d56-le64.cache-4
7f03b8002000-7f03b8003000 r--s 00000000 08:03 273586                     /var/cache/fontconfig/e7071f4a29fa870f4323321c154eba04-le64.cache-4
7f03b8003000-7f03b8004000 r--s 00000000 08:03 273551                     /var/cache/fontconfig/0d8c3b2ac0904cb8a57a757ad11a4a08-le64.cache-4
7f03b8004000-7f03b8005000 r--s 00000000 08:03 273553                     /var/cache/fontconfig/1ac9eb803944fde146138c791f5cc56a-le64.cache-4
7f03b8005000-7f03b8009000 r--s 00000000 08:03 273557                     /var/cache/fontconfig/385c0604a188198f04d133e54aba7fe7-le64.cache-4
7f03b8009000-7f03b800a000 r--s 00000000 08:03 273583                     /var/cache/fontconfig/dc05db6664285cc2f12bf69c139ae4c3-le64.cache-4
7f03b800a000-7f03b800c000 r--s 00000000 08:03 273566                     /var/cache/fontconfig/767a8244fc0220cfb567a839d0392e0b-le64.cache-4
7f03b800c000-7f03b801e000 r--s 00000000 08:03 273549                     /var/cache/fontconfig/0bd3dc0958fa2205aaaa8ebb13e2872b-le64.cache-4
7f03b801e000-7f03b8023000 r--s 00000000 08:03 273568                     /var/cache/fontconfig/8801497958630a81b71ace7c5f9b32a8-le64.cache-4
7f03b8023000-7f03b802a000 r--s 00000000 08:03 273555                     /var/cache/fontconfig/3047814df9a2f067bd2d96a2b9c36e5a-le64.cache-4
7f03b802a000-7f03b803d000 r--s 00000000 08:03 273580                     /var/cache/fontconfig/d52a8644073d54c13679302ca1180695-le64.cache-4
7f03b803d000-7f03b8046000 r--s 00000000 08:03 273558                     /var/cache/fontconfig/3f7329c5293ffd510edef78f73874cfd-le64.cache-4
7f03b8046000-7f03b8059000 r--s 00000000 08:03 271705                     /var/cache/fontconfig/4ac51e5cfbc76fc3f983e470323a16d3-le64.cache-4
7f03b8059000-7f03b808a000 rw-p 00000000 00:00 0 
7f03b808a000-7f03b80a3000 r--s 0012e000 08:03 1972319                    /home/tharindu/NewFolder/swingx.jar
7f03b80a3000-7f03b80a6000 ---p 00000000 00:00 0 
7f03b80a6000-7f03b81a4000 rw-p 00000000 00:00 0                          [stack:11646]
7f03b81a4000-7f03b81a7000 ---p 00000000 00:00 0 
7f03b81a7000-7f03b82a5000 rw-p 00000000 00:00 0                          [stack:11645]
7f03b82a5000-7f03b82a8000 ---p 00000000 00:00 0 
7f03b82a8000-7f03b83a6000 rw-p 00000000 00:00 0                          [stack:11644]
7f03b83a6000-7f03b83a9000 ---p 00000000 00:00 0 
7f03b83a9000-7f03b84a7000 rw-p 00000000 00:00 0                          [stack:11643]
7f03b84a7000-7f03b84a8000 ---p 00000000 00:00 0 
7f03b84a8000-7f03b94f9000 rw-p 00000000 00:00 0                          [stack:11642]
7f03b94f9000-7f03b96d1000 r--s 03d2a000 08:03 147348                     /usr/lib/jvm/java-8-oracle/jre/lib/rt.jar
7f03b96d1000-7f03bbee4000 rw-p 00000000 00:00 0 
7f03bbee4000-7f03bbee5000 ---p 00000000 00:00 0 
7f03bbee5000-7f03bbfe5000 rw-p 00000000 00:00 0                          [stack:11641]
7f03bbfe5000-7f03bbfe6000 ---p 00000000 00:00 0 
7f03bbfe6000-7f03bc0e6000 rw-p 00000000 00:00 0                          [stack:11640]
7f03bc0e6000-7f03bc0e7000 ---p 00000000 00:00 0 
7f03bc0e7000-7f03bc1e7000 rw-p 00000000 00:00 0                          [stack:11639]
7f03bc1e7000-7f03bc1e8000 ---p 00000000 00:00 0 
7f03bc1e8000-7f03bc2fd000 rw-p 00000000 00:00 0                          [stack:11638]
7f03bc2fd000-7f03bc42a000 ---p 00000000 00:00 0 
7f03bc42a000-7f03bc43f000 rw-p 00000000 00:00 0 
7f03bc43f000-7f03bc56c000 ---p 00000000 00:00 0 
7f03bc56c000-7f03bc5d4000 rw-p 00000000 00:00 0 
7f03bc5d4000-7f03bc60d000 ---p 00000000 00:00 0 
7f03bc60d000-7f03bc622000 rw-p 00000000 00:00 0 
7f03bc622000-7f03bc9ce000 ---p 00000000 00:00 0 
7f03bc9ce000-7f03bceae000 rwxp 00000000 00:00 0 
7f03bceae000-7f03cb9ce000 ---p 00000000 00:00 0 
7f03cb9ce000-7f03cb9e8000 r-xp 00000000 08:03 147337                     /usr/lib/jvm/java-8-oracle/jre/lib/amd64/libzip.so
7f03cb9e8000-7f03cbbe8000 ---p 0001a000 08:03 147337                     /usr/lib/jvm/java-8-oracle/jre/lib/amd64/libzip.so
7f03cbbe8000-7f03cbbe9000 rw-p 0001a000 08:03 147337                     /usr/lib/jvm/java-8-oracle/jre/lib/amd64/libzip.so
7f03cbbe9000-7f03cbbf3000 r-xp 00000000 08:03 394379                     /lib/x86_64-linux-gnu/libnss_files-2.19.so
7f03cbbf3000-7f03cbdf2000 ---p 0000a000 08:03 394379                     /lib/x86_64-linux-gnu/libnss_files-2.19.so
7f03cbdf2000-7f03cbdf3000 r--p 00009000 08:03 394379                     /lib/x86_64-linux-gnu/libnss_files-2.19.so
7f03cbdf3000-7f03cbdf4000 rw-p 0000a000 08:03 394379                     /lib/x86_64-linux-gnu/libnss_files-2.19.so
7f03cbdf4000-7f03cbdff000 r-xp 00000000 08:03 394342                     /lib/x86_64-linux-gnu/libnss_nis-2.19.so
7f03cbdff000-7f03cbffe000 ---p 0000b000 08:03 394342                     /lib/x86_64-linux-gnu/libnss_nis-2.19.so
7f03cbffe000-7f03cbfff000 r--p 0000a000 08:03 394342                     /lib/x86_64-linux-gnu/libnss_nis-2.19.so
7f03cbfff000-7f03cc000000 rw-p 0000b000 08:03 394342                     /lib/x86_64-linux-gnu/libnss_nis-2.19.so
7f03cc000000-7f03cc28f000 rw-p 00000000 00:00 0 
7f03cc28f000-7f03d0000000 ---p 00000000 00:00 0 
7f03d0000000-7f03d0001000 r--s 00000000 08:03 273559                     /var/cache/fontconfig/4794a0821666d79190d59a36cb4f44b5-le64.cache-4
7f03d0001000-7f03d0007000 r--s 00000000 08:03 273574                     /var/cache/fontconfig/b47c4e1ecd0709278f4910c18777a504-le64.cache-4
7f03d0007000-7f03d0012000 r--s 00000000 08:03 273581                     /var/cache/fontconfig/d589a48862398ed80a3d6066f4f56f4c-le64.cache-4
7f03d0012000-7f03d0015000 r--s 00000000 08:03 263186                     /var/cache/fontconfig/e13b20fdb08344e0e664864cc2ede53d-le64.cache-4
7f03d0015000-7f03d00ee000 rw-p 00000000 00:00 0 
7f03d00ee000-7f03d0105000 r-xp 00000000 08:03 394332                     /lib/x86_64-linux-gnu/libnsl-2.19.so
7f03d0105000-7f03d0304000 ---p 00017000 08:03 394332                     /lib/x86_64-linux-gnu/libnsl-2.19.so
7f03d0304000-7f03d0305000 r--p 00016000 08:03 394332                     /lib/x86_64-linux-gnu/libnsl-2.19.so
7f03d0305000-7f03d0306000 rw-p 00017000 08:03 394332                     /lib/x86_64-linux-gnu/libnsl-2.19.so
7f03d0306000-7f03d0308000 rw-p 00000000 00:00 0 
7f03d0308000-7f03d0311000 r-xp 00000000 08:03 394326                     /lib/x86_64-linux-gnu/libnss_compat-2.19.so
7f03d0311000-7f03d0510000 ---p 00009000 08:03 394326                     /lib/x86_64-linux-gnu/libnss_compat-2.19.so
7f03d0510000-7f03d0511000 r--p 00008000 08:03 394326                     /lib/x86_64-linux-gnu/libnss_compat-2.19.so
7f03d0511000-7f03d0512000 rw-p 00009000 08:03 394326                     /lib/x86_64-linux-gnu/libnss_compat-2.19.so
7f03d0512000-7f03d053d000 r-xp 00000000 08:03 147281                     /usr/lib/jvm/java-8-oracle/jre/lib/amd64/libjava.so
7f03d053d000-7f03d073c000 ---p 0002b000 08:03 147281                     /usr/lib/jvm/java-8-oracle/jre/lib/amd64/libjava.so
7f03d073c000-7f03d073e000 rw-p 0002a000 08:03 147281                     /usr/lib/jvm/java-8-oracle/jre/lib/amd64/libjava.so
7f03d073e000-7f03d074b000 r-xp 00000000 08:03 147315                     /usr/lib/jvm/java-8-oracle/jre/lib/amd64/libverify.so
7f03d074b000-7f03d094a000 ---p 0000d000 08:03 147315                     /usr/lib/jvm/java-8-oracle/jre/lib/amd64/libverify.so
7f03d094a000-7f03d094c000 rw-p 0000c000 08:03 147315                     /usr/lib/jvm/java-8-oracle/jre/lib/amd64/libverify.so
7f03d094c000-7f03d0953000 r-xp 00000000 08:03 394367                     /lib/x86_64-linux-gnu/librt-2.19.so
7f03d0953000-7f03d0b52000 ---p 00007000 08:03 394367                     /lib/x86_64-linux-gnu/librt-2.19.so
7f03d0b52000-7f03d0b53000 r--p 00006000 08:03 394367                     /lib/x86_64-linux-gnu/librt-2.19.so
7f03d0b53000-7f03d0b54000 rw-p 00007000 08:03 394367                     /lib/x86_64-linux-gnu/librt-2.19.so
7f03d0b54000-7f03d0c59000 r-xp 00000000 08:03 394317                     /lib/x86_64-linux-gnu/libm-2.19.so
7f03d0c59000-7f03d0e58000 ---p 00105000 08:03 394317                     /lib/x86_64-linux-gnu/libm-2.19.so
7f03d0e58000-7f03d0e59000 r--p 00104000 08:03 394317                     /lib/x86_64-linux-gnu/libm-2.19.so
7f03d0e59000-7f03d0e5a000 rw-p 00105000 08:03 394317                     /lib/x86_64-linux-gnu/libm-2.19.so
7f03d0e5a000-7f03d1b27000 r-xp 00000000 08:03 147311                     /usr/lib/jvm/java-8-oracle/jre/lib/amd64/server/libjvm.so
7f03d1b27000-7f03d1d26000 ---p 00ccd000 08:03 147311                     /usr/lib/jvm/java-8-oracle/jre/lib/amd64/server/libjvm.so
7f03d1d26000-7f03d1dff000 rw-p 00ccc000 08:03 147311                     /usr/lib/jvm/java-8-oracle/jre/lib/amd64/server/libjvm.so
7f03d1dff000-7f03d1e4a000 rw-p 00000000 00:00 0 
7f03d1e4a000-7f03d2004000 r-xp 00000000 08:03 394368                     /lib/x86_64-linux-gnu/libc-2.19.so
7f03d2004000-7f03d2204000 ---p 001ba000 08:03 394368                     /lib/x86_64-linux-gnu/libc-2.19.so
7f03d2204000-7f03d2208000 r--p 001ba000 08:03 394368                     /lib/x86_64-linux-gnu/libc-2.19.so
7f03d2208000-7f03d220a000 rw-p 001be000 08:03 394368                     /lib/x86_64-linux-gnu/libc-2.19.so
7f03d220a000-7f03d220f000 rw-p 00000000 00:00 0 
7f03d220f000-7f03d2212000 r-xp 00000000 08:03 394319                     /lib/x86_64-linux-gnu/libdl-2.19.so
7f03d2212000-7f03d2411000 ---p 00003000 08:03 394319                     /lib/x86_64-linux-gnu/libdl-2.19.so
7f03d2411000-7f03d2412000 r--p 00002000 08:03 394319                     /lib/x86_64-linux-gnu/libdl-2.19.so
7f03d2412000-7f03d2413000 rw-p 00003000 08:03 394319                     /lib/x86_64-linux-gnu/libdl-2.19.so
7f03d2413000-7f03d2428000 r-xp 00000000 08:03 146537                     /usr/lib/jvm/java-8-oracle/lib/amd64/jli/libjli.so
7f03d2428000-7f03d2628000 ---p 00015000 08:03 146537                     /usr/lib/jvm/java-8-oracle/lib/amd64/jli/libjli.so
7f03d2628000-7f03d2629000 rw-p 00015000 08:03 146537                     /usr/lib/jvm/java-8-oracle/lib/amd64/jli/libjli.so
7f03d2629000-7f03d2642000 r-xp 00000000 08:03 394333                     /lib/x86_64-linux-gnu/libpthread-2.19.so
7f03d2642000-7f03d2841000 ---p 00019000 08:03 394333                     /lib/x86_64-linux-gnu/libpthread-2.19.so
7f03d2841000-7f03d2842000 r--p 00018000 08:03 394333                     /lib/x86_64-linux-gnu/libpthread-2.19.so
7f03d2842000-7f03d2843000 rw-p 00019000 08:03 394333                     /lib/x86_64-linux-gnu/libpthread-2.19.so
7f03d2843000-7f03d2847000 rw-p 00000000 00:00 0 
7f03d2847000-7f03d286a000 r-xp 00000000 08:03 394338                     /lib/x86_64-linux-gnu/ld-2.19.so
7f03d286a000-7f03d286b000 r--s 00000000 08:03 273561                     /var/cache/fontconfig/56cf4f4769d0f4abc89a4895d7bd3ae1-le64.cache-4
7f03d286b000-7f03d286c000 r--s 00000000 08:03 273575                     /var/cache/fontconfig/b9d506c9ac06c20b433354fa67a72993-le64.cache-4
7f03d286c000-7f03d2870000 r--s 00000000 08:03 263185                     /var/cache/fontconfig/7ef2298fde41cc6eeb7af42e48b7d293-le64.cache-4
7f03d2870000-7f03d2942000 rw-p 00000000 00:00 0 
7f03d2942000-7f03d2945000 ---p 00000000 00:00 0 
7f03d2945000-7f03d2a47000 rw-p 00000000 00:00 0                          [stack:11637]
7f03d2a47000-7f03d2a48000 r--s 00000000 08:03 273550                     /var/cache/fontconfig/0c9eb80ebd1c36541ebe2852d3bb0c49-le64.cache-4
7f03d2a48000-7f03d2a4a000 r--s 00007000 08:03 2105209                    /home/tharindu/Public/Untitled Folder/jdatepicker-1.3.2.jar
7f03d2a4a000-7f03d2a5d000 rw-p 00000000 00:00 0 
7f03d2a5d000-7f03d2a65000 rw-s 00000000 08:03 2228459                    /tmp/hsperfdata_tharindu/11633
7f03d2a65000-7f03d2a66000 rw-p 00000000 00:00 0 
7f03d2a66000-7f03d2a67000 ---p 00000000 00:00 0 
7f03d2a67000-7f03d2a69000 rw-p 00000000 00:00 0 
7f03d2a69000-7f03d2a6a000 r--p 00022000 08:03 394338                     /lib/x86_64-linux-gnu/ld-2.19.so
7f03d2a6a000-7f03d2a6b000 rw-p 00023000 08:03 394338                     /lib/x86_64-linux-gnu/ld-2.19.so
7f03d2a6b000-7f03d2a6c000 rw-p 00000000 00:00 0 
7ffc46b0b000-7ffc46b2c000 rw-p 00000000 00:00 0                          [stack]
7ffc46b9b000-7ffc46b9d000 r--p 00000000 00:00 0                          [vvar]
7ffc46b9d000-7ffc46b9f000 r-xp 00000000 00:00 0                          [vdso]
ffffffffff600000-ffffffffff601000 r-xp 00000000 00:00 0                  [vsyscall]

VM Arguments:
jvm_args: -Dfile.encoding=UTF-8 
java_command: hotel.view.mainFrame
java_class_path (initial): /home/tharindu/NewFolder/swingx.jar:/home/tharindu/Public/Untitled Folder/jdatepicker-1.3.2.jar:/home/tharindu/NetBeansProjects/Hotel/build/classes
Launcher Type: SUN_STANDARD

Environment Variables:
JAVA_HOME=/usr/lib/jvm/java-8-oracle
PATH=/usr/local/sbin:/usr/local/bin:/usr/sbin:/usr/bin:/sbin:/bin:/usr/games:/usr/local/games:/usr/lib/jvm/java-8-oracle/bin:/usr/lib/jvm/java-8-oracle/db/bin:/usr/lib/jvm/java-8-oracle/jre/bin
USERNAME=tharindu
LD_LIBRARY_PATH=/usr/lib/jvm/java-8-oracle/jre/lib/amd64:/usr/lib/jvm/java-8-oracle/jre/lib/i386:
SHELL=/bin/bash
DISPLAY=:0

Signal Handlers:
SIGSEGV: [libjvm.so+0xac64b0], sa_mask[0]=11111111011111111101111111111110, sa_flags=SA_RESTART|SA_SIGINFO
SIGBUS: [libjvm.so+0xac64b0], sa_mask[0]=11111111011111111101111111111110, sa_flags=SA_RESTART|SA_SIGINFO
SIGFPE: [libjvm.so+0x91f950], sa_mask[0]=11111111011111111101111111111110, sa_flags=SA_RESTART|SA_SIGINFO
SIGPIPE: [libjvm.so+0x91f950], sa_mask[0]=11111111011111111101111111111110, sa_flags=SA_RESTART|SA_SIGINFO
SIGXFSZ: [libjvm.so+0x91f950], sa_mask[0]=11111111011111111101111111111110, sa_flags=SA_RESTART|SA_SIGINFO
SIGILL: [libjvm.so+0x91f950], sa_mask[0]=11111111011111111101111111111110, sa_flags=SA_RESTART|SA_SIGINFO
SIGUSR1: SIG_DFL, sa_mask[0]=00000000000000000000000000000000, sa_flags=none
SIGUSR2: [libjvm.so+0x920f80], sa_mask[0]=00100000000000000000000000000000, sa_flags=SA_RESTART|SA_SIGINFO
SIGHUP: [libjvm.so+0x922380], sa_mask[0]=11111111011111111101111111111110, sa_flags=SA_RESTART|SA_SIGINFO
SIGINT: SIG_IGN, sa_mask[0]=00000000000000000000000000000000, sa_flags=none
SIGTERM: [libjvm.so+0x922380], sa_mask[0]=11111111011111111101111111111110, sa_flags=SA_RESTART|SA_SIGINFO
SIGQUIT: [libjvm.so+0x922380], sa_mask[0]=11111111011111111101111111111110, sa_flags=SA_RESTART|SA_SIGINFO


---------------  S Y S T E M  ---------------

OS:DISTRIB_ID=LinuxMint
DISTRIB_RELEASE=17.3
DISTRIB_CODENAME=rosa
DISTRIB_DESCRIPTION="Linux Mint 17.3 Rosa"

uname:Linux 3.19.0-32-generic #37~14.04.1-Ubuntu SMP Thu Oct 22 09:41:40 UTC 2015 x86_64
libc:glibc 2.19 NPTL 2.19 
rlimit: STACK 8192k, CORE 0k, NPROC 15316, NOFILE 4096, AS infinity
load average:6.83 3.91 2.30

/proc/meminfo:
MemTotal:        3953184 kB
MemFree:          132568 kB
MemAvailable:      83932 kB
Buffers:             596 kB
Cached:           290236 kB
SwapCached:            0 kB
Active:          3439536 kB
Inactive:         253940 kB
Active(anon):    3422148 kB
Inactive(anon):   229016 kB
Active(file):      17388 kB
Inactive(file):    24924 kB
Unevictable:           0 kB
Mlocked:               0 kB
SwapTotal:             0 kB
SwapFree:              0 kB
Dirty:               576 kB
Writeback:             0 kB
AnonPages:       3403368 kB
Mapped:           122840 kB
Shmem:            247780 kB
Slab:              56904 kB
SReclaimable:      29340 kB
SUnreclaim:        27564 kB
KernelStack:        8064 kB
PageTables:        28344 kB
NFS_Unstable:          0 kB
Bounce:                0 kB
WritebackTmp:          0 kB
CommitLimit:     1976592 kB
Committed_AS:    5186792 kB
VmallocTotal:   34359738367 kB
VmallocUsed:      347096 kB
VmallocChunk:   34359383516 kB
HardwareCorrupted:     0 kB
AnonHugePages:   1849344 kB
CmaTotal:              0 kB
CmaFree:               0 kB
HugePages_Total:       0
HugePages_Free:        0
HugePages_Rsvd:        0
HugePages_Surp:        0
Hugepagesize:       2048 kB
DirectMap4k:      109224 kB
DirectMap2M:     3991552 kB


CPU:total 4 (2 cores per cpu, 2 threads per core) family 6 model 42 stepping 7, cmov, cx8, fxsr, mmx, sse, sse2, sse3, ssse3, sse4.1, sse4.2, popcnt, avx, clmul, ht, tsc, tscinvbit

/proc/cpuinfo:
processor	: 0
vendor_id	: GenuineIntel
cpu family	: 6
model		: 42
model name	: Intel(R) Core(TM) i3-2350M CPU @ 2.30GHz
stepping	: 7
microcode	: 0x1b
cpu MHz		: 1899.925
cache size	: 3072 KB
physical id	: 0
siblings	: 4
core id		: 0
cpu cores	: 2
apicid		: 0
initial apicid	: 0
fpu		: yes
fpu_exception	: yes
cpuid level	: 13
wp		: yes
flags		: fpu vme de pse tsc msr pae mce cx8 apic sep mtrr pge mca cmov pat pse36 clflush dts acpi mmx fxsr sse sse2 ss ht tm pbe syscall nx rdtscp lm constant_tsc arch_perfmon pebs bts rep_good nopl xtopology nonstop_tsc aperfmperf eagerfpu pni pclmulqdq dtes64 monitor ds_cpl vmx est tm2 ssse3 cx16 xtpr pdcm pcid sse4_1 sse4_2 x2apic popcnt tsc_deadline_timer xsave avx lahf_lm arat epb pln pts dtherm tpr_shadow vnmi flexpriority ept vpid xsaveopt
bugs		:
bogomips	: 4590.03
clflush size	: 64
cache_alignment	: 64
address sizes	: 36 bits physical, 48 bits virtual
power management:

processor	: 1
vendor_id	: GenuineIntel
cpu family	: 6
model		: 42
model name	: Intel(R) Core(TM) i3-2350M CPU @ 2.30GHz
stepping	: 7
microcode	: 0x1b
cpu MHz		: 1899.925
cache size	: 3072 KB
physical id	: 0
siblings	: 4
core id		: 1
cpu cores	: 2
apicid		: 2
initial apicid	: 2
fpu		: yes
fpu_exception	: yes
cpuid level	: 13
wp		: yes
flags		: fpu vme de pse tsc msr pae mce cx8 apic sep mtrr pge mca cmov pat pse36 clflush dts acpi mmx fxsr sse sse2 ss ht tm pbe syscall nx rdtscp lm constant_tsc arch_perfmon pebs bts rep_good nopl xtopology nonstop_tsc aperfmperf eagerfpu pni pclmulqdq dtes64 monitor ds_cpl vmx est tm2 ssse3 cx16 xtpr pdcm pcid sse4_1 sse4_2 x2apic popcnt tsc_deadline_timer xsave avx lahf_lm arat epb pln pts dtherm tpr_shadow vnmi flexpriority ept vpid xsaveopt
bugs		:
bogomips	: 4590.03
clflush size	: 64
cache_alignment	: 64
address sizes	: 36 bits physical, 48 bits virtual
power management:

processor	: 2
vendor_id	: GenuineIntel
cpu family	: 6
model		: 42
model name	: Intel(R) Core(TM) i3-2350M CPU @ 2.30GHz
stepping	: 7
microcode	: 0x1b
cpu MHz		: 1899.925
cache size	: 3072 KB
physical id	: 0
siblings	: 4
core id		: 0
cpu cores	: 2
apicid		: 1
initial apicid	: 1
fpu		: yes
fpu_exception	: yes
cpuid level	: 13
wp		: yes
flags		: fpu vme de pse tsc msr pae mce cx8 apic sep mtrr pge mca cmov pat pse36 clflush dts acpi mmx fxsr sse sse2 ss ht tm pbe syscall nx rdtscp lm constant_tsc arch_perfmon pebs bts rep_good nopl xtopology nonstop_tsc aperfmperf eagerfpu pni pclmulqdq dtes64 monitor ds_cpl vmx est tm2 ssse3 cx16 xtpr pdcm pcid sse4_1 sse4_2 x2apic popcnt tsc_deadline_timer xsave avx lahf_lm arat epb pln pts dtherm tpr_shadow vnmi flexpriority ept vpid xsaveopt
bugs		:
bogomips	: 4590.03
clflush size	: 64
cache_alignment	: 64
address sizes	: 36 bits physical, 48 bits virtual
power management:

processor	: 3
vendor_id	: GenuineIntel
cpu family	: 6
model		: 42
model name	: Intel(R) Core(TM) i3-2350M CPU @ 2.30GHz
stepping	: 7
microcode	: 0x1b
cpu MHz		: 1899.925
cache size	: 3072 KB
physical id	: 0
siblings	: 4
core id		: 1
cpu cores	: 2
apicid		: 3
initial apicid	: 3
fpu		: yes
fpu_exception	: yes
cpuid level	: 13
wp		: yes
flags		: fpu vme de pse tsc msr pae mce cx8 apic sep mtrr pge mca cmov pat pse36 clflush dts acpi mmx fxsr sse sse2 ss ht tm pbe syscall nx rdtscp lm constant_tsc arch_perfmon pebs bts rep_good nopl xtopology nonstop_tsc aperfmperf eagerfpu pni pclmulqdq dtes64 monitor ds_cpl vmx est tm2 ssse3 cx16 xtpr pdcm pcid sse4_1 sse4_2 x2apic popcnt tsc_deadline_timer xsave avx lahf_lm arat epb pln pts dtherm tpr_shadow vnmi flexpriority ept vpid xsaveopt
bugs		:
bogomips	: 4590.03
clflush size	: 64
cache_alignment	: 64
address sizes	: 36 bits physical, 48 bits virtual
power management:



Memory: 4k page, physical 3953184k(132568k free), swap 0k(0k free)

vm_info: Java HotSpot(TM) 64-Bit Server VM (25.111-b14) for linux-amd64 JRE (1.8.0_111-b14), built on Sep 22 2016 16:14:03 by "java_re" with gcc 4.3.0 20080428 (Red Hat 4.3.0-8)

time: Sun Apr 16 16:48:14 2017
elapsed time: 16 seconds (0d 0h 0m 16s)

