#
# There is insufficient memory for the Java Runtime Environment to continue.
# Native memory allocation (mmap) failed to map 131072000 bytes for committing reserved memory.
# Possible reasons:
#   The system is out of physical RAM or swap space
#   In 32 bit mode, the process size limit was hit
# Possible solutions:
#   Reduce memory load on the system
#   Increase physical memory or swap space
#   Check if swap backing store is full
#   Use 64 bit Java on a 64 bit OS
#   Decrease Java heap size (-Xmx/-Xms)
#   Decrease number of Java threads
#   Decrease Java thread stack sizes (-Xss)
#   Set larger code cache with -XX:ReservedCodeCacheSize=
# This output file may be truncated or incomplete.
#
#  Out of Memory Error (os_linux.cpp:2627), pid=9782, tid=0x00007f5d88f30700
#
# JRE version: Java(TM) SE Runtime Environment (8.0_111-b14) (build 1.8.0_111-b14)
# Java VM: Java HotSpot(TM) 64-Bit Server VM (25.111-b14 mixed mode linux-amd64 compressed oops)
# Failed to write core dump. Core dumps have been disabled. To enable core dumping, try "ulimit -c unlimited" before starting Java again
#

---------------  T H R E A D  ---------------

Current thread (0x00007f5d7d15d000):  VMThread [stack: 0x00007f5d88e30000,0x00007f5d88f31000] [id=9793]

Stack: [0x00007f5d88e30000,0x00007f5d88f31000],  sp=0x00007f5d88f2f1e0,  free space=1020k
Native frames: (J=compiled Java code, j=interpreted, Vv=VM code, C=native code)
V  [libjvm.so+0xac5c2a]  VMError::report_and_die()+0x2ba
V  [libjvm.so+0x4fc50b]  report_vm_out_of_memory(char const*, int, unsigned long, VMErrorType, char const*)+0x8b
V  [libjvm.so+0x922ae3]  os::Linux::commit_memory_impl(char*, unsigned long, bool)+0x103
V  [libjvm.so+0x923039]  os::pd_commit_memory(char*, unsigned long, unsigned long, bool)+0x29
V  [libjvm.so+0x91d33a]  os::commit_memory(char*, unsigned long, unsigned long, bool)+0x2a
V  [libjvm.so+0x991ac3]  PSVirtualSpace::expand_by(unsigned long)+0x53
V  [libjvm.so+0x992ec8]  PSYoungGen::resize_generation(unsigned long, unsigned long)+0xf8
V  [libjvm.so+0x992022]  PSYoungGen::resize(unsigned long, unsigned long)+0x22
V  [libjvm.so+0x98f2fb]  PSScavenge::invoke_no_policy()+0xf3b
V  [libjvm.so+0x98fa81]  PSScavenge::invoke()+0x41
V  [libjvm.so+0x9467d0]  ParallelScavengeHeap::failed_mem_allocate(unsigned long)+0x70
V  [libjvm.so+0xac7647]  VM_ParallelGCFailedAllocation::doit()+0x97
V  [libjvm.so+0xacf125]  VM_Operation::evaluate()+0x55
V  [libjvm.so+0xacd4fa]  VMThread::evaluate_operation(VM_Operation*)+0xba
V  [libjvm.so+0xacd87e]  VMThread::loop()+0x1ce
V  [libjvm.so+0xacdcf0]  VMThread::run()+0x70
V  [libjvm.so+0x924ea8]  java_start(Thread*)+0x108

VM_Operation (0x00007f5d652e94d0): ParallelGCFailedAllocation, mode: safepoint, requested by thread 0x00007f5d2c1a6000


---------------  P R O C E S S  ---------------

Java Threads: ( => current thread )
  0x00007f5d2c1a8000 JavaThread "Thread-2" [_thread_blocked, id=9812, stack(0x00007f5d650e9000,0x00007f5d651ea000)]
  0x00007f5d2c1a6000 JavaThread "Thread-1" [_thread_blocked, id=9811, stack(0x00007f5d651ea000,0x00007f5d652eb000)]
  0x00007f5d2c0bf800 JavaThread "TimerQueue" daemon [_thread_blocked, id=9810, stack(0x00007f5d65926000,0x00007f5d65a27000)]
  0x00007f5d2c055000 JavaThread "Image Fetcher 1" daemon [_thread_blocked, id=9809, stack(0x00007f5d660cf000,0x00007f5d661d0000)]
  0x00007f5d2c051000 JavaThread "Image Fetcher 0" daemon [_thread_blocked, id=9808, stack(0x00007f5d6c256000,0x00007f5d6c357000)]
  0x00007f5d7c00a000 JavaThread "DestroyJavaVM" [_thread_blocked, id=9788, stack(0x00007f5d8f432000,0x00007f5d8f533000)]
  0x00007f5d7d2fb800 JavaThread "AWT-EventQueue-0" [_thread_blocked, id=9807, stack(0x00007f5d6c357000,0x00007f5d6c458000)]
  0x00007f5d7d2fa000 JavaThread "AWT-Shutdown" [_thread_blocked, id=9806, stack(0x00007f5d6c458000,0x00007f5d6c559000)]
  0x00007f5d7d2f8000 JavaThread "AWT-XAWT" daemon [_thread_blocked, id=9805, stack(0x00007f5d6c559000,0x00007f5d6c65a000)]
  0x00007f5d7d2e6000 JavaThread "Java2D Disposer" daemon [_thread_blocked, id=9804, stack(0x00007f5d6c65a000,0x00007f5d6c75b000)]
  0x00007f5d7d1a4000 JavaThread "Service Thread" daemon [_thread_blocked, id=9802, stack(0x00007f5d88729000,0x00007f5d8882a000)]
  0x00007f5d7d1a1000 JavaThread "C1 CompilerThread2" daemon [_thread_blocked, id=9801, stack(0x00007f5d8882a000,0x00007f5d8892b000)]
  0x00007f5d7d19f800 JavaThread "C2 CompilerThread1" daemon [_thread_blocked, id=9800, stack(0x00007f5d8892b000,0x00007f5d88a2c000)]
  0x00007f5d7d19c800 JavaThread "C2 CompilerThread0" daemon [_thread_blocked, id=9799, stack(0x00007f5d88a2c000,0x00007f5d88b2d000)]
  0x00007f5d7d19b000 JavaThread "Signal Dispatcher" daemon [_thread_blocked, id=9798, stack(0x00007f5d88b2d000,0x00007f5d88c2e000)]
  0x00007f5d7d169000 JavaThread "Finalizer" daemon [_thread_blocked, id=9795, stack(0x00007f5d88c2e000,0x00007f5d88d2f000)]
  0x00007f5d7d164800 JavaThread "Reference Handler" daemon [_thread_blocked, id=9794, stack(0x00007f5d88d2f000,0x00007f5d88e30000)]

Other Threads:
=>0x00007f5d7d15d000 VMThread [stack: 0x00007f5d88e30000,0x00007f5d88f31000] [id=9793]
  0x00007f5d7d1a7000 WatcherThread [stack: 0x00007f5d88628000,0x00007f5d88729000] [id=9803]

VM state:at safepoint (normal execution)

VM Mutex/Monitor currently owned by a thread:  ([mutex/lock_event])
[0x00007f5d7c0063b0] Threads_lock - owner thread: 0x00007f5d7d15d000
[0x00007f5d7c0068b0] Heap_lock - owner thread: 0x00007f5d2c1a6000

Heap:
 PSYoungGen      total 130560K, used 128K [0x00000000ebe00000, 0x00000000f4100000, 0x0000000100000000)
  eden space 126976K, 0% used [0x00000000ebe00000,0x00000000ebe00000,0x00000000f3a00000)
  from space 3584K, 3% used [0x00000000f3a00000,0x00000000f3a20000,0x00000000f3d80000)
  to   space 3584K, 0% used [0x00000000f3d80000,0x00000000f3d80000,0x00000000f4100000)
 ParOldGen       total 42496K, used 3484K [0x00000000c3a00000, 0x00000000c6380000, 0x00000000ebe00000)
  object space 42496K, 8% used [0x00000000c3a00000,0x00000000c3d67348,0x00000000c6380000)
 Metaspace       used 15286K, capacity 15476K, committed 15872K, reserved 1062912K
  class space    used 1919K, capacity 1996K, committed 2048K, reserved 1048576K

Card table byte_map: [0x00007f5d8a032000,0x00007f5d8a216000] byte_map_base: 0x00007f5d89a15000

Marking Bits: (ParMarkBitMap*) 0x00007f5d8e90d220
 Begin Bits: [0x00007f5d661d0000, 0x00007f5d670e8000)
 End Bits:   [0x00007f5d670e8000, 0x00007f5d68000000)

Polling page: 0x00007f5d8f54f000

CodeCache: size=245760Kb used=4111Kb max_used=4135Kb free=241648Kb
 bounds [0x00007f5d6d000000, 0x00007f5d6d410000, 0x00007f5d7c000000]
 total_blobs=1743 nmethods=1181 adapters=475
 compilation: enabled

Compilation events (10 events):
Event: 5.524 Thread 0x00007f5d7d1a1000 nmethod 1215 0x00007f5d6d3f4690 code [0x00007f5d6d3f48e0, 0x00007f5d6d3f5dd8]
Event: 5.524 Thread 0x00007f5d7d1a1000 1222       3       javax.swing.GroupLayout$ComponentSpring::isLinked (16 bytes)
Event: 5.524 Thread 0x00007f5d7d1a1000 nmethod 1222 0x00007f5d6d3f29d0 code [0x00007f5d6d3f2b60, 0x00007f5d6d3f2d98]
Event: 5.524 Thread 0x00007f5d7d1a1000 1223       3       javax.swing.GroupLayout$ComponentInfo::isLinked (49 bytes)
Event: 5.524 Thread 0x00007f5d7d1a1000 nmethod 1223 0x00007f5d6d3f2590 code [0x00007f5d6d3f2700, 0x00007f5d6d3f2970]
Event: 5.524 Thread 0x00007f5d7d1a1000 1225       3       sun.awt.SunHints$Value::hashCode (5 bytes)
Event: 5.525 Thread 0x00007f5d7d1a1000 nmethod 1225 0x00007f5d6d3f2210 code [0x00007f5d6d3f2380, 0x00007f5d6d3f2508]
Event: 5.525 Thread 0x00007f5d7d1a1000 1221       3       java.util.HashMap$ValueIterator::next (8 bytes)
Event: 5.525 Thread 0x00007f5d7d1a1000 nmethod 1221 0x00007f5d6d3f1dd0 code [0x00007f5d6d3f1f40, 0x00007f5d6d3f2148]
Event: 5.525 Thread 0x00007f5d7d1a1000 1224   !   3       java.awt.Font::equals (132 bytes)

GC Heap History (10 events):
Event: 4.204 GC heap after
Heap after GC invocations=2 (full 0):
 PSYoungGen      total 34304K, used 2533K [0x00000000ebe00000, 0x00000000ee200000, 0x0000000100000000)
  eden space 31744K, 0% used [0x00000000ebe00000,0x00000000ebe00000,0x00000000edd00000)
  from space 2560K, 98% used [0x00000000edf80000,0x00000000ee1f9408,0x00000000ee200000)
  to   space 2560K, 0% used [0x00000000edd00000,0x00000000edd00000,0x00000000edf80000)
 ParOldGen       total 42496K, used 915K [0x00000000c3a00000, 0x00000000c6380000, 0x00000000ebe00000)
  object space 42496K, 2% used [0x00000000c3a00000,0x00000000c3ae4dd0,0x00000000c6380000)
 Metaspace       used 15015K, capacity 15184K, committed 15616K, reserved 1062912K
  class space    used 1894K, capacity 1964K, committed 2048K, reserved 1048576K
}
Event: 4.614 GC heap before
{Heap before GC invocations=3 (full 0):
 PSYoungGen      total 34304K, used 34277K [0x00000000ebe00000, 0x00000000ee200000, 0x0000000100000000)
  eden space 31744K, 100% used [0x00000000ebe00000,0x00000000edd00000,0x00000000edd00000)
  from space 2560K, 98% used [0x00000000edf80000,0x00000000ee1f9408,0x00000000ee200000)
  to   space 2560K, 0% used [0x00000000edd00000,0x00000000edd00000,0x00000000edf80000)
 ParOldGen       total 42496K, used 915K [0x00000000c3a00000, 0x00000000c6380000, 0x00000000ebe00000)
  object space 42496K, 2% used [0x00000000c3a00000,0x00000000c3ae4dd0,0x00000000c6380000)
 Metaspace       used 15258K, capacity 15472K, committed 15872K, reserved 1062912K
  class space    used 1919K, capacity 1996K, committed 2048K, reserved 1048576K
Event: 4.623 GC heap after
Heap after GC invocations=3 (full 0):
 PSYoungGen      total 34304K, used 2548K [0x00000000ebe00000, 0x00000000f0100000, 0x0000000100000000)
  eden space 31744K, 0% used [0x00000000ebe00000,0x00000000ebe00000,0x00000000edd00000)
  from space 2560K, 99% used [0x00000000edd00000,0x00000000edf7d3f8,0x00000000edf80000)
  to   space 2560K, 0% used [0x00000000efe80000,0x00000000efe80000,0x00000000f0100000)
 ParOldGen       total 42496K, used 939K [0x00000000c3a00000, 0x00000000c6380000, 0x00000000ebe00000)
  object space 42496K, 2% used [0x00000000c3a00000,0x00000000c3aeadd0,0x00000000c6380000)
 Metaspace       used 15258K, capacity 15472K, committed 15872K, reserved 1062912K
  class space    used 1919K, capacity 1996K, committed 2048K, reserved 1048576K
}
Event: 4.822 GC heap before
{Heap before GC invocations=4 (full 0):
 PSYoungGen      total 34304K, used 34292K [0x00000000ebe00000, 0x00000000f0100000, 0x0000000100000000)
  eden space 31744K, 100% used [0x00000000ebe00000,0x00000000edd00000,0x00000000edd00000)
  from space 2560K, 99% used [0x00000000edd00000,0x00000000edf7d3f8,0x00000000edf80000)
  to   space 2560K, 0% used [0x00000000efe80000,0x00000000efe80000,0x00000000f0100000)
 ParOldGen       total 42496K, used 939K [0x00000000c3a00000, 0x00000000c6380000, 0x00000000ebe00000)
  object space 42496K, 2% used [0x00000000c3a00000,0x00000000c3aeadd0,0x00000000c6380000)
 Metaspace       used 15276K, capacity 15476K, committed 15872K, reserved 1062912K
  class space    used 1919K, capacity 1996K, committed 2048K, reserved 1048576K
Event: 4.833 GC heap after
Heap after GC invocations=4 (full 0):
 PSYoungGen      total 66048K, used 2528K [0x00000000ebe00000, 0x00000000f0100000, 0x0000000100000000)
  eden space 63488K, 0% used [0x00000000ebe00000,0x00000000ebe00000,0x00000000efc00000)
  from space 2560K, 98% used [0x00000000efe80000,0x00000000f00f83c8,0x00000000f0100000)
  to   space 2560K, 0% used [0x00000000efc00000,0x00000000efc00000,0x00000000efe80000)
 ParOldGen       total 42496K, used 979K [0x00000000c3a00000, 0x00000000c6380000, 0x00000000ebe00000)
  object space 42496K, 2% used [0x00000000c3a00000,0x00000000c3af4dd0,0x00000000c6380000)
 Metaspace       used 15276K, capacity 15476K, committed 15872K, reserved 1062912K
  class space    used 1919K, capacity 1996K, committed 2048K, reserved 1048576K
}
Event: 5.090 GC heap before
{Heap before GC invocations=5 (full 0):
 PSYoungGen      total 66048K, used 66016K [0x00000000ebe00000, 0x00000000f0100000, 0x0000000100000000)
  eden space 63488K, 100% used [0x00000000ebe00000,0x00000000efc00000,0x00000000efc00000)
  from space 2560K, 98% used [0x00000000efe80000,0x00000000f00f83c8,0x00000000f0100000)
  to   space 2560K, 0% used [0x00000000efc00000,0x00000000efc00000,0x00000000efe80000)
 ParOldGen       total 42496K, used 979K [0x00000000c3a00000, 0x00000000c6380000, 0x00000000ebe00000)
  object space 42496K, 2% used [0x00000000c3a00000,0x00000000c3af4dd0,0x00000000c6380000)
 Metaspace       used 15280K, capacity 15476K, committed 15872K, reserved 1062912K
  class space    used 1919K, capacity 1996K, committed 2048K, reserved 1048576K
Event: 5.102 GC heap after
Heap after GC invocations=5 (full 0):
 PSYoungGen      total 66048K, used 2530K [0x00000000ebe00000, 0x00000000f4100000, 0x0000000100000000)
  eden space 63488K, 0% used [0x00000000ebe00000,0x00000000ebe00000,0x00000000efc00000)
  from space 2560K, 98% used [0x00000000efc00000,0x00000000efe78bd8,0x00000000efe80000)
  to   space 3584K, 0% used [0x00000000f3d80000,0x00000000f3d80000,0x00000000f4100000)
 ParOldGen       total 42496K, used 1019K [0x00000000c3a00000, 0x00000000c6380000, 0x00000000ebe00000)
  object space 42496K, 2% used [0x00000000c3a00000,0x00000000c3afedd0,0x00000000c6380000)
 Metaspace       used 15280K, capacity 15476K, committed 15872K, reserved 1062912K
  class space    used 1919K, capacity 1996K, committed 2048K, reserved 1048576K
}
Event: 5.269 GC heap before
{Heap before GC invocations=6 (full 0):
 PSYoungGen      total 66048K, used 66018K [0x00000000ebe00000, 0x00000000f4100000, 0x0000000100000000)
  eden space 63488K, 100% used [0x00000000ebe00000,0x00000000efc00000,0x00000000efc00000)
  from space 2560K, 98% used [0x00000000efc00000,0x00000000efe78bd8,0x00000000efe80000)
  to   space 3584K, 0% used [0x00000000f3d80000,0x00000000f3d80000,0x00000000f4100000)
 ParOldGen       total 42496K, used 1019K [0x00000000c3a00000, 0x00000000c6380000, 0x00000000ebe00000)
  object space 42496K, 2% used [0x00000000c3a00000,0x00000000c3afedd0,0x00000000c6380000)
 Metaspace       used 15280K, capacity 15476K, committed 15872K, reserved 1062912K
  class space    used 1919K, capacity 1996K, committed 2048K, reserved 1048576K
Event: 5.296 GC heap after
Heap after GC invocations=6 (full 0):
 PSYoungGen      total 130560K, used 2517K [0x00000000ebe00000, 0x00000000f4100000, 0x0000000100000000)
  eden space 126976K, 0% used [0x00000000ebe00000,0x00000000ebe00000,0x00000000f3a00000)
  from space 3584K, 70% used [0x00000000f3d80000,0x00000000f3ff5418,0x00000000f4100000)
  to   space 3584K, 0% used [0x00000000f3a00000,0x00000000f3a00000,0x00000000f3d80000)
 ParOldGen       total 42496K, used 1027K [0x00000000c3a00000, 0x00000000c6380000, 0x00000000ebe00000)
  object space 42496K, 2% used [0x00000000c3a00000,0x00000000c3b00dd0,0x00000000c6380000)
 Metaspace       used 15280K, capacity 15476K, committed 15872K, reserved 1062912K
  class space    used 1919K, capacity 1996K, committed 2048K, reserved 1048576K
}
Event: 5.557 GC heap before
{Heap before GC invocations=7 (full 0):
 PSYoungGen      total 130560K, used 129493K [0x00000000ebe00000, 0x00000000f4100000, 0x0000000100000000)
  eden space 126976K, 100% used [0x00000000ebe00000,0x00000000f3a00000,0x00000000f3a00000)
  from space 3584K, 70% used [0x00000000f3d80000,0x00000000f3ff5418,0x00000000f4100000)
  to   space 3584K, 0% used [0x00000000f3a00000,0x00000000f3a00000,0x00000000f3d80000)
 ParOldGen       total 42496K, used 1027K [0x00000000c3a00000, 0x00000000c6380000, 0x00000000ebe00000)
  object space 42496K, 2% used [0x00000000c3a00000,0x00000000c3b00dd0,0x00000000c6380000)
 Metaspace       used 15286K, capacity 15476K, committed 15872K, reserved 1062912K
  class space    used 1919K, capacity 1996K, committed 2048K, reserved 1048576K

Deoptimization events (4 events):
Event: 1.792 Thread 0x00007f5d7d2fb800 Uncommon trap: reason=class_check action=maybe_recompile pc=0x00007f5d6d20ce94 method=java.util.Properties$LineReader.readLine()I @ 62
Event: 1.792 Thread 0x00007f5d7d2fb800 Uncommon trap: reason=unstable_if action=reinterpret pc=0x00007f5d6d20cc30 method=java.util.Properties$LineReader.readLine()I @ 206
Event: 1.843 Thread 0x00007f5d7d2fb800 Uncommon trap: reason=unstable_if action=reinterpret pc=0x00007f5d6d218ac8 method=java.lang.String.indexOf([CII[CIII)I @ 3
Event: 3.567 Thread 0x00007f5d7d2fb800 Uncommon trap: reason=unstable_if action=reinterpret pc=0x00007f5d6d2f773c method=java.util.concurrent.ConcurrentHashMap.get(Ljava/lang/Object;)Ljava/lang/Object; @ 76

Internal exceptions (10 events):
Event: 0.136 Thread 0x00007f5d7c00a000 Exception <a 'java/lang/NoSuchMethodError': Method sun.misc.Unsafe.prefetchRead(Ljava/lang/Object;J)V name or signature does not match> (0x00000000ebe07f60) thrown at [/HUDSON3/workspace/8-2-build-linux-amd64/jdk8u111/7883/hotspot/src/share/vm/prims/jni.c
Event: 0.427 Thread 0x00007f5d7c00a000 Exception <a 'java/security/PrivilegedActionException'> (0x00000000ebf7d8a0) thrown at [/HUDSON3/workspace/8-2-build-linux-amd64/jdk8u111/7883/hotspot/src/share/vm/prims/jvm.cpp, line 1386]
Event: 0.427 Thread 0x00007f5d7c00a000 Exception <a 'java/security/PrivilegedActionException'> (0x00000000ebf7dab0) thrown at [/HUDSON3/workspace/8-2-build-linux-amd64/jdk8u111/7883/hotspot/src/share/vm/prims/jvm.cpp, line 1386]
Event: 0.428 Thread 0x00007f5d7c00a000 Exception <a 'java/security/PrivilegedActionException'> (0x00000000ebf7fef0) thrown at [/HUDSON3/workspace/8-2-build-linux-amd64/jdk8u111/7883/hotspot/src/share/vm/prims/jvm.cpp, line 1386]
Event: 0.428 Thread 0x00007f5d7c00a000 Exception <a 'java/security/PrivilegedActionException'> (0x00000000ebf80100) thrown at [/HUDSON3/workspace/8-2-build-linux-amd64/jdk8u111/7883/hotspot/src/share/vm/prims/jvm.cpp, line 1386]
Event: 0.613 Thread 0x00007f5d7c00a000 Exception <a 'java/lang/NoSuchFieldError': method resolution failed> (0x00000000ec04c990) thrown at [/HUDSON3/workspace/8-2-build-linux-amd64/jdk8u111/7883/hotspot/src/share/vm/prims/methodHandles.cpp, line 1146]
Event: 0.631 Thread 0x00007f5d7c00a000 Exception <a 'java/lang/NoSuchFieldError': method resolution failed> (0x00000000ec05a160) thrown at [/HUDSON3/workspace/8-2-build-linux-amd64/jdk8u111/7883/hotspot/src/share/vm/prims/methodHandles.cpp, line 1146]
Event: 0.732 Thread 0x00007f5d7c00a000 Exception <a 'java/io/FileNotFoundException'> (0x00000000ec0d8e48) thrown at [/HUDSON3/workspace/8-2-build-linux-amd64/jdk8u111/7883/hotspot/src/share/vm/prims/jni.cpp, line 709]
Event: 0.732 Thread 0x00007f5d7c00a000 Exception <a 'java/io/FileNotFoundException'> (0x00000000ec0d9808) thrown at [/HUDSON3/workspace/8-2-build-linux-amd64/jdk8u111/7883/hotspot/src/share/vm/prims/jni.cpp, line 709]
Event: 4.474 Thread 0x00007f5d7d2fb800 Exception <a 'java/lang/UnsupportedOperationException': > (0x00000000ebf18e40) thrown at [/HUDSON3/workspace/8-2-build-linux-amd64/jdk8u111/7883/hotspot/src/share/vm/prims/jni.cpp, line 735]

Events (10 events):
Event: 4.475 loading class java/text/AttributedString$AttributedStringIterator done
Event: 4.603 Executing VM operation: ParallelGCFailedAllocation
Event: 4.623 Executing VM operation: ParallelGCFailedAllocation done
Event: 4.812 Executing VM operation: ParallelGCFailedAllocation
Event: 4.833 Executing VM operation: ParallelGCFailedAllocation done
Event: 5.083 Executing VM operation: ParallelGCFailedAllocation
Event: 5.102 Executing VM operation: ParallelGCFailedAllocation done
Event: 5.255 Executing VM operation: ParallelGCFailedAllocation
Event: 5.296 Executing VM operation: ParallelGCFailedAllocation done
Event: 5.531 Executing VM operation: ParallelGCFailedAllocation


Dynamic libraries:
00400000-00401000 r-xp 00000000 08:03 147193                             /usr/lib/jvm/java-8-oracle/bin/java
00600000-00601000 rw-p 00000000 08:03 147193                             /usr/lib/jvm/java-8-oracle/bin/java
00720000-00758000 rw-p 00000000 00:00 0                                  [heap]
c3a00000-c6380000 rw-p 00000000 00:00 0 
c6380000-ebe00000 ---p 00000000 00:00 0 
ebe00000-f4100000 rw-p 00000000 00:00 0 
fbe00000-100000000 ---p 00000000 00:00 0 
100000000-100200000 rw-p 00000000 00:00 0 
100200000-140000000 ---p 00000000 00:00 0 
7f5d10000000-7f5d10021000 rw-p 00000000 00:00 0 
7f5d10021000-7f5d14000000 ---p 00000000 00:00 0 
7f5d18000000-7f5d18021000 rw-p 00000000 00:00 0 
7f5d18021000-7f5d1c000000 ---p 00000000 00:00 0 
7f5d1c000000-7f5d1c021000 rw-p 00000000 00:00 0 
7f5d1c021000-7f5d20000000 ---p 00000000 00:00 0 
7f5d20000000-7f5d20045000 rw-p 00000000 00:00 0 
7f5d20045000-7f5d24000000 ---p 00000000 00:00 0 
7f5d24000000-7f5d24031000 rw-p 00000000 00:00 0 
7f5d24031000-7f5d28000000 ---p 00000000 00:00 0 
7f5d28000000-7f5d28021000 rw-p 00000000 00:00 0 
7f5d28021000-7f5d2c000000 ---p 00000000 00:00 0 
7f5d2c000000-7f5d2c3c0000 rw-p 00000000 00:00 0 
7f5d2c3c0000-7f5d30000000 ---p 00000000 00:00 0 
7f5d30000000-7f5d30021000 rw-p 00000000 00:00 0 
7f5d30021000-7f5d34000000 ---p 00000000 00:00 0 
7f5d34000000-7f5d34027000 rw-p 00000000 00:00 0 
7f5d34027000-7f5d38000000 ---p 00000000 00:00 0 
7f5d38000000-7f5d38021000 rw-p 00000000 00:00 0 
7f5d38021000-7f5d3c000000 ---p 00000000 00:00 0 
7f5d3c000000-7f5d3c021000 rw-p 00000000 00:00 0 
7f5d3c021000-7f5d40000000 ---p 00000000 00:00 0 
7f5d40000000-7f5d4067d000 rw-p 00000000 00:00 0 
7f5d4067d000-7f5d44000000 ---p 00000000 00:00 0 
7f5d44000000-7f5d445d5000 rw-p 00000000 00:00 0 
7f5d445d5000-7f5d48000000 ---p 00000000 00:00 0 
7f5d48000000-7f5d48021000 rw-p 00000000 00:00 0 
7f5d48021000-7f5d4c000000 ---p 00000000 00:00 0 
7f5d4c000000-7f5d4d1c7000 rw-p 00000000 00:00 0 
7f5d4d1c7000-7f5d50000000 ---p 00000000 00:00 0 
7f5d50000000-7f5d50021000 rw-p 00000000 00:00 0 
7f5d50021000-7f5d54000000 ---p 00000000 00:00 0 
7f5d54000000-7f5d54021000 rw-p 00000000 00:00 0 
7f5d54021000-7f5d58000000 ---p 00000000 00:00 0 
7f5d58000000-7f5d58021000 rw-p 00000000 00:00 0 
7f5d58021000-7f5d5c000000 ---p 00000000 00:00 0 
7f5d5c000000-7f5d5c28c000 rw-p 00000000 00:00 0 
7f5d5c28c000-7f5d60000000 ---p 00000000 00:00 0 
7f5d60000000-7f5d60021000 rw-p 00000000 00:00 0 
7f5d60021000-7f5d64000000 ---p 00000000 00:00 0 
7f5d64e0f000-7f5d64ee8000 r-xp 00000000 08:03 147327                     /usr/lib/jvm/java-8-oracle/jre/lib/amd64/libmlib_image.so
7f5d64ee8000-7f5d650e8000 ---p 000d9000 08:03 147327                     /usr/lib/jvm/java-8-oracle/jre/lib/amd64/libmlib_image.so
7f5d650e8000-7f5d650e9000 rw-p 000d9000 08:03 147327                     /usr/lib/jvm/java-8-oracle/jre/lib/amd64/libmlib_image.so
7f5d650e9000-7f5d650ec000 ---p 00000000 00:00 0 
7f5d650ec000-7f5d651ea000 rw-p 00000000 00:00 0                          [stack:9812]
7f5d651ea000-7f5d651ed000 ---p 00000000 00:00 0 
7f5d651ed000-7f5d652eb000 rw-p 00000000 00:00 0                          [stack:9811]
7f5d652eb000-7f5d65326000 r-xp 00000000 08:03 147309                     /usr/lib/jvm/java-8-oracle/jre/lib/amd64/libjpeg.so
7f5d65326000-7f5d65525000 ---p 0003b000 08:03 147309                     /usr/lib/jvm/java-8-oracle/jre/lib/amd64/libjpeg.so
7f5d65525000-7f5d65526000 rw-p 0003a000 08:03 147309                     /usr/lib/jvm/java-8-oracle/jre/lib/amd64/libjpeg.so
7f5d65526000-7f5d656a6000 rw-p 00000000 00:00 0 
7f5d656a6000-7f5d65726000 ---p 00000000 00:00 0 
7f5d65726000-7f5d65926000 rw-p 00000000 00:00 0 
7f5d65926000-7f5d65929000 ---p 00000000 00:00 0 
7f5d65929000-7f5d65a27000 rw-p 00000000 00:00 0                          [stack:9810]
7f5d65a27000-7f5d65a90000 r-xp 00000000 08:03 147338                     /usr/lib/jvm/java-8-oracle/jre/lib/amd64/libt2k.so
7f5d65a90000-7f5d65c90000 ---p 00069000 08:03 147338                     /usr/lib/jvm/java-8-oracle/jre/lib/amd64/libt2k.so
7f5d65c90000-7f5d65c97000 rw-p 00069000 08:03 147338                     /usr/lib/jvm/java-8-oracle/jre/lib/amd64/libt2k.so
7f5d65c97000-7f5d65ca7000 rw-p 00000000 00:00 0 
7f5d65ca7000-7f5d65cb8000 r-xp 00000000 08:03 147332                     /usr/lib/jvm/java-8-oracle/jre/lib/amd64/libnio.so
7f5d65cb8000-7f5d65eb7000 ---p 00011000 08:03 147332                     /usr/lib/jvm/java-8-oracle/jre/lib/amd64/libnio.so
7f5d65eb7000-7f5d65eb8000 rw-p 00010000 08:03 147332                     /usr/lib/jvm/java-8-oracle/jre/lib/amd64/libnio.so
7f5d65eb8000-7f5d65ece000 r-xp 00000000 08:03 147293                     /usr/lib/jvm/java-8-oracle/jre/lib/amd64/libnet.so
7f5d65ece000-7f5d660ce000 ---p 00016000 08:03 147293                     /usr/lib/jvm/java-8-oracle/jre/lib/amd64/libnet.so
7f5d660ce000-7f5d660cf000 rw-p 00016000 08:03 147293                     /usr/lib/jvm/java-8-oracle/jre/lib/amd64/libnet.so
7f5d660cf000-7f5d660d2000 ---p 00000000 00:00 0 
7f5d660d2000-7f5d68000000 rw-p 00000000 00:00 0                          [stack:9809]
7f5d68000000-7f5d68021000 rw-p 00000000 00:00 0 
7f5d68021000-7f5d6c000000 ---p 00000000 00:00 0 
7f5d6c056000-7f5d6c256000 rw-p 00000000 00:00 0 
7f5d6c256000-7f5d6c259000 ---p 00000000 00:00 0 
7f5d6c259000-7f5d6c357000 rw-p 00000000 00:00 0                          [stack:9808]
7f5d6c357000-7f5d6c35a000 ---p 00000000 00:00 0 
7f5d6c35a000-7f5d6c458000 rw-p 00000000 00:00 0                          [stack:9807]
7f5d6c458000-7f5d6c45b000 ---p 00000000 00:00 0 
7f5d6c45b000-7f5d6c559000 rw-p 00000000 00:00 0                          [stack:9806]
7f5d6c559000-7f5d6c55c000 ---p 00000000 00:00 0 
7f5d6c55c000-7f5d6c65a000 rw-p 00000000 00:00 0                          [stack:9805]
7f5d6c65a000-7f5d6c65d000 ---p 00000000 00:00 0 
7f5d6c65d000-7f5d6c75b000 rw-p 00000000 00:00 0                          [stack:9804]
7f5d6c75b000-7f5d6c771000 r-xp 00000000 08:03 397884                     /lib/x86_64-linux-gnu/libgcc_s.so.1
7f5d6c771000-7f5d6c970000 ---p 00016000 08:03 397884                     /lib/x86_64-linux-gnu/libgcc_s.so.1
7f5d6c970000-7f5d6c971000 rw-p 00015000 08:03 397884                     /lib/x86_64-linux-gnu/libgcc_s.so.1
7f5d6c971000-7f5d6c9d6000 r-xp 00000000 08:03 147282                     /usr/lib/jvm/java-8-oracle/jre/lib/amd64/libfontmanager.so
7f5d6c9d6000-7f5d6cbd5000 ---p 00065000 08:03 147282                     /usr/lib/jvm/java-8-oracle/jre/lib/amd64/libfontmanager.so
7f5d6cbd5000-7f5d6cbda000 rw-p 00064000 08:03 147282                     /usr/lib/jvm/java-8-oracle/jre/lib/amd64/libfontmanager.so
7f5d6cbda000-7f5d6cbea000 rw-p 00000000 00:00 0 
7f5d6cbea000-7f5d6cbf9000 r-xp 00000000 08:03 2369242                    /usr/lib/x86_64-linux-gnu/libXi.so.6.1.0
7f5d6cbf9000-7f5d6cdf8000 ---p 0000f000 08:03 2369242                    /usr/lib/x86_64-linux-gnu/libXi.so.6.1.0
7f5d6cdf8000-7f5d6cdf9000 r--p 0000e000 08:03 2369242                    /usr/lib/x86_64-linux-gnu/libXi.so.6.1.0
7f5d6cdf9000-7f5d6cdfa000 rw-p 0000f000 08:03 2369242                    /usr/lib/x86_64-linux-gnu/libXi.so.6.1.0
7f5d6cdfa000-7f5d6cdff000 r-xp 00000000 08:03 2369262                    /usr/lib/x86_64-linux-gnu/libXtst.so.6.1.0
7f5d6cdff000-7f5d6cffe000 ---p 00005000 08:03 2369262                    /usr/lib/x86_64-linux-gnu/libXtst.so.6.1.0
7f5d6cffe000-7f5d6cfff000 r--p 00004000 08:03 2369262                    /usr/lib/x86_64-linux-gnu/libXtst.so.6.1.0
7f5d6cfff000-7f5d6d000000 rw-p 00005000 08:03 2369262                    /usr/lib/x86_64-linux-gnu/libXtst.so.6.1.0
7f5d6d000000-7f5d6d410000 rwxp 00000000 00:00 0 
7f5d6d410000-7f5d7c000000 ---p 00000000 00:00 0 
7f5d7c000000-7f5d7d503000 rw-p 00000000 00:00 0 
7f5d7d503000-7f5d80000000 ---p 00000000 00:00 0 
7f5d80000000-7f5d80021000 rw-p 00000000 00:00 0 
7f5d80021000-7f5d84000000 ---p 00000000 00:00 0 
7f5d84000000-7f5d841e9000 rw-p 00000000 00:00 0 
7f5d841e9000-7f5d88000000 ---p 00000000 00:00 0 
7f5d880fd000-7f5d88151000 r-xp 00000000 08:03 147314                     /usr/lib/jvm/java-8-oracle/jre/lib/amd64/libawt_xawt.so
7f5d88151000-7f5d88351000 ---p 00054000 08:03 147314                     /usr/lib/jvm/java-8-oracle/jre/lib/amd64/libawt_xawt.so
7f5d88351000-7f5d88355000 rw-p 00054000 08:03 147314                     /usr/lib/jvm/java-8-oracle/jre/lib/amd64/libawt_xawt.so
7f5d88355000-7f5d88356000 rw-p 00000000 00:00 0 
7f5d88356000-7f5d883f8000 r-xp 00000000 08:03 147299                     /usr/lib/jvm/java-8-oracle/jre/lib/amd64/libawt.so
7f5d883f8000-7f5d885f8000 ---p 000a2000 08:03 147299                     /usr/lib/jvm/java-8-oracle/jre/lib/amd64/libawt.so
7f5d885f8000-7f5d88604000 rw-p 000a2000 08:03 147299                     /usr/lib/jvm/java-8-oracle/jre/lib/amd64/libawt.so
7f5d88604000-7f5d88628000 rw-p 00000000 00:00 0 
7f5d88628000-7f5d88629000 ---p 00000000 00:00 0 
7f5d88629000-7f5d88729000 rw-p 00000000 00:00 0                          [stack:9803]
7f5d88729000-7f5d8872c000 ---p 00000000 00:00 0 
7f5d8872c000-7f5d8882a000 rw-p 00000000 00:00 0                          [stack:9802]
7f5d8882a000-7f5d8882d000 ---p 00000000 00:00 0 
7f5d8882d000-7f5d8892b000 rw-p 00000000 00:00 0                          [stack:9801]
7f5d8892b000-7f5d8892e000 ---p 00000000 00:00 0 
7f5d8892e000-7f5d88a2c000 rw-p 00000000 00:00 0                          [stack:9800]
7f5d88a2c000-7f5d88a2f000 ---p 00000000 00:00 0 
7f5d88a2f000-7f5d88b2d000 rw-p 00000000 00:00 0                          [stack:9799]
7f5d88b2d000-7f5d88b30000 ---p 00000000 00:00 0 
7f5d88b30000-7f5d88c2e000 rw-p 00000000 00:00 0                          [stack:9798]
7f5d88c2e000-7f5d88c31000 ---p 00000000 00:00 0 
7f5d88c31000-7f5d88d2f000 rw-p 00000000 00:00 0                          [stack:9795]
7f5d88d2f000-7f5d88d32000 ---p 00000000 00:00 0 
7f5d88d32000-7f5d88e30000 rw-p 00000000 00:00 0                          [stack:9794]
7f5d88e30000-7f5d88e31000 ---p 00000000 00:00 0 
7f5d88e31000-7f5d88f31000 rw-p 00000000 00:00 0                          [stack:9793]
7f5d88f31000-7f5d89109000 r--s 03d2a000 08:03 147348                     /usr/lib/jvm/java-8-oracle/jre/lib/rt.jar
7f5d89109000-7f5d89aec000 rw-p 00000000 00:00 0 
7f5d89aec000-7f5d89aed000 ---p 00000000 00:00 0 
7f5d89aed000-7f5d89bed000 rw-p 00000000 00:00 0                          [stack:9792]
7f5d89bed000-7f5d89bee000 ---p 00000000 00:00 0 
7f5d89bee000-7f5d89cee000 rw-p 00000000 00:00 0                          [stack:9791]
7f5d89cee000-7f5d89cef000 ---p 00000000 00:00 0 
7f5d89cef000-7f5d89def000 rw-p 00000000 00:00 0                          [stack:9790]
7f5d89def000-7f5d89df0000 ---p 00000000 00:00 0 
7f5d89df0000-7f5d89f05000 rw-p 00000000 00:00 0                          [stack:9789]
7f5d89f05000-7f5d8a032000 ---p 00000000 00:00 0 
7f5d8a032000-7f5d8a047000 rw-p 00000000 00:00 0 
7f5d8a047000-7f5d8a174000 ---p 00000000 00:00 0 
7f5d8a174000-7f5d8a1b6000 rw-p 00000000 00:00 0 
7f5d8a1b6000-7f5d8a215000 ---p 00000000 00:00 0 
7f5d8a215000-7f5d8a227000 rw-p 00000000 00:00 0 
7f5d8a227000-7f5d8a5d6000 ---p 00000000 00:00 0 
7f5d8a5d6000-7f5d8a5f0000 r-xp 00000000 08:03 147337                     /usr/lib/jvm/java-8-oracle/jre/lib/amd64/libzip.so
7f5d8a5f0000-7f5d8a7f0000 ---p 0001a000 08:03 147337                     /usr/lib/jvm/java-8-oracle/jre/lib/amd64/libzip.so
7f5d8a7f0000-7f5d8a7f1000 rw-p 0001a000 08:03 147337                     /usr/lib/jvm/java-8-oracle/jre/lib/amd64/libzip.so
7f5d8a7f1000-7f5d8a7fb000 r-xp 00000000 08:03 394379                     /lib/x86_64-linux-gnu/libnss_files-2.19.so
7f5d8a7fb000-7f5d8a9fa000 ---p 0000a000 08:03 394379                     /lib/x86_64-linux-gnu/libnss_files-2.19.so
7f5d8a9fa000-7f5d8a9fb000 r--p 00009000 08:03 394379                     /lib/x86_64-linux-gnu/libnss_files-2.19.so
7f5d8a9fb000-7f5d8a9fc000 rw-p 0000a000 08:03 394379                     /lib/x86_64-linux-gnu/libnss_files-2.19.so
7f5d8a9fc000-7f5d8aa07000 r-xp 00000000 08:03 394342                     /lib/x86_64-linux-gnu/libnss_nis-2.19.so
7f5d8aa07000-7f5d8ac06000 ---p 0000b000 08:03 394342                     /lib/x86_64-linux-gnu/libnss_nis-2.19.so
7f5d8ac06000-7f5d8ac07000 r--p 0000a000 08:03 394342                     /lib/x86_64-linux-gnu/libnss_nis-2.19.so
7f5d8ac07000-7f5d8ac08000 rw-p 0000b000 08:03 394342                     /lib/x86_64-linux-gnu/libnss_nis-2.19.so
7f5d8ac08000-7f5d8ac1f000 r-xp 00000000 08:03 394332                     /lib/x86_64-linux-gnu/libnsl-2.19.so
7f5d8ac1f000-7f5d8ae1e000 ---p 00017000 08:03 394332                     /lib/x86_64-linux-gnu/libnsl-2.19.so
7f5d8ae1e000-7f5d8ae1f000 r--p 00016000 08:03 394332                     /lib/x86_64-linux-gnu/libnsl-2.19.so
7f5d8ae1f000-7f5d8ae20000 rw-p 00017000 08:03 394332                     /lib/x86_64-linux-gnu/libnsl-2.19.so
7f5d8ae20000-7f5d8ae22000 rw-p 00000000 00:00 0 
7f5d8ae22000-7f5d8ae2b000 r-xp 00000000 08:03 394326                     /lib/x86_64-linux-gnu/libnss_compat-2.19.so
7f5d8ae2b000-7f5d8b02a000 ---p 00009000 08:03 394326                     /lib/x86_64-linux-gnu/libnss_compat-2.19.so
7f5d8b02a000-7f5d8b02b000 r--p 00008000 08:03 394326                     /lib/x86_64-linux-gnu/libnss_compat-2.19.so
7f5d8b02b000-7f5d8b02c000 rw-p 00009000 08:03 394326                     /lib/x86_64-linux-gnu/libnss_compat-2.19.so
7f5d8b02c000-7f5d8b057000 r-xp 00000000 08:03 147281                     /usr/lib/jvm/java-8-oracle/jre/lib/amd64/libjava.so
7f5d8b057000-7f5d8b256000 ---p 0002b000 08:03 147281                     /usr/lib/jvm/java-8-oracle/jre/lib/amd64/libjava.so
7f5d8b256000-7f5d8b258000 rw-p 0002a000 08:03 147281                     /usr/lib/jvm/java-8-oracle/jre/lib/amd64/libjava.so
7f5d8b258000-7f5d8b265000 r-xp 00000000 08:03 147315                     /usr/lib/jvm/java-8-oracle/jre/lib/amd64/libverify.so
7f5d8b265000-7f5d8b464000 ---p 0000d000 08:03 147315                     /usr/lib/jvm/java-8-oracle/jre/lib/amd64/libverify.so
7f5d8b464000-7f5d8b466000 rw-p 0000c000 08:03 147315                     /usr/lib/jvm/java-8-oracle/jre/lib/amd64/libverify.so
7f5d8b466000-7f5d8b46d000 r-xp 00000000 08:03 394367                     /lib/x86_64-linux-gnu/librt-2.19.so
7f5d8b46d000-7f5d8b66c000 ---p 00007000 08:03 394367                     /lib/x86_64-linux-gnu/librt-2.19.so
7f5d8b66c000-7f5d8b66d000 r--p 00006000 08:03 394367                     /lib/x86_64-linux-gnu/librt-2.19.so
7f5d8b66d000-7f5d8b66e000 rw-p 00007000 08:03 394367                     /lib/x86_64-linux-gnu/librt-2.19.so
7f5d8b66e000-7f5d8b673000 r-xp 00000000 08:03 2369236                    /usr/lib/x86_64-linux-gnu/libXfixes.so.3.1.0
7f5d8b673000-7f5d8b872000 ---p 00005000 08:03 2369236                    /usr/lib/x86_64-linux-gnu/libXfixes.so.3.1.0
7f5d8b872000-7f5d8b873000 r--p 00004000 08:03 2369236                    /usr/lib/x86_64-linux-gnu/libXfixes.so.3.1.0
7f5d8b873000-7f5d8b874000 rw-p 00005000 08:03 2369236                    /usr/lib/x86_64-linux-gnu/libXfixes.so.3.1.0
7f5d8b874000-7f5d8b87d000 r-xp 00000000 08:03 2369256                    /usr/lib/x86_64-linux-gnu/libXrender.so.1.3.0
7f5d8b87d000-7f5d8ba7c000 ---p 00009000 08:03 2369256                    /usr/lib/x86_64-linux-gnu/libXrender.so.1.3.0
7f5d8ba7c000-7f5d8ba7d000 r--p 00008000 08:03 2369256                    /usr/lib/x86_64-linux-gnu/libXrender.so.1.3.0
7f5d8ba7d000-7f5d8ba7e000 rw-p 00009000 08:03 2369256                    /usr/lib/x86_64-linux-gnu/libXrender.so.1.3.0
7f5d8ba7e000-7f5d8bd47000 r--p 00000000 08:03 2367214                    /usr/lib/locale/locale-archive
7f5d8bd47000-7f5d8bd48000 ---p 00000000 00:00 0 
7f5d8bd48000-7f5d8c548000 rw-p 00000000 00:00 0 
7f5d8c665000-7f5d8c66e000 r-xp 00000000 08:03 2369228                    /usr/lib/x86_64-linux-gnu/libXcursor.so.1.0.2
7f5d8c66e000-7f5d8c86d000 ---p 00009000 08:03 2369228                    /usr/lib/x86_64-linux-gnu/libXcursor.so.1.0.2
7f5d8c86d000-7f5d8c86e000 r--p 00008000 08:03 2369228                    /usr/lib/x86_64-linux-gnu/libXcursor.so.1.0.2
7f5d8c86e000-7f5d8c86f000 rw-p 00009000 08:03 2369228                    /usr/lib/x86_64-linux-gnu/libXcursor.so.1.0.2
7f5d8c86f000-7f5d8c874000 r-xp 00000000 08:03 2369232                    /usr/lib/x86_64-linux-gnu/libXdmcp.so.6.0.0
7f5d8c874000-7f5d8ca73000 ---p 00005000 08:03 2369232                    /usr/lib/x86_64-linux-gnu/libXdmcp.so.6.0.0
7f5d8ca73000-7f5d8ca74000 r--p 00004000 08:03 2369232                    /usr/lib/x86_64-linux-gnu/libXdmcp.so.6.0.0
7f5d8ca74000-7f5d8ca75000 rw-p 00005000 08:03 2369232                    /usr/lib/x86_64-linux-gnu/libXdmcp.so.6.0.0
7f5d8ca75000-7f5d8ca77000 r-xp 00000000 08:03 2369221                    /usr/lib/x86_64-linux-gnu/libXau.so.6.0.0
7f5d8ca77000-7f5d8cc77000 ---p 00002000 08:03 2369221                    /usr/lib/x86_64-linux-gnu/libXau.so.6.0.0
7f5d8cc77000-7f5d8cc78000 r--p 00002000 08:03 2369221                    /usr/lib/x86_64-linux-gnu/libXau.so.6.0.0
7f5d8cc78000-7f5d8cc79000 rw-p 00003000 08:03 2369221                    /usr/lib/x86_64-linux-gnu/libXau.so.6.0.0
7f5d8cc79000-7f5d8cc96000 r-xp 00000000 08:03 2370440                    /usr/lib/x86_64-linux-gnu/libxcb.so.1.1.0
7f5d8cc96000-7f5d8ce96000 ---p 0001d000 08:03 2370440                    /usr/lib/x86_64-linux-gnu/libxcb.so.1.1.0
7f5d8ce96000-7f5d8ce97000 r--p 0001d000 08:03 2370440                    /usr/lib/x86_64-linux-gnu/libxcb.so.1.1.0
7f5d8ce97000-7f5d8ce98000 rw-p 0001e000 08:03 2370440                    /usr/lib/x86_64-linux-gnu/libxcb.so.1.1.0
7f5d8ce98000-7f5d8cea9000 r-xp 00000000 08:03 2369234                    /usr/lib/x86_64-linux-gnu/libXext.so.6.4.0
7f5d8cea9000-7f5d8d0a8000 ---p 00011000 08:03 2369234                    /usr/lib/x86_64-linux-gnu/libXext.so.6.4.0
7f5d8d0a8000-7f5d8d0a9000 r--p 00010000 08:03 2369234                    /usr/lib/x86_64-linux-gnu/libXext.so.6.4.0
7f5d8d0a9000-7f5d8d0aa000 rw-p 00011000 08:03 2369234                    /usr/lib/x86_64-linux-gnu/libXext.so.6.4.0
7f5d8d0aa000-7f5d8d1da000 r-xp 00000000 08:03 2369217                    /usr/lib/x86_64-linux-gnu/libX11.so.6.3.0
7f5d8d1da000-7f5d8d3da000 ---p 00130000 08:03 2369217                    /usr/lib/x86_64-linux-gnu/libX11.so.6.3.0
7f5d8d3da000-7f5d8d3db000 r--p 00130000 08:03 2369217                    /usr/lib/x86_64-linux-gnu/libX11.so.6.3.0
7f5d8d3db000-7f5d8d3df000 rw-p 00131000 08:03 2369217                    /usr/lib/x86_64-linux-gnu/libX11.so.6.3.0
7f5d8d3df000-7f5d8d440000 r-xp 00000000 08:03 147279                     /usr/lib/jvm/java-8-oracle/jre/lib/amd64/libsplashscreen.so
7f5d8d440000-7f5d8d640000 ---p 00061000 08:03 147279                     /usr/lib/jvm/java-8-oracle/jre/lib/amd64/libsplashscreen.so
7f5d8d640000-7f5d8d641000 rw-p 00061000 08:03 147279                     /usr/lib/jvm/java-8-oracle/jre/lib/amd64/libsplashscreen.so
7f5d8d641000-7f5d8d644000 rw-p 00000000 00:00 0 
7f5d8d644000-7f5d8d749000 r-xp 00000000 08:03 394317                     /lib/x86_64-linux-gnu/libm-2.19.so
7f5d8d749000-7f5d8d948000 ---p 00105000 08:03 394317                     /lib/x86_64-linux-gnu/libm-2.19.so
7f5d8d948000-7f5d8d949000 r--p 00104000 08:03 394317                     /lib/x86_64-linux-gnu/libm-2.19.so
7f5d8d949000-7f5d8d94a000 rw-p 00105000 08:03 394317                     /lib/x86_64-linux-gnu/libm-2.19.so
7f5d8d94a000-7f5d8e617000 r-xp 00000000 08:03 147311                     /usr/lib/jvm/java-8-oracle/jre/lib/amd64/server/libjvm.so
7f5d8e617000-7f5d8e816000 ---p 00ccd000 08:03 147311                     /usr/lib/jvm/java-8-oracle/jre/lib/amd64/server/libjvm.so
7f5d8e816000-7f5d8e8ef000 rw-p 00ccc000 08:03 147311                     /usr/lib/jvm/java-8-oracle/jre/lib/amd64/server/libjvm.so
7f5d8e8ef000-7f5d8e93a000 rw-p 00000000 00:00 0 
7f5d8e93a000-7f5d8eaf4000 r-xp 00000000 08:03 394368                     /lib/x86_64-linux-gnu/libc-2.19.so
7f5d8eaf4000-7f5d8ecf4000 ---p 001ba000 08:03 394368                     /lib/x86_64-linux-gnu/libc-2.19.so
7f5d8ecf4000-7f5d8ecf8000 r--p 001ba000 08:03 394368                     /lib/x86_64-linux-gnu/libc-2.19.so
7f5d8ecf8000-7f5d8ecfa000 rw-p 001be000 08:03 394368                     /lib/x86_64-linux-gnu/libc-2.19.so
7f5d8ecfa000-7f5d8ecff000 rw-p 00000000 00:00 0 
7f5d8ecff000-7f5d8ed02000 r-xp 00000000 08:03 394319                     /lib/x86_64-linux-gnu/libdl-2.19.so
7f5d8ed02000-7f5d8ef01000 ---p 00003000 08:03 394319                     /lib/x86_64-linux-gnu/libdl-2.19.so
7f5d8ef01000-7f5d8ef02000 r--p 00002000 08:03 394319                     /lib/x86_64-linux-gnu/libdl-2.19.so
7f5d8ef02000-7f5d8ef03000 rw-p 00003000 08:03 394319                     /lib/x86_64-linux-gnu/libdl-2.19.so
7f5d8ef03000-7f5d8ef18000 r-xp 00000000 08:03 146537                     /usr/lib/jvm/java-8-oracle/lib/amd64/jli/libjli.so
7f5d8ef18000-7f5d8f118000 ---p 00015000 08:03 146537                     /usr/lib/jvm/java-8-oracle/lib/amd64/jli/libjli.so
7f5d8f118000-7f5d8f119000 rw-p 00015000 08:03 146537                     /usr/lib/jvm/java-8-oracle/lib/amd64/jli/libjli.so
7f5d8f119000-7f5d8f132000 r-xp 00000000 08:03 394333                     /lib/x86_64-linux-gnu/libpthread-2.19.so
7f5d8f132000-7f5d8f331000 ---p 00019000 08:03 394333                     /lib/x86_64-linux-gnu/libpthread-2.19.so
7f5d8f331000-7f5d8f332000 r--p 00018000 08:03 394333                     /lib/x86_64-linux-gnu/libpthread-2.19.so
7f5d8f332000-7f5d8f333000 rw-p 00019000 08:03 394333                     /lib/x86_64-linux-gnu/libpthread-2.19.so
7f5d8f333000-7f5d8f337000 rw-p 00000000 00:00 0 
7f5d8f337000-7f5d8f35a000 r-xp 00000000 08:03 394338                     /lib/x86_64-linux-gnu/ld-2.19.so
7f5d8f365000-7f5d8f378000 r--s 00345000 08:03 147350                     /usr/lib/jvm/java-8-oracle/jre/lib/resources.jar
7f5d8f378000-7f5d8f382000 r--s 00116000 08:03 414788                     /usr/lib/jvm/java-8-oracle/jre/lib/ext/localedata.jar
7f5d8f382000-7f5d8f39e000 r--s 00393000 08:03 414785                     /usr/lib/jvm/java-8-oracle/jre/lib/ext/cldrdata.jar
7f5d8f3a4000-7f5d8f3a5000 rw-p 00000000 00:00 0 
7f5d8f3a5000-7f5d8f3b6000 rw-s 00000000 00:05 929529867                  /SYSV00000000 (deleted)
7f5d8f3b6000-7f5d8f3b8000 r--s 0000f000 08:03 2502454                    /usr/lib/jvm/java-8-oracle/lib/jcalendar-1.1.4.jar
7f5d8f3b8000-7f5d8f3c0000 r--s 000c4000 08:03 2495729                    /usr/lib/jvm/java-8-oracle/lib/mysql-connector-java-5.1.23-bin.jar
7f5d8f3c0000-7f5d8f3cb000 r--s 0005e000 08:03 2495728                    /usr/lib/jvm/java-8-oracle/lib/synthetica.jar
7f5d8f3cb000-7f5d8f3d1000 r--s 00018000 08:03 2495727                    /usr/lib/jvm/java-8-oracle/lib/syntheticaSilverMoon.jar
7f5d8f3d1000-7f5d8f3ee000 r--s 001bd000 08:03 2495724                    /usr/lib/jvm/java-8-oracle/lib/jide-oss-3.6.18.jar
7f5d8f3ee000-7f5d8f40b000 r--s 0014f000 08:03 2495723                    /usr/lib/jvm/java-8-oracle/lib/swingx-all-1.6.4.jar
7f5d8f40b000-7f5d8f41f000 r--s 00113000 08:03 2495722                    /usr/lib/jvm/java-8-oracle/lib/JTattoo-1.6.11.jar
7f5d8f41f000-7f5d8f432000 rw-p 00000000 00:00 0 
7f5d8f432000-7f5d8f435000 ---p 00000000 00:00 0 
7f5d8f435000-7f5d8f537000 rw-p 00000000 00:00 0                          [stack:9788]
7f5d8f537000-7f5d8f539000 r--s 00007000 08:03 2495730                    /usr/lib/jvm/java-8-oracle/lib/jdatepicker-1.3.2.jar
7f5d8f539000-7f5d8f545000 r--s 000a4000 08:03 2495721                    /usr/lib/jvm/java-8-oracle/lib/seaglasslookandfeel-0.2.jar
7f5d8f545000-7f5d8f546000 r--s 00000000 08:03 1843179                    /home/tharindu/netbeans-8.2/java/modules/ext/AbsoluteLayout.jar
7f5d8f546000-7f5d8f54e000 rw-s 00000000 08:03 2230266                    /tmp/hsperfdata_tharindu/9782
7f5d8f54e000-7f5d8f54f000 rw-p 00000000 00:00 0 
7f5d8f54f000-7f5d8f550000 ---p 00000000 00:00 0 
7f5d8f550000-7f5d8f557000 r--s 00000000 08:03 147925                     /usr/lib/x86_64-linux-gnu/gconv/gconv-modules.cache
7f5d8f557000-7f5d8f559000 rw-p 00000000 00:00 0 
7f5d8f559000-7f5d8f55a000 r--p 00022000 08:03 394338                     /lib/x86_64-linux-gnu/ld-2.19.so
7f5d8f55a000-7f5d8f55b000 rw-p 00023000 08:03 394338                     /lib/x86_64-linux-gnu/ld-2.19.so
7f5d8f55b000-7f5d8f55c000 rw-p 00000000 00:00 0 
7fff91ca2000-7fff91cc3000 rw-p 00000000 00:00 0                          [stack]
7fff91cd8000-7fff91cda000 r--p 00000000 00:00 0                          [vvar]
7fff91cda000-7fff91cdc000 r-xp 00000000 00:00 0                          [vdso]
ffffffffff600000-ffffffffff601000 r-xp 00000000 00:00 0                  [vsyscall]

VM Arguments:
jvm_args: -Dfile.encoding=UTF-8 
java_command: com.mangroven.hotel.view.mainFrame
java_class_path (initial): /home/tharindu/netbeans-8.2/java/modules/ext/AbsoluteLayout.jar:/usr/lib/jvm/java-8-oracle/lib/JTattoo-1.6.11.jar:/usr/lib/jvm/java-8-oracle/lib/seaglasslookandfeel-0.2.jar:/usr/lib/jvm/java-8-oracle/lib/swingx-all-1.6.4.jar:/usr/lib/jvm/java-8-oracle/lib/jide-oss-3.6.18.jar:/usr/lib/jvm/java-8-oracle/lib/syntheticaSilverMoon.jar:/usr/lib/jvm/java-8-oracle/lib/synthetica.jar:/usr/lib/jvm/java-8-oracle/lib/mysql-connector-java-5.1.23-bin.jar:/usr/lib/jvm/java-8-oracle/lib/jdatepicker-1.3.2.jar:/usr/lib/jvm/java-8-oracle/lib/jcalendar-1.1.4.jar:/home/tharindu/NetBeansProjects/Hotel/build/classes
Launcher Type: SUN_STANDARD

Environment Variables:
JAVA_HOME=/usr/lib/jvm/java-8-oracle
PATH=/usr/local/sbin:/usr/local/bin:/usr/sbin:/usr/bin:/sbin:/bin:/usr/games:/usr/local/games:/usr/lib/jvm/java-8-oracle/bin:/usr/lib/jvm/java-8-oracle/db/bin:/usr/lib/jvm/java-8-oracle/jre/bin
USERNAME=tharindu
LD_LIBRARY_PATH=/usr/lib/jvm/java-8-oracle/jre/lib/amd64:/usr/lib/jvm/java-8-oracle/jre/lib/i386:
SHELL=/bin/bash
DISPLAY=:0

Signal Handlers:
SIGSEGV: [libjvm.so+0xac64b0], sa_mask[0]=11111111011111111101111111111110, sa_flags=SA_RESTART|SA_SIGINFO
SIGBUS: [libjvm.so+0xac64b0], sa_mask[0]=11111111011111111101111111111110, sa_flags=SA_RESTART|SA_SIGINFO
SIGFPE: [libjvm.so+0x91f950], sa_mask[0]=11111111011111111101111111111110, sa_flags=SA_RESTART|SA_SIGINFO
SIGPIPE: [libjvm.so+0x91f950], sa_mask[0]=11111111011111111101111111111110, sa_flags=SA_RESTART|SA_SIGINFO
SIGXFSZ: [libjvm.so+0x91f950], sa_mask[0]=11111111011111111101111111111110, sa_flags=SA_RESTART|SA_SIGINFO
SIGILL: [libjvm.so+0x91f950], sa_mask[0]=11111111011111111101111111111110, sa_flags=SA_RESTART|SA_SIGINFO
SIGUSR1: SIG_DFL, sa_mask[0]=00000000000000000000000000000000, sa_flags=none
SIGUSR2: [libjvm.so+0x920f80], sa_mask[0]=00100000000000000000000000000000, sa_flags=SA_RESTART|SA_SIGINFO
SIGHUP: [libjvm.so+0x922380], sa_mask[0]=11111111011111111101111111111110, sa_flags=SA_RESTART|SA_SIGINFO
SIGINT: SIG_IGN, sa_mask[0]=00000000000000000000000000000000, sa_flags=none
SIGTERM: [libjvm.so+0x922380], sa_mask[0]=11111111011111111101111111111110, sa_flags=SA_RESTART|SA_SIGINFO
SIGQUIT: [libjvm.so+0x922380], sa_mask[0]=11111111011111111101111111111110, sa_flags=SA_RESTART|SA_SIGINFO


---------------  S Y S T E M  ---------------

OS:DISTRIB_ID=LinuxMint
DISTRIB_RELEASE=17.3
DISTRIB_CODENAME=rosa
DISTRIB_DESCRIPTION="Linux Mint 17.3 Rosa"

uname:Linux 3.19.0-32-generic #37~14.04.1-Ubuntu SMP Thu Oct 22 09:41:40 UTC 2015 x86_64
libc:glibc 2.19 NPTL 2.19 
rlimit: STACK 8192k, CORE 0k, NPROC 15316, NOFILE 4096, AS infinity
load average:3.04 1.95 1.76

/proc/meminfo:
MemTotal:        3953184 kB
MemFree:          129836 kB
MemAvailable:      73456 kB
Buffers:            3728 kB
Cached:           307580 kB
SwapCached:            0 kB
Active:          3426416 kB
Inactive:         278364 kB
Active(anon):    3417324 kB
Inactive(anon):   257604 kB
Active(file):       9092 kB
Inactive(file):    20760 kB
Unevictable:           0 kB
Mlocked:               0 kB
SwapTotal:             0 kB
SwapFree:              0 kB
Dirty:               512 kB
Writeback:             0 kB
AnonPages:       3393896 kB
Mapped:            99968 kB
Shmem:            281032 kB
Slab:              53396 kB
SReclaimable:      26312 kB
SUnreclaim:        27084 kB
KernelStack:        7232 kB
PageTables:        26848 kB
NFS_Unstable:          0 kB
Bounce:                0 kB
WritebackTmp:          0 kB
CommitLimit:     1976592 kB
Committed_AS:    4970744 kB
VmallocTotal:   34359738367 kB
VmallocUsed:      347008 kB
VmallocChunk:   34359384028 kB
HardwareCorrupted:     0 kB
AnonHugePages:   2408448 kB
CmaTotal:              0 kB
CmaFree:               0 kB
HugePages_Total:       0
HugePages_Free:        0
HugePages_Rsvd:        0
HugePages_Surp:        0
Hugepagesize:       2048 kB
DirectMap4k:      113320 kB
DirectMap2M:     3987456 kB


CPU:total 4 (2 cores per cpu, 2 threads per core) family 6 model 42 stepping 7, cmov, cx8, fxsr, mmx, sse, sse2, sse3, ssse3, sse4.1, sse4.2, popcnt, avx, clmul, ht, tsc, tscinvbit

/proc/cpuinfo:
processor	: 0
vendor_id	: GenuineIntel
cpu family	: 6
model		: 42
model name	: Intel(R) Core(TM) i3-2350M CPU @ 2.30GHz
stepping	: 7
microcode	: 0x1b
cpu MHz		: 2300.000
cache size	: 3072 KB
physical id	: 0
siblings	: 4
core id		: 0
cpu cores	: 2
apicid		: 0
initial apicid	: 0
fpu		: yes
fpu_exception	: yes
cpuid level	: 13
wp		: yes
flags		: fpu vme de pse tsc msr pae mce cx8 apic sep mtrr pge mca cmov pat pse36 clflush dts acpi mmx fxsr sse sse2 ss ht tm pbe syscall nx rdtscp lm constant_tsc arch_perfmon pebs bts rep_good nopl xtopology nonstop_tsc aperfmperf eagerfpu pni pclmulqdq dtes64 monitor ds_cpl vmx est tm2 ssse3 cx16 xtpr pdcm pcid sse4_1 sse4_2 x2apic popcnt tsc_deadline_timer xsave avx lahf_lm arat epb pln pts dtherm tpr_shadow vnmi flexpriority ept vpid xsaveopt
bugs		:
bogomips	: 4589.90
clflush size	: 64
cache_alignment	: 64
address sizes	: 36 bits physical, 48 bits virtual
power management:

processor	: 1
vendor_id	: GenuineIntel
cpu family	: 6
model		: 42
model name	: Intel(R) Core(TM) i3-2350M CPU @ 2.30GHz
stepping	: 7
microcode	: 0x1b
cpu MHz		: 2300.000
cache size	: 3072 KB
physical id	: 0
siblings	: 4
core id		: 1
cpu cores	: 2
apicid		: 2
initial apicid	: 2
fpu		: yes
fpu_exception	: yes
cpuid level	: 13
wp		: yes
flags		: fpu vme de pse tsc msr pae mce cx8 apic sep mtrr pge mca cmov pat pse36 clflush dts acpi mmx fxsr sse sse2 ss ht tm pbe syscall nx rdtscp lm constant_tsc arch_perfmon pebs bts rep_good nopl xtopology nonstop_tsc aperfmperf eagerfpu pni pclmulqdq dtes64 monitor ds_cpl vmx est tm2 ssse3 cx16 xtpr pdcm pcid sse4_1 sse4_2 x2apic popcnt tsc_deadline_timer xsave avx lahf_lm arat epb pln pts dtherm tpr_shadow vnmi flexpriority ept vpid xsaveopt
bugs		:
bogomips	: 4589.90
clflush size	: 64
cache_alignment	: 64
address sizes	: 36 bits physical, 48 bits virtual
power management:

processor	: 2
vendor_id	: GenuineIntel
cpu family	: 6
model		: 42
model name	: Intel(R) Core(TM) i3-2350M CPU @ 2.30GHz
stepping	: 7
microcode	: 0x1b
cpu MHz		: 2299.910
cache size	: 3072 KB
physical id	: 0
siblings	: 4
core id		: 0
cpu cores	: 2
apicid		: 1
initial apicid	: 1
fpu		: yes
fpu_exception	: yes
cpuid level	: 13
wp		: yes
flags		: fpu vme de pse tsc msr pae mce cx8 apic sep mtrr pge mca cmov pat pse36 clflush dts acpi mmx fxsr sse sse2 ss ht tm pbe syscall nx rdtscp lm constant_tsc arch_perfmon pebs bts rep_good nopl xtopology nonstop_tsc aperfmperf eagerfpu pni pclmulqdq dtes64 monitor ds_cpl vmx est tm2 ssse3 cx16 xtpr pdcm pcid sse4_1 sse4_2 x2apic popcnt tsc_deadline_timer xsave avx lahf_lm arat epb pln pts dtherm tpr_shadow vnmi flexpriority ept vpid xsaveopt
bugs		:
bogomips	: 4589.90
clflush size	: 64
cache_alignment	: 64
address sizes	: 36 bits physical, 48 bits virtual
power management:

processor	: 3
vendor_id	: GenuineIntel
cpu family	: 6
model		: 42
model name	: Intel(R) Core(TM) i3-2350M CPU @ 2.30GHz
stepping	: 7
microcode	: 0x1b
cpu MHz		: 2300.000
cache size	: 3072 KB
physical id	: 0
siblings	: 4
core id		: 1
cpu cores	: 2
apicid		: 3
initial apicid	: 3
fpu		: yes
fpu_exception	: yes
cpuid level	: 13
wp		: yes
flags		: fpu vme de pse tsc msr pae mce cx8 apic sep mtrr pge mca cmov pat pse36 clflush dts acpi mmx fxsr sse sse2 ss ht tm pbe syscall nx rdtscp lm constant_tsc arch_perfmon pebs bts rep_good nopl xtopology nonstop_tsc aperfmperf eagerfpu pni pclmulqdq dtes64 monitor ds_cpl vmx est tm2 ssse3 cx16 xtpr pdcm pcid sse4_1 sse4_2 x2apic popcnt tsc_deadline_timer xsave avx lahf_lm arat epb pln pts dtherm tpr_shadow vnmi flexpriority ept vpid xsaveopt
bugs		:
bogomips	: 4589.90
clflush size	: 64
cache_alignment	: 64
address sizes	: 36 bits physical, 48 bits virtual
power management:



Memory: 4k page, physical 3953184k(129588k free), swap 0k(0k free)

vm_info: Java HotSpot(TM) 64-Bit Server VM (25.111-b14) for linux-amd64 JRE (1.8.0_111-b14), built on Sep 22 2016 16:14:03 by "java_re" with gcc 4.3.0 20080428 (Red Hat 4.3.0-8)

time: Thu May 11 19:11:03 2017
elapsed time: 7 seconds (0d 0h 0m 7s)

