#
# There is insufficient memory for the Java Runtime Environment to continue.
# Native memory allocation (mmap) failed to map 120061952 bytes for committing reserved memory.
# Possible reasons:
#   The system is out of physical RAM or swap space
#   In 32 bit mode, the process size limit was hit
# Possible solutions:
#   Reduce memory load on the system
#   Increase physical memory or swap space
#   Check if swap backing store is full
#   Use 64 bit Java on a 64 bit OS
#   Decrease Java heap size (-Xmx/-Xms)
#   Decrease number of Java threads
#   Decrease Java thread stack sizes (-Xss)
#   Set larger code cache with -XX:ReservedCodeCacheSize=
# This output file may be truncated or incomplete.
#
#  Out of Memory Error (os_linux.cpp:2627), pid=11752, tid=0x00007ff2d9cca700
#
# JRE version: Java(TM) SE Runtime Environment (8.0_111-b14) (build 1.8.0_111-b14)
# Java VM: Java HotSpot(TM) 64-Bit Server VM (25.111-b14 mixed mode linux-amd64 compressed oops)
# Failed to write core dump. Core dumps have been disabled. To enable core dumping, try "ulimit -c unlimited" before starting Java again
#

---------------  T H R E A D  ---------------

Current thread (0x00007ff2f0077800):  VMThread [stack: 0x00007ff2d9bca000,0x00007ff2d9ccb000] [id=11761]

Stack: [0x00007ff2d9bca000,0x00007ff2d9ccb000],  sp=0x00007ff2d9cc90e0,  free space=1020k
Native frames: (J=compiled Java code, j=interpreted, Vv=VM code, C=native code)
V  [libjvm.so+0xac5c2a]  VMError::report_and_die()+0x2ba
V  [libjvm.so+0x4fc50b]  report_vm_out_of_memory(char const*, int, unsigned long, VMErrorType, char const*)+0x8b
V  [libjvm.so+0x922ae3]  os::Linux::commit_memory_impl(char*, unsigned long, bool)+0x103
V  [libjvm.so+0x923039]  os::pd_commit_memory(char*, unsigned long, unsigned long, bool)+0x29
V  [libjvm.so+0x91d33a]  os::commit_memory(char*, unsigned long, unsigned long, bool)+0x2a
V  [libjvm.so+0x991ac3]  PSVirtualSpace::expand_by(unsigned long)+0x53
V  [libjvm.so+0x992ec8]  PSYoungGen::resize_generation(unsigned long, unsigned long)+0xf8
V  [libjvm.so+0x992022]  PSYoungGen::resize(unsigned long, unsigned long)+0x22
V  [libjvm.so+0x98f2fb]  PSScavenge::invoke_no_policy()+0xf3b
V  [libjvm.so+0x98fa81]  PSScavenge::invoke()+0x41
V  [libjvm.so+0x9467d0]  ParallelScavengeHeap::failed_mem_allocate(unsigned long)+0x70
V  [libjvm.so+0xac7647]  VM_ParallelGCFailedAllocation::doit()+0x97
V  [libjvm.so+0xacf125]  VM_Operation::evaluate()+0x55
V  [libjvm.so+0xacd4fa]  VMThread::evaluate_operation(VM_Operation*)+0xba
V  [libjvm.so+0xacd87e]  VMThread::loop()+0x1ce
V  [libjvm.so+0xacdcf0]  VMThread::run()+0x70
V  [libjvm.so+0x924ea8]  java_start(Thread*)+0x108

VM_Operation (0x00007ff284d91430): ParallelGCFailedAllocation, mode: safepoint, requested by thread 0x00007ff2900f5000


---------------  P R O C E S S  ---------------

Java Threads: ( => current thread )
  0x00007ff2900fd000 JavaThread "Thread-2" [_thread_blocked, id=11781, stack(0x00007ff284a90000,0x00007ff284b91000)]
  0x00007ff2900fb000 JavaThread "Thread-1" [_thread_blocked, id=11780, stack(0x00007ff284b91000,0x00007ff284c92000)]
  0x00007ff2900f5000 JavaThread "Thread-0" [_thread_blocked, id=11779, stack(0x00007ff284c92000,0x00007ff284d93000)]
  0x00007ff29005b800 JavaThread "TimerQueue" daemon [_thread_blocked, id=11778, stack(0x00007ff2aa209000,0x00007ff2aa30a000)]
  0x00007ff290030000 JavaThread "Image Fetcher 1" daemon [_thread_blocked, id=11777, stack(0x00007ff2aa50a000,0x00007ff2aa60b000)]
  0x00007ff29002e800 JavaThread "Image Fetcher 0" daemon [_thread_blocked, id=11776, stack(0x00007ff2aa60b000,0x00007ff2aa70c000)]
  0x00007ff2f0009800 JavaThread "DestroyJavaVM" [_thread_blocked, id=11754, stack(0x00007ff2f80b8000,0x00007ff2f81b9000)]
  0x00007ff2f02c2000 JavaThread "AWT-EventQueue-0" [_thread_blocked, id=11775, stack(0x00007ff2aa90c000,0x00007ff2aaa0d000)]
  0x00007ff2f02c0800 JavaThread "AWT-Shutdown" [_thread_blocked, id=11774, stack(0x00007ff2aaa0d000,0x00007ff2aab0e000)]
  0x00007ff2f0242800 JavaThread "AWT-XAWT" daemon [_thread_blocked, id=11773, stack(0x00007ff2aaf36000,0x00007ff2ab037000)]
  0x00007ff2f021f800 JavaThread "Java2D Disposer" daemon [_thread_blocked, id=11772, stack(0x00007ff2ab447000,0x00007ff2ab548000)]
  0x00007ff2f00d1800 JavaThread "Service Thread" daemon [_thread_blocked, id=11768, stack(0x00007ff2d91fa000,0x00007ff2d92fb000)]
  0x00007ff2f00bd000 JavaThread "C1 CompilerThread2" daemon [_thread_blocked, id=11767, stack(0x00007ff2d92fb000,0x00007ff2d93fc000)]
  0x00007ff2f00bb000 JavaThread "C2 CompilerThread1" daemon [_thread_blocked, id=11766, stack(0x00007ff2d93fc000,0x00007ff2d94fd000)]
  0x00007ff2f00b8000 JavaThread "C2 CompilerThread0" daemon [_thread_blocked, id=11765, stack(0x00007ff2d94fd000,0x00007ff2d95fe000)]
  0x00007ff2f00b6800 JavaThread "Signal Dispatcher" daemon [_thread_blocked, id=11764, stack(0x00007ff2d95fe000,0x00007ff2d96ff000)]
  0x00007ff2f0084000 JavaThread "Finalizer" daemon [_thread_blocked, id=11763, stack(0x00007ff2d99c8000,0x00007ff2d9ac9000)]
  0x00007ff2f007f000 JavaThread "Reference Handler" daemon [_thread_blocked, id=11762, stack(0x00007ff2d9ac9000,0x00007ff2d9bca000)]

Other Threads:
=>0x00007ff2f0077800 VMThread [stack: 0x00007ff2d9bca000,0x00007ff2d9ccb000] [id=11761]
  0x00007ff2f00d4800 WatcherThread [stack: 0x00007ff2d90f9000,0x00007ff2d91fa000] [id=11769]

VM state:at safepoint (normal execution)

VM Mutex/Monitor currently owned by a thread:  ([mutex/lock_event])
[0x00007ff2f0005ff0] Threads_lock - owner thread: 0x00007ff2f0077800
[0x00007ff2f00064f0] Heap_lock - owner thread: 0x00007ff2900f5000

Heap:
 PSYoungGen      total 207872K, used 32K [0x00000000ebe00000, 0x00000000f8d80000, 0x0000000100000000)
  eden space 203264K, 0% used [0x00000000ebe00000,0x00000000ebe00000,0x00000000f8480000)
  from space 4608K, 0% used [0x00000000f8480000,0x00000000f8488000,0x00000000f8900000)
  to   space 4608K, 0% used [0x00000000f8900000,0x00000000f8900000,0x00000000f8d80000)
 ParOldGen       total 42496K, used 3509K [0x00000000c3a00000, 0x00000000c6380000, 0x00000000ebe00000)
  object space 42496K, 8% used [0x00000000c3a00000,0x00000000c3d6d6d0,0x00000000c6380000)
 Metaspace       used 15646K, capacity 15830K, committed 16256K, reserved 1062912K
  class space    used 1982K, capacity 2055K, committed 2176K, reserved 1048576K

Card table byte_map: [0x00007ff2f4c8e000,0x00007ff2f4e72000] byte_map_base: 0x00007ff2f4671000

Marking Bits: (ParMarkBitMap*) 0x00007ff2f7593220
 Begin Bits: [0x00007ff2da1d0000, 0x00007ff2db0e8000)
 End Bits:   [0x00007ff2db0e8000, 0x00007ff2dc000000)

Polling page: 0x00007ff2f81dc000

CodeCache: size=245760Kb used=4057Kb max_used=4064Kb free=241702Kb
 bounds [0x00007ff2e1000000, 0x00007ff2e1400000, 0x00007ff2f0000000]
 total_blobs=1760 nmethods=1177 adapters=496
 compilation: enabled

Compilation events (10 events):
Event: 12.441 Thread 0x00007ff2f00bd000 1268       3       sun.java2d.xr.XRDrawLine::outcode (24 bytes)
Event: 12.441 Thread 0x00007ff2f00bd000 nmethod 1268 0x00007ff2e13eb590 code [0x00007ff2e13eb700, 0x00007ff2e13eba70]
Event: 12.441 Thread 0x00007ff2f00bd000 1266       3       sun.java2d.xr.XRBackendNative::renderRectangle (35 bytes)
Event: 12.442 Thread 0x00007ff2f00bd000 nmethod 1266 0x00007ff2e13e5d50 code [0x00007ff2e13e5ec0, 0x00007ff2e13e60a8]
Event: 12.442 Thread 0x00007ff2f00bd000 1271       3       sun.java2d.xr.DirtyRegion::clear (25 bytes)
Event: 12.442 Thread 0x00007ff2f00bd000 nmethod 1271 0x00007ff2e13e5a10 code [0x00007ff2e13e5b60, 0x00007ff2e13e5cd0]
Event: 12.442 Thread 0x00007ff2f00bd000 1270       1       sun.awt.X11.XBaseWindow::isEventDisabled (2 bytes)
Event: 12.442 Thread 0x00007ff2f00bd000 nmethod 1270 0x00007ff2e13e5750 code [0x00007ff2e13e58a0, 0x00007ff2e13e59b0]
Event: 12.442 Thread 0x00007ff2f00bd000 1274       1       sun.java2d.xr.XRSurfaceData$XRPixmapSurfaceData::getTransparency (5 bytes)
Event: 12.442 Thread 0x00007ff2f00bd000 nmethod 1274 0x00007ff2e13fd3d0 code [0x00007ff2e13fd520, 0x00007ff2e13fd630]

GC Heap History (10 events):
Event: 10.936 GC heap after
Heap after GC invocations=6 (full 0):
 PSYoungGen      total 67072K, used 2610K [0x00000000ebe00000, 0x00000000f0300000, 0x0000000100000000)
  eden space 63488K, 0% used [0x00000000ebe00000,0x00000000ebe00000,0x00000000efc00000)
  from space 3584K, 72% used [0x00000000eff80000,0x00000000f020cbf8,0x00000000f0300000)
  to   space 3584K, 0% used [0x00000000efc00000,0x00000000efc00000,0x00000000eff80000)
 ParOldGen       total 42496K, used 956K [0x00000000c3a00000, 0x00000000c6380000, 0x00000000ebe00000)
  object space 42496K, 2% used [0x00000000c3a00000,0x00000000c3aef2f0,0x00000000c6380000)
 Metaspace       used 15579K, capacity 15766K, committed 16000K, reserved 1062912K
  class space    used 1981K, capacity 2055K, committed 2176K, reserved 1048576K
}
Event: 11.286 GC heap before
{Heap before GC invocations=7 (full 0):
 PSYoungGen      total 67072K, used 66098K [0x00000000ebe00000, 0x00000000f0300000, 0x0000000100000000)
  eden space 63488K, 100% used [0x00000000ebe00000,0x00000000efc00000,0x00000000efc00000)
  from space 3584K, 72% used [0x00000000eff80000,0x00000000f020cbf8,0x00000000f0300000)
  to   space 3584K, 0% used [0x00000000efc00000,0x00000000efc00000,0x00000000eff80000)
 ParOldGen       total 42496K, used 956K [0x00000000c3a00000, 0x00000000c6380000, 0x00000000ebe00000)
  object space 42496K, 2% used [0x00000000c3a00000,0x00000000c3aef2f0,0x00000000c6380000)
 Metaspace       used 15583K, capacity 15766K, committed 16000K, reserved 1062912K
  class space    used 1981K, capacity 2055K, committed 2176K, reserved 1048576K
Event: 11.317 GC heap after
Heap after GC invocations=7 (full 0):
 PSYoungGen      total 67072K, used 160K [0x00000000ebe00000, 0x00000000f4200000, 0x0000000100000000)
  eden space 63488K, 0% used [0x00000000ebe00000,0x00000000ebe00000,0x00000000efc00000)
  from space 3584K, 4% used [0x00000000efc00000,0x00000000efc28000,0x00000000eff80000)
  to   space 4096K, 0% used [0x00000000f3e00000,0x00000000f3e00000,0x00000000f4200000)
 ParOldGen       total 42496K, used 3428K [0x00000000c3a00000, 0x00000000c6380000, 0x00000000ebe00000)
  object space 42496K, 8% used [0x00000000c3a00000,0x00000000c3d59350,0x00000000c6380000)
 Metaspace       used 15583K, capacity 15766K, committed 16000K, reserved 1062912K
  class space    used 1981K, capacity 2055K, committed 2176K, reserved 1048576K
}
Event: 11.572 GC heap before
{Heap before GC invocations=8 (full 0):
 PSYoungGen      total 67072K, used 63648K [0x00000000ebe00000, 0x00000000f4200000, 0x0000000100000000)
  eden space 63488K, 100% used [0x00000000ebe00000,0x00000000efc00000,0x00000000efc00000)
  from space 3584K, 4% used [0x00000000efc00000,0x00000000efc28000,0x00000000eff80000)
  to   space 4096K, 0% used [0x00000000f3e00000,0x00000000f3e00000,0x00000000f4200000)
 ParOldGen       total 42496K, used 3428K [0x00000000c3a00000, 0x00000000c6380000, 0x00000000ebe00000)
  object space 42496K, 8% used [0x00000000c3a00000,0x00000000c3d59350,0x00000000c6380000)
 Metaspace       used 15590K, capacity 15766K, committed 16000K, reserved 1062912K
  class space    used 1982K, capacity 2055K, committed 2176K, reserved 1048576K
Event: 11.580 GC heap after
Heap after GC invocations=8 (full 0):
 PSYoungGen      total 131072K, used 64K [0x00000000ebe00000, 0x00000000f4200000, 0x0000000100000000)
  eden space 126976K, 0% used [0x00000000ebe00000,0x00000000ebe00000,0x00000000f3a00000)
  from space 4096K, 1% used [0x00000000f3e00000,0x00000000f3e10000,0x00000000f4200000)
  to   space 4096K, 0% used [0x00000000f3a00000,0x00000000f3a00000,0x00000000f3e00000)
 ParOldGen       total 42496K, used 3469K [0x00000000c3a00000, 0x00000000c6380000, 0x00000000ebe00000)
  object space 42496K, 8% used [0x00000000c3a00000,0x00000000c3d636d0,0x00000000c6380000)
 Metaspace       used 15590K, capacity 15766K, committed 16000K, reserved 1062912K
  class space    used 1982K, capacity 2055K, committed 2176K, reserved 1048576K
}
Event: 11.958 GC heap before
{Heap before GC invocations=9 (full 0):
 PSYoungGen      total 131072K, used 127040K [0x00000000ebe00000, 0x00000000f4200000, 0x0000000100000000)
  eden space 126976K, 100% used [0x00000000ebe00000,0x00000000f3a00000,0x00000000f3a00000)
  from space 4096K, 1% used [0x00000000f3e00000,0x00000000f3e10000,0x00000000f4200000)
  to   space 4096K, 0% used [0x00000000f3a00000,0x00000000f3a00000,0x00000000f3e00000)
 ParOldGen       total 42496K, used 3469K [0x00000000c3a00000, 0x00000000c6380000, 0x00000000ebe00000)
  object space 42496K, 8% used [0x00000000c3a00000,0x00000000c3d636d0,0x00000000c6380000)
 Metaspace       used 15624K, capacity 15766K, committed 16000K, reserved 1062912K
  class space    used 1982K, capacity 2055K, committed 2176K, reserved 1048576K
Event: 11.961 GC heap after
Heap after GC invocations=9 (full 0):
 PSYoungGen      total 131072K, used 64K [0x00000000ebe00000, 0x00000000f8d80000, 0x0000000100000000)
  eden space 126976K, 0% used [0x00000000ebe00000,0x00000000ebe00000,0x00000000f3a00000)
  from space 4096K, 1% used [0x00000000f3a00000,0x00000000f3a10000,0x00000000f3e00000)
  to   space 4608K, 0% used [0x00000000f8900000,0x00000000f8900000,0x00000000f8d80000)
 ParOldGen       total 42496K, used 3493K [0x00000000c3a00000, 0x00000000c6380000, 0x00000000ebe00000)
  object space 42496K, 8% used [0x00000000c3a00000,0x00000000c3d696d0,0x00000000c6380000)
 Metaspace       used 15624K, capacity 15766K, committed 16000K, reserved 1062912K
  class space    used 1982K, capacity 2055K, committed 2176K, reserved 1048576K
}
Event: 12.193 GC heap before
{Heap before GC invocations=10 (full 0):
 PSYoungGen      total 131072K, used 127040K [0x00000000ebe00000, 0x00000000f8d80000, 0x0000000100000000)
  eden space 126976K, 100% used [0x00000000ebe00000,0x00000000f3a00000,0x00000000f3a00000)
  from space 4096K, 1% used [0x00000000f3a00000,0x00000000f3a10000,0x00000000f3e00000)
  to   space 4608K, 0% used [0x00000000f8900000,0x00000000f8900000,0x00000000f8d80000)
 ParOldGen       total 42496K, used 3493K [0x00000000c3a00000, 0x00000000c6380000, 0x00000000ebe00000)
  object space 42496K, 8% used [0x00000000c3a00000,0x00000000c3d696d0,0x00000000c6380000)
 Metaspace       used 15636K, capacity 15766K, committed 16000K, reserved 1062912K
  class space    used 1982K, capacity 2055K, committed 2176K, reserved 1048576K
Event: 12.295 GC heap after
Heap after GC invocations=10 (full 0):
 PSYoungGen      total 207872K, used 128K [0x00000000ebe00000, 0x00000000f8d80000, 0x0000000100000000)
  eden space 203264K, 0% used [0x00000000ebe00000,0x00000000ebe00000,0x00000000f8480000)
  from space 4608K, 2% used [0x00000000f8900000,0x00000000f8920000,0x00000000f8d80000)
  to   space 4608K, 0% used [0x00000000f8480000,0x00000000f8480000,0x00000000f8900000)
 ParOldGen       total 42496K, used 3501K [0x00000000c3a00000, 0x00000000c6380000, 0x00000000ebe00000)
  object space 42496K, 8% used [0x00000000c3a00000,0x00000000c3d6b6d0,0x00000000c6380000)
 Metaspace       used 15636K, capacity 15766K, committed 16000K, reserved 1062912K
  class space    used 1982K, capacity 2055K, committed 2176K, reserved 1048576K
}
Event: 12.617 GC heap before
{Heap before GC invocations=11 (full 0):
 PSYoungGen      total 207872K, used 203392K [0x00000000ebe00000, 0x00000000f8d80000, 0x0000000100000000)
  eden space 203264K, 100% used [0x00000000ebe00000,0x00000000f8480000,0x00000000f8480000)
  from space 4608K, 2% used [0x00000000f8900000,0x00000000f8920000,0x00000000f8d80000)
  to   space 4608K, 0% used [0x00000000f8480000,0x00000000f8480000,0x00000000f8900000)
 ParOldGen       total 42496K, used 3501K [0x00000000c3a00000, 0x00000000c6380000, 0x00000000ebe00000)
  object space 42496K, 8% used [0x00000000c3a00000,0x00000000c3d6b6d0,0x00000000c6380000)
 Metaspace       used 15646K, capacity 15830K, committed 16256K, reserved 1062912K
  class space    used 1982K, capacity 2055K, committed 2176K, reserved 1048576K

Deoptimization events (10 events):
Event: 6.342 Thread 0x00007ff29002e800 Uncommon trap: reason=unstable_if action=reinterpret pc=0x00007ff2e11b7b5c method=java.lang.String.<init>([CII)V @ 18
Event: 6.803 Thread 0x00007ff2f02c2000 Uncommon trap: reason=class_check action=maybe_recompile pc=0x00007ff2e1200acc method=java.util.HashMap.putVal(ILjava/lang/Object;Ljava/lang/Object;ZZ)Ljava/lang/Object; @ 253
Event: 6.806 Thread 0x00007ff2f02c2000 Uncommon trap: reason=class_check action=maybe_recompile pc=0x00007ff2e1200acc method=java.util.HashMap.putVal(ILjava/lang/Object;Ljava/lang/Object;ZZ)Ljava/lang/Object; @ 253
Event: 6.808 Thread 0x00007ff2f02c2000 Uncommon trap: reason=class_check action=maybe_recompile pc=0x00007ff2e1200acc method=java.util.HashMap.putVal(ILjava/lang/Object;Ljava/lang/Object;ZZ)Ljava/lang/Object; @ 253
Event: 6.808 Thread 0x00007ff2f02c2000 Uncommon trap: reason=class_check action=maybe_recompile pc=0x00007ff2e1200acc method=java.util.HashMap.putVal(ILjava/lang/Object;Ljava/lang/Object;ZZ)Ljava/lang/Object; @ 253
Event: 8.426 Thread 0x00007ff2f02c2000 Uncommon trap: reason=unstable_if action=reinterpret pc=0x00007ff2e122d614 method=java.util.HashMap.getNode(ILjava/lang/Object;)Ljava/util/HashMap$Node; @ 84
Event: 8.426 Thread 0x00007ff2f02c2000 Uncommon trap: reason=unstable_if action=reinterpret pc=0x00007ff2e124da48 method=java.util.HashMap.getNode(ILjava/lang/Object;)Ljava/util/HashMap$Node; @ 84
Event: 9.730 Thread 0x00007ff2900f5000 Uncommon trap: reason=unstable_if action=reinterpret pc=0x00007ff2e13184a0 method=java.lang.ref.SoftReference.get()Ljava/lang/Object; @ 17
Event: 9.730 Thread 0x00007ff2900fd000 Uncommon trap: reason=unstable_if action=reinterpret pc=0x00007ff2e13184a0 method=java.lang.ref.SoftReference.get()Ljava/lang/Object; @ 17
Event: 9.730 Thread 0x00007ff2900fb000 Uncommon trap: reason=unstable_if action=reinterpret pc=0x00007ff2e13184a0 method=java.lang.ref.SoftReference.get()Ljava/lang/Object; @ 17

Internal exceptions (10 events):
Event: 4.709 Thread 0x00007ff2f0009800 Exception <a 'java/lang/ClassNotFoundException': ToggleButton> (0x00000000ec242028) thrown at [/HUDSON3/workspace/8-2-build-linux-amd64/jdk8u111/7883/hotspot/src/share/vm/classfile/systemDictionary.cpp, line 210]
Event: 4.709 Thread 0x00007ff2f0009800 Exception <a 'java/lang/ClassNotFoundException': javax/swing/JToolBarSeparator> (0x00000000ec242488) thrown at [/HUDSON3/workspace/8-2-build-linux-amd64/jdk8u111/7883/hotspot/src/share/vm/classfile/systemDictionary.cpp, line 210]
Event: 4.709 Thread 0x00007ff2f0009800 Exception <a 'java/lang/ClassNotFoundException': ToolBarSeparator> (0x00000000ec242920) thrown at [/HUDSON3/workspace/8-2-build-linux-amd64/jdk8u111/7883/hotspot/src/share/vm/classfile/systemDictionary.cpp, line 210]
Event: 4.710 Thread 0x00007ff2f0009800 Exception <a 'java/lang/ClassNotFoundException': ToolTip> (0x00000000ec243060) thrown at [/HUDSON3/workspace/8-2-build-linux-amd64/jdk8u111/7883/hotspot/src/share/vm/classfile/systemDictionary.cpp, line 210]
Event: 4.713 Thread 0x00007ff2f0009800 Exception <a 'java/lang/ClassNotFoundException': Tree> (0x00000000ec243c80) thrown at [/HUDSON3/workspace/8-2-build-linux-amd64/jdk8u111/7883/hotspot/src/share/vm/classfile/systemDictionary.cpp, line 210]
Event: 4.713 Thread 0x00007ff2f0009800 Exception <a 'java/lang/ClassNotFoundException': Tree> (0x00000000ec2443c0) thrown at [/HUDSON3/workspace/8-2-build-linux-amd64/jdk8u111/7883/hotspot/src/share/vm/classfile/systemDictionary.cpp, line 210]
Event: 4.713 Thread 0x00007ff2f0009800 Exception <a 'java/lang/ClassNotFoundException': javax/swing/JTreeCell> (0x00000000ec244740) thrown at [/HUDSON3/workspace/8-2-build-linux-amd64/jdk8u111/7883/hotspot/src/share/vm/classfile/systemDictionary.cpp, line 210]
Event: 4.713 Thread 0x00007ff2f0009800 Exception <a 'java/lang/ClassNotFoundException': TreeCell> (0x00000000ec244bc8) thrown at [/HUDSON3/workspace/8-2-build-linux-amd64/jdk8u111/7883/hotspot/src/share/vm/classfile/systemDictionary.cpp, line 210]
Event: 4.716 Thread 0x00007ff2f0009800 Exception <a 'java/lang/ClassNotFoundException': RootPane> (0x00000000ec245628) thrown at [/HUDSON3/workspace/8-2-build-linux-amd64/jdk8u111/7883/hotspot/src/share/vm/classfile/systemDictionary.cpp, line 210]
Event: 10.768 Thread 0x00007ff2f02c2000 Exception <a 'java/lang/UnsupportedOperationException': > (0x00000000ec66b858) thrown at [/HUDSON3/workspace/8-2-build-linux-amd64/jdk8u111/7883/hotspot/src/share/vm/prims/jni.cpp, line 735]

Events (10 events):
Event: 12.179 Thread 0x00007ff2900fd000 DEOPT UNPACKING pc=0x00007ff2e1047633 sp=0x00007ff284b8f280 mode 0
Event: 12.187 Thread 0x00007ff2900f5000 DEOPT PACKING pc=0x00007ff2e131e56d sp=0x00007ff284d913b0
Event: 12.187 Thread 0x00007ff2900f5000 DEOPT UNPACKING pc=0x00007ff2e1047633 sp=0x00007ff284d91310 mode 0
Event: 12.187 Executing VM operation: ParallelGCFailedAllocation
Event: 12.295 Executing VM operation: ParallelGCFailedAllocation done
Event: 12.314 Thread 0x00007ff2900fb000 DEOPT PACKING pc=0x00007ff2e139eb85 sp=0x00007ff284c906c0
Event: 12.314 Thread 0x00007ff2900fb000 DEOPT UNPACKING pc=0x00007ff2e1047633 sp=0x00007ff284c90490 mode 0
Event: 12.393 Thread 0x00007ff2900f5000 DEOPT PACKING pc=0x00007ff2e139eb85 sp=0x00007ff284d91740
Event: 12.393 Thread 0x00007ff2900f5000 DEOPT UNPACKING pc=0x00007ff2e1047633 sp=0x00007ff284d91510 mode 0
Event: 12.609 Executing VM operation: ParallelGCFailedAllocation


Dynamic libraries:
00400000-00401000 r-xp 00000000 08:03 147193                             /usr/lib/jvm/java-8-oracle/bin/java
00600000-00601000 rw-p 00000000 08:03 147193                             /usr/lib/jvm/java-8-oracle/bin/java
00810000-00831000 rw-p 00000000 00:00 0                                  [heap]
c3a00000-c6380000 rw-p 00000000 00:00 0 
c6380000-ebe00000 ---p 00000000 00:00 0 
ebe00000-f8d80000 rw-p 00000000 00:00 0 
100000000-100220000 rw-p 00000000 00:00 0 
100220000-140000000 ---p 00000000 00:00 0 
7ff278000000-7ff278021000 rw-p 00000000 00:00 0 
7ff278021000-7ff27c000000 ---p 00000000 00:00 0 
7ff27c000000-7ff27c021000 rw-p 00000000 00:00 0 
7ff27c021000-7ff280000000 ---p 00000000 00:00 0 
7ff280000000-7ff280021000 rw-p 00000000 00:00 0 
7ff280021000-7ff284000000 ---p 00000000 00:00 0 
7ff284863000-7ff28488d000 r-xp 00000000 08:03 147305                     /usr/lib/jvm/java-8-oracle/jre/lib/amd64/libdcpr.so
7ff28488d000-7ff284a8d000 ---p 0002a000 08:03 147305                     /usr/lib/jvm/java-8-oracle/jre/lib/amd64/libdcpr.so
7ff284a8d000-7ff284a90000 rw-p 0002a000 08:03 147305                     /usr/lib/jvm/java-8-oracle/jre/lib/amd64/libdcpr.so
7ff284a90000-7ff284a93000 ---p 00000000 00:00 0 
7ff284a93000-7ff284b91000 rw-p 00000000 00:00 0                          [stack:11781]
7ff284b91000-7ff284b94000 ---p 00000000 00:00 0 
7ff284b94000-7ff284c92000 rw-p 00000000 00:00 0                          [stack:11780]
7ff284c92000-7ff284c95000 ---p 00000000 00:00 0 
7ff284c95000-7ff284d93000 rw-p 00000000 00:00 0                          [stack:11779]
7ff284d93000-7ff284dce000 r-xp 00000000 08:03 147309                     /usr/lib/jvm/java-8-oracle/jre/lib/amd64/libjpeg.so
7ff284dce000-7ff284fcd000 ---p 0003b000 08:03 147309                     /usr/lib/jvm/java-8-oracle/jre/lib/amd64/libjpeg.so
7ff284fcd000-7ff284fce000 rw-p 0003a000 08:03 147309                     /usr/lib/jvm/java-8-oracle/jre/lib/amd64/libjpeg.so
7ff284fce000-7ff28518e000 rw-p 00000000 00:00 0 
7ff28518e000-7ff2851ce000 ---p 00000000 00:00 0 
7ff2851ce000-7ff2851d4000 r-xp 00000000 08:03 2369447                    /usr/lib/x86_64-linux-gnu/libdatrie.so.1.3.1
7ff2851d4000-7ff2853d3000 ---p 00006000 08:03 2369447                    /usr/lib/x86_64-linux-gnu/libdatrie.so.1.3.1
7ff2853d3000-7ff2853d4000 r--p 00005000 08:03 2369447                    /usr/lib/x86_64-linux-gnu/libdatrie.so.1.3.1
7ff2853d4000-7ff2853d5000 rw-p 00006000 08:03 2369447                    /usr/lib/x86_64-linux-gnu/libdatrie.so.1.3.1
7ff2853d5000-7ff2853ef000 r-xp 00000000 08:03 2369729                    /usr/lib/x86_64-linux-gnu/libgraphite2.so.3.0.1
7ff2853ef000-7ff2855ee000 ---p 0001a000 08:03 2369729                    /usr/lib/x86_64-linux-gnu/libgraphite2.so.3.0.1
7ff2855ee000-7ff2855f0000 r--p 00019000 08:03 2369729                    /usr/lib/x86_64-linux-gnu/libgraphite2.so.3.0.1
7ff2855f0000-7ff2855f1000 rw-p 0001b000 08:03 2369729                    /usr/lib/x86_64-linux-gnu/libgraphite2.so.3.0.1
7ff2855f1000-7ff28562e000 r-xp 00000000 08:03 397961                     /lib/x86_64-linux-gnu/libpcre.so.3.13.1
7ff28562e000-7ff28582d000 ---p 0003d000 08:03 397961                     /lib/x86_64-linux-gnu/libpcre.so.3.13.1
7ff28582d000-7ff28582e000 r--p 0003c000 08:03 397961                     /lib/x86_64-linux-gnu/libpcre.so.3.13.1
7ff28582e000-7ff28582f000 rw-p 0003d000 08:03 397961                     /lib/x86_64-linux-gnu/libpcre.so.3.13.1
7ff28582f000-7ff285836000 r-xp 00000000 08:03 2369548                    /usr/lib/x86_64-linux-gnu/libffi.so.6.0.1
7ff285836000-7ff285a35000 ---p 00007000 08:03 2369548                    /usr/lib/x86_64-linux-gnu/libffi.so.6.0.1
7ff285a35000-7ff285a36000 r--p 00006000 08:03 2369548                    /usr/lib/x86_64-linux-gnu/libffi.so.6.0.1
7ff285a36000-7ff285a37000 rw-p 00007000 08:03 2369548                    /usr/lib/x86_64-linux-gnu/libffi.so.6.0.1
7ff285a37000-7ff285a5e000 r-xp 00000000 08:03 397879                     /lib/x86_64-linux-gnu/libexpat.so.1.6.0
7ff285a5e000-7ff285c5e000 ---p 00027000 08:03 397879                     /lib/x86_64-linux-gnu/libexpat.so.1.6.0
7ff285c5e000-7ff285c60000 r--p 00027000 08:03 397879                     /lib/x86_64-linux-gnu/libexpat.so.1.6.0
7ff285c60000-7ff285c61000 rw-p 00029000 08:03 397879                     /lib/x86_64-linux-gnu/libexpat.so.1.6.0
7ff285c61000-7ff285c69000 r-xp 00000000 08:03 2370298                    /usr/lib/x86_64-linux-gnu/libthai.so.0.2.0
7ff285c69000-7ff285e68000 ---p 00008000 08:03 2370298                    /usr/lib/x86_64-linux-gnu/libthai.so.0.2.0
7ff285e68000-7ff285e69000 r--p 00007000 08:03 2370298                    /usr/lib/x86_64-linux-gnu/libthai.so.0.2.0
7ff285e69000-7ff285e6a000 rw-p 00008000 08:03 2370298                    /usr/lib/x86_64-linux-gnu/libthai.so.0.2.0
7ff285e6a000-7ff285ebd000 r-xp 00000000 08:03 2369862                    /usr/lib/x86_64-linux-gnu/libharfbuzz.so.0.927.0
7ff285ebd000-7ff2860bd000 ---p 00053000 08:03 2369862                    /usr/lib/x86_64-linux-gnu/libharfbuzz.so.0.927.0
7ff2860bd000-7ff2860be000 r--p 00053000 08:03 2369862                    /usr/lib/x86_64-linux-gnu/libharfbuzz.so.0.927.0
7ff2860be000-7ff2860bf000 rw-p 00054000 08:03 2369862                    /usr/lib/x86_64-linux-gnu/libharfbuzz.so.0.927.0
7ff2860bf000-7ff2860d6000 r-xp 00000000 08:03 393245                     /lib/x86_64-linux-gnu/libresolv-2.19.so
7ff2860d6000-7ff2862d6000 ---p 00017000 08:03 393245                     /lib/x86_64-linux-gnu/libresolv-2.19.so
7ff2862d6000-7ff2862d7000 r--p 00017000 08:03 393245                     /lib/x86_64-linux-gnu/libresolv-2.19.so
7ff2862d7000-7ff2862d8000 rw-p 00018000 08:03 393245                     /lib/x86_64-linux-gnu/libresolv-2.19.so
7ff2862d8000-7ff2862da000 rw-p 00000000 00:00 0 
7ff2862da000-7ff2862fa000 r-xp 00000000 08:03 397988                     /lib/x86_64-linux-gnu/libselinux.so.1
7ff2862fa000-7ff2864f9000 ---p 00020000 08:03 397988                     /lib/x86_64-linux-gnu/libselinux.so.1
7ff2864f9000-7ff2864fa000 r--p 0001f000 08:03 397988                     /lib/x86_64-linux-gnu/libselinux.so.1
7ff2864fa000-7ff2864fb000 rw-p 00020000 08:03 397988                     /lib/x86_64-linux-gnu/libselinux.so.1
7ff2864fb000-7ff2864fd000 rw-p 00000000 00:00 0 
7ff2864fd000-7ff286515000 r-xp 00000000 08:03 398021                     /lib/x86_64-linux-gnu/libz.so.1.2.8
7ff286515000-7ff286714000 ---p 00018000 08:03 398021                     /lib/x86_64-linux-gnu/libz.so.1.2.8
7ff286714000-7ff286715000 r--p 00017000 08:03 398021                     /lib/x86_64-linux-gnu/libz.so.1.2.8
7ff286715000-7ff286716000 rw-p 00018000 08:03 398021                     /lib/x86_64-linux-gnu/libz.so.1.2.8
7ff286716000-7ff28671e000 r-xp 00000000 08:03 2370424                    /usr/lib/x86_64-linux-gnu/libxcb-render.so.0.0.0
7ff28671e000-7ff28691d000 ---p 00008000 08:03 2370424                    /usr/lib/x86_64-linux-gnu/libxcb-render.so.0.0.0
7ff28691d000-7ff28691e000 r--p 00007000 08:03 2370424                    /usr/lib/x86_64-linux-gnu/libxcb-render.so.0.0.0
7ff28691e000-7ff28691f000 rw-p 00008000 08:03 2370424                    /usr/lib/x86_64-linux-gnu/libxcb-render.so.0.0.0
7ff28691f000-7ff286921000 r-xp 00000000 08:03 2370428                    /usr/lib/x86_64-linux-gnu/libxcb-shm.so.0.0.0
7ff286921000-7ff286b20000 ---p 00002000 08:03 2370428                    /usr/lib/x86_64-linux-gnu/libxcb-shm.so.0.0.0
7ff286b20000-7ff286b21000 r--p 00001000 08:03 2370428                    /usr/lib/x86_64-linux-gnu/libxcb-shm.so.0.0.0
7ff286b21000-7ff286b22000 rw-p 00002000 08:03 2370428                    /usr/lib/x86_64-linux-gnu/libxcb-shm.so.0.0.0
7ff286b22000-7ff286b47000 r-xp 00000000 08:03 397973                     /lib/x86_64-linux-gnu/libpng12.so.0.50.0
7ff286b47000-7ff286d46000 ---p 00025000 08:03 397973                     /lib/x86_64-linux-gnu/libpng12.so.0.50.0
7ff286d46000-7ff286d47000 r--p 00024000 08:03 397973                     /lib/x86_64-linux-gnu/libpng12.so.0.50.0
7ff286d47000-7ff286d48000 rw-p 00025000 08:03 397973                     /lib/x86_64-linux-gnu/libpng12.so.0.50.0
7ff286d48000-7ff286de9000 r-xp 00000000 08:03 2370136                    /usr/lib/x86_64-linux-gnu/libpixman-1.so.0.30.2
7ff286de9000-7ff286fe9000 ---p 000a1000 08:03 2370136                    /usr/lib/x86_64-linux-gnu/libpixman-1.so.0.30.2
7ff286fe9000-7ff286ff0000 r--p 000a1000 08:03 2370136                    /usr/lib/x86_64-linux-gnu/libpixman-1.so.0.30.2
7ff286ff0000-7ff286ff1000 rw-p 000a8000 08:03 2370136                    /usr/lib/x86_64-linux-gnu/libpixman-1.so.0.30.2
7ff286ff1000-7ff28708e000 r-xp 00000000 08:03 2369613                    /usr/lib/x86_64-linux-gnu/libfreetype.so.6.11.1
7ff28708e000-7ff28728d000 ---p 0009d000 08:03 2369613                    /usr/lib/x86_64-linux-gnu/libfreetype.so.6.11.1
7ff28728d000-7ff287293000 r--p 0009c000 08:03 2369613                    /usr/lib/x86_64-linux-gnu/libfreetype.so.6.11.1
7ff287293000-7ff287294000 rw-p 000a2000 08:03 2369613                    /usr/lib/x86_64-linux-gnu/libfreetype.so.6.11.1
7ff287294000-7ff287296000 r-xp 00000000 08:03 2369230                    /usr/lib/x86_64-linux-gnu/libXdamage.so.1.1.0
7ff287296000-7ff287495000 ---p 00002000 08:03 2369230                    /usr/lib/x86_64-linux-gnu/libXdamage.so.1.1.0
7ff287495000-7ff287496000 r--p 00001000 08:03 2369230                    /usr/lib/x86_64-linux-gnu/libXdamage.so.1.1.0
7ff287496000-7ff287497000 rw-p 00002000 08:03 2369230                    /usr/lib/x86_64-linux-gnu/libXdamage.so.1.1.0
7ff287497000-7ff287499000 r-xp 00000000 08:03 2369226                    /usr/lib/x86_64-linux-gnu/libXcomposite.so.1.0.0
7ff287499000-7ff287698000 ---p 00002000 08:03 2369226                    /usr/lib/x86_64-linux-gnu/libXcomposite.so.1.0.0
7ff287698000-7ff287699000 r--p 00001000 08:03 2369226                    /usr/lib/x86_64-linux-gnu/libXcomposite.so.1.0.0
7ff287699000-7ff28769a000 rw-p 00002000 08:03 2369226                    /usr/lib/x86_64-linux-gnu/libXcomposite.so.1.0.0
7ff28769a000-7ff2876a3000 r-xp 00000000 08:03 2369254                    /usr/lib/x86_64-linux-gnu/libXrandr.so.2.2.0
7ff2876a3000-7ff2878a2000 ---p 00009000 08:03 2369254                    /usr/lib/x86_64-linux-gnu/libXrandr.so.2.2.0
7ff2878a2000-7ff2878a3000 r--p 00008000 08:03 2369254                    /usr/lib/x86_64-linux-gnu/libXrandr.so.2.2.0
7ff2878a3000-7ff2878a4000 rw-p 00009000 08:03 2369254                    /usr/lib/x86_64-linux-gnu/libXrandr.so.2.2.0
7ff2878a4000-7ff2878a6000 r-xp 00000000 08:03 2369244                    /usr/lib/x86_64-linux-gnu/libXinerama.so.1.0.0
7ff2878a6000-7ff287aa5000 ---p 00002000 08:03 2369244                    /usr/lib/x86_64-linux-gnu/libXinerama.so.1.0.0
7ff287aa5000-7ff287aa6000 r--p 00001000 08:03 2369244                    /usr/lib/x86_64-linux-gnu/libXinerama.so.1.0.0
7ff287aa6000-7ff287aa7000 rw-p 00002000 08:03 2369244                    /usr/lib/x86_64-linux-gnu/libXinerama.so.1.0.0
7ff287aa7000-7ff287bad000 r-xp 00000000 08:03 397888                     /lib/x86_64-linux-gnu/libglib-2.0.so.0.4002.0
7ff287bad000-7ff287dac000 ---p 00106000 08:03 397888                     /lib/x86_64-linux-gnu/libglib-2.0.so.0.4002.0
7ff287dac000-7ff287dad000 r--p 00105000 08:03 397888                     /lib/x86_64-linux-gnu/libglib-2.0.so.0.4002.0
7ff287dad000-7ff287dae000 rw-p 00106000 08:03 397888                     /lib/x86_64-linux-gnu/libglib-2.0.so.0.4002.0
7ff287dae000-7ff287daf000 rw-p 00000000 00:00 0 
7ff287daf000-7ff287dfe000 r-xp 00000000 08:03 2369711                    /usr/lib/x86_64-linux-gnu/libgobject-2.0.so.0.4002.0
7ff287dfe000-7ff287ffe000 ---p 0004f000 08:03 2369711                    /usr/lib/x86_64-linux-gnu/libgobject-2.0.so.0.4002.0
7ff287ffe000-7ff287fff000 r--p 0004f000 08:03 2369711                    /usr/lib/x86_64-linux-gnu/libgobject-2.0.so.0.4002.0
7ff287fff000-7ff288000000 rw-p 00050000 08:03 2369711                    /usr/lib/x86_64-linux-gnu/libgobject-2.0.so.0.4002.0
7ff288000000-7ff288027000 rw-p 00000000 00:00 0 
7ff288027000-7ff28c000000 ---p 00000000 00:00 0 
7ff28c000000-7ff28c021000 rw-p 00000000 00:00 0 
7ff28c021000-7ff290000000 ---p 00000000 00:00 0 
7ff290000000-7ff29037e000 rw-p 00000000 00:00 0 
7ff29037e000-7ff294000000 ---p 00000000 00:00 0 
7ff294000000-7ff294059000 rw-p 00000000 00:00 0 
7ff294059000-7ff298000000 ---p 00000000 00:00 0 
7ff298000000-7ff298027000 rw-p 00000000 00:00 0 
7ff298027000-7ff29c000000 ---p 00000000 00:00 0 
7ff29c000000-7ff29c021000 rw-p 00000000 00:00 0 
7ff29c021000-7ff2a0000000 ---p 00000000 00:00 0 
7ff2a0000000-7ff2a0021000 rw-p 00000000 00:00 0 
7ff2a0021000-7ff2a4000000 ---p 00000000 00:00 0 
7ff2a4000000-7ff2a4021000 rw-p 00000000 00:00 0 
7ff2a4021000-7ff2a8000000 ---p 00000000 00:00 0 
7ff2a80b5000-7ff2a80ef000 r-xp 00000000 08:03 2369585                    /usr/lib/x86_64-linux-gnu/libfontconfig.so.1.8.0
7ff2a80ef000-7ff2a82ee000 ---p 0003a000 08:03 2369585                    /usr/lib/x86_64-linux-gnu/libfontconfig.so.1.8.0
7ff2a82ee000-7ff2a82f0000 r--p 00039000 08:03 2369585                    /usr/lib/x86_64-linux-gnu/libfontconfig.so.1.8.0
7ff2a82f0000-7ff2a82f1000 rw-p 0003b000 08:03 2369585                    /usr/lib/x86_64-linux-gnu/libfontconfig.so.1.8.0
7ff2a82f1000-7ff2a833b000 r-xp 00000000 08:03 2370113                    /usr/lib/x86_64-linux-gnu/libpango-1.0.so.0.3600.3
7ff2a833b000-7ff2a853b000 ---p 0004a000 08:03 2370113                    /usr/lib/x86_64-linux-gnu/libpango-1.0.so.0.3600.3
7ff2a853b000-7ff2a853d000 r--p 0004a000 08:03 2370113                    /usr/lib/x86_64-linux-gnu/libpango-1.0.so.0.3600.3
7ff2a853d000-7ff2a853e000 rw-p 0004c000 08:03 2370113                    /usr/lib/x86_64-linux-gnu/libpango-1.0.so.0.3600.3
7ff2a853e000-7ff2a8552000 r-xp 00000000 08:03 2370117                    /usr/lib/x86_64-linux-gnu/libpangoft2-1.0.so.0.3600.3
7ff2a8552000-7ff2a8751000 ---p 00014000 08:03 2370117                    /usr/lib/x86_64-linux-gnu/libpangoft2-1.0.so.0.3600.3
7ff2a8751000-7ff2a8752000 r--p 00013000 08:03 2370117                    /usr/lib/x86_64-linux-gnu/libpangoft2-1.0.so.0.3600.3
7ff2a8752000-7ff2a8753000 rw-p 00014000 08:03 2370117                    /usr/lib/x86_64-linux-gnu/libpangoft2-1.0.so.0.3600.3
7ff2a8753000-7ff2a88bf000 r-xp 00000000 08:03 2369673                    /usr/lib/x86_64-linux-gnu/libgio-2.0.so.0.4002.0
7ff2a88bf000-7ff2a8abe000 ---p 0016c000 08:03 2369673                    /usr/lib/x86_64-linux-gnu/libgio-2.0.so.0.4002.0
7ff2a8abe000-7ff2a8ac2000 r--p 0016b000 08:03 2369673                    /usr/lib/x86_64-linux-gnu/libgio-2.0.so.0.4002.0
7ff2a8ac2000-7ff2a8ac4000 rw-p 0016f000 08:03 2369673                    /usr/lib/x86_64-linux-gnu/libgio-2.0.so.0.4002.0
7ff2a8ac4000-7ff2a8ac6000 rw-p 00000000 00:00 0 
7ff2a8ac6000-7ff2a8ae6000 r-xp 00000000 08:03 2369647                    /usr/lib/x86_64-linux-gnu/libgdk_pixbuf-2.0.so.0.3000.7
7ff2a8ae6000-7ff2a8ce5000 ---p 00020000 08:03 2369647                    /usr/lib/x86_64-linux-gnu/libgdk_pixbuf-2.0.so.0.3000.7
7ff2a8ce5000-7ff2a8ce6000 r--p 0001f000 08:03 2369647                    /usr/lib/x86_64-linux-gnu/libgdk_pixbuf-2.0.so.0.3000.7
7ff2a8ce6000-7ff2a8ce7000 rw-p 00020000 08:03 2369647                    /usr/lib/x86_64-linux-gnu/libgdk_pixbuf-2.0.so.0.3000.7
7ff2a8ce7000-7ff2a8ded000 r-xp 00000000 08:03 2369368                    /usr/lib/x86_64-linux-gnu/libcairo.so.2.11301.0
7ff2a8ded000-7ff2a8fec000 ---p 00106000 08:03 2369368                    /usr/lib/x86_64-linux-gnu/libcairo.so.2.11301.0
7ff2a8fec000-7ff2a8fef000 r--p 00105000 08:03 2369368                    /usr/lib/x86_64-linux-gnu/libcairo.so.2.11301.0
7ff2a8fef000-7ff2a8ff0000 rw-p 00108000 08:03 2369368                    /usr/lib/x86_64-linux-gnu/libcairo.so.2.11301.0
7ff2a8ff0000-7ff2a8ff2000 rw-p 00000000 00:00 0 
7ff2a8ff2000-7ff2a9011000 r-xp 00000000 08:03 2369319                    /usr/lib/x86_64-linux-gnu/libatk-1.0.so.0.21009.1
7ff2a9011000-7ff2a9211000 ---p 0001f000 08:03 2369319                    /usr/lib/x86_64-linux-gnu/libatk-1.0.so.0.21009.1
7ff2a9211000-7ff2a9213000 r--p 0001f000 08:03 2369319                    /usr/lib/x86_64-linux-gnu/libatk-1.0.so.0.21009.1
7ff2a9213000-7ff2a9214000 rw-p 00021000 08:03 2369319                    /usr/lib/x86_64-linux-gnu/libatk-1.0.so.0.21009.1
7ff2a9214000-7ff2a921f000 r-xp 00000000 08:03 2370115                    /usr/lib/x86_64-linux-gnu/libpangocairo-1.0.so.0.3600.3
7ff2a921f000-7ff2a941f000 ---p 0000b000 08:03 2370115                    /usr/lib/x86_64-linux-gnu/libpangocairo-1.0.so.0.3600.3
7ff2a941f000-7ff2a9420000 r--p 0000b000 08:03 2370115                    /usr/lib/x86_64-linux-gnu/libpangocairo-1.0.so.0.3600.3
7ff2a9420000-7ff2a9421000 rw-p 0000c000 08:03 2370115                    /usr/lib/x86_64-linux-gnu/libpangocairo-1.0.so.0.3600.3
7ff2a9421000-7ff2a9424000 r-xp 00000000 08:03 2369687                    /usr/lib/x86_64-linux-gnu/libgmodule-2.0.so.0.4002.0
7ff2a9424000-7ff2a9623000 ---p 00003000 08:03 2369687                    /usr/lib/x86_64-linux-gnu/libgmodule-2.0.so.0.4002.0
7ff2a9623000-7ff2a9624000 r--p 00002000 08:03 2369687                    /usr/lib/x86_64-linux-gnu/libgmodule-2.0.so.0.4002.0
7ff2a9624000-7ff2a9625000 rw-p 00003000 08:03 2369687                    /usr/lib/x86_64-linux-gnu/libgmodule-2.0.so.0.4002.0
7ff2a9625000-7ff2a96d3000 r-xp 00000000 08:03 2369645                    /usr/lib/x86_64-linux-gnu/libgdk-x11-2.0.so.0.2400.23
7ff2a96d3000-7ff2a98d2000 ---p 000ae000 08:03 2369645                    /usr/lib/x86_64-linux-gnu/libgdk-x11-2.0.so.0.2400.23
7ff2a98d2000-7ff2a98d6000 r--p 000ad000 08:03 2369645                    /usr/lib/x86_64-linux-gnu/libgdk-x11-2.0.so.0.2400.23
7ff2a98d6000-7ff2a98d8000 rw-p 000b1000 08:03 2369645                    /usr/lib/x86_64-linux-gnu/libgdk-x11-2.0.so.0.2400.23
7ff2a98d8000-7ff2a9d08000 r-xp 00000000 08:03 2369839                    /usr/lib/x86_64-linux-gnu/libgtk-x11-2.0.so.0.2400.23
7ff2a9d08000-7ff2a9f07000 ---p 00430000 08:03 2369839                    /usr/lib/x86_64-linux-gnu/libgtk-x11-2.0.so.0.2400.23
7ff2a9f07000-7ff2a9f0e000 r--p 0042f000 08:03 2369839                    /usr/lib/x86_64-linux-gnu/libgtk-x11-2.0.so.0.2400.23
7ff2a9f0e000-7ff2a9f12000 rw-p 00436000 08:03 2369839                    /usr/lib/x86_64-linux-gnu/libgtk-x11-2.0.so.0.2400.23
7ff2a9f12000-7ff2a9f15000 rw-p 00000000 00:00 0 
7ff2a9f35000-7ff2a9f9e000 r-xp 00000000 08:03 147338                     /usr/lib/jvm/java-8-oracle/jre/lib/amd64/libt2k.so
7ff2a9f9e000-7ff2aa19e000 ---p 00069000 08:03 147338                     /usr/lib/jvm/java-8-oracle/jre/lib/amd64/libt2k.so
7ff2aa19e000-7ff2aa1a5000 rw-p 00069000 08:03 147338                     /usr/lib/jvm/java-8-oracle/jre/lib/amd64/libt2k.so
7ff2aa1a5000-7ff2aa1b5000 rw-p 00000000 00:00 0 
7ff2aa1b5000-7ff2aa1b6000 r--s 00000000 08:03 273576                     /var/cache/fontconfig/c05880de57d1f5e948fdfacc138775d9-le64.cache-4
7ff2aa1b6000-7ff2aa1c1000 r--s 00000000 08:03 273569                     /var/cache/fontconfig/945677eb7aeaf62f1d50efc3fb3ec7d8-le64.cache-4
7ff2aa1c1000-7ff2aa1c3000 r--s 00000000 08:03 273571                     /var/cache/fontconfig/99e8ed0e538f840c565b6ed5dad60d56-le64.cache-4
7ff2aa1c3000-7ff2aa1c9000 r--s 00000000 08:03 273554                     /var/cache/fontconfig/2cd17615ca594fa2959ae173292e504c-le64.cache-4
7ff2aa1c9000-7ff2aa1ca000 r--s 00000000 08:03 273586                     /var/cache/fontconfig/e7071f4a29fa870f4323321c154eba04-le64.cache-4
7ff2aa1ca000-7ff2aa1cb000 r--s 00000000 08:03 273551                     /var/cache/fontconfig/0d8c3b2ac0904cb8a57a757ad11a4a08-le64.cache-4
7ff2aa1cb000-7ff2aa1d7000 r--s 00000000 08:03 273564                     /var/cache/fontconfig/6d41288fd70b0be22e8c3a91e032eec0-le64.cache-4
7ff2aa1dc000-7ff2aa1ed000 rw-s 00000000 00:05 1262321673                 /SYSV00000000 (deleted)
7ff2aa1f0000-7ff2aa1f1000 rw-p 00000000 00:00 0 
7ff2aa1f1000-7ff2aa209000 r--s 00000000 08:03 789761                     /usr/share/fonts/type1/gsfonts/n022003l.pfb
7ff2aa209000-7ff2aa20c000 ---p 00000000 00:00 0 
7ff2aa20c000-7ff2aa50a000 rw-p 00000000 00:00 0                          [stack:11778]
7ff2aa50a000-7ff2aa50d000 ---p 00000000 00:00 0 
7ff2aa50d000-7ff2aa60b000 rw-p 00000000 00:00 0                          [stack:11777]
7ff2aa60b000-7ff2aa60e000 ---p 00000000 00:00 0 
7ff2aa60e000-7ff2aa90c000 rw-p 00000000 00:00 0                          [stack:11776]
7ff2aa90c000-7ff2aa90f000 ---p 00000000 00:00 0 
7ff2aa90f000-7ff2aaa0d000 rw-p 00000000 00:00 0                          [stack:11775]
7ff2aaa0d000-7ff2aaa10000 ---p 00000000 00:00 0 
7ff2aaa10000-7ff2aab0e000 rw-p 00000000 00:00 0                          [stack:11774]
7ff2aab0e000-7ff2aab1f000 r-xp 00000000 08:03 147332                     /usr/lib/jvm/java-8-oracle/jre/lib/amd64/libnio.so
7ff2aab1f000-7ff2aad1e000 ---p 00011000 08:03 147332                     /usr/lib/jvm/java-8-oracle/jre/lib/amd64/libnio.so
7ff2aad1e000-7ff2aad1f000 rw-p 00010000 08:03 147332                     /usr/lib/jvm/java-8-oracle/jre/lib/amd64/libnio.so
7ff2aad1f000-7ff2aad35000 r-xp 00000000 08:03 147293                     /usr/lib/jvm/java-8-oracle/jre/lib/amd64/libnet.so
7ff2aad35000-7ff2aaf35000 ---p 00016000 08:03 147293                     /usr/lib/jvm/java-8-oracle/jre/lib/amd64/libnet.so
7ff2aaf35000-7ff2aaf36000 rw-p 00016000 08:03 147293                     /usr/lib/jvm/java-8-oracle/jre/lib/amd64/libnet.so
7ff2aaf36000-7ff2aaf39000 ---p 00000000 00:00 0 
7ff2aaf39000-7ff2ab037000 rw-p 00000000 00:00 0                          [stack:11773]
7ff2ab037000-7ff2ab03c000 r-xp 00000000 08:03 2369236                    /usr/lib/x86_64-linux-gnu/libXfixes.so.3.1.0
7ff2ab03c000-7ff2ab23b000 ---p 00005000 08:03 2369236                    /usr/lib/x86_64-linux-gnu/libXfixes.so.3.1.0
7ff2ab23b000-7ff2ab23c000 r--p 00004000 08:03 2369236                    /usr/lib/x86_64-linux-gnu/libXfixes.so.3.1.0
7ff2ab23c000-7ff2ab23d000 rw-p 00005000 08:03 2369236                    /usr/lib/x86_64-linux-gnu/libXfixes.so.3.1.0
7ff2ab23d000-7ff2ab246000 r-xp 00000000 08:03 2369228                    /usr/lib/x86_64-linux-gnu/libXcursor.so.1.0.2
7ff2ab246000-7ff2ab445000 ---p 00009000 08:03 2369228                    /usr/lib/x86_64-linux-gnu/libXcursor.so.1.0.2
7ff2ab445000-7ff2ab446000 r--p 00008000 08:03 2369228                    /usr/lib/x86_64-linux-gnu/libXcursor.so.1.0.2
7ff2ab446000-7ff2ab447000 rw-p 00009000 08:03 2369228                    /usr/lib/x86_64-linux-gnu/libXcursor.so.1.0.2
7ff2ab447000-7ff2ab44a000 ---p 00000000 00:00 0 
7ff2ab44a000-7ff2ab548000 rw-p 00000000 00:00 0                          [stack:11772]
7ff2ab548000-7ff2ab55e000 r-xp 00000000 08:03 397884                     /lib/x86_64-linux-gnu/libgcc_s.so.1
7ff2ab55e000-7ff2ab75d000 ---p 00016000 08:03 397884                     /lib/x86_64-linux-gnu/libgcc_s.so.1
7ff2ab75d000-7ff2ab75e000 rw-p 00015000 08:03 397884                     /lib/x86_64-linux-gnu/libgcc_s.so.1
7ff2ab75e000-7ff2ab7c3000 r-xp 00000000 08:03 147282                     /usr/lib/jvm/java-8-oracle/jre/lib/amd64/libfontmanager.so
7ff2ab7c3000-7ff2ab9c2000 ---p 00065000 08:03 147282                     /usr/lib/jvm/java-8-oracle/jre/lib/amd64/libfontmanager.so
7ff2ab9c2000-7ff2ab9c7000 rw-p 00064000 08:03 147282                     /usr/lib/jvm/java-8-oracle/jre/lib/amd64/libfontmanager.so
7ff2ab9c7000-7ff2ab9d7000 rw-p 00000000 00:00 0 
7ff2ab9d7000-7ff2ab9dc000 r-xp 00000000 08:03 2369232                    /usr/lib/x86_64-linux-gnu/libXdmcp.so.6.0.0
7ff2ab9dc000-7ff2abbdb000 ---p 00005000 08:03 2369232                    /usr/lib/x86_64-linux-gnu/libXdmcp.so.6.0.0
7ff2abbdb000-7ff2abbdc000 r--p 00004000 08:03 2369232                    /usr/lib/x86_64-linux-gnu/libXdmcp.so.6.0.0
7ff2abbdc000-7ff2abbdd000 rw-p 00005000 08:03 2369232                    /usr/lib/x86_64-linux-gnu/libXdmcp.so.6.0.0
7ff2abbdd000-7ff2abbdf000 r-xp 00000000 08:03 2369221                    /usr/lib/x86_64-linux-gnu/libXau.so.6.0.0
7ff2abbdf000-7ff2abddf000 ---p 00002000 08:03 2369221                    /usr/lib/x86_64-linux-gnu/libXau.so.6.0.0
7ff2abddf000-7ff2abde0000 r--p 00002000 08:03 2369221                    /usr/lib/x86_64-linux-gnu/libXau.so.6.0.0
7ff2abde0000-7ff2abde1000 rw-p 00003000 08:03 2369221                    /usr/lib/x86_64-linux-gnu/libXau.so.6.0.0
7ff2abde1000-7ff2abdfe000 r-xp 00000000 08:03 2370440                    /usr/lib/x86_64-linux-gnu/libxcb.so.1.1.0
7ff2abdfe000-7ff2abffe000 ---p 0001d000 08:03 2370440                    /usr/lib/x86_64-linux-gnu/libxcb.so.1.1.0
7ff2abffe000-7ff2abfff000 r--p 0001d000 08:03 2370440                    /usr/lib/x86_64-linux-gnu/libxcb.so.1.1.0
7ff2abfff000-7ff2ac000000 rw-p 0001e000 08:03 2370440                    /usr/lib/x86_64-linux-gnu/libxcb.so.1.1.0
7ff2ac000000-7ff2ac610000 rw-p 00000000 00:00 0 
7ff2ac610000-7ff2b0000000 ---p 00000000 00:00 0 
7ff2b0000000-7ff2b0021000 rw-p 00000000 00:00 0 
7ff2b0021000-7ff2b4000000 ---p 00000000 00:00 0 
7ff2b4000000-7ff2b477c000 rw-p 00000000 00:00 0 
7ff2b477c000-7ff2b8000000 ---p 00000000 00:00 0 
7ff2b8000000-7ff2b8f44000 rw-p 00000000 00:00 0 
7ff2b8f44000-7ff2bc000000 ---p 00000000 00:00 0 
7ff2bc000000-7ff2bc021000 rw-p 00000000 00:00 0 
7ff2bc021000-7ff2c0000000 ---p 00000000 00:00 0 
7ff2c0000000-7ff2c0021000 rw-p 00000000 00:00 0 
7ff2c0021000-7ff2c4000000 ---p 00000000 00:00 0 
7ff2c4000000-7ff2c428c000 rw-p 00000000 00:00 0 
7ff2c428c000-7ff2c8000000 ---p 00000000 00:00 0 
7ff2c8000000-7ff2c8021000 rw-p 00000000 00:00 0 
7ff2c8021000-7ff2cc000000 ---p 00000000 00:00 0 
7ff2cc000000-7ff2cc021000 rw-p 00000000 00:00 0 
7ff2cc021000-7ff2d0000000 ---p 00000000 00:00 0 
7ff2d0000000-7ff2d0021000 rw-p 00000000 00:00 0 
7ff2d0021000-7ff2d4000000 ---p 00000000 00:00 0 
7ff2d4000000-7ff2d4021000 rw-p 00000000 00:00 0 
7ff2d4021000-7ff2d8000000 ---p 00000000 00:00 0 
7ff2d8000000-7ff2d8007000 r--s 00000000 08:03 273573                     /var/cache/fontconfig/a755afe4a08bf5b97852ceb7400b47bc-le64.cache-4
7ff2d8007000-7ff2d801b000 r--s 00000000 08:03 273548                     /var/cache/fontconfig/04aabc0a78ac019cf9454389977116d2-le64.cache-4
7ff2d801b000-7ff2d801c000 r--s 00000000 08:03 273553                     /var/cache/fontconfig/1ac9eb803944fde146138c791f5cc56a-le64.cache-4
7ff2d801c000-7ff2d8020000 r--s 00000000 08:03 273557                     /var/cache/fontconfig/385c0604a188198f04d133e54aba7fe7-le64.cache-4
7ff2d8020000-7ff2d8021000 r--s 00000000 08:03 273583                     /var/cache/fontconfig/dc05db6664285cc2f12bf69c139ae4c3-le64.cache-4
7ff2d8021000-7ff2d8023000 r--s 00000000 08:03 273566                     /var/cache/fontconfig/767a8244fc0220cfb567a839d0392e0b-le64.cache-4
7ff2d8023000-7ff2d8035000 r--s 00000000 08:03 273549                     /var/cache/fontconfig/0bd3dc0958fa2205aaaa8ebb13e2872b-le64.cache-4
7ff2d8035000-7ff2d803a000 r--s 00000000 08:03 273568                     /var/cache/fontconfig/8801497958630a81b71ace7c5f9b32a8-le64.cache-4
7ff2d803a000-7ff2d8041000 r--s 00000000 08:03 273555                     /var/cache/fontconfig/3047814df9a2f067bd2d96a2b9c36e5a-le64.cache-4
7ff2d8041000-7ff2d8054000 r--s 00000000 08:03 273580                     /var/cache/fontconfig/d52a8644073d54c13679302ca1180695-le64.cache-4
7ff2d8054000-7ff2d8067000 r--s 00000000 08:03 271705                     /var/cache/fontconfig/4ac51e5cfbc76fc3f983e470323a16d3-le64.cache-4
7ff2d8067000-7ff2d8076000 r-xp 00000000 08:03 2369242                    /usr/lib/x86_64-linux-gnu/libXi.so.6.1.0
7ff2d8076000-7ff2d8275000 ---p 0000f000 08:03 2369242                    /usr/lib/x86_64-linux-gnu/libXi.so.6.1.0
7ff2d8275000-7ff2d8276000 r--p 0000e000 08:03 2369242                    /usr/lib/x86_64-linux-gnu/libXi.so.6.1.0
7ff2d8276000-7ff2d8277000 rw-p 0000f000 08:03 2369242                    /usr/lib/x86_64-linux-gnu/libXi.so.6.1.0
7ff2d8277000-7ff2d827c000 r-xp 00000000 08:03 2369262                    /usr/lib/x86_64-linux-gnu/libXtst.so.6.1.0
7ff2d827c000-7ff2d847b000 ---p 00005000 08:03 2369262                    /usr/lib/x86_64-linux-gnu/libXtst.so.6.1.0
7ff2d847b000-7ff2d847c000 r--p 00004000 08:03 2369262                    /usr/lib/x86_64-linux-gnu/libXtst.so.6.1.0
7ff2d847c000-7ff2d847d000 rw-p 00005000 08:03 2369262                    /usr/lib/x86_64-linux-gnu/libXtst.so.6.1.0
7ff2d847d000-7ff2d8486000 r-xp 00000000 08:03 2369256                    /usr/lib/x86_64-linux-gnu/libXrender.so.1.3.0
7ff2d8486000-7ff2d8685000 ---p 00009000 08:03 2369256                    /usr/lib/x86_64-linux-gnu/libXrender.so.1.3.0
7ff2d8685000-7ff2d8686000 r--p 00008000 08:03 2369256                    /usr/lib/x86_64-linux-gnu/libXrender.so.1.3.0
7ff2d8686000-7ff2d8687000 rw-p 00009000 08:03 2369256                    /usr/lib/x86_64-linux-gnu/libXrender.so.1.3.0
7ff2d8687000-7ff2d87b7000 r-xp 00000000 08:03 2369217                    /usr/lib/x86_64-linux-gnu/libX11.so.6.3.0
7ff2d87b7000-7ff2d89b7000 ---p 00130000 08:03 2369217                    /usr/lib/x86_64-linux-gnu/libX11.so.6.3.0
7ff2d89b7000-7ff2d89b8000 r--p 00130000 08:03 2369217                    /usr/lib/x86_64-linux-gnu/libX11.so.6.3.0
7ff2d89b8000-7ff2d89bc000 rw-p 00131000 08:03 2369217                    /usr/lib/x86_64-linux-gnu/libX11.so.6.3.0
7ff2d89bc000-7ff2d89cd000 r-xp 00000000 08:03 2369234                    /usr/lib/x86_64-linux-gnu/libXext.so.6.4.0
7ff2d89cd000-7ff2d8bcc000 ---p 00011000 08:03 2369234                    /usr/lib/x86_64-linux-gnu/libXext.so.6.4.0
7ff2d8bcc000-7ff2d8bcd000 r--p 00010000 08:03 2369234                    /usr/lib/x86_64-linux-gnu/libXext.so.6.4.0
7ff2d8bcd000-7ff2d8bce000 rw-p 00011000 08:03 2369234                    /usr/lib/x86_64-linux-gnu/libXext.so.6.4.0
7ff2d8bce000-7ff2d8c22000 r-xp 00000000 08:03 147314                     /usr/lib/jvm/java-8-oracle/jre/lib/amd64/libawt_xawt.so
7ff2d8c22000-7ff2d8e22000 ---p 00054000 08:03 147314                     /usr/lib/jvm/java-8-oracle/jre/lib/amd64/libawt_xawt.so
7ff2d8e22000-7ff2d8e26000 rw-p 00054000 08:03 147314                     /usr/lib/jvm/java-8-oracle/jre/lib/amd64/libawt_xawt.so
7ff2d8e26000-7ff2d8e27000 rw-p 00000000 00:00 0 
7ff2d8e27000-7ff2d8ec9000 r-xp 00000000 08:03 147299                     /usr/lib/jvm/java-8-oracle/jre/lib/amd64/libawt.so
7ff2d8ec9000-7ff2d90c9000 ---p 000a2000 08:03 147299                     /usr/lib/jvm/java-8-oracle/jre/lib/amd64/libawt.so
7ff2d90c9000-7ff2d90d5000 rw-p 000a2000 08:03 147299                     /usr/lib/jvm/java-8-oracle/jre/lib/amd64/libawt.so
7ff2d90d5000-7ff2d90f9000 rw-p 00000000 00:00 0 
7ff2d90f9000-7ff2d90fa000 ---p 00000000 00:00 0 
7ff2d90fa000-7ff2d91fa000 rw-p 00000000 00:00 0                          [stack:11769]
7ff2d91fa000-7ff2d91fd000 ---p 00000000 00:00 0 
7ff2d91fd000-7ff2d92fb000 rw-p 00000000 00:00 0                          [stack:11768]
7ff2d92fb000-7ff2d92fe000 ---p 00000000 00:00 0 
7ff2d92fe000-7ff2d93fc000 rw-p 00000000 00:00 0                          [stack:11767]
7ff2d93fc000-7ff2d93ff000 ---p 00000000 00:00 0 
7ff2d93ff000-7ff2d94fd000 rw-p 00000000 00:00 0                          [stack:11766]
7ff2d94fd000-7ff2d9500000 ---p 00000000 00:00 0 
7ff2d9500000-7ff2d95fe000 rw-p 00000000 00:00 0                          [stack:11765]
7ff2d95fe000-7ff2d9601000 ---p 00000000 00:00 0 
7ff2d9601000-7ff2d96ff000 rw-p 00000000 00:00 0                          [stack:11764]
7ff2d96ff000-7ff2d99c8000 r--p 00000000 08:03 2367214                    /usr/lib/locale/locale-archive
7ff2d99c8000-7ff2d99cb000 ---p 00000000 00:00 0 
7ff2d99cb000-7ff2d9ac9000 rw-p 00000000 00:00 0                          [stack:11763]
7ff2d9ac9000-7ff2d9acc000 ---p 00000000 00:00 0 
7ff2d9acc000-7ff2d9bca000 rw-p 00000000 00:00 0                          [stack:11762]
7ff2d9bca000-7ff2d9bcb000 ---p 00000000 00:00 0 
7ff2d9bcb000-7ff2dc000000 rw-p 00000000 00:00 0                          [stack:11761]
7ff2dc000000-7ff2dc021000 rw-p 00000000 00:00 0 
7ff2dc021000-7ff2e0000000 ---p 00000000 00:00 0 
7ff2e0000000-7ff2e0001000 r--s 00000000 08:03 273559                     /var/cache/fontconfig/4794a0821666d79190d59a36cb4f44b5-le64.cache-4
7ff2e0001000-7ff2e000a000 r--s 00000000 08:03 273558                     /var/cache/fontconfig/3f7329c5293ffd510edef78f73874cfd-le64.cache-4
7ff2e000a000-7ff2e003b000 rw-p 00000000 00:00 0 
7ff2e003b000-7ff2e0054000 r--s 0012e000 08:03 1972319                    /home/tharindu/NewFolder/swingx.jar
7ff2e0054000-7ff2e1000000 rw-p 00000000 00:00 0 
7ff2e1000000-7ff2e1400000 rwxp 00000000 00:00 0 
7ff2e1400000-7ff2f0000000 ---p 00000000 00:00 0 
7ff2f0000000-7ff2f02cd000 rw-p 00000000 00:00 0 
7ff2f02cd000-7ff2f4000000 ---p 00000000 00:00 0 
7ff2f4000000-7ff2f4006000 r--s 00000000 08:03 273574                     /var/cache/fontconfig/b47c4e1ecd0709278f4910c18777a504-le64.cache-4
7ff2f4006000-7ff2f4011000 r--s 00000000 08:03 273581                     /var/cache/fontconfig/d589a48862398ed80a3d6066f4f56f4c-le64.cache-4
7ff2f4011000-7ff2f4014000 r--s 00000000 08:03 263186                     /var/cache/fontconfig/e13b20fdb08344e0e664864cc2ede53d-le64.cache-4
7ff2f4014000-7ff2f4317000 rw-p 00000000 00:00 0 
7ff2f4317000-7ff2f44ef000 r--s 03d2a000 08:03 147348                     /usr/lib/jvm/java-8-oracle/jre/lib/rt.jar
7ff2f44ef000-7ff2f4748000 rw-p 00000000 00:00 0 
7ff2f4748000-7ff2f4749000 ---p 00000000 00:00 0 
7ff2f4749000-7ff2f4849000 rw-p 00000000 00:00 0                          [stack:11760]
7ff2f4849000-7ff2f484a000 ---p 00000000 00:00 0 
7ff2f484a000-7ff2f494a000 rw-p 00000000 00:00 0                          [stack:11759]
7ff2f494a000-7ff2f494b000 ---p 00000000 00:00 0 
7ff2f494b000-7ff2f4a4b000 rw-p 00000000 00:00 0                          [stack:11758]
7ff2f4a4b000-7ff2f4a4c000 ---p 00000000 00:00 0 
7ff2f4a4c000-7ff2f4b61000 rw-p 00000000 00:00 0                          [stack:11757]
7ff2f4b61000-7ff2f4c8e000 ---p 00000000 00:00 0 
7ff2f4c8e000-7ff2f4ca3000 rw-p 00000000 00:00 0 
7ff2f4ca3000-7ff2f4dd0000 ---p 00000000 00:00 0 
7ff2f4dd0000-7ff2f4e38000 rw-p 00000000 00:00 0 
7ff2f4e38000-7ff2f4e71000 ---p 00000000 00:00 0 
7ff2f4e71000-7ff2f4e82000 rw-p 00000000 00:00 0 
7ff2f4e82000-7ff2f5232000 ---p 00000000 00:00 0 
7ff2f5232000-7ff2f524c000 r-xp 00000000 08:03 147337                     /usr/lib/jvm/java-8-oracle/jre/lib/amd64/libzip.so
7ff2f524c000-7ff2f544c000 ---p 0001a000 08:03 147337                     /usr/lib/jvm/java-8-oracle/jre/lib/amd64/libzip.so
7ff2f544c000-7ff2f544d000 rw-p 0001a000 08:03 147337                     /usr/lib/jvm/java-8-oracle/jre/lib/amd64/libzip.so
7ff2f544d000-7ff2f5457000 r-xp 00000000 08:03 394379                     /lib/x86_64-linux-gnu/libnss_files-2.19.so
7ff2f5457000-7ff2f5656000 ---p 0000a000 08:03 394379                     /lib/x86_64-linux-gnu/libnss_files-2.19.so
7ff2f5656000-7ff2f5657000 r--p 00009000 08:03 394379                     /lib/x86_64-linux-gnu/libnss_files-2.19.so
7ff2f5657000-7ff2f5658000 rw-p 0000a000 08:03 394379                     /lib/x86_64-linux-gnu/libnss_files-2.19.so
7ff2f5658000-7ff2f5663000 r-xp 00000000 08:03 394342                     /lib/x86_64-linux-gnu/libnss_nis-2.19.so
7ff2f5663000-7ff2f5862000 ---p 0000b000 08:03 394342                     /lib/x86_64-linux-gnu/libnss_nis-2.19.so
7ff2f5862000-7ff2f5863000 r--p 0000a000 08:03 394342                     /lib/x86_64-linux-gnu/libnss_nis-2.19.so
7ff2f5863000-7ff2f5864000 rw-p 0000b000 08:03 394342                     /lib/x86_64-linux-gnu/libnss_nis-2.19.so
7ff2f5864000-7ff2f587b000 r-xp 00000000 08:03 394332                     /lib/x86_64-linux-gnu/libnsl-2.19.so
7ff2f587b000-7ff2f5a7a000 ---p 00017000 08:03 394332                     /lib/x86_64-linux-gnu/libnsl-2.19.so
7ff2f5a7a000-7ff2f5a7b000 r--p 00016000 08:03 394332                     /lib/x86_64-linux-gnu/libnsl-2.19.so
7ff2f5a7b000-7ff2f5a7c000 rw-p 00017000 08:03 394332                     /lib/x86_64-linux-gnu/libnsl-2.19.so
7ff2f5a7c000-7ff2f5a7e000 rw-p 00000000 00:00 0 
7ff2f5a7e000-7ff2f5a87000 r-xp 00000000 08:03 394326                     /lib/x86_64-linux-gnu/libnss_compat-2.19.so
7ff2f5a87000-7ff2f5c86000 ---p 00009000 08:03 394326                     /lib/x86_64-linux-gnu/libnss_compat-2.19.so
7ff2f5c86000-7ff2f5c87000 r--p 00008000 08:03 394326                     /lib/x86_64-linux-gnu/libnss_compat-2.19.so
7ff2f5c87000-7ff2f5c88000 rw-p 00009000 08:03 394326                     /lib/x86_64-linux-gnu/libnss_compat-2.19.so
7ff2f5c88000-7ff2f5cb3000 r-xp 00000000 08:03 147281                     /usr/lib/jvm/java-8-oracle/jre/lib/amd64/libjava.so
7ff2f5cb3000-7ff2f5eb2000 ---p 0002b000 08:03 147281                     /usr/lib/jvm/java-8-oracle/jre/lib/amd64/libjava.so
7ff2f5eb2000-7ff2f5eb4000 rw-p 0002a000 08:03 147281                     /usr/lib/jvm/java-8-oracle/jre/lib/amd64/libjava.so
7ff2f5eb4000-7ff2f5ec1000 r-xp 00000000 08:03 147315                     /usr/lib/jvm/java-8-oracle/jre/lib/amd64/libverify.so
7ff2f5ec1000-7ff2f60c0000 ---p 0000d000 08:03 147315                     /usr/lib/jvm/java-8-oracle/jre/lib/amd64/libverify.so
7ff2f60c0000-7ff2f60c2000 rw-p 0000c000 08:03 147315                     /usr/lib/jvm/java-8-oracle/jre/lib/amd64/libverify.so
7ff2f60c2000-7ff2f60c9000 r-xp 00000000 08:03 394367                     /lib/x86_64-linux-gnu/librt-2.19.so
7ff2f60c9000-7ff2f62c8000 ---p 00007000 08:03 394367                     /lib/x86_64-linux-gnu/librt-2.19.so
7ff2f62c8000-7ff2f62c9000 r--p 00006000 08:03 394367                     /lib/x86_64-linux-gnu/librt-2.19.so
7ff2f62c9000-7ff2f62ca000 rw-p 00007000 08:03 394367                     /lib/x86_64-linux-gnu/librt-2.19.so
7ff2f62ca000-7ff2f63cf000 r-xp 00000000 08:03 394317                     /lib/x86_64-linux-gnu/libm-2.19.so
7ff2f63cf000-7ff2f65ce000 ---p 00105000 08:03 394317                     /lib/x86_64-linux-gnu/libm-2.19.so
7ff2f65ce000-7ff2f65cf000 r--p 00104000 08:03 394317                     /lib/x86_64-linux-gnu/libm-2.19.so
7ff2f65cf000-7ff2f65d0000 rw-p 00105000 08:03 394317                     /lib/x86_64-linux-gnu/libm-2.19.so
7ff2f65d0000-7ff2f729d000 r-xp 00000000 08:03 147311                     /usr/lib/jvm/java-8-oracle/jre/lib/amd64/server/libjvm.so
7ff2f729d000-7ff2f749c000 ---p 00ccd000 08:03 147311                     /usr/lib/jvm/java-8-oracle/jre/lib/amd64/server/libjvm.so
7ff2f749c000-7ff2f7575000 rw-p 00ccc000 08:03 147311                     /usr/lib/jvm/java-8-oracle/jre/lib/amd64/server/libjvm.so
7ff2f7575000-7ff2f75c0000 rw-p 00000000 00:00 0 
7ff2f75c0000-7ff2f777a000 r-xp 00000000 08:03 394368                     /lib/x86_64-linux-gnu/libc-2.19.so
7ff2f777a000-7ff2f797a000 ---p 001ba000 08:03 394368                     /lib/x86_64-linux-gnu/libc-2.19.so
7ff2f797a000-7ff2f797e000 r--p 001ba000 08:03 394368                     /lib/x86_64-linux-gnu/libc-2.19.so
7ff2f797e000-7ff2f7980000 rw-p 001be000 08:03 394368                     /lib/x86_64-linux-gnu/libc-2.19.so
7ff2f7980000-7ff2f7985000 rw-p 00000000 00:00 0 
7ff2f7985000-7ff2f7988000 r-xp 00000000 08:03 394319                     /lib/x86_64-linux-gnu/libdl-2.19.so
7ff2f7988000-7ff2f7b87000 ---p 00003000 08:03 394319                     /lib/x86_64-linux-gnu/libdl-2.19.so
7ff2f7b87000-7ff2f7b88000 r--p 00002000 08:03 394319                     /lib/x86_64-linux-gnu/libdl-2.19.so
7ff2f7b88000-7ff2f7b89000 rw-p 00003000 08:03 394319                     /lib/x86_64-linux-gnu/libdl-2.19.so
7ff2f7b89000-7ff2f7b9e000 r-xp 00000000 08:03 146537                     /usr/lib/jvm/java-8-oracle/lib/amd64/jli/libjli.so
7ff2f7b9e000-7ff2f7d9e000 ---p 00015000 08:03 146537                     /usr/lib/jvm/java-8-oracle/lib/amd64/jli/libjli.so
7ff2f7d9e000-7ff2f7d9f000 rw-p 00015000 08:03 146537                     /usr/lib/jvm/java-8-oracle/lib/amd64/jli/libjli.so
7ff2f7d9f000-7ff2f7db8000 r-xp 00000000 08:03 394333                     /lib/x86_64-linux-gnu/libpthread-2.19.so
7ff2f7db8000-7ff2f7fb7000 ---p 00019000 08:03 394333                     /lib/x86_64-linux-gnu/libpthread-2.19.so
7ff2f7fb7000-7ff2f7fb8000 r--p 00018000 08:03 394333                     /lib/x86_64-linux-gnu/libpthread-2.19.so
7ff2f7fb8000-7ff2f7fb9000 rw-p 00019000 08:03 394333                     /lib/x86_64-linux-gnu/libpthread-2.19.so
7ff2f7fb9000-7ff2f7fbd000 rw-p 00000000 00:00 0 
7ff2f7fbd000-7ff2f7fe0000 r-xp 00000000 08:03 394338                     /lib/x86_64-linux-gnu/ld-2.19.so
7ff2f7fe0000-7ff2f7fe1000 r--s 00000000 08:03 273561                     /var/cache/fontconfig/56cf4f4769d0f4abc89a4895d7bd3ae1-le64.cache-4
7ff2f7fe1000-7ff2f7fe2000 r--s 00000000 08:03 273575                     /var/cache/fontconfig/b9d506c9ac06c20b433354fa67a72993-le64.cache-4
7ff2f7fe2000-7ff2f7fe6000 r--s 00000000 08:03 263185                     /var/cache/fontconfig/7ef2298fde41cc6eeb7af42e48b7d293-le64.cache-4
7ff2f7fe6000-7ff2f80b8000 rw-p 00000000 00:00 0 
7ff2f80b8000-7ff2f80bb000 ---p 00000000 00:00 0 
7ff2f80bb000-7ff2f81bd000 rw-p 00000000 00:00 0                          [stack:11754]
7ff2f81bd000-7ff2f81be000 r--s 00000000 08:03 273550                     /var/cache/fontconfig/0c9eb80ebd1c36541ebe2852d3bb0c49-le64.cache-4
7ff2f81be000-7ff2f81c0000 r--s 00007000 08:03 2105209                    /home/tharindu/Public/Untitled Folder/jdatepicker-1.3.2.jar
7ff2f81c0000-7ff2f81d3000 rw-p 00000000 00:00 0 
7ff2f81d3000-7ff2f81db000 rw-s 00000000 08:03 2228462                    /tmp/hsperfdata_tharindu/11752
7ff2f81db000-7ff2f81dc000 rw-p 00000000 00:00 0 
7ff2f81dc000-7ff2f81dd000 ---p 00000000 00:00 0 
7ff2f81dd000-7ff2f81df000 rw-p 00000000 00:00 0 
7ff2f81df000-7ff2f81e0000 r--p 00022000 08:03 394338                     /lib/x86_64-linux-gnu/ld-2.19.so
7ff2f81e0000-7ff2f81e1000 rw-p 00023000 08:03 394338                     /lib/x86_64-linux-gnu/ld-2.19.so
7ff2f81e1000-7ff2f81e2000 rw-p 00000000 00:00 0 
7ffcfe83d000-7ffcfe85e000 rw-p 00000000 00:00 0                          [stack]
7ffcfe8dc000-7ffcfe8de000 r--p 00000000 00:00 0                          [vvar]
7ffcfe8de000-7ffcfe8e0000 r-xp 00000000 00:00 0                          [vdso]
ffffffffff600000-ffffffffff601000 r-xp 00000000 00:00 0                  [vsyscall]

VM Arguments:
jvm_args: -Dfile.encoding=UTF-8 
java_command: hotel.view.mainFrame
java_class_path (initial): /home/tharindu/NewFolder/swingx.jar:/home/tharindu/Public/Untitled Folder/jdatepicker-1.3.2.jar:/home/tharindu/NetBeansProjects/Hotel/build/classes
Launcher Type: SUN_STANDARD

Environment Variables:
JAVA_HOME=/usr/lib/jvm/java-8-oracle
PATH=/usr/local/sbin:/usr/local/bin:/usr/sbin:/usr/bin:/sbin:/bin:/usr/games:/usr/local/games:/usr/lib/jvm/java-8-oracle/bin:/usr/lib/jvm/java-8-oracle/db/bin:/usr/lib/jvm/java-8-oracle/jre/bin
USERNAME=tharindu
LD_LIBRARY_PATH=/usr/lib/jvm/java-8-oracle/jre/lib/amd64:/usr/lib/jvm/java-8-oracle/jre/lib/i386:
SHELL=/bin/bash
DISPLAY=:0

Signal Handlers:
SIGSEGV: [libjvm.so+0xac64b0], sa_mask[0]=11111111011111111101111111111110, sa_flags=SA_RESTART|SA_SIGINFO
SIGBUS: [libjvm.so+0xac64b0], sa_mask[0]=11111111011111111101111111111110, sa_flags=SA_RESTART|SA_SIGINFO
SIGFPE: [libjvm.so+0x91f950], sa_mask[0]=11111111011111111101111111111110, sa_flags=SA_RESTART|SA_SIGINFO
SIGPIPE: [libjvm.so+0x91f950], sa_mask[0]=11111111011111111101111111111110, sa_flags=SA_RESTART|SA_SIGINFO
SIGXFSZ: [libjvm.so+0x91f950], sa_mask[0]=11111111011111111101111111111110, sa_flags=SA_RESTART|SA_SIGINFO
SIGILL: [libjvm.so+0x91f950], sa_mask[0]=11111111011111111101111111111110, sa_flags=SA_RESTART|SA_SIGINFO
SIGUSR1: SIG_DFL, sa_mask[0]=00000000000000000000000000000000, sa_flags=none
SIGUSR2: [libjvm.so+0x920f80], sa_mask[0]=00100000000000000000000000000000, sa_flags=SA_RESTART|SA_SIGINFO
SIGHUP: [libjvm.so+0x922380], sa_mask[0]=11111111011111111101111111111110, sa_flags=SA_RESTART|SA_SIGINFO
SIGINT: SIG_IGN, sa_mask[0]=00000000000000000000000000000000, sa_flags=none
SIGTERM: [libjvm.so+0x922380], sa_mask[0]=11111111011111111101111111111110, sa_flags=SA_RESTART|SA_SIGINFO
SIGQUIT: [libjvm.so+0x922380], sa_mask[0]=11111111011111111101111111111110, sa_flags=SA_RESTART|SA_SIGINFO


---------------  S Y S T E M  ---------------

OS:DISTRIB_ID=LinuxMint
DISTRIB_RELEASE=17.3
DISTRIB_CODENAME=rosa
DISTRIB_DESCRIPTION="Linux Mint 17.3 Rosa"

uname:Linux 3.19.0-32-generic #37~14.04.1-Ubuntu SMP Thu Oct 22 09:41:40 UTC 2015 x86_64
libc:glibc 2.19 NPTL 2.19 
rlimit: STACK 8192k, CORE 0k, NPROC 15316, NOFILE 4096, AS infinity
load average:5.96 4.90 3.09

/proc/meminfo:
MemTotal:        3953184 kB
MemFree:          110312 kB
MemAvailable:      55812 kB
Buffers:            1020 kB
Cached:           272468 kB
SwapCached:            0 kB
Active:          3466900 kB
Inactive:         249580 kB
Active(anon):    3462484 kB
Inactive(anon):   223152 kB
Active(file):       4416 kB
Inactive(file):    26428 kB
Unevictable:           0 kB
Mlocked:               0 kB
SwapTotal:             0 kB
SwapFree:              0 kB
Dirty:              1620 kB
Writeback:             0 kB
AnonPages:       3443284 kB
Mapped:            98108 kB
Shmem:            242352 kB
Slab:              57012 kB
SReclaimable:      29076 kB
SUnreclaim:        27936 kB
KernelStack:        8128 kB
PageTables:        28920 kB
NFS_Unstable:          0 kB
Bounce:                0 kB
WritebackTmp:          0 kB
CommitLimit:     1976592 kB
Committed_AS:    5188872 kB
VmallocTotal:   34359738367 kB
VmallocUsed:      347096 kB
VmallocChunk:   34359383516 kB
HardwareCorrupted:     0 kB
AnonHugePages:   1880064 kB
CmaTotal:              0 kB
CmaFree:               0 kB
HugePages_Total:       0
HugePages_Free:        0
HugePages_Rsvd:        0
HugePages_Surp:        0
Hugepagesize:       2048 kB
DirectMap4k:      109224 kB
DirectMap2M:     3991552 kB


CPU:total 4 (2 cores per cpu, 2 threads per core) family 6 model 42 stepping 7, cmov, cx8, fxsr, mmx, sse, sse2, sse3, ssse3, sse4.1, sse4.2, popcnt, avx, clmul, ht, tsc, tscinvbit

/proc/cpuinfo:
processor	: 0
vendor_id	: GenuineIntel
cpu family	: 6
model		: 42
model name	: Intel(R) Core(TM) i3-2350M CPU @ 2.30GHz
stepping	: 7
microcode	: 0x1b
cpu MHz		: 799.968
cache size	: 3072 KB
physical id	: 0
siblings	: 4
core id		: 0
cpu cores	: 2
apicid		: 0
initial apicid	: 0
fpu		: yes
fpu_exception	: yes
cpuid level	: 13
wp		: yes
flags		: fpu vme de pse tsc msr pae mce cx8 apic sep mtrr pge mca cmov pat pse36 clflush dts acpi mmx fxsr sse sse2 ss ht tm pbe syscall nx rdtscp lm constant_tsc arch_perfmon pebs bts rep_good nopl xtopology nonstop_tsc aperfmperf eagerfpu pni pclmulqdq dtes64 monitor ds_cpl vmx est tm2 ssse3 cx16 xtpr pdcm pcid sse4_1 sse4_2 x2apic popcnt tsc_deadline_timer xsave avx lahf_lm arat epb pln pts dtherm tpr_shadow vnmi flexpriority ept vpid xsaveopt
bugs		:
bogomips	: 4590.03
clflush size	: 64
cache_alignment	: 64
address sizes	: 36 bits physical, 48 bits virtual
power management:

processor	: 1
vendor_id	: GenuineIntel
cpu family	: 6
model		: 42
model name	: Intel(R) Core(TM) i3-2350M CPU @ 2.30GHz
stepping	: 7
microcode	: 0x1b
cpu MHz		: 799.968
cache size	: 3072 KB
physical id	: 0
siblings	: 4
core id		: 1
cpu cores	: 2
apicid		: 2
initial apicid	: 2
fpu		: yes
fpu_exception	: yes
cpuid level	: 13
wp		: yes
flags		: fpu vme de pse tsc msr pae mce cx8 apic sep mtrr pge mca cmov pat pse36 clflush dts acpi mmx fxsr sse sse2 ss ht tm pbe syscall nx rdtscp lm constant_tsc arch_perfmon pebs bts rep_good nopl xtopology nonstop_tsc aperfmperf eagerfpu pni pclmulqdq dtes64 monitor ds_cpl vmx est tm2 ssse3 cx16 xtpr pdcm pcid sse4_1 sse4_2 x2apic popcnt tsc_deadline_timer xsave avx lahf_lm arat epb pln pts dtherm tpr_shadow vnmi flexpriority ept vpid xsaveopt
bugs		:
bogomips	: 4590.03
clflush size	: 64
cache_alignment	: 64
address sizes	: 36 bits physical, 48 bits virtual
power management:

processor	: 2
vendor_id	: GenuineIntel
cpu family	: 6
model		: 42
model name	: Intel(R) Core(TM) i3-2350M CPU @ 2.30GHz
stepping	: 7
microcode	: 0x1b
cpu MHz		: 799.968
cache size	: 3072 KB
physical id	: 0
siblings	: 4
core id		: 0
cpu cores	: 2
apicid		: 1
initial apicid	: 1
fpu		: yes
fpu_exception	: yes
cpuid level	: 13
wp		: yes
flags		: fpu vme de pse tsc msr pae mce cx8 apic sep mtrr pge mca cmov pat pse36 clflush dts acpi mmx fxsr sse sse2 ss ht tm pbe syscall nx rdtscp lm constant_tsc arch_perfmon pebs bts rep_good nopl xtopology nonstop_tsc aperfmperf eagerfpu pni pclmulqdq dtes64 monitor ds_cpl vmx est tm2 ssse3 cx16 xtpr pdcm pcid sse4_1 sse4_2 x2apic popcnt tsc_deadline_timer xsave avx lahf_lm arat epb pln pts dtherm tpr_shadow vnmi flexpriority ept vpid xsaveopt
bugs		:
bogomips	: 4590.03
clflush size	: 64
cache_alignment	: 64
address sizes	: 36 bits physical, 48 bits virtual
power management:

processor	: 3
vendor_id	: GenuineIntel
cpu family	: 6
model		: 42
model name	: Intel(R) Core(TM) i3-2350M CPU @ 2.30GHz
stepping	: 7
microcode	: 0x1b
cpu MHz		: 799.968
cache size	: 3072 KB
physical id	: 0
siblings	: 4
core id		: 1
cpu cores	: 2
apicid		: 3
initial apicid	: 3
fpu		: yes
fpu_exception	: yes
cpuid level	: 13
wp		: yes
flags		: fpu vme de pse tsc msr pae mce cx8 apic sep mtrr pge mca cmov pat pse36 clflush dts acpi mmx fxsr sse sse2 ss ht tm pbe syscall nx rdtscp lm constant_tsc arch_perfmon pebs bts rep_good nopl xtopology nonstop_tsc aperfmperf eagerfpu pni pclmulqdq dtes64 monitor ds_cpl vmx est tm2 ssse3 cx16 xtpr pdcm pcid sse4_1 sse4_2 x2apic popcnt tsc_deadline_timer xsave avx lahf_lm arat epb pln pts dtherm tpr_shadow vnmi flexpriority ept vpid xsaveopt
bugs		:
bogomips	: 4590.03
clflush size	: 64
cache_alignment	: 64
address sizes	: 36 bits physical, 48 bits virtual
power management:



Memory: 4k page, physical 3953184k(110312k free), swap 0k(0k free)

vm_info: Java HotSpot(TM) 64-Bit Server VM (25.111-b14) for linux-amd64 JRE (1.8.0_111-b14), built on Sep 22 2016 16:14:03 by "java_re" with gcc 4.3.0 20080428 (Red Hat 4.3.0-8)

time: Sun Apr 16 16:52:24 2017
elapsed time: 15 seconds (0d 0h 0m 15s)

