#
# There is insufficient memory for the Java Runtime Environment to continue.
# Native memory allocation (mmap) failed to map 69206016 bytes for committing reserved memory.
# Possible reasons:
#   The system is out of physical RAM or swap space
#   In 32 bit mode, the process size limit was hit
# Possible solutions:
#   Reduce memory load on the system
#   Increase physical memory or swap space
#   Check if swap backing store is full
#   Use 64 bit Java on a 64 bit OS
#   Decrease Java heap size (-Xmx/-Xms)
#   Decrease number of Java threads
#   Decrease Java thread stack sizes (-Xss)
#   Set larger code cache with -XX:ReservedCodeCacheSize=
# This output file may be truncated or incomplete.
#
#  Out of Memory Error (os_linux.cpp:2627), pid=11598, tid=0x00007fc2d03f6700
#
# JRE version: Java(TM) SE Runtime Environment (8.0_111-b14) (build 1.8.0_111-b14)
# Java VM: Java HotSpot(TM) 64-Bit Server VM (25.111-b14 mixed mode linux-amd64 compressed oops)
# Failed to write core dump. Core dumps have been disabled. To enable core dumping, try "ulimit -c unlimited" before starting Java again
#

---------------  T H R E A D  ---------------

Current thread (0x00007fc2e4077800):  VMThread [stack: 0x00007fc2d02f6000,0x00007fc2d03f7000] [id=11608]

Stack: [0x00007fc2d02f6000,0x00007fc2d03f7000],  sp=0x00007fc2d03f51e0,  free space=1020k
Native frames: (J=compiled Java code, j=interpreted, Vv=VM code, C=native code)
V  [libjvm.so+0xac5c2a]  VMError::report_and_die()+0x2ba
V  [libjvm.so+0x4fc50b]  report_vm_out_of_memory(char const*, int, unsigned long, VMErrorType, char const*)+0x8b
V  [libjvm.so+0x922ae3]  os::Linux::commit_memory_impl(char*, unsigned long, bool)+0x103
V  [libjvm.so+0x923039]  os::pd_commit_memory(char*, unsigned long, unsigned long, bool)+0x29
V  [libjvm.so+0x91d33a]  os::commit_memory(char*, unsigned long, unsigned long, bool)+0x2a
V  [libjvm.so+0x991ac3]  PSVirtualSpace::expand_by(unsigned long)+0x53
V  [libjvm.so+0x992ec8]  PSYoungGen::resize_generation(unsigned long, unsigned long)+0xf8
V  [libjvm.so+0x992022]  PSYoungGen::resize(unsigned long, unsigned long)+0x22
V  [libjvm.so+0x98f2fb]  PSScavenge::invoke_no_policy()+0xf3b
V  [libjvm.so+0x98fa81]  PSScavenge::invoke()+0x41
V  [libjvm.so+0x9467d0]  ParallelScavengeHeap::failed_mem_allocate(unsigned long)+0x70
V  [libjvm.so+0xac7647]  VM_ParallelGCFailedAllocation::doit()+0x97
V  [libjvm.so+0xacf125]  VM_Operation::evaluate()+0x55
V  [libjvm.so+0xacd4fa]  VMThread::evaluate_operation(VM_Operation*)+0xba
V  [libjvm.so+0xacd87e]  VMThread::loop()+0x1ce
V  [libjvm.so+0xacdcf0]  VMThread::run()+0x70
V  [libjvm.so+0x924ea8]  java_start(Thread*)+0x108

VM_Operation (0x00007fc2731586c0): ParallelGCFailedAllocation, mode: safepoint, requested by thread 0x00007fc2840e7000


---------------  P R O C E S S  ---------------

Java Threads: ( => current thread )
  0x00007fc2840e7000 JavaThread "Thread-2" [_thread_blocked, id=11627, stack(0x00007fc273059000,0x00007fc27315a000)]
  0x00007fc2840e5000 JavaThread "Thread-1" [_thread_blocked, id=11626, stack(0x00007fc27315a000,0x00007fc27325b000)]
  0x00007fc2840e3800 JavaThread "Thread-0" [_thread_blocked, id=11625, stack(0x00007fc27325b000,0x00007fc27335c000)]
  0x00007fc28405d800 JavaThread "TimerQueue" daemon [_thread_blocked, id=11624, stack(0x00007fc2c0527000,0x00007fc2c0628000)]
  0x00007fc2e4009800 JavaThread "DestroyJavaVM" [_thread_blocked, id=11603, stack(0x00007fc2ea798000,0x00007fc2ea899000)]
  0x00007fc2e4302800 JavaThread "AWT-EventQueue-0" [_thread_blocked, id=11620, stack(0x00007fc2c0fab000,0x00007fc2c10ac000)]
  0x00007fc2e42b8800 JavaThread "AWT-Shutdown" [_thread_blocked, id=11619, stack(0x00007fc2c10ac000,0x00007fc2c11ad000)]
  0x00007fc2e4252800 JavaThread "AWT-XAWT" daemon [_thread_blocked, id=11618, stack(0x00007fc2c15d5000,0x00007fc2c16d6000)]
  0x00007fc2e422f000 JavaThread "Java2D Disposer" daemon [_thread_blocked, id=11617, stack(0x00007fc2c1ae6000,0x00007fc2c1be7000)]
  0x00007fc2e40c0000 JavaThread "Service Thread" daemon [_thread_blocked, id=11615, stack(0x00007fc2c3832000,0x00007fc2c3933000)]
  0x00007fc2e40bd000 JavaThread "C1 CompilerThread2" daemon [_thread_blocked, id=11614, stack(0x00007fc2c3933000,0x00007fc2c3a34000)]
  0x00007fc2e40bb000 JavaThread "C2 CompilerThread1" daemon [_thread_blocked, id=11613, stack(0x00007fc2c3a34000,0x00007fc2c3b35000)]
  0x00007fc2e40b8000 JavaThread "C2 CompilerThread0" daemon [_thread_blocked, id=11612, stack(0x00007fc2c3b35000,0x00007fc2c3c36000)]
  0x00007fc2e40b6800 JavaThread "Signal Dispatcher" daemon [_thread_blocked, id=11611, stack(0x00007fc2c3c36000,0x00007fc2c3d37000)]
  0x00007fc2e4084000 JavaThread "Finalizer" daemon [_thread_blocked, id=11610, stack(0x00007fc2d00f4000,0x00007fc2d01f5000)]
  0x00007fc2e407f000 JavaThread "Reference Handler" daemon [_thread_blocked, id=11609, stack(0x00007fc2d01f5000,0x00007fc2d02f6000)]

Other Threads:
=>0x00007fc2e4077800 VMThread [stack: 0x00007fc2d02f6000,0x00007fc2d03f7000] [id=11608]
  0x00007fc2e40c2800 WatcherThread [stack: 0x00007fc2c3731000,0x00007fc2c3832000] [id=11616]

VM state:at safepoint (normal execution)

VM Mutex/Monitor currently owned by a thread:  ([mutex/lock_event])
[0x00007fc2e4005ff0] Threads_lock - owner thread: 0x00007fc2e4077800
[0x00007fc2e40064f0] Heap_lock - owner thread: 0x00007fc2840e7000

Heap:
 PSYoungGen      total 258048K, used 160K [0x00000000ebe00000, 0x00000000fbe00000, 0x0000000100000000)
  eden space 253952K, 0% used [0x00000000ebe00000,0x00000000ebe00000,0x00000000fb600000)
  from space 4096K, 3% used [0x00000000fb600000,0x00000000fb628000,0x00000000fba00000)
  to   space 4096K, 0% used [0x00000000fba00000,0x00000000fba00000,0x00000000fbe00000)
 ParOldGen       total 42496K, used 3484K [0x00000000c3a00000, 0x00000000c6380000, 0x00000000ebe00000)
  object space 42496K, 8% used [0x00000000c3a00000,0x00000000c3d671a0,0x00000000c6380000)
 Metaspace       used 15780K, capacity 15958K, committed 16256K, reserved 1062912K
  class space    used 1984K, capacity 2055K, committed 2176K, reserved 1048576K

Card table byte_map: [0x00007fc2d4210000,0x00007fc2d43f4000] byte_map_base: 0x00007fc2d3bf3000

Marking Bits: (ParMarkBitMap*) 0x00007fc2e9c73220
 Begin Bits: [0x00007fc2d1fdc000, 0x00007fc2d2ef4000)
 End Bits:   [0x00007fc2d2ef4000, 0x00007fc2d3e0c000)

Polling page: 0x00007fc2ea8bc000

CodeCache: size=245760Kb used=4380Kb max_used=4396Kb free=241379Kb
 bounds [0x00007fc2d47b4000, 0x00007fc2d4c04000, 0x00007fc2e37b4000]
 total_blobs=1989 nmethods=1406 adapters=496
 compilation: enabled

Compilation events (10 events):
Event: 10.610 Thread 0x00007fc2e40b8000 nmethod 965 0x00007fc2d4bf2a90 code [0x00007fc2d4bf2c20, 0x00007fc2d4bf3378]
Event: 10.610 Thread 0x00007fc2e40b8000 1000   !   4       java.text.DigitList::clone (53 bytes)
Event: 10.644 Thread 0x00007fc2e40b8000 nmethod 1000 0x00007fc2d4bf5750 code [0x00007fc2d4bf58c0, 0x00007fc2d4bf5af8]
Event: 10.659 Thread 0x00007fc2e40bb000 nmethod 1422 0x00007fc2d4bf50d0 code [0x00007fc2d4bf5240, 0x00007fc2d4bf5558]
Event: 10.744 Thread 0x00007fc2e40bd000 1423       3       java.util.IdentityHashMap::get (60 bytes)
Event: 10.746 Thread 0x00007fc2e40bd000 nmethod 1423 0x00007fc2d4bf4850 code [0x00007fc2d4bf4a00, 0x00007fc2d4bf4ea8]
Event: 10.748 Thread 0x00007fc2e40bd000 1424       1       javax.swing.text.AbstractDocument$BranchElement::getElementCount (5 bytes)
Event: 10.748 Thread 0x00007fc2e40bd000 nmethod 1424 0x00007fc2d4bf27d0 code [0x00007fc2d4bf2920, 0x00007fc2d4bf2a30]
Event: 12.002 Thread 0x00007fc2e40bd000 1427       3       javax.swing.DebugGraphicsInfo::getDebugOptions (34 bytes)
Event: 12.002 Thread 0x00007fc2e40b8000 1429  s    4       java.util.Hashtable::get (69 bytes)

GC Heap History (10 events):
Event: 5.866 GC heap after
Heap after GC invocations=4 (full 0):
 PSYoungGen      total 66048K, used 2528K [0x00000000ebe00000, 0x00000000f0100000, 0x0000000100000000)
  eden space 63488K, 0% used [0x00000000ebe00000,0x00000000ebe00000,0x00000000efc00000)
  from space 2560K, 98% used [0x00000000efe80000,0x00000000f00f83b8,0x00000000f0100000)
  to   space 2560K, 0% used [0x00000000efc00000,0x00000000efc00000,0x00000000efe80000)
 ParOldGen       total 42496K, used 906K [0x00000000c3a00000, 0x00000000c6380000, 0x00000000ebe00000)
  object space 42496K, 2% used [0x00000000c3a00000,0x00000000c3ae2bb0,0x00000000c6380000)
 Metaspace       used 15496K, capacity 15702K, committed 16000K, reserved 1062912K
  class space    used 1963K, capacity 2055K, committed 2176K, reserved 1048576K
}
Event: 6.696 GC heap before
{Heap before GC invocations=5 (full 0):
 PSYoungGen      total 66048K, used 66016K [0x00000000ebe00000, 0x00000000f0100000, 0x0000000100000000)
  eden space 63488K, 100% used [0x00000000ebe00000,0x00000000efc00000,0x00000000efc00000)
  from space 2560K, 98% used [0x00000000efe80000,0x00000000f00f83b8,0x00000000f0100000)
  to   space 2560K, 0% used [0x00000000efc00000,0x00000000efc00000,0x00000000efe80000)
 ParOldGen       total 42496K, used 906K [0x00000000c3a00000, 0x00000000c6380000, 0x00000000ebe00000)
  object space 42496K, 2% used [0x00000000c3a00000,0x00000000c3ae2bb0,0x00000000c6380000)
 Metaspace       used 15680K, capacity 15830K, committed 16256K, reserved 1062912K
  class space    used 1982K, capacity 2055K, committed 2176K, reserved 1048576K
Event: 6.732 GC heap after
Heap after GC invocations=5 (full 0):
 PSYoungGen      total 66048K, used 2528K [0x00000000ebe00000, 0x00000000f4100000, 0x0000000100000000)
  eden space 63488K, 0% used [0x00000000ebe00000,0x00000000ebe00000,0x00000000efc00000)
  from space 2560K, 98% used [0x00000000efc00000,0x00000000efe783b8,0x00000000efe80000)
  to   space 3584K, 0% used [0x00000000f3d80000,0x00000000f3d80000,0x00000000f4100000)
 ParOldGen       total 42496K, used 966K [0x00000000c3a00000, 0x00000000c6380000, 0x00000000ebe00000)
  object space 42496K, 2% used [0x00000000c3a00000,0x00000000c3af1980,0x00000000c6380000)
 Metaspace       used 15680K, capacity 15830K, committed 16256K, reserved 1062912K
  class space    used 1982K, capacity 2055K, committed 2176K, reserved 1048576K
}
Event: 7.371 GC heap before
{Heap before GC invocations=6 (full 0):
 PSYoungGen      total 66048K, used 66016K [0x00000000ebe00000, 0x00000000f4100000, 0x0000000100000000)
  eden space 63488K, 100% used [0x00000000ebe00000,0x00000000efc00000,0x00000000efc00000)
  from space 2560K, 98% used [0x00000000efc00000,0x00000000efe783b8,0x00000000efe80000)
  to   space 3584K, 0% used [0x00000000f3d80000,0x00000000f3d80000,0x00000000f4100000)
 ParOldGen       total 42496K, used 966K [0x00000000c3a00000, 0x00000000c6380000, 0x00000000ebe00000)
  object space 42496K, 2% used [0x00000000c3a00000,0x00000000c3af1980,0x00000000c6380000)
 Metaspace       used 15717K, capacity 15894K, committed 16256K, reserved 1062912K
  class space    used 1984K, capacity 2055K, committed 2176K, reserved 1048576K
Event: 7.428 GC heap after
Heap after GC invocations=6 (full 0):
 PSYoungGen      total 130560K, used 2592K [0x00000000ebe00000, 0x00000000f4100000, 0x0000000100000000)
  eden space 126976K, 0% used [0x00000000ebe00000,0x00000000ebe00000,0x00000000f3a00000)
  from space 3584K, 72% used [0x00000000f3d80000,0x00000000f40083b8,0x00000000f4100000)
  to   space 3584K, 0% used [0x00000000f3a00000,0x00000000f3a00000,0x00000000f3d80000)
 ParOldGen       total 42496K, used 974K [0x00000000c3a00000, 0x00000000c6380000, 0x00000000ebe00000)
  object space 42496K, 2% used [0x00000000c3a00000,0x00000000c3af3980,0x00000000c6380000)
 Metaspace       used 15717K, capacity 15894K, committed 16256K, reserved 1062912K
  class space    used 1984K, capacity 2055K, committed 2176K, reserved 1048576K
}
Event: 8.680 GC heap before
{Heap before GC invocations=7 (full 0):
 PSYoungGen      total 130560K, used 129568K [0x00000000ebe00000, 0x00000000f4100000, 0x0000000100000000)
  eden space 126976K, 100% used [0x00000000ebe00000,0x00000000f3a00000,0x00000000f3a00000)
  from space 3584K, 72% used [0x00000000f3d80000,0x00000000f40083b8,0x00000000f4100000)
  to   space 3584K, 0% used [0x00000000f3a00000,0x00000000f3a00000,0x00000000f3d80000)
 ParOldGen       total 42496K, used 974K [0x00000000c3a00000, 0x00000000c6380000, 0x00000000ebe00000)
  object space 42496K, 2% used [0x00000000c3a00000,0x00000000c3af3980,0x00000000c6380000)
 Metaspace       used 15747K, capacity 15894K, committed 16256K, reserved 1062912K
  class space    used 1984K, capacity 2055K, committed 2176K, reserved 1048576K
Event: 8.720 GC heap after
Heap after GC invocations=7 (full 0):
 PSYoungGen      total 130560K, used 192K [0x00000000ebe00000, 0x00000000fbe00000, 0x0000000100000000)
  eden space 126976K, 0% used [0x00000000ebe00000,0x00000000ebe00000,0x00000000f3a00000)
  from space 3584K, 5% used [0x00000000f3a00000,0x00000000f3a30000,0x00000000f3d80000)
  to   space 4096K, 0% used [0x00000000fba00000,0x00000000fba00000,0x00000000fbe00000)
 ParOldGen       total 42496K, used 3406K [0x00000000c3a00000, 0x00000000c6380000, 0x00000000ebe00000)
  object space 42496K, 8% used [0x00000000c3a00000,0x00000000c3d53bf0,0x00000000c6380000)
 Metaspace       used 15747K, capacity 15894K, committed 16256K, reserved 1062912K
  class space    used 1984K, capacity 2055K, committed 2176K, reserved 1048576K
}
Event: 9.524 GC heap before
{Heap before GC invocations=8 (full 0):
 PSYoungGen      total 130560K, used 127168K [0x00000000ebe00000, 0x00000000fbe00000, 0x0000000100000000)
  eden space 126976K, 100% used [0x00000000ebe00000,0x00000000f3a00000,0x00000000f3a00000)
  from space 3584K, 5% used [0x00000000f3a00000,0x00000000f3a30000,0x00000000f3d80000)
  to   space 4096K, 0% used [0x00000000fba00000,0x00000000fba00000,0x00000000fbe00000)
 ParOldGen       total 42496K, used 3406K [0x00000000c3a00000, 0x00000000c6380000, 0x00000000ebe00000)
  object space 42496K, 8% used [0x00000000c3a00000,0x00000000c3d53bf0,0x00000000c6380000)
 Metaspace       used 15754K, capacity 15894K, committed 16256K, reserved 1062912K
  class space    used 1984K, capacity 2055K, committed 2176K, reserved 1048576K
Event: 9.530 GC heap after
Heap after GC invocations=8 (full 0):
 PSYoungGen      total 258048K, used 96K [0x00000000ebe00000, 0x00000000fbe00000, 0x0000000100000000)
  eden space 253952K, 0% used [0x00000000ebe00000,0x00000000ebe00000,0x00000000fb600000)
  from space 4096K, 2% used [0x00000000fba00000,0x00000000fba18000,0x00000000fbe00000)
  to   space 4096K, 0% used [0x00000000fb600000,0x00000000fb600000,0x00000000fba00000)
 ParOldGen       total 42496K, used 3460K [0x00000000c3a00000, 0x00000000c6380000, 0x00000000ebe00000)
  object space 42496K, 8% used [0x00000000c3a00000,0x00000000c3d611a0,0x00000000c6380000)
 Metaspace       used 15754K, capacity 15894K, committed 16256K, reserved 1062912K
  class space    used 1984K, capacity 2055K, committed 2176K, reserved 1048576K
}
Event: 12.070 GC heap before
{Heap before GC invocations=9 (full 0):
 PSYoungGen      total 258048K, used 254048K [0x00000000ebe00000, 0x00000000fbe00000, 0x0000000100000000)
  eden space 253952K, 100% used [0x00000000ebe00000,0x00000000fb600000,0x00000000fb600000)
  from space 4096K, 2% used [0x00000000fba00000,0x00000000fba18000,0x00000000fbe00000)
  to   space 4096K, 0% used [0x00000000fb600000,0x00000000fb600000,0x00000000fba00000)
 ParOldGen       total 42496K, used 3460K [0x00000000c3a00000, 0x00000000c6380000, 0x00000000ebe00000)
  object space 42496K, 8% used [0x00000000c3a00000,0x00000000c3d611a0,0x00000000c6380000)
 Metaspace       used 15780K, capacity 15958K, committed 16256K, reserved 1062912K
  class space    used 1984K, capacity 2055K, committed 2176K, reserved 1048576K

Deoptimization events (8 events):
Event: 3.606 Thread 0x00007fc28402e800 Uncommon trap: reason=unstable_if action=reinterpret pc=0x00007fc2d49712ec method=java.util.Properties.loadConvert([CII[C)Ljava/lang/String; @ 57
Event: 3.707 Thread 0x00007fc28402e800 Uncommon trap: reason=unstable_if action=reinterpret pc=0x00007fc2d497e8dc method=java.lang.String.<init>([CII)V @ 18
Event: 3.866 Thread 0x00007fc2e4302800 Uncommon trap: reason=class_check action=maybe_recompile pc=0x00007fc2d49c3a4c method=java.util.HashMap.putVal(ILjava/lang/Object;Ljava/lang/Object;ZZ)Ljava/lang/Object; @ 253
Event: 3.867 Thread 0x00007fc2e4302800 Uncommon trap: reason=class_check action=maybe_recompile pc=0x00007fc2d49c3a4c method=java.util.HashMap.putVal(ILjava/lang/Object;Ljava/lang/Object;ZZ)Ljava/lang/Object; @ 253
Event: 3.868 Thread 0x00007fc2e4302800 Uncommon trap: reason=class_check action=maybe_recompile pc=0x00007fc2d49c3a4c method=java.util.HashMap.putVal(ILjava/lang/Object;Ljava/lang/Object;ZZ)Ljava/lang/Object; @ 253
Event: 3.868 Thread 0x00007fc2e4302800 Uncommon trap: reason=class_check action=maybe_recompile pc=0x00007fc2d49c3a4c method=java.util.HashMap.putVal(ILjava/lang/Object;Ljava/lang/Object;ZZ)Ljava/lang/Object; @ 253
Event: 4.301 Thread 0x00007fc2e4302800 Uncommon trap: reason=unstable_if action=reinterpret pc=0x00007fc2d49f1294 method=java.util.HashMap.getNode(ILjava/lang/Object;)Ljava/util/HashMap$Node; @ 84
Event: 4.301 Thread 0x00007fc2e4302800 Uncommon trap: reason=unstable_if action=reinterpret pc=0x00007fc2d4a01afc method=java.util.HashMap.getNode(ILjava/lang/Object;)Ljava/util/HashMap$Node; @ 84

Internal exceptions (10 events):
Event: 3.332 Thread 0x00007fc2e4009800 Exception <a 'java/lang/ClassNotFoundException': javax/swing/JTreeCell> (0x00000000ec244770) thrown at [/HUDSON3/workspace/8-2-build-linux-amd64/jdk8u111/7883/hotspot/src/share/vm/classfile/systemDictionary.cpp, line 210]
Event: 3.332 Thread 0x00007fc2e4009800 Exception <a 'java/lang/ClassNotFoundException': TreeCell> (0x00000000ec244bf8) thrown at [/HUDSON3/workspace/8-2-build-linux-amd64/jdk8u111/7883/hotspot/src/share/vm/classfile/systemDictionary.cpp, line 210]
Event: 3.335 Thread 0x00007fc2e4009800 Exception <a 'java/lang/ClassNotFoundException': RootPane> (0x00000000ec245658) thrown at [/HUDSON3/workspace/8-2-build-linux-amd64/jdk8u111/7883/hotspot/src/share/vm/classfile/systemDictionary.cpp, line 210]
Event: 6.152 Thread 0x00007fc2e4302800 Exception <a 'java/lang/UnsupportedOperationException': > (0x00000000edd3e3c0) thrown at [/HUDSON3/workspace/8-2-build-linux-amd64/jdk8u111/7883/hotspot/src/share/vm/prims/jni.cpp, line 735]
Event: 7.045 Thread 0x00007fc2e4302800 Exception <a 'java/lang/NullPointerException'> (0x00000000ec0c4a30) thrown at [/HUDSON3/workspace/8-2-build-linux-amd64/jdk8u111/7883/hotspot/src/share/vm/prims/jvm.cpp, line 1390]
Event: 7.045 Thread 0x00007fc2e4302800 Exception <a 'java/lang/NullPointerException'> (0x00000000ec0c4a30) thrown at [/HUDSON3/workspace/8-2-build-linux-amd64/jdk8u111/7883/hotspot/src/share/vm/prims/jvm.cpp, line 1390]
Event: 7.063 Thread 0x00007fc2e4302800 Exception <a 'java/lang/NullPointerException'> (0x00000000ec0d18e8) thrown at [/HUDSON3/workspace/8-2-build-linux-amd64/jdk8u111/7883/hotspot/src/share/vm/prims/jvm.cpp, line 1390]
Event: 7.063 Thread 0x00007fc2e4302800 Exception <a 'java/lang/NullPointerException'> (0x00000000ec0d18e8) thrown at [/HUDSON3/workspace/8-2-build-linux-amd64/jdk8u111/7883/hotspot/src/share/vm/prims/jvm.cpp, line 1390]
Event: 7.089 Thread 0x00007fc2e4302800 Exception <a 'java/lang/NullPointerException'> (0x00000000ec0ddbc8) thrown at [/HUDSON3/workspace/8-2-build-linux-amd64/jdk8u111/7883/hotspot/src/share/vm/prims/jvm.cpp, line 1390]
Event: 7.089 Thread 0x00007fc2e4302800 Exception <a 'java/lang/NullPointerException'> (0x00000000ec0ddbc8) thrown at [/HUDSON3/workspace/8-2-build-linux-amd64/jdk8u111/7883/hotspot/src/share/vm/prims/jvm.cpp, line 1390]

Events (10 events):
Event: 9.509 Thread 0x00007fc284034800 Thread exited: 0x00007fc284034800
Event: 9.512 Executing VM operation: ParallelGCFailedAllocation
Event: 9.530 Executing VM operation: ParallelGCFailedAllocation done
Event: 9.536 Thread 0x00007fc28402e800 Thread exited: 0x00007fc28402e800
Event: 9.536 Thread 0x00007fc284030000 Thread exited: 0x00007fc284030000
Event: 10.739 Thread 0x00007fc2840e5000 DEOPT PACKING pc=0x00007fc2d4ba7505 sp=0x00007fc273259940
Event: 10.739 Thread 0x00007fc2840e5000 DEOPT UNPACKING pc=0x00007fc2d47fb633 sp=0x00007fc273259710 mode 0
Event: 11.854 Thread 0x00007fc2840e3800 DEOPT PACKING pc=0x00007fc2d4ba7505 sp=0x00007fc27335a7c0
Event: 12.002 Thread 0x00007fc2840e3800 DEOPT UNPACKING pc=0x00007fc2d47fb633 sp=0x00007fc27335a590 mode 0
Event: 11.934 Executing VM operation: ParallelGCFailedAllocation


Dynamic libraries:
00400000-00401000 r-xp 00000000 08:03 147193                             /usr/lib/jvm/java-8-oracle/bin/java
00600000-00601000 rw-p 00000000 08:03 147193                             /usr/lib/jvm/java-8-oracle/bin/java
0062b000-0064c000 rw-p 00000000 00:00 0                                  [heap]
c3a00000-c6380000 rw-p 00000000 00:00 0 
c6380000-ebe00000 ---p 00000000 00:00 0 
ebe00000-fbe00000 rw-p 00000000 00:00 0 
100000000-100220000 rw-p 00000000 00:00 0 
100220000-140000000 ---p 00000000 00:00 0 
7fc264000000-7fc26402d000 rw-p 00000000 00:00 0 
7fc26402d000-7fc268000000 ---p 00000000 00:00 0 
7fc268000000-7fc268025000 rw-p 00000000 00:00 0 
7fc268025000-7fc26c000000 ---p 00000000 00:00 0 
7fc26c000000-7fc26c02e000 rw-p 00000000 00:00 0 
7fc26c02e000-7fc270000000 ---p 00000000 00:00 0 
7fc272e2c000-7fc272e56000 r-xp 00000000 08:03 147305                     /usr/lib/jvm/java-8-oracle/jre/lib/amd64/libdcpr.so
7fc272e56000-7fc273056000 ---p 0002a000 08:03 147305                     /usr/lib/jvm/java-8-oracle/jre/lib/amd64/libdcpr.so
7fc273056000-7fc273059000 rw-p 0002a000 08:03 147305                     /usr/lib/jvm/java-8-oracle/jre/lib/amd64/libdcpr.so
7fc273059000-7fc27305c000 ---p 00000000 00:00 0 
7fc27305c000-7fc27315a000 rw-p 00000000 00:00 0                          [stack:11627]
7fc27315a000-7fc27315d000 ---p 00000000 00:00 0 
7fc27315d000-7fc27325b000 rw-p 00000000 00:00 0                          [stack:11626]
7fc27325b000-7fc27325e000 ---p 00000000 00:00 0 
7fc27325e000-7fc27335c000 rw-p 00000000 00:00 0                          [stack:11625]
7fc27335c000-7fc273397000 r-xp 00000000 08:03 147309                     /usr/lib/jvm/java-8-oracle/jre/lib/amd64/libjpeg.so
7fc273397000-7fc273596000 ---p 0003b000 08:03 147309                     /usr/lib/jvm/java-8-oracle/jre/lib/amd64/libjpeg.so
7fc273596000-7fc273597000 rw-p 0003a000 08:03 147309                     /usr/lib/jvm/java-8-oracle/jre/lib/amd64/libjpeg.so
7fc273597000-7fc273757000 rw-p 00000000 00:00 0 
7fc273757000-7fc273797000 ---p 00000000 00:00 0 
7fc273797000-7fc27379d000 r-xp 00000000 08:03 2369447                    /usr/lib/x86_64-linux-gnu/libdatrie.so.1.3.1
7fc27379d000-7fc27399c000 ---p 00006000 08:03 2369447                    /usr/lib/x86_64-linux-gnu/libdatrie.so.1.3.1
7fc27399c000-7fc27399d000 r--p 00005000 08:03 2369447                    /usr/lib/x86_64-linux-gnu/libdatrie.so.1.3.1
7fc27399d000-7fc27399e000 rw-p 00006000 08:03 2369447                    /usr/lib/x86_64-linux-gnu/libdatrie.so.1.3.1
7fc27399e000-7fc2739b8000 r-xp 00000000 08:03 2369729                    /usr/lib/x86_64-linux-gnu/libgraphite2.so.3.0.1
7fc2739b8000-7fc273bb7000 ---p 0001a000 08:03 2369729                    /usr/lib/x86_64-linux-gnu/libgraphite2.so.3.0.1
7fc273bb7000-7fc273bb9000 r--p 00019000 08:03 2369729                    /usr/lib/x86_64-linux-gnu/libgraphite2.so.3.0.1
7fc273bb9000-7fc273bba000 rw-p 0001b000 08:03 2369729                    /usr/lib/x86_64-linux-gnu/libgraphite2.so.3.0.1
7fc273bba000-7fc273bf7000 r-xp 00000000 08:03 397961                     /lib/x86_64-linux-gnu/libpcre.so.3.13.1
7fc273bf7000-7fc273df6000 ---p 0003d000 08:03 397961                     /lib/x86_64-linux-gnu/libpcre.so.3.13.1
7fc273df6000-7fc273df7000 r--p 0003c000 08:03 397961                     /lib/x86_64-linux-gnu/libpcre.so.3.13.1
7fc273df7000-7fc273df8000 rw-p 0003d000 08:03 397961                     /lib/x86_64-linux-gnu/libpcre.so.3.13.1
7fc273df8000-7fc273dff000 r-xp 00000000 08:03 2369548                    /usr/lib/x86_64-linux-gnu/libffi.so.6.0.1
7fc273dff000-7fc273ffe000 ---p 00007000 08:03 2369548                    /usr/lib/x86_64-linux-gnu/libffi.so.6.0.1
7fc273ffe000-7fc273fff000 r--p 00006000 08:03 2369548                    /usr/lib/x86_64-linux-gnu/libffi.so.6.0.1
7fc273fff000-7fc274000000 rw-p 00007000 08:03 2369548                    /usr/lib/x86_64-linux-gnu/libffi.so.6.0.1
7fc274000000-7fc274021000 rw-p 00000000 00:00 0 
7fc274021000-7fc278000000 ---p 00000000 00:00 0 
7fc27808e000-7fc2780b5000 r-xp 00000000 08:03 397879                     /lib/x86_64-linux-gnu/libexpat.so.1.6.0
7fc2780b5000-7fc2782b5000 ---p 00027000 08:03 397879                     /lib/x86_64-linux-gnu/libexpat.so.1.6.0
7fc2782b5000-7fc2782b7000 r--p 00027000 08:03 397879                     /lib/x86_64-linux-gnu/libexpat.so.1.6.0
7fc2782b7000-7fc2782b8000 rw-p 00029000 08:03 397879                     /lib/x86_64-linux-gnu/libexpat.so.1.6.0
7fc2782b8000-7fc2782c0000 r-xp 00000000 08:03 2370298                    /usr/lib/x86_64-linux-gnu/libthai.so.0.2.0
7fc2782c0000-7fc2784bf000 ---p 00008000 08:03 2370298                    /usr/lib/x86_64-linux-gnu/libthai.so.0.2.0
7fc2784bf000-7fc2784c0000 r--p 00007000 08:03 2370298                    /usr/lib/x86_64-linux-gnu/libthai.so.0.2.0
7fc2784c0000-7fc2784c1000 rw-p 00008000 08:03 2370298                    /usr/lib/x86_64-linux-gnu/libthai.so.0.2.0
7fc2784c1000-7fc278514000 r-xp 00000000 08:03 2369862                    /usr/lib/x86_64-linux-gnu/libharfbuzz.so.0.927.0
7fc278514000-7fc278714000 ---p 00053000 08:03 2369862                    /usr/lib/x86_64-linux-gnu/libharfbuzz.so.0.927.0
7fc278714000-7fc278715000 r--p 00053000 08:03 2369862                    /usr/lib/x86_64-linux-gnu/libharfbuzz.so.0.927.0
7fc278715000-7fc278716000 rw-p 00054000 08:03 2369862                    /usr/lib/x86_64-linux-gnu/libharfbuzz.so.0.927.0
7fc278716000-7fc27872d000 r-xp 00000000 08:03 393245                     /lib/x86_64-linux-gnu/libresolv-2.19.so
7fc27872d000-7fc27892d000 ---p 00017000 08:03 393245                     /lib/x86_64-linux-gnu/libresolv-2.19.so
7fc27892d000-7fc27892e000 r--p 00017000 08:03 393245                     /lib/x86_64-linux-gnu/libresolv-2.19.so
7fc27892e000-7fc27892f000 rw-p 00018000 08:03 393245                     /lib/x86_64-linux-gnu/libresolv-2.19.so
7fc27892f000-7fc278931000 rw-p 00000000 00:00 0 
7fc278931000-7fc278951000 r-xp 00000000 08:03 397988                     /lib/x86_64-linux-gnu/libselinux.so.1
7fc278951000-7fc278b50000 ---p 00020000 08:03 397988                     /lib/x86_64-linux-gnu/libselinux.so.1
7fc278b50000-7fc278b51000 r--p 0001f000 08:03 397988                     /lib/x86_64-linux-gnu/libselinux.so.1
7fc278b51000-7fc278b52000 rw-p 00020000 08:03 397988                     /lib/x86_64-linux-gnu/libselinux.so.1
7fc278b52000-7fc278b54000 rw-p 00000000 00:00 0 
7fc278b54000-7fc278b6c000 r-xp 00000000 08:03 398021                     /lib/x86_64-linux-gnu/libz.so.1.2.8
7fc278b6c000-7fc278d6b000 ---p 00018000 08:03 398021                     /lib/x86_64-linux-gnu/libz.so.1.2.8
7fc278d6b000-7fc278d6c000 r--p 00017000 08:03 398021                     /lib/x86_64-linux-gnu/libz.so.1.2.8
7fc278d6c000-7fc278d6d000 rw-p 00018000 08:03 398021                     /lib/x86_64-linux-gnu/libz.so.1.2.8
7fc278d6d000-7fc278d75000 r-xp 00000000 08:03 2370424                    /usr/lib/x86_64-linux-gnu/libxcb-render.so.0.0.0
7fc278d75000-7fc278f74000 ---p 00008000 08:03 2370424                    /usr/lib/x86_64-linux-gnu/libxcb-render.so.0.0.0
7fc278f74000-7fc278f75000 r--p 00007000 08:03 2370424                    /usr/lib/x86_64-linux-gnu/libxcb-render.so.0.0.0
7fc278f75000-7fc278f76000 rw-p 00008000 08:03 2370424                    /usr/lib/x86_64-linux-gnu/libxcb-render.so.0.0.0
7fc278f76000-7fc278f78000 r-xp 00000000 08:03 2370428                    /usr/lib/x86_64-linux-gnu/libxcb-shm.so.0.0.0
7fc278f78000-7fc279177000 ---p 00002000 08:03 2370428                    /usr/lib/x86_64-linux-gnu/libxcb-shm.so.0.0.0
7fc279177000-7fc279178000 r--p 00001000 08:03 2370428                    /usr/lib/x86_64-linux-gnu/libxcb-shm.so.0.0.0
7fc279178000-7fc279179000 rw-p 00002000 08:03 2370428                    /usr/lib/x86_64-linux-gnu/libxcb-shm.so.0.0.0
7fc279179000-7fc27919e000 r-xp 00000000 08:03 397973                     /lib/x86_64-linux-gnu/libpng12.so.0.50.0
7fc27919e000-7fc27939d000 ---p 00025000 08:03 397973                     /lib/x86_64-linux-gnu/libpng12.so.0.50.0
7fc27939d000-7fc27939e000 r--p 00024000 08:03 397973                     /lib/x86_64-linux-gnu/libpng12.so.0.50.0
7fc27939e000-7fc27939f000 rw-p 00025000 08:03 397973                     /lib/x86_64-linux-gnu/libpng12.so.0.50.0
7fc27939f000-7fc279440000 r-xp 00000000 08:03 2370136                    /usr/lib/x86_64-linux-gnu/libpixman-1.so.0.30.2
7fc279440000-7fc279640000 ---p 000a1000 08:03 2370136                    /usr/lib/x86_64-linux-gnu/libpixman-1.so.0.30.2
7fc279640000-7fc279647000 r--p 000a1000 08:03 2370136                    /usr/lib/x86_64-linux-gnu/libpixman-1.so.0.30.2
7fc279647000-7fc279648000 rw-p 000a8000 08:03 2370136                    /usr/lib/x86_64-linux-gnu/libpixman-1.so.0.30.2
7fc279648000-7fc2796e5000 r-xp 00000000 08:03 2369613                    /usr/lib/x86_64-linux-gnu/libfreetype.so.6.11.1
7fc2796e5000-7fc2798e4000 ---p 0009d000 08:03 2369613                    /usr/lib/x86_64-linux-gnu/libfreetype.so.6.11.1
7fc2798e4000-7fc2798ea000 r--p 0009c000 08:03 2369613                    /usr/lib/x86_64-linux-gnu/libfreetype.so.6.11.1
7fc2798ea000-7fc2798eb000 rw-p 000a2000 08:03 2369613                    /usr/lib/x86_64-linux-gnu/libfreetype.so.6.11.1
7fc2798eb000-7fc2798ed000 r-xp 00000000 08:03 2369230                    /usr/lib/x86_64-linux-gnu/libXdamage.so.1.1.0
7fc2798ed000-7fc279aec000 ---p 00002000 08:03 2369230                    /usr/lib/x86_64-linux-gnu/libXdamage.so.1.1.0
7fc279aec000-7fc279aed000 r--p 00001000 08:03 2369230                    /usr/lib/x86_64-linux-gnu/libXdamage.so.1.1.0
7fc279aed000-7fc279aee000 rw-p 00002000 08:03 2369230                    /usr/lib/x86_64-linux-gnu/libXdamage.so.1.1.0
7fc279aee000-7fc279af0000 r-xp 00000000 08:03 2369226                    /usr/lib/x86_64-linux-gnu/libXcomposite.so.1.0.0
7fc279af0000-7fc279cef000 ---p 00002000 08:03 2369226                    /usr/lib/x86_64-linux-gnu/libXcomposite.so.1.0.0
7fc279cef000-7fc279cf0000 r--p 00001000 08:03 2369226                    /usr/lib/x86_64-linux-gnu/libXcomposite.so.1.0.0
7fc279cf0000-7fc279cf1000 rw-p 00002000 08:03 2369226                    /usr/lib/x86_64-linux-gnu/libXcomposite.so.1.0.0
7fc279cf1000-7fc279cfa000 r-xp 00000000 08:03 2369254                    /usr/lib/x86_64-linux-gnu/libXrandr.so.2.2.0
7fc279cfa000-7fc279ef9000 ---p 00009000 08:03 2369254                    /usr/lib/x86_64-linux-gnu/libXrandr.so.2.2.0
7fc279ef9000-7fc279efa000 r--p 00008000 08:03 2369254                    /usr/lib/x86_64-linux-gnu/libXrandr.so.2.2.0
7fc279efa000-7fc279efb000 rw-p 00009000 08:03 2369254                    /usr/lib/x86_64-linux-gnu/libXrandr.so.2.2.0
7fc279efb000-7fc279efd000 r-xp 00000000 08:03 2369244                    /usr/lib/x86_64-linux-gnu/libXinerama.so.1.0.0
7fc279efd000-7fc27a0fc000 ---p 00002000 08:03 2369244                    /usr/lib/x86_64-linux-gnu/libXinerama.so.1.0.0
7fc27a0fc000-7fc27a0fd000 r--p 00001000 08:03 2369244                    /usr/lib/x86_64-linux-gnu/libXinerama.so.1.0.0
7fc27a0fd000-7fc27a0fe000 rw-p 00002000 08:03 2369244                    /usr/lib/x86_64-linux-gnu/libXinerama.so.1.0.0
7fc27a0fe000-7fc27a204000 r-xp 00000000 08:03 397888                     /lib/x86_64-linux-gnu/libglib-2.0.so.0.4002.0
7fc27a204000-7fc27a403000 ---p 00106000 08:03 397888                     /lib/x86_64-linux-gnu/libglib-2.0.so.0.4002.0
7fc27a403000-7fc27a404000 r--p 00105000 08:03 397888                     /lib/x86_64-linux-gnu/libglib-2.0.so.0.4002.0
7fc27a404000-7fc27a405000 rw-p 00106000 08:03 397888                     /lib/x86_64-linux-gnu/libglib-2.0.so.0.4002.0
7fc27a405000-7fc27a406000 rw-p 00000000 00:00 0 
7fc27a406000-7fc27a455000 r-xp 00000000 08:03 2369711                    /usr/lib/x86_64-linux-gnu/libgobject-2.0.so.0.4002.0
7fc27a455000-7fc27a655000 ---p 0004f000 08:03 2369711                    /usr/lib/x86_64-linux-gnu/libgobject-2.0.so.0.4002.0
7fc27a655000-7fc27a656000 r--p 0004f000 08:03 2369711                    /usr/lib/x86_64-linux-gnu/libgobject-2.0.so.0.4002.0
7fc27a656000-7fc27a657000 rw-p 00050000 08:03 2369711                    /usr/lib/x86_64-linux-gnu/libgobject-2.0.so.0.4002.0
7fc27a657000-7fc27a691000 r-xp 00000000 08:03 2369585                    /usr/lib/x86_64-linux-gnu/libfontconfig.so.1.8.0
7fc27a691000-7fc27a890000 ---p 0003a000 08:03 2369585                    /usr/lib/x86_64-linux-gnu/libfontconfig.so.1.8.0
7fc27a890000-7fc27a892000 r--p 00039000 08:03 2369585                    /usr/lib/x86_64-linux-gnu/libfontconfig.so.1.8.0
7fc27a892000-7fc27a893000 rw-p 0003b000 08:03 2369585                    /usr/lib/x86_64-linux-gnu/libfontconfig.so.1.8.0
7fc27a893000-7fc27a8dd000 r-xp 00000000 08:03 2370113                    /usr/lib/x86_64-linux-gnu/libpango-1.0.so.0.3600.3
7fc27a8dd000-7fc27aadd000 ---p 0004a000 08:03 2370113                    /usr/lib/x86_64-linux-gnu/libpango-1.0.so.0.3600.3
7fc27aadd000-7fc27aadf000 r--p 0004a000 08:03 2370113                    /usr/lib/x86_64-linux-gnu/libpango-1.0.so.0.3600.3
7fc27aadf000-7fc27aae0000 rw-p 0004c000 08:03 2370113                    /usr/lib/x86_64-linux-gnu/libpango-1.0.so.0.3600.3
7fc27aae0000-7fc27aaf4000 r-xp 00000000 08:03 2370117                    /usr/lib/x86_64-linux-gnu/libpangoft2-1.0.so.0.3600.3
7fc27aaf4000-7fc27acf3000 ---p 00014000 08:03 2370117                    /usr/lib/x86_64-linux-gnu/libpangoft2-1.0.so.0.3600.3
7fc27acf3000-7fc27acf4000 r--p 00013000 08:03 2370117                    /usr/lib/x86_64-linux-gnu/libpangoft2-1.0.so.0.3600.3
7fc27acf4000-7fc27acf5000 rw-p 00014000 08:03 2370117                    /usr/lib/x86_64-linux-gnu/libpangoft2-1.0.so.0.3600.3
7fc27acf5000-7fc27ae61000 r-xp 00000000 08:03 2369673                    /usr/lib/x86_64-linux-gnu/libgio-2.0.so.0.4002.0
7fc27ae61000-7fc27b060000 ---p 0016c000 08:03 2369673                    /usr/lib/x86_64-linux-gnu/libgio-2.0.so.0.4002.0
7fc27b060000-7fc27b064000 r--p 0016b000 08:03 2369673                    /usr/lib/x86_64-linux-gnu/libgio-2.0.so.0.4002.0
7fc27b064000-7fc27b066000 rw-p 0016f000 08:03 2369673                    /usr/lib/x86_64-linux-gnu/libgio-2.0.so.0.4002.0
7fc27b066000-7fc27b068000 rw-p 00000000 00:00 0 
7fc27b068000-7fc27b088000 r-xp 00000000 08:03 2369647                    /usr/lib/x86_64-linux-gnu/libgdk_pixbuf-2.0.so.0.3000.7
7fc27b088000-7fc27b287000 ---p 00020000 08:03 2369647                    /usr/lib/x86_64-linux-gnu/libgdk_pixbuf-2.0.so.0.3000.7
7fc27b287000-7fc27b288000 r--p 0001f000 08:03 2369647                    /usr/lib/x86_64-linux-gnu/libgdk_pixbuf-2.0.so.0.3000.7
7fc27b288000-7fc27b289000 rw-p 00020000 08:03 2369647                    /usr/lib/x86_64-linux-gnu/libgdk_pixbuf-2.0.so.0.3000.7
7fc27b289000-7fc27b38f000 r-xp 00000000 08:03 2369368                    /usr/lib/x86_64-linux-gnu/libcairo.so.2.11301.0
7fc27b38f000-7fc27b58e000 ---p 00106000 08:03 2369368                    /usr/lib/x86_64-linux-gnu/libcairo.so.2.11301.0
7fc27b58e000-7fc27b591000 r--p 00105000 08:03 2369368                    /usr/lib/x86_64-linux-gnu/libcairo.so.2.11301.0
7fc27b591000-7fc27b592000 rw-p 00108000 08:03 2369368                    /usr/lib/x86_64-linux-gnu/libcairo.so.2.11301.0
7fc27b592000-7fc27b594000 rw-p 00000000 00:00 0 
7fc27b594000-7fc27b5b3000 r-xp 00000000 08:03 2369319                    /usr/lib/x86_64-linux-gnu/libatk-1.0.so.0.21009.1
7fc27b5b3000-7fc27b7b3000 ---p 0001f000 08:03 2369319                    /usr/lib/x86_64-linux-gnu/libatk-1.0.so.0.21009.1
7fc27b7b3000-7fc27b7b5000 r--p 0001f000 08:03 2369319                    /usr/lib/x86_64-linux-gnu/libatk-1.0.so.0.21009.1
7fc27b7b5000-7fc27b7b6000 rw-p 00021000 08:03 2369319                    /usr/lib/x86_64-linux-gnu/libatk-1.0.so.0.21009.1
7fc27b7b6000-7fc27b7c1000 r-xp 00000000 08:03 2370115                    /usr/lib/x86_64-linux-gnu/libpangocairo-1.0.so.0.3600.3
7fc27b7c1000-7fc27b9c1000 ---p 0000b000 08:03 2370115                    /usr/lib/x86_64-linux-gnu/libpangocairo-1.0.so.0.3600.3
7fc27b9c1000-7fc27b9c2000 r--p 0000b000 08:03 2370115                    /usr/lib/x86_64-linux-gnu/libpangocairo-1.0.so.0.3600.3
7fc27b9c2000-7fc27b9c3000 rw-p 0000c000 08:03 2370115                    /usr/lib/x86_64-linux-gnu/libpangocairo-1.0.so.0.3600.3
7fc27b9c3000-7fc27bdf3000 r-xp 00000000 08:03 2369839                    /usr/lib/x86_64-linux-gnu/libgtk-x11-2.0.so.0.2400.23
7fc27bdf3000-7fc27bff2000 ---p 00430000 08:03 2369839                    /usr/lib/x86_64-linux-gnu/libgtk-x11-2.0.so.0.2400.23
7fc27bff2000-7fc27bff9000 r--p 0042f000 08:03 2369839                    /usr/lib/x86_64-linux-gnu/libgtk-x11-2.0.so.0.2400.23
7fc27bff9000-7fc27bffd000 rw-p 00436000 08:03 2369839                    /usr/lib/x86_64-linux-gnu/libgtk-x11-2.0.so.0.2400.23
7fc27bffd000-7fc27c000000 rw-p 00000000 00:00 0 
7fc27c000000-7fc27c021000 rw-p 00000000 00:00 0 
7fc27c021000-7fc280000000 ---p 00000000 00:00 0 
7fc280000000-7fc280021000 rw-p 00000000 00:00 0 
7fc280021000-7fc284000000 ---p 00000000 00:00 0 
7fc284000000-7fc28435f000 rw-p 00000000 00:00 0 
7fc28435f000-7fc288000000 ---p 00000000 00:00 0 
7fc288000000-7fc28804e000 rw-p 00000000 00:00 0 
7fc28804e000-7fc28c000000 ---p 00000000 00:00 0 
7fc28c000000-7fc28c030000 rw-p 00000000 00:00 0 
7fc28c030000-7fc290000000 ---p 00000000 00:00 0 
7fc290000000-7fc290021000 rw-p 00000000 00:00 0 
7fc290021000-7fc294000000 ---p 00000000 00:00 0 
7fc294000000-7fc294021000 rw-p 00000000 00:00 0 
7fc294021000-7fc298000000 ---p 00000000 00:00 0 
7fc298000000-7fc298021000 rw-p 00000000 00:00 0 
7fc298021000-7fc29c000000 ---p 00000000 00:00 0 
7fc29c000000-7fc29c6a1000 rw-p 00000000 00:00 0 
7fc29c6a1000-7fc2a0000000 ---p 00000000 00:00 0 
7fc2a0000000-7fc2a0021000 rw-p 00000000 00:00 0 
7fc2a0021000-7fc2a4000000 ---p 00000000 00:00 0 
7fc2a4000000-7fc2a47b2000 rw-p 00000000 00:00 0 
7fc2a47b2000-7fc2a8000000 ---p 00000000 00:00 0 
7fc2a8000000-7fc2a8f2e000 rw-p 00000000 00:00 0 
7fc2a8f2e000-7fc2ac000000 ---p 00000000 00:00 0 
7fc2ac000000-7fc2ac021000 rw-p 00000000 00:00 0 
7fc2ac021000-7fc2b0000000 ---p 00000000 00:00 0 
7fc2b0000000-7fc2b0021000 rw-p 00000000 00:00 0 
7fc2b0021000-7fc2b4000000 ---p 00000000 00:00 0 
7fc2b4000000-7fc2b428c000 rw-p 00000000 00:00 0 
7fc2b428c000-7fc2b8000000 ---p 00000000 00:00 0 
7fc2b8000000-7fc2b8021000 rw-p 00000000 00:00 0 
7fc2b8021000-7fc2bc000000 ---p 00000000 00:00 0 
7fc2bc000000-7fc2bc021000 rw-p 00000000 00:00 0 
7fc2bc021000-7fc2c0000000 ---p 00000000 00:00 0 
7fc2c0070000-7fc2c0073000 r-xp 00000000 08:03 2369687                    /usr/lib/x86_64-linux-gnu/libgmodule-2.0.so.0.4002.0
7fc2c0073000-7fc2c0272000 ---p 00003000 08:03 2369687                    /usr/lib/x86_64-linux-gnu/libgmodule-2.0.so.0.4002.0
7fc2c0272000-7fc2c0273000 r--p 00002000 08:03 2369687                    /usr/lib/x86_64-linux-gnu/libgmodule-2.0.so.0.4002.0
7fc2c0273000-7fc2c0274000 rw-p 00003000 08:03 2369687                    /usr/lib/x86_64-linux-gnu/libgmodule-2.0.so.0.4002.0
7fc2c0274000-7fc2c0322000 r-xp 00000000 08:03 2369645                    /usr/lib/x86_64-linux-gnu/libgdk-x11-2.0.so.0.2400.23
7fc2c0322000-7fc2c0521000 ---p 000ae000 08:03 2369645                    /usr/lib/x86_64-linux-gnu/libgdk-x11-2.0.so.0.2400.23
7fc2c0521000-7fc2c0525000 r--p 000ad000 08:03 2369645                    /usr/lib/x86_64-linux-gnu/libgdk-x11-2.0.so.0.2400.23
7fc2c0525000-7fc2c0527000 rw-p 000b1000 08:03 2369645                    /usr/lib/x86_64-linux-gnu/libgdk-x11-2.0.so.0.2400.23
7fc2c0527000-7fc2c052a000 ---p 00000000 00:00 0 
7fc2c052a000-7fc2c0628000 rw-p 00000000 00:00 0                          [stack:11624]
7fc2c0628000-7fc2c0691000 r-xp 00000000 08:03 147338                     /usr/lib/jvm/java-8-oracle/jre/lib/amd64/libt2k.so
7fc2c0691000-7fc2c0891000 ---p 00069000 08:03 147338                     /usr/lib/jvm/java-8-oracle/jre/lib/amd64/libt2k.so
7fc2c0891000-7fc2c0898000 rw-p 00069000 08:03 147338                     /usr/lib/jvm/java-8-oracle/jre/lib/amd64/libt2k.so
7fc2c0898000-7fc2c0aa8000 rw-p 00000000 00:00 0 
7fc2c0aa8000-7fc2c0aab000 ---p 00000000 00:00 0 
7fc2c0aab000-7fc2c0ba9000 rw-p 00000000 00:00 0 
7fc2c0ba9000-7fc2c0bac000 ---p 00000000 00:00 0 
7fc2c0bac000-7fc2c0caa000 rw-p 00000000 00:00 0 
7fc2c0caa000-7fc2c0cad000 ---p 00000000 00:00 0 
7fc2c0cad000-7fc2c0fab000 rw-p 00000000 00:00 0 
7fc2c0fab000-7fc2c0fae000 ---p 00000000 00:00 0 
7fc2c0fae000-7fc2c10ac000 rw-p 00000000 00:00 0                          [stack:11620]
7fc2c10ac000-7fc2c10af000 ---p 00000000 00:00 0 
7fc2c10af000-7fc2c11ad000 rw-p 00000000 00:00 0                          [stack:11619]
7fc2c11ad000-7fc2c11be000 r-xp 00000000 08:03 147332                     /usr/lib/jvm/java-8-oracle/jre/lib/amd64/libnio.so
7fc2c11be000-7fc2c13bd000 ---p 00011000 08:03 147332                     /usr/lib/jvm/java-8-oracle/jre/lib/amd64/libnio.so
7fc2c13bd000-7fc2c13be000 rw-p 00010000 08:03 147332                     /usr/lib/jvm/java-8-oracle/jre/lib/amd64/libnio.so
7fc2c13be000-7fc2c13d4000 r-xp 00000000 08:03 147293                     /usr/lib/jvm/java-8-oracle/jre/lib/amd64/libnet.so
7fc2c13d4000-7fc2c15d4000 ---p 00016000 08:03 147293                     /usr/lib/jvm/java-8-oracle/jre/lib/amd64/libnet.so
7fc2c15d4000-7fc2c15d5000 rw-p 00016000 08:03 147293                     /usr/lib/jvm/java-8-oracle/jre/lib/amd64/libnet.so
7fc2c15d5000-7fc2c15d8000 ---p 00000000 00:00 0 
7fc2c15d8000-7fc2c16d6000 rw-p 00000000 00:00 0                          [stack:11618]
7fc2c16d6000-7fc2c16db000 r-xp 00000000 08:03 2369236                    /usr/lib/x86_64-linux-gnu/libXfixes.so.3.1.0
7fc2c16db000-7fc2c18da000 ---p 00005000 08:03 2369236                    /usr/lib/x86_64-linux-gnu/libXfixes.so.3.1.0
7fc2c18da000-7fc2c18db000 r--p 00004000 08:03 2369236                    /usr/lib/x86_64-linux-gnu/libXfixes.so.3.1.0
7fc2c18db000-7fc2c18dc000 rw-p 00005000 08:03 2369236                    /usr/lib/x86_64-linux-gnu/libXfixes.so.3.1.0
7fc2c18dc000-7fc2c18e5000 r-xp 00000000 08:03 2369228                    /usr/lib/x86_64-linux-gnu/libXcursor.so.1.0.2
7fc2c18e5000-7fc2c1ae4000 ---p 00009000 08:03 2369228                    /usr/lib/x86_64-linux-gnu/libXcursor.so.1.0.2
7fc2c1ae4000-7fc2c1ae5000 r--p 00008000 08:03 2369228                    /usr/lib/x86_64-linux-gnu/libXcursor.so.1.0.2
7fc2c1ae5000-7fc2c1ae6000 rw-p 00009000 08:03 2369228                    /usr/lib/x86_64-linux-gnu/libXcursor.so.1.0.2
7fc2c1ae6000-7fc2c1ae9000 ---p 00000000 00:00 0 
7fc2c1ae9000-7fc2c1be7000 rw-p 00000000 00:00 0                          [stack:11617]
7fc2c1be7000-7fc2c1bfd000 r-xp 00000000 08:03 397884                     /lib/x86_64-linux-gnu/libgcc_s.so.1
7fc2c1bfd000-7fc2c1dfc000 ---p 00016000 08:03 397884                     /lib/x86_64-linux-gnu/libgcc_s.so.1
7fc2c1dfc000-7fc2c1dfd000 rw-p 00015000 08:03 397884                     /lib/x86_64-linux-gnu/libgcc_s.so.1
7fc2c1dfd000-7fc2c1e62000 r-xp 00000000 08:03 147282                     /usr/lib/jvm/java-8-oracle/jre/lib/amd64/libfontmanager.so
7fc2c1e62000-7fc2c2061000 ---p 00065000 08:03 147282                     /usr/lib/jvm/java-8-oracle/jre/lib/amd64/libfontmanager.so
7fc2c2061000-7fc2c2066000 rw-p 00064000 08:03 147282                     /usr/lib/jvm/java-8-oracle/jre/lib/amd64/libfontmanager.so
7fc2c2066000-7fc2c2076000 rw-p 00000000 00:00 0 
7fc2c2076000-7fc2c207b000 r-xp 00000000 08:03 2369232                    /usr/lib/x86_64-linux-gnu/libXdmcp.so.6.0.0
7fc2c207b000-7fc2c227a000 ---p 00005000 08:03 2369232                    /usr/lib/x86_64-linux-gnu/libXdmcp.so.6.0.0
7fc2c227a000-7fc2c227b000 r--p 00004000 08:03 2369232                    /usr/lib/x86_64-linux-gnu/libXdmcp.so.6.0.0
7fc2c227b000-7fc2c227c000 rw-p 00005000 08:03 2369232                    /usr/lib/x86_64-linux-gnu/libXdmcp.so.6.0.0
7fc2c227c000-7fc2c227e000 r-xp 00000000 08:03 2369221                    /usr/lib/x86_64-linux-gnu/libXau.so.6.0.0
7fc2c227e000-7fc2c247e000 ---p 00002000 08:03 2369221                    /usr/lib/x86_64-linux-gnu/libXau.so.6.0.0
7fc2c247e000-7fc2c247f000 r--p 00002000 08:03 2369221                    /usr/lib/x86_64-linux-gnu/libXau.so.6.0.0
7fc2c247f000-7fc2c2480000 rw-p 00003000 08:03 2369221                    /usr/lib/x86_64-linux-gnu/libXau.so.6.0.0
7fc2c2480000-7fc2c249d000 r-xp 00000000 08:03 2370440                    /usr/lib/x86_64-linux-gnu/libxcb.so.1.1.0
7fc2c249d000-7fc2c269d000 ---p 0001d000 08:03 2370440                    /usr/lib/x86_64-linux-gnu/libxcb.so.1.1.0
7fc2c269d000-7fc2c269e000 r--p 0001d000 08:03 2370440                    /usr/lib/x86_64-linux-gnu/libxcb.so.1.1.0
7fc2c269e000-7fc2c269f000 rw-p 0001e000 08:03 2370440                    /usr/lib/x86_64-linux-gnu/libxcb.so.1.1.0
7fc2c269f000-7fc2c26ae000 r-xp 00000000 08:03 2369242                    /usr/lib/x86_64-linux-gnu/libXi.so.6.1.0
7fc2c26ae000-7fc2c28ad000 ---p 0000f000 08:03 2369242                    /usr/lib/x86_64-linux-gnu/libXi.so.6.1.0
7fc2c28ad000-7fc2c28ae000 r--p 0000e000 08:03 2369242                    /usr/lib/x86_64-linux-gnu/libXi.so.6.1.0
7fc2c28ae000-7fc2c28af000 rw-p 0000f000 08:03 2369242                    /usr/lib/x86_64-linux-gnu/libXi.so.6.1.0
7fc2c28af000-7fc2c28b4000 r-xp 00000000 08:03 2369262                    /usr/lib/x86_64-linux-gnu/libXtst.so.6.1.0
7fc2c28b4000-7fc2c2ab3000 ---p 00005000 08:03 2369262                    /usr/lib/x86_64-linux-gnu/libXtst.so.6.1.0
7fc2c2ab3000-7fc2c2ab4000 r--p 00004000 08:03 2369262                    /usr/lib/x86_64-linux-gnu/libXtst.so.6.1.0
7fc2c2ab4000-7fc2c2ab5000 rw-p 00005000 08:03 2369262                    /usr/lib/x86_64-linux-gnu/libXtst.so.6.1.0
7fc2c2ab5000-7fc2c2abe000 r-xp 00000000 08:03 2369256                    /usr/lib/x86_64-linux-gnu/libXrender.so.1.3.0
7fc2c2abe000-7fc2c2cbd000 ---p 00009000 08:03 2369256                    /usr/lib/x86_64-linux-gnu/libXrender.so.1.3.0
7fc2c2cbd000-7fc2c2cbe000 r--p 00008000 08:03 2369256                    /usr/lib/x86_64-linux-gnu/libXrender.so.1.3.0
7fc2c2cbe000-7fc2c2cbf000 rw-p 00009000 08:03 2369256                    /usr/lib/x86_64-linux-gnu/libXrender.so.1.3.0
7fc2c2cbf000-7fc2c2def000 r-xp 00000000 08:03 2369217                    /usr/lib/x86_64-linux-gnu/libX11.so.6.3.0
7fc2c2def000-7fc2c2fef000 ---p 00130000 08:03 2369217                    /usr/lib/x86_64-linux-gnu/libX11.so.6.3.0
7fc2c2fef000-7fc2c2ff0000 r--p 00130000 08:03 2369217                    /usr/lib/x86_64-linux-gnu/libX11.so.6.3.0
7fc2c2ff0000-7fc2c2ff4000 rw-p 00131000 08:03 2369217                    /usr/lib/x86_64-linux-gnu/libX11.so.6.3.0
7fc2c2ff4000-7fc2c3005000 r-xp 00000000 08:03 2369234                    /usr/lib/x86_64-linux-gnu/libXext.so.6.4.0
7fc2c3005000-7fc2c3204000 ---p 00011000 08:03 2369234                    /usr/lib/x86_64-linux-gnu/libXext.so.6.4.0
7fc2c3204000-7fc2c3205000 r--p 00010000 08:03 2369234                    /usr/lib/x86_64-linux-gnu/libXext.so.6.4.0
7fc2c3205000-7fc2c3206000 rw-p 00011000 08:03 2369234                    /usr/lib/x86_64-linux-gnu/libXext.so.6.4.0
7fc2c3206000-7fc2c325a000 r-xp 00000000 08:03 147314                     /usr/lib/jvm/java-8-oracle/jre/lib/amd64/libawt_xawt.so
7fc2c325a000-7fc2c345a000 ---p 00054000 08:03 147314                     /usr/lib/jvm/java-8-oracle/jre/lib/amd64/libawt_xawt.so
7fc2c345a000-7fc2c345e000 rw-p 00054000 08:03 147314                     /usr/lib/jvm/java-8-oracle/jre/lib/amd64/libawt_xawt.so
7fc2c345e000-7fc2c345f000 rw-p 00000000 00:00 0 
7fc2c345f000-7fc2c3501000 r-xp 00000000 08:03 147299                     /usr/lib/jvm/java-8-oracle/jre/lib/amd64/libawt.so
7fc2c3501000-7fc2c3701000 ---p 000a2000 08:03 147299                     /usr/lib/jvm/java-8-oracle/jre/lib/amd64/libawt.so
7fc2c3701000-7fc2c370d000 rw-p 000a2000 08:03 147299                     /usr/lib/jvm/java-8-oracle/jre/lib/amd64/libawt.so
7fc2c370d000-7fc2c3731000 rw-p 00000000 00:00 0 
7fc2c3731000-7fc2c3732000 ---p 00000000 00:00 0 
7fc2c3732000-7fc2c3832000 rw-p 00000000 00:00 0                          [stack:11616]
7fc2c3832000-7fc2c3835000 ---p 00000000 00:00 0 
7fc2c3835000-7fc2c3933000 rw-p 00000000 00:00 0                          [stack:11615]
7fc2c3933000-7fc2c3936000 ---p 00000000 00:00 0 
7fc2c3936000-7fc2c3a34000 rw-p 00000000 00:00 0                          [stack:11614]
7fc2c3a34000-7fc2c3a37000 ---p 00000000 00:00 0 
7fc2c3a37000-7fc2c3b35000 rw-p 00000000 00:00 0                          [stack:11613]
7fc2c3b35000-7fc2c3b38000 ---p 00000000 00:00 0 
7fc2c3b38000-7fc2c3c36000 rw-p 00000000 00:00 0                          [stack:11612]
7fc2c3c36000-7fc2c3c39000 ---p 00000000 00:00 0 
7fc2c3c39000-7fc2c3d37000 rw-p 00000000 00:00 0                          [stack:11611]
7fc2c3d37000-7fc2c4000000 r--p 00000000 08:03 2367214                    /usr/lib/locale/locale-archive
7fc2c4000000-7fc2c4021000 rw-p 00000000 00:00 0 
7fc2c4021000-7fc2c8000000 ---p 00000000 00:00 0 
7fc2c8000000-7fc2c8021000 rw-p 00000000 00:00 0 
7fc2c8021000-7fc2cc000000 ---p 00000000 00:00 0 
7fc2cc000000-7fc2cc021000 rw-p 00000000 00:00 0 
7fc2cc021000-7fc2d0000000 ---p 00000000 00:00 0 
7fc2d003b000-7fc2d004c000 rw-s 00000000 00:05 1171062799                 /SYSV00000000 (deleted)
7fc2d004f000-7fc2d0050000 rw-p 00000000 00:00 0 
7fc2d0050000-7fc2d0051000 r--s 00000000 08:03 273576                     /var/cache/fontconfig/c05880de57d1f5e948fdfacc138775d9-le64.cache-4
7fc2d0051000-7fc2d005c000 r--s 00000000 08:03 273569                     /var/cache/fontconfig/945677eb7aeaf62f1d50efc3fb3ec7d8-le64.cache-4
7fc2d005c000-7fc2d005e000 r--s 00000000 08:03 273571                     /var/cache/fontconfig/99e8ed0e538f840c565b6ed5dad60d56-le64.cache-4
7fc2d005e000-7fc2d0064000 r--s 00000000 08:03 273554                     /var/cache/fontconfig/2cd17615ca594fa2959ae173292e504c-le64.cache-4
7fc2d0064000-7fc2d0065000 r--s 00000000 08:03 273586                     /var/cache/fontconfig/e7071f4a29fa870f4323321c154eba04-le64.cache-4
7fc2d0065000-7fc2d0066000 r--s 00000000 08:03 273551                     /var/cache/fontconfig/0d8c3b2ac0904cb8a57a757ad11a4a08-le64.cache-4
7fc2d0066000-7fc2d006d000 r--s 00000000 08:03 273573                     /var/cache/fontconfig/a755afe4a08bf5b97852ceb7400b47bc-le64.cache-4
7fc2d006d000-7fc2d0079000 r--s 00000000 08:03 273564                     /var/cache/fontconfig/6d41288fd70b0be22e8c3a91e032eec0-le64.cache-4
7fc2d0079000-7fc2d008d000 r--s 00000000 08:03 273548                     /var/cache/fontconfig/04aabc0a78ac019cf9454389977116d2-le64.cache-4
7fc2d008d000-7fc2d008e000 r--s 00000000 08:03 273553                     /var/cache/fontconfig/1ac9eb803944fde146138c791f5cc56a-le64.cache-4
7fc2d008e000-7fc2d0092000 r--s 00000000 08:03 273557                     /var/cache/fontconfig/385c0604a188198f04d133e54aba7fe7-le64.cache-4
7fc2d0092000-7fc2d0093000 r--s 00000000 08:03 273583                     /var/cache/fontconfig/dc05db6664285cc2f12bf69c139ae4c3-le64.cache-4
7fc2d0093000-7fc2d0095000 r--s 00000000 08:03 273566                     /var/cache/fontconfig/767a8244fc0220cfb567a839d0392e0b-le64.cache-4
7fc2d0095000-7fc2d0096000 r--s 00000000 08:03 273559                     /var/cache/fontconfig/4794a0821666d79190d59a36cb4f44b5-le64.cache-4
7fc2d0096000-7fc2d00a8000 r--s 00000000 08:03 273549                     /var/cache/fontconfig/0bd3dc0958fa2205aaaa8ebb13e2872b-le64.cache-4
7fc2d00a8000-7fc2d00ad000 r--s 00000000 08:03 273568                     /var/cache/fontconfig/8801497958630a81b71ace7c5f9b32a8-le64.cache-4
7fc2d00ad000-7fc2d00b4000 r--s 00000000 08:03 273555                     /var/cache/fontconfig/3047814df9a2f067bd2d96a2b9c36e5a-le64.cache-4
7fc2d00b4000-7fc2d00ba000 r--s 00000000 08:03 273574                     /var/cache/fontconfig/b47c4e1ecd0709278f4910c18777a504-le64.cache-4
7fc2d00ba000-7fc2d00cd000 r--s 00000000 08:03 273580                     /var/cache/fontconfig/d52a8644073d54c13679302ca1180695-le64.cache-4
7fc2d00cd000-7fc2d00d6000 r--s 00000000 08:03 273558                     /var/cache/fontconfig/3f7329c5293ffd510edef78f73874cfd-le64.cache-4
7fc2d00d6000-7fc2d00e1000 r--s 00000000 08:03 273581                     /var/cache/fontconfig/d589a48862398ed80a3d6066f4f56f4c-le64.cache-4
7fc2d00e1000-7fc2d00f4000 r--s 00000000 08:03 271705                     /var/cache/fontconfig/4ac51e5cfbc76fc3f983e470323a16d3-le64.cache-4
7fc2d00f4000-7fc2d00f7000 ---p 00000000 00:00 0 
7fc2d00f7000-7fc2d01f5000 rw-p 00000000 00:00 0                          [stack:11610]
7fc2d01f5000-7fc2d01f8000 ---p 00000000 00:00 0 
7fc2d01f8000-7fc2d02f6000 rw-p 00000000 00:00 0                          [stack:11609]
7fc2d02f6000-7fc2d02f7000 ---p 00000000 00:00 0 
7fc2d02f7000-7fc2d13ab000 rw-p 00000000 00:00 0                          [stack:11608]
7fc2d13ab000-7fc2d1583000 r--s 03d2a000 08:03 147348                     /usr/lib/jvm/java-8-oracle/jre/lib/rt.jar
7fc2d1583000-7fc2d3e0c000 rw-p 00000000 00:00 0 
7fc2d3e0c000-7fc2d3e0d000 ---p 00000000 00:00 0 
7fc2d3e0d000-7fc2d3f0d000 rw-p 00000000 00:00 0                          [stack:11607]
7fc2d3f0d000-7fc2d3f0e000 ---p 00000000 00:00 0 
7fc2d3f0e000-7fc2d400e000 rw-p 00000000 00:00 0                          [stack:11606]
7fc2d400e000-7fc2d400f000 ---p 00000000 00:00 0 
7fc2d400f000-7fc2d410f000 rw-p 00000000 00:00 0                          [stack:11605]
7fc2d410f000-7fc2d4110000 ---p 00000000 00:00 0 
7fc2d4110000-7fc2d4225000 rw-p 00000000 00:00 0                          [stack:11604]
7fc2d4225000-7fc2d4352000 ---p 00000000 00:00 0 
7fc2d4352000-7fc2d43d2000 rw-p 00000000 00:00 0 
7fc2d43d2000-7fc2d43f3000 ---p 00000000 00:00 0 
7fc2d43f3000-7fc2d4406000 rw-p 00000000 00:00 0 
7fc2d4406000-7fc2d47b4000 ---p 00000000 00:00 0 
7fc2d47b4000-7fc2d4c04000 rwxp 00000000 00:00 0 
7fc2d4c04000-7fc2e37b4000 ---p 00000000 00:00 0 
7fc2e37b4000-7fc2e37ce000 r-xp 00000000 08:03 147337                     /usr/lib/jvm/java-8-oracle/jre/lib/amd64/libzip.so
7fc2e37ce000-7fc2e39ce000 ---p 0001a000 08:03 147337                     /usr/lib/jvm/java-8-oracle/jre/lib/amd64/libzip.so
7fc2e39ce000-7fc2e39cf000 rw-p 0001a000 08:03 147337                     /usr/lib/jvm/java-8-oracle/jre/lib/amd64/libzip.so
7fc2e39cf000-7fc2e39d9000 r-xp 00000000 08:03 394379                     /lib/x86_64-linux-gnu/libnss_files-2.19.so
7fc2e39d9000-7fc2e3bd8000 ---p 0000a000 08:03 394379                     /lib/x86_64-linux-gnu/libnss_files-2.19.so
7fc2e3bd8000-7fc2e3bd9000 r--p 00009000 08:03 394379                     /lib/x86_64-linux-gnu/libnss_files-2.19.so
7fc2e3bd9000-7fc2e3bda000 rw-p 0000a000 08:03 394379                     /lib/x86_64-linux-gnu/libnss_files-2.19.so
7fc2e3bda000-7fc2e3be5000 r-xp 00000000 08:03 394342                     /lib/x86_64-linux-gnu/libnss_nis-2.19.so
7fc2e3be5000-7fc2e3de4000 ---p 0000b000 08:03 394342                     /lib/x86_64-linux-gnu/libnss_nis-2.19.so
7fc2e3de4000-7fc2e3de5000 r--p 0000a000 08:03 394342                     /lib/x86_64-linux-gnu/libnss_nis-2.19.so
7fc2e3de5000-7fc2e3de6000 rw-p 0000b000 08:03 394342                     /lib/x86_64-linux-gnu/libnss_nis-2.19.so
7fc2e3de6000-7fc2e3dfd000 r-xp 00000000 08:03 394332                     /lib/x86_64-linux-gnu/libnsl-2.19.so
7fc2e3dfd000-7fc2e3ffc000 ---p 00017000 08:03 394332                     /lib/x86_64-linux-gnu/libnsl-2.19.so
7fc2e3ffc000-7fc2e3ffd000 r--p 00016000 08:03 394332                     /lib/x86_64-linux-gnu/libnsl-2.19.so
7fc2e3ffd000-7fc2e3ffe000 rw-p 00017000 08:03 394332                     /lib/x86_64-linux-gnu/libnsl-2.19.so
7fc2e3ffe000-7fc2e4000000 rw-p 00000000 00:00 0 
7fc2e4000000-7fc2e445a000 rw-p 00000000 00:00 0 
7fc2e445a000-7fc2e8000000 ---p 00000000 00:00 0 
7fc2e8000000-7fc2e8003000 r--s 00000000 08:03 263186                     /var/cache/fontconfig/e13b20fdb08344e0e664864cc2ede53d-le64.cache-4
7fc2e8003000-7fc2e801c000 r--s 0012e000 08:03 1972319                    /home/tharindu/NewFolder/swingx.jar
7fc2e801c000-7fc2e8031000 rw-p 00000000 00:00 0 
7fc2e8031000-7fc2e815e000 ---p 00000000 00:00 0 
7fc2e815e000-7fc2e8167000 r-xp 00000000 08:03 394326                     /lib/x86_64-linux-gnu/libnss_compat-2.19.so
7fc2e8167000-7fc2e8366000 ---p 00009000 08:03 394326                     /lib/x86_64-linux-gnu/libnss_compat-2.19.so
7fc2e8366000-7fc2e8367000 r--p 00008000 08:03 394326                     /lib/x86_64-linux-gnu/libnss_compat-2.19.so
7fc2e8367000-7fc2e8368000 rw-p 00009000 08:03 394326                     /lib/x86_64-linux-gnu/libnss_compat-2.19.so
7fc2e8368000-7fc2e8393000 r-xp 00000000 08:03 147281                     /usr/lib/jvm/java-8-oracle/jre/lib/amd64/libjava.so
7fc2e8393000-7fc2e8592000 ---p 0002b000 08:03 147281                     /usr/lib/jvm/java-8-oracle/jre/lib/amd64/libjava.so
7fc2e8592000-7fc2e8594000 rw-p 0002a000 08:03 147281                     /usr/lib/jvm/java-8-oracle/jre/lib/amd64/libjava.so
7fc2e8594000-7fc2e85a1000 r-xp 00000000 08:03 147315                     /usr/lib/jvm/java-8-oracle/jre/lib/amd64/libverify.so
7fc2e85a1000-7fc2e87a0000 ---p 0000d000 08:03 147315                     /usr/lib/jvm/java-8-oracle/jre/lib/amd64/libverify.so
7fc2e87a0000-7fc2e87a2000 rw-p 0000c000 08:03 147315                     /usr/lib/jvm/java-8-oracle/jre/lib/amd64/libverify.so
7fc2e87a2000-7fc2e87a9000 r-xp 00000000 08:03 394367                     /lib/x86_64-linux-gnu/librt-2.19.so
7fc2e87a9000-7fc2e89a8000 ---p 00007000 08:03 394367                     /lib/x86_64-linux-gnu/librt-2.19.so
7fc2e89a8000-7fc2e89a9000 r--p 00006000 08:03 394367                     /lib/x86_64-linux-gnu/librt-2.19.so
7fc2e89a9000-7fc2e89aa000 rw-p 00007000 08:03 394367                     /lib/x86_64-linux-gnu/librt-2.19.so
7fc2e89aa000-7fc2e8aaf000 r-xp 00000000 08:03 394317                     /lib/x86_64-linux-gnu/libm-2.19.so
7fc2e8aaf000-7fc2e8cae000 ---p 00105000 08:03 394317                     /lib/x86_64-linux-gnu/libm-2.19.so
7fc2e8cae000-7fc2e8caf000 r--p 00104000 08:03 394317                     /lib/x86_64-linux-gnu/libm-2.19.so
7fc2e8caf000-7fc2e8cb0000 rw-p 00105000 08:03 394317                     /lib/x86_64-linux-gnu/libm-2.19.so
7fc2e8cb0000-7fc2e997d000 r-xp 00000000 08:03 147311                     /usr/lib/jvm/java-8-oracle/jre/lib/amd64/server/libjvm.so
7fc2e997d000-7fc2e9b7c000 ---p 00ccd000 08:03 147311                     /usr/lib/jvm/java-8-oracle/jre/lib/amd64/server/libjvm.so
7fc2e9b7c000-7fc2e9c55000 rw-p 00ccc000 08:03 147311                     /usr/lib/jvm/java-8-oracle/jre/lib/amd64/server/libjvm.so
7fc2e9c55000-7fc2e9ca0000 rw-p 00000000 00:00 0 
7fc2e9ca0000-7fc2e9e5a000 r-xp 00000000 08:03 394368                     /lib/x86_64-linux-gnu/libc-2.19.so
7fc2e9e5a000-7fc2ea05a000 ---p 001ba000 08:03 394368                     /lib/x86_64-linux-gnu/libc-2.19.so
7fc2ea05a000-7fc2ea05e000 r--p 001ba000 08:03 394368                     /lib/x86_64-linux-gnu/libc-2.19.so
7fc2ea05e000-7fc2ea060000 rw-p 001be000 08:03 394368                     /lib/x86_64-linux-gnu/libc-2.19.so
7fc2ea060000-7fc2ea065000 rw-p 00000000 00:00 0 
7fc2ea065000-7fc2ea068000 r-xp 00000000 08:03 394319                     /lib/x86_64-linux-gnu/libdl-2.19.so
7fc2ea068000-7fc2ea267000 ---p 00003000 08:03 394319                     /lib/x86_64-linux-gnu/libdl-2.19.so
7fc2ea267000-7fc2ea268000 r--p 00002000 08:03 394319                     /lib/x86_64-linux-gnu/libdl-2.19.so
7fc2ea268000-7fc2ea269000 rw-p 00003000 08:03 394319                     /lib/x86_64-linux-gnu/libdl-2.19.so
7fc2ea269000-7fc2ea27e000 r-xp 00000000 08:03 146537                     /usr/lib/jvm/java-8-oracle/lib/amd64/jli/libjli.so
7fc2ea27e000-7fc2ea47e000 ---p 00015000 08:03 146537                     /usr/lib/jvm/java-8-oracle/lib/amd64/jli/libjli.so
7fc2ea47e000-7fc2ea47f000 rw-p 00015000 08:03 146537                     /usr/lib/jvm/java-8-oracle/lib/amd64/jli/libjli.so
7fc2ea47f000-7fc2ea498000 r-xp 00000000 08:03 394333                     /lib/x86_64-linux-gnu/libpthread-2.19.so
7fc2ea498000-7fc2ea697000 ---p 00019000 08:03 394333                     /lib/x86_64-linux-gnu/libpthread-2.19.so
7fc2ea697000-7fc2ea698000 r--p 00018000 08:03 394333                     /lib/x86_64-linux-gnu/libpthread-2.19.so
7fc2ea698000-7fc2ea699000 rw-p 00019000 08:03 394333                     /lib/x86_64-linux-gnu/libpthread-2.19.so
7fc2ea699000-7fc2ea69d000 rw-p 00000000 00:00 0 
7fc2ea69d000-7fc2ea6c0000 r-xp 00000000 08:03 394338                     /lib/x86_64-linux-gnu/ld-2.19.so
7fc2ea6c0000-7fc2ea6c1000 r--s 00000000 08:03 273561                     /var/cache/fontconfig/56cf4f4769d0f4abc89a4895d7bd3ae1-le64.cache-4
7fc2ea6c1000-7fc2ea6c2000 r--s 00000000 08:03 273575                     /var/cache/fontconfig/b9d506c9ac06c20b433354fa67a72993-le64.cache-4
7fc2ea6c2000-7fc2ea6c6000 r--s 00000000 08:03 263185                     /var/cache/fontconfig/7ef2298fde41cc6eeb7af42e48b7d293-le64.cache-4
7fc2ea6c6000-7fc2ea798000 rw-p 00000000 00:00 0 
7fc2ea798000-7fc2ea79b000 ---p 00000000 00:00 0 
7fc2ea79b000-7fc2ea89d000 rw-p 00000000 00:00 0                          [stack:11603]
7fc2ea89d000-7fc2ea89e000 r--s 00000000 08:03 273550                     /var/cache/fontconfig/0c9eb80ebd1c36541ebe2852d3bb0c49-le64.cache-4
7fc2ea89e000-7fc2ea8a0000 r--s 00007000 08:03 2105209                    /home/tharindu/Public/Untitled Folder/jdatepicker-1.3.2.jar
7fc2ea8a0000-7fc2ea8b3000 rw-p 00000000 00:00 0 
7fc2ea8b3000-7fc2ea8bb000 rw-s 00000000 08:03 2228459                    /tmp/hsperfdata_tharindu/11598
7fc2ea8bb000-7fc2ea8bc000 rw-p 00000000 00:00 0 
7fc2ea8bc000-7fc2ea8bd000 ---p 00000000 00:00 0 
7fc2ea8bd000-7fc2ea8bf000 rw-p 00000000 00:00 0 
7fc2ea8bf000-7fc2ea8c0000 r--p 00022000 08:03 394338                     /lib/x86_64-linux-gnu/ld-2.19.so
7fc2ea8c0000-7fc2ea8c1000 rw-p 00023000 08:03 394338                     /lib/x86_64-linux-gnu/ld-2.19.so
7fc2ea8c1000-7fc2ea8c2000 rw-p 00000000 00:00 0 
7ffeacd75000-7ffeacd96000 rw-p 00000000 00:00 0                          [stack]
7ffeacdbd000-7ffeacdbf000 r--p 00000000 00:00 0                          [vvar]
7ffeacdbf000-7ffeacdc1000 r-xp 00000000 00:00 0                          [vdso]
ffffffffff600000-ffffffffff601000 r-xp 00000000 00:00 0                  [vsyscall]

VM Arguments:
jvm_args: -Dfile.encoding=UTF-8 
java_command: hotel.view.mainFrame
java_class_path (initial): /home/tharindu/NewFolder/swingx.jar:/home/tharindu/Public/Untitled Folder/jdatepicker-1.3.2.jar:/home/tharindu/NetBeansProjects/Hotel/build/classes
Launcher Type: SUN_STANDARD

Environment Variables:
JAVA_HOME=/usr/lib/jvm/java-8-oracle
PATH=/usr/local/sbin:/usr/local/bin:/usr/sbin:/usr/bin:/sbin:/bin:/usr/games:/usr/local/games:/usr/lib/jvm/java-8-oracle/bin:/usr/lib/jvm/java-8-oracle/db/bin:/usr/lib/jvm/java-8-oracle/jre/bin
USERNAME=tharindu
LD_LIBRARY_PATH=/usr/lib/jvm/java-8-oracle/jre/lib/amd64:/usr/lib/jvm/java-8-oracle/jre/lib/i386:
SHELL=/bin/bash
DISPLAY=:0

Signal Handlers:
SIGSEGV: [libjvm.so+0xac64b0], sa_mask[0]=11111111011111111101111111111110, sa_flags=SA_RESTART|SA_SIGINFO
SIGBUS: [libjvm.so+0xac64b0], sa_mask[0]=11111111011111111101111111111110, sa_flags=SA_RESTART|SA_SIGINFO
SIGFPE: [libjvm.so+0x91f950], sa_mask[0]=11111111011111111101111111111110, sa_flags=SA_RESTART|SA_SIGINFO
SIGPIPE: [libjvm.so+0x91f950], sa_mask[0]=11111111011111111101111111111110, sa_flags=SA_RESTART|SA_SIGINFO
SIGXFSZ: [libjvm.so+0x91f950], sa_mask[0]=11111111011111111101111111111110, sa_flags=SA_RESTART|SA_SIGINFO
SIGILL: [libjvm.so+0x91f950], sa_mask[0]=11111111011111111101111111111110, sa_flags=SA_RESTART|SA_SIGINFO
SIGUSR1: SIG_DFL, sa_mask[0]=00000000000000000000000000000000, sa_flags=none
SIGUSR2: [libjvm.so+0x920f80], sa_mask[0]=00100000000000000000000000000000, sa_flags=SA_RESTART|SA_SIGINFO
SIGHUP: [libjvm.so+0x922380], sa_mask[0]=11111111011111111101111111111110, sa_flags=SA_RESTART|SA_SIGINFO
SIGINT: SIG_IGN, sa_mask[0]=00000000000000000000000000000000, sa_flags=none
SIGTERM: [libjvm.so+0x922380], sa_mask[0]=11111111011111111101111111111110, sa_flags=SA_RESTART|SA_SIGINFO
SIGQUIT: [libjvm.so+0x922380], sa_mask[0]=11111111011111111101111111111110, sa_flags=SA_RESTART|SA_SIGINFO


---------------  S Y S T E M  ---------------

OS:DISTRIB_ID=LinuxMint
DISTRIB_RELEASE=17.3
DISTRIB_CODENAME=rosa
DISTRIB_DESCRIPTION="Linux Mint 17.3 Rosa"

uname:Linux 3.19.0-32-generic #37~14.04.1-Ubuntu SMP Thu Oct 22 09:41:40 UTC 2015 x86_64
libc:glibc 2.19 NPTL 2.19 
rlimit: STACK 8192k, CORE 0k, NPROC 15316, NOFILE 4096, AS infinity
load average:5.64 3.32 2.04

/proc/meminfo:
MemTotal:        3953184 kB
MemFree:          106028 kB
MemAvailable:      52388 kB
Buffers:            1008 kB
Cached:           273952 kB
SwapCached:            0 kB
Active:          3469492 kB
Inactive:         251372 kB
Active(anon):    3466608 kB
Inactive(anon):   222100 kB
Active(file):       2884 kB
Inactive(file):    29272 kB
Unevictable:           0 kB
Mlocked:               0 kB
SwapTotal:             0 kB
SwapFree:              0 kB
Dirty:               472 kB
Writeback:             0 kB
AnonPages:       3446140 kB
Mapped:           105468 kB
Shmem:            242568 kB
Slab:              57072 kB
SReclaimable:      29488 kB
SUnreclaim:        27584 kB
KernelStack:        8080 kB
PageTables:        28440 kB
NFS_Unstable:          0 kB
Bounce:                0 kB
WritebackTmp:          0 kB
CommitLimit:     1976592 kB
Committed_AS:    5234868 kB
VmallocTotal:   34359738367 kB
VmallocUsed:      347096 kB
VmallocChunk:   34359383516 kB
HardwareCorrupted:     0 kB
AnonHugePages:   1787904 kB
CmaTotal:              0 kB
CmaFree:               0 kB
HugePages_Total:       0
HugePages_Free:        0
HugePages_Rsvd:        0
HugePages_Surp:        0
Hugepagesize:       2048 kB
DirectMap4k:      109224 kB
DirectMap2M:     3991552 kB


CPU:total 4 (2 cores per cpu, 2 threads per core) family 6 model 42 stepping 7, cmov, cx8, fxsr, mmx, sse, sse2, sse3, ssse3, sse4.1, sse4.2, popcnt, avx, clmul, ht, tsc, tscinvbit

/proc/cpuinfo:
processor	: 0
vendor_id	: GenuineIntel
cpu family	: 6
model		: 42
model name	: Intel(R) Core(TM) i3-2350M CPU @ 2.30GHz
stepping	: 7
microcode	: 0x1b
cpu MHz		: 1899.925
cache size	: 3072 KB
physical id	: 0
siblings	: 4
core id		: 0
cpu cores	: 2
apicid		: 0
initial apicid	: 0
fpu		: yes
fpu_exception	: yes
cpuid level	: 13
wp		: yes
flags		: fpu vme de pse tsc msr pae mce cx8 apic sep mtrr pge mca cmov pat pse36 clflush dts acpi mmx fxsr sse sse2 ss ht tm pbe syscall nx rdtscp lm constant_tsc arch_perfmon pebs bts rep_good nopl xtopology nonstop_tsc aperfmperf eagerfpu pni pclmulqdq dtes64 monitor ds_cpl vmx est tm2 ssse3 cx16 xtpr pdcm pcid sse4_1 sse4_2 x2apic popcnt tsc_deadline_timer xsave avx lahf_lm arat epb pln pts dtherm tpr_shadow vnmi flexpriority ept vpid xsaveopt
bugs		:
bogomips	: 4590.03
clflush size	: 64
cache_alignment	: 64
address sizes	: 36 bits physical, 48 bits virtual
power management:

processor	: 1
vendor_id	: GenuineIntel
cpu family	: 6
model		: 42
model name	: Intel(R) Core(TM) i3-2350M CPU @ 2.30GHz
stepping	: 7
microcode	: 0x1b
cpu MHz		: 1899.835
cache size	: 3072 KB
physical id	: 0
siblings	: 4
core id		: 1
cpu cores	: 2
apicid		: 2
initial apicid	: 2
fpu		: yes
fpu_exception	: yes
cpuid level	: 13
wp		: yes
flags		: fpu vme de pse tsc msr pae mce cx8 apic sep mtrr pge mca cmov pat pse36 clflush dts acpi mmx fxsr sse sse2 ss ht tm pbe syscall nx rdtscp lm constant_tsc arch_perfmon pebs bts rep_good nopl xtopology nonstop_tsc aperfmperf eagerfpu pni pclmulqdq dtes64 monitor ds_cpl vmx est tm2 ssse3 cx16 xtpr pdcm pcid sse4_1 sse4_2 x2apic popcnt tsc_deadline_timer xsave avx lahf_lm arat epb pln pts dtherm tpr_shadow vnmi flexpriority ept vpid xsaveopt
bugs		:
bogomips	: 4590.03
clflush size	: 64
cache_alignment	: 64
address sizes	: 36 bits physical, 48 bits virtual
power management:

processor	: 2
vendor_id	: GenuineIntel
cpu family	: 6
model		: 42
model name	: Intel(R) Core(TM) i3-2350M CPU @ 2.30GHz
stepping	: 7
microcode	: 0x1b
cpu MHz		: 1899.925
cache size	: 3072 KB
physical id	: 0
siblings	: 4
core id		: 0
cpu cores	: 2
apicid		: 1
initial apicid	: 1
fpu		: yes
fpu_exception	: yes
cpuid level	: 13
wp		: yes
flags		: fpu vme de pse tsc msr pae mce cx8 apic sep mtrr pge mca cmov pat pse36 clflush dts acpi mmx fxsr sse sse2 ss ht tm pbe syscall nx rdtscp lm constant_tsc arch_perfmon pebs bts rep_good nopl xtopology nonstop_tsc aperfmperf eagerfpu pni pclmulqdq dtes64 monitor ds_cpl vmx est tm2 ssse3 cx16 xtpr pdcm pcid sse4_1 sse4_2 x2apic popcnt tsc_deadline_timer xsave avx lahf_lm arat epb pln pts dtherm tpr_shadow vnmi flexpriority ept vpid xsaveopt
bugs		:
bogomips	: 4590.03
clflush size	: 64
cache_alignment	: 64
address sizes	: 36 bits physical, 48 bits virtual
power management:

processor	: 3
vendor_id	: GenuineIntel
cpu family	: 6
model		: 42
model name	: Intel(R) Core(TM) i3-2350M CPU @ 2.30GHz
stepping	: 7
microcode	: 0x1b
cpu MHz		: 1899.925
cache size	: 3072 KB
physical id	: 0
siblings	: 4
core id		: 1
cpu cores	: 2
apicid		: 3
initial apicid	: 3
fpu		: yes
fpu_exception	: yes
cpuid level	: 13
wp		: yes
flags		: fpu vme de pse tsc msr pae mce cx8 apic sep mtrr pge mca cmov pat pse36 clflush dts acpi mmx fxsr sse sse2 ss ht tm pbe syscall nx rdtscp lm constant_tsc arch_perfmon pebs bts rep_good nopl xtopology nonstop_tsc aperfmperf eagerfpu pni pclmulqdq dtes64 monitor ds_cpl vmx est tm2 ssse3 cx16 xtpr pdcm pcid sse4_1 sse4_2 x2apic popcnt tsc_deadline_timer xsave avx lahf_lm arat epb pln pts dtherm tpr_shadow vnmi flexpriority ept vpid xsaveopt
bugs		:
bogomips	: 4590.03
clflush size	: 64
cache_alignment	: 64
address sizes	: 36 bits physical, 48 bits virtual
power management:



Memory: 4k page, physical 3953184k(106028k free), swap 0k(0k free)

vm_info: Java HotSpot(TM) 64-Bit Server VM (25.111-b14) for linux-amd64 JRE (1.8.0_111-b14), built on Sep 22 2016 16:14:03 by "java_re" with gcc 4.3.0 20080428 (Red Hat 4.3.0-8)

time: Sun Apr 16 16:47:25 2017
elapsed time: 13 seconds (0d 0h 0m 13s)

