#
# There is insufficient memory for the Java Runtime Environment to continue.
# Native memory allocation (mmap) failed to map 120061952 bytes for committing reserved memory.
# Possible reasons:
#   The system is out of physical RAM or swap space
#   In 32 bit mode, the process size limit was hit
# Possible solutions:
#   Reduce memory load on the system
#   Increase physical memory or swap space
#   Check if swap backing store is full
#   Use 64 bit Java on a 64 bit OS
#   Decrease Java heap size (-Xmx/-Xms)
#   Decrease number of Java threads
#   Decrease Java thread stack sizes (-Xss)
#   Set larger code cache with -XX:ReservedCodeCacheSize=
# This output file may be truncated or incomplete.
#
#  Out of Memory Error (os_linux.cpp:2627), pid=11670, tid=0x00007f93094c2700
#
# JRE version: Java(TM) SE Runtime Environment (8.0_111-b14) (build 1.8.0_111-b14)
# Java VM: Java HotSpot(TM) 64-Bit Server VM (25.111-b14 mixed mode linux-amd64 compressed oops)
# Failed to write core dump. Core dumps have been disabled. To enable core dumping, try "ulimit -c unlimited" before starting Java again
#

---------------  T H R E A D  ---------------

Current thread (0x00007f9320077800):  VMThread [stack: 0x00007f93093c2000,0x00007f93094c3000] [id=11679]

Stack: [0x00007f93093c2000,0x00007f93094c3000],  sp=0x00007f93094c11e0,  free space=1020k
Native frames: (J=compiled Java code, j=interpreted, Vv=VM code, C=native code)
V  [libjvm.so+0xac5c2a]  VMError::report_and_die()+0x2ba
V  [libjvm.so+0x4fc50b]  report_vm_out_of_memory(char const*, int, unsigned long, VMErrorType, char const*)+0x8b
V  [libjvm.so+0x922ae3]  os::Linux::commit_memory_impl(char*, unsigned long, bool)+0x103
V  [libjvm.so+0x923039]  os::pd_commit_memory(char*, unsigned long, unsigned long, bool)+0x29
V  [libjvm.so+0x91d33a]  os::commit_memory(char*, unsigned long, unsigned long, bool)+0x2a
V  [libjvm.so+0x991ac3]  PSVirtualSpace::expand_by(unsigned long)+0x53
V  [libjvm.so+0x992ec8]  PSYoungGen::resize_generation(unsigned long, unsigned long)+0xf8
V  [libjvm.so+0x992022]  PSYoungGen::resize(unsigned long, unsigned long)+0x22
V  [libjvm.so+0x98f2fb]  PSScavenge::invoke_no_policy()+0xf3b
V  [libjvm.so+0x98fa81]  PSScavenge::invoke()+0x41
V  [libjvm.so+0x9467d0]  ParallelScavengeHeap::failed_mem_allocate(unsigned long)+0x70
V  [libjvm.so+0xac7647]  VM_ParallelGCFailedAllocation::doit()+0x97
V  [libjvm.so+0xacf125]  VM_Operation::evaluate()+0x55
V  [libjvm.so+0xacd4fa]  VMThread::evaluate_operation(VM_Operation*)+0xba
V  [libjvm.so+0xacd87e]  VMThread::loop()+0x1ce
V  [libjvm.so+0xacdcf0]  VMThread::run()+0x70
V  [libjvm.so+0x924ea8]  java_start(Thread*)+0x108

VM_Operation (0x00007f92bc4f1550): ParallelGCFailedAllocation, mode: safepoint, requested by thread 0x00007f92c010b000


---------------  P R O C E S S  ---------------

Java Threads: ( => current thread )
  0x00007f92c0137000 JavaThread "Image Fetcher 1" daemon [_thread_blocked, id=11701, stack(0x00007f92bc0c4000,0x00007f92bc1c5000)]
  0x00007f92c010b000 JavaThread "Thread-2" [_thread_blocked, id=11697, stack(0x00007f92bc3f2000,0x00007f92bc4f3000)]
  0x00007f92c0109800 JavaThread "Thread-1" [_thread_blocked, id=11696, stack(0x00007f92bc4f3000,0x00007f92bc5f4000)]
  0x00007f92c0108000 JavaThread "Thread-0" [_thread_blocked, id=11695, stack(0x00007f92bc5f4000,0x00007f92bc6f5000)]
  0x00007f92c005a000 JavaThread "TimerQueue" daemon [_thread_blocked, id=11694, stack(0x00007f92d9836000,0x00007f92d9937000)]
  0x00007f92c002e000 JavaThread "Image Fetcher 0" daemon [_thread_blocked, id=11693, stack(0x00007f92d9db7000,0x00007f92d9eb8000)]
  0x00007f9320009800 JavaThread "DestroyJavaVM" [_thread_blocked, id=11674, stack(0x00007f932788c000,0x00007f932798d000)]
  0x00007f93201fc800 JavaThread "AWT-EventQueue-0" [_thread_blocked, id=11692, stack(0x00007f92da0b8000,0x00007f92da1b9000)]
  0x00007f93201fb800 JavaThread "AWT-Shutdown" [_thread_blocked, id=11691, stack(0x00007f92da1b9000,0x00007f92da2ba000)]
  0x00007f93201d2800 JavaThread "AWT-XAWT" daemon [_thread_blocked, id=11690, stack(0x00007f92da6e2000,0x00007f92da7e3000)]
  0x00007f93201af000 JavaThread "Java2D Disposer" daemon [_thread_blocked, id=11689, stack(0x00007f93080b3000,0x00007f93081b4000)]
  0x00007f93200c0000 JavaThread "Service Thread" daemon [_thread_blocked, id=11687, stack(0x00007f93089f2000,0x00007f9308af3000)]
  0x00007f93200bd000 JavaThread "C1 CompilerThread2" daemon [_thread_blocked, id=11686, stack(0x00007f9308af3000,0x00007f9308bf4000)]
  0x00007f93200bb000 JavaThread "C2 CompilerThread1" daemon [_thread_blocked, id=11685, stack(0x00007f9308bf4000,0x00007f9308cf5000)]
  0x00007f93200b8000 JavaThread "C2 CompilerThread0" daemon [_thread_blocked, id=11684, stack(0x00007f9308cf5000,0x00007f9308df6000)]
  0x00007f93200b6800 JavaThread "Signal Dispatcher" daemon [_thread_blocked, id=11683, stack(0x00007f9308df6000,0x00007f9308ef7000)]
  0x00007f9320084000 JavaThread "Finalizer" daemon [_thread_blocked, id=11681, stack(0x00007f93091c0000,0x00007f93092c1000)]
  0x00007f932007f000 JavaThread "Reference Handler" daemon [_thread_blocked, id=11680, stack(0x00007f93092c1000,0x00007f93093c2000)]

Other Threads:
=>0x00007f9320077800 VMThread [stack: 0x00007f93093c2000,0x00007f93094c3000] [id=11679]
  0x00007f93200c2800 WatcherThread [stack: 0x00007f93088f1000,0x00007f93089f2000] [id=11688]

VM state:at safepoint (normal execution)

VM Mutex/Monitor currently owned by a thread:  ([mutex/lock_event])
[0x00007f9320005ff0] Threads_lock - owner thread: 0x00007f9320077800
[0x00007f93200064f0] Heap_lock - owner thread: 0x00007f92c010b000

Heap:
 PSYoungGen      total 207360K, used 128K [0x00000000ebe00000, 0x00000000f8d80000, 0x0000000100000000)
  eden space 202752K, 0% used [0x00000000ebe00000,0x00000000ebe00000,0x00000000f8400000)
  from space 4608K, 2% used [0x00000000f8400000,0x00000000f8420000,0x00000000f8880000)
  to   space 4096K, 0% used [0x00000000f8880000,0x00000000f8880000,0x00000000f8c80000)
 ParOldGen       total 42496K, used 3830K [0x00000000c3a00000, 0x00000000c6380000, 0x00000000ebe00000)
  object space 42496K, 9% used [0x00000000c3a00000,0x00000000c3dbda30,0x00000000c6380000)
 Metaspace       used 15876K, capacity 16086K, committed 16512K, reserved 1062912K
  class space    used 1991K, capacity 2055K, committed 2176K, reserved 1048576K

Card table byte_map: [0x00007f9324462000,0x00007f9324646000] byte_map_base: 0x00007f9323e45000

Marking Bits: (ParMarkBitMap*) 0x00007f9326d67220
 Begin Bits: [0x00007f930a1d0000, 0x00007f930b0e8000)
 End Bits:   [0x00007f930b0e8000, 0x00007f930c000000)

Polling page: 0x00007f93279b0000

CodeCache: size=245760Kb used=4633Kb max_used=4645Kb free=241126Kb
 bounds [0x00007f9311000000, 0x00007f9311490000, 0x00007f9320000000]
 total_blobs=2019 nmethods=1436 adapters=496
 compilation: enabled

Compilation events (10 events):
Event: 14.943 Thread 0x00007f93200bd000 1522       3       sun.awt.SunToolkit::postEvent (157 bytes)
Event: 14.947 Thread 0x00007f93200bd000 nmethod 1522 0x00007f9311484a10 code [0x00007f9311484de0, 0x00007f93114873a8]
Event: 14.947 Thread 0x00007f93200bd000 1523       3       java.util.HashMap::remove (26 bytes)
Event: 14.948 Thread 0x00007f93200bd000 nmethod 1523 0x00007f9311481c10 code [0x00007f9311481da0, 0x00007f93114821b8]
Event: 14.948 Thread 0x00007f93200bd000 1524       3       java.util.HashMap::removeNode (291 bytes)
Event: 14.950 Thread 0x00007f93200bb000 1525       4       java.util.concurrent.locks.ReentrantLock$Sync::tryRelease (45 bytes)
Event: 14.952 Thread 0x00007f93200bb000 nmethod 1525 0x00007f9311481990 code [0x00007f9311481ae0, 0x00007f9311481b98]
Event: 14.952 Thread 0x00007f93200b8000 1526       4       java.util.ArrayList$Itr::next (66 bytes)
Event: 14.953 Thread 0x00007f93200bd000 nmethod 1524 0x00007f9311489050 code [0x00007f93114892c0, 0x00007f931148a818]
Event: 14.955 Thread 0x00007f93200b8000 nmethod 1526 0x00007f9311488c50 code [0x00007f9311488da0, 0x00007f9311488ed8]

GC Heap History (10 events):
Event: 11.522 GC heap after
Heap after GC invocations=6 (full 0):
 PSYoungGen      total 67072K, used 2544K [0x00000000ebe00000, 0x00000000f0300000, 0x0000000100000000)
  eden space 63488K, 0% used [0x00000000ebe00000,0x00000000ebe00000,0x00000000efc00000)
  from space 3584K, 71% used [0x00000000eff80000,0x00000000f01fc3c8,0x00000000f0300000)
  to   space 3584K, 0% used [0x00000000efc00000,0x00000000efc00000,0x00000000eff80000)
 ParOldGen       total 42496K, used 943K [0x00000000c3a00000, 0x00000000c6380000, 0x00000000ebe00000)
  object space 42496K, 2% used [0x00000000c3a00000,0x00000000c3aebd10,0x00000000c6380000)
 Metaspace       used 15546K, capacity 15702K, committed 16000K, reserved 1062912K
  class space    used 1969K, capacity 2055K, committed 2176K, reserved 1048576K
}
Event: 12.867 GC heap before
{Heap before GC invocations=7 (full 0):
 PSYoungGen      total 67072K, used 66032K [0x00000000ebe00000, 0x00000000f0300000, 0x0000000100000000)
  eden space 63488K, 100% used [0x00000000ebe00000,0x00000000efc00000,0x00000000efc00000)
  from space 3584K, 71% used [0x00000000eff80000,0x00000000f01fc3c8,0x00000000f0300000)
  to   space 3584K, 0% used [0x00000000efc00000,0x00000000efc00000,0x00000000eff80000)
 ParOldGen       total 42496K, used 943K [0x00000000c3a00000, 0x00000000c6380000, 0x00000000ebe00000)
  object space 42496K, 2% used [0x00000000c3a00000,0x00000000c3aebd10,0x00000000c6380000)
 Metaspace       used 15762K, capacity 15958K, committed 16256K, reserved 1062912K
  class space    used 1991K, capacity 2055K, committed 2176K, reserved 1048576K
Event: 12.943 GC heap after
Heap after GC invocations=7 (full 0):
 PSYoungGen      total 67072K, used 489K [0x00000000ebe00000, 0x00000000f4200000, 0x0000000100000000)
  eden space 63488K, 0% used [0x00000000ebe00000,0x00000000ebe00000,0x00000000efc00000)
  from space 3584K, 13% used [0x00000000efc00000,0x00000000efc7a5d0,0x00000000eff80000)
  to   space 4096K, 0% used [0x00000000f3e00000,0x00000000f3e00000,0x00000000f4200000)
 ParOldGen       total 42496K, used 3396K [0x00000000c3a00000, 0x00000000c6380000, 0x00000000ebe00000)
  object space 42496K, 7% used [0x00000000c3a00000,0x00000000c3d510e0,0x00000000c6380000)
 Metaspace       used 15762K, capacity 15958K, committed 16256K, reserved 1062912K
  class space    used 1991K, capacity 2055K, committed 2176K, reserved 1048576K
}
Event: 13.531 GC heap before
{Heap before GC invocations=8 (full 0):
 PSYoungGen      total 67072K, used 63977K [0x00000000ebe00000, 0x00000000f4200000, 0x0000000100000000)
  eden space 63488K, 100% used [0x00000000ebe00000,0x00000000efc00000,0x00000000efc00000)
  from space 3584K, 13% used [0x00000000efc00000,0x00000000efc7a5d0,0x00000000eff80000)
  to   space 4096K, 0% used [0x00000000f3e00000,0x00000000f3e00000,0x00000000f4200000)
 ParOldGen       total 42496K, used 3396K [0x00000000c3a00000, 0x00000000c6380000, 0x00000000ebe00000)
  object space 42496K, 7% used [0x00000000c3a00000,0x00000000c3d510e0,0x00000000c6380000)
 Metaspace       used 15766K, capacity 15958K, committed 16256K, reserved 1062912K
  class space    used 1991K, capacity 2055K, committed 2176K, reserved 1048576K
Event: 13.538 GC heap after
Heap after GC invocations=8 (full 0):
 PSYoungGen      total 131072K, used 457K [0x00000000ebe00000, 0x00000000f4200000, 0x0000000100000000)
  eden space 126976K, 0% used [0x00000000ebe00000,0x00000000ebe00000,0x00000000f3a00000)
  from space 4096K, 11% used [0x00000000f3e00000,0x00000000f3e725d0,0x00000000f4200000)
  to   space 4096K, 0% used [0x00000000f3a00000,0x00000000f3a00000,0x00000000f3e00000)
 ParOldGen       total 42496K, used 3436K [0x00000000c3a00000, 0x00000000c6380000, 0x00000000ebe00000)
  object space 42496K, 8% used [0x00000000c3a00000,0x00000000c3d5b0e0,0x00000000c6380000)
 Metaspace       used 15766K, capacity 15958K, committed 16256K, reserved 1062912K
  class space    used 1991K, capacity 2055K, committed 2176K, reserved 1048576K
}
Event: 14.305 GC heap before
{Heap before GC invocations=9 (full 0):
 PSYoungGen      total 131072K, used 127433K [0x00000000ebe00000, 0x00000000f4200000, 0x0000000100000000)
  eden space 126976K, 100% used [0x00000000ebe00000,0x00000000f3a00000,0x00000000f3a00000)
  from space 4096K, 11% used [0x00000000f3e00000,0x00000000f3e725d0,0x00000000f4200000)
  to   space 4096K, 0% used [0x00000000f3a00000,0x00000000f3a00000,0x00000000f3e00000)
 ParOldGen       total 42496K, used 3436K [0x00000000c3a00000, 0x00000000c6380000, 0x00000000ebe00000)
  object space 42496K, 8% used [0x00000000c3a00000,0x00000000c3d5b0e0,0x00000000c6380000)
 Metaspace       used 15825K, capacity 16022K, committed 16256K, reserved 1062912K
  class space    used 1991K, capacity 2055K, committed 2176K, reserved 1048576K
Event: 14.308 GC heap after
Heap after GC invocations=9 (full 0):
 PSYoungGen      total 131072K, used 425K [0x00000000ebe00000, 0x00000000f8c80000, 0x0000000100000000)
  eden space 126976K, 0% used [0x00000000ebe00000,0x00000000ebe00000,0x00000000f3a00000)
  from space 4096K, 10% used [0x00000000f3a00000,0x00000000f3a6a5d0,0x00000000f3e00000)
  to   space 4096K, 0% used [0x00000000f8880000,0x00000000f8880000,0x00000000f8c80000)
 ParOldGen       total 42496K, used 3485K [0x00000000c3a00000, 0x00000000c6380000, 0x00000000ebe00000)
  object space 42496K, 8% used [0x00000000c3a00000,0x00000000c3d67460,0x00000000c6380000)
 Metaspace       used 15825K, capacity 16022K, committed 16256K, reserved 1062912K
  class space    used 1991K, capacity 2055K, committed 2176K, reserved 1048576K
}
Event: 14.524 GC heap before
{Heap before GC invocations=10 (full 0):
 PSYoungGen      total 131072K, used 127401K [0x00000000ebe00000, 0x00000000f8c80000, 0x0000000100000000)
  eden space 126976K, 100% used [0x00000000ebe00000,0x00000000f3a00000,0x00000000f3a00000)
  from space 4096K, 10% used [0x00000000f3a00000,0x00000000f3a6a5d0,0x00000000f3e00000)
  to   space 4096K, 0% used [0x00000000f8880000,0x00000000f8880000,0x00000000f8c80000)
 ParOldGen       total 42496K, used 3485K [0x00000000c3a00000, 0x00000000c6380000, 0x00000000ebe00000)
  object space 42496K, 8% used [0x00000000c3a00000,0x00000000c3d67460,0x00000000c6380000)
 Metaspace       used 15831K, capacity 16022K, committed 16256K, reserved 1062912K
  class space    used 1991K, capacity 2055K, committed 2176K, reserved 1048576K
Event: 14.528 GC heap after
Heap after GC invocations=10 (full 0):
 PSYoungGen      total 206848K, used 64K [0x00000000ebe00000, 0x00000000f8d80000, 0x0000000100000000)
  eden space 202752K, 0% used [0x00000000ebe00000,0x00000000ebe00000,0x00000000f8400000)
  from space 4096K, 1% used [0x00000000f8880000,0x00000000f8890000,0x00000000f8c80000)
  to   space 4608K, 0% used [0x00000000f8400000,0x00000000f8400000,0x00000000f8880000)
 ParOldGen       total 42496K, used 3806K [0x00000000c3a00000, 0x00000000c6380000, 0x00000000ebe00000)
  object space 42496K, 8% used [0x00000000c3a00000,0x00000000c3db7a30,0x00000000c6380000)
 Metaspace       used 15831K, capacity 16022K, committed 16256K, reserved 1062912K
  class space    used 1991K, capacity 2055K, committed 2176K, reserved 1048576K
}
Event: 14.994 GC heap before
{Heap before GC invocations=11 (full 0):
 PSYoungGen      total 206848K, used 202816K [0x00000000ebe00000, 0x00000000f8d80000, 0x0000000100000000)
  eden space 202752K, 100% used [0x00000000ebe00000,0x00000000f8400000,0x00000000f8400000)
  from space 4096K, 1% used [0x00000000f8880000,0x00000000f8890000,0x00000000f8c80000)
  to   space 4608K, 0% used [0x00000000f8400000,0x00000000f8400000,0x00000000f8880000)
 ParOldGen       total 42496K, used 3806K [0x00000000c3a00000, 0x00000000c6380000, 0x00000000ebe00000)
  object space 42496K, 8% used [0x00000000c3a00000,0x00000000c3db7a30,0x00000000c6380000)
 Metaspace       used 15876K, capacity 16086K, committed 16512K, reserved 1062912K
  class space    used 1991K, capacity 2055K, committed 2176K, reserved 1048576K

Deoptimization events (10 events):
Event: 9.161 Thread 0x00007f93201fc800 Uncommon trap: reason=unstable_if action=reinterpret pc=0x00007f93112404a0 method=java.util.HashMap.getNode(ILjava/lang/Object;)Ljava/util/HashMap$Node; @ 84
Event: 9.161 Thread 0x00007f93201fc800 Uncommon trap: reason=unstable_if action=reinterpret pc=0x00007f931125e104 method=java.util.HashMap.getNode(ILjava/lang/Object;)Ljava/util/HashMap$Node; @ 84
Event: 12.000 Thread 0x00007f92c002e000 Uncommon trap: reason=unstable_if action=reinterpret pc=0x00007f931135f5e4 method=java.text.SimpleDateFormat.compile(Ljava/lang/String;)[C @ 55
Event: 12.000 Thread 0x00007f92c002e000 Uncommon trap: reason=unstable_if action=reinterpret pc=0x00007f931134ece4 method=sun.util.calendar.ZoneInfo.getOffsets(J[II)I @ 4
Event: 12.011 Thread 0x00007f92c002e000 Uncommon trap: reason=unstable_if action=reinterpret pc=0x00007f93112f1ca4 method=java.util.Calendar.setFieldsComputed(I)V @ 3
Event: 12.011 Thread 0x00007f92c002e000 Uncommon trap: reason=unstable_if action=reinterpret pc=0x00007f93112fbdd8 method=sun.util.calendar.BaseCalendar.getFixedDate(IIILsun/util/calendar/BaseCalendar$Date;)J @ 90
Event: 12.011 Thread 0x00007f92c002e000 Uncommon trap: reason=unstable_if action=reinterpret pc=0x00007f9311304fb8 method=java.util.Calendar.getSetStateFields()I @ 19
Event: 12.011 Thread 0x00007f92c002e000 Uncommon trap: reason=unstable_if action=reinterpret pc=0x00007f93113c14bc method=java.util.Calendar.setFieldsNormalized(I)V @ 3
Event: 12.150 Thread 0x00007f92c002e000 Uncommon trap: reason=unstable_if action=reinterpret pc=0x00007f9311325d14 method=sun.util.calendar.ZoneInfo.getOffsets(J[II)I @ 4
Event: 12.408 Thread 0x00007f93201fc800 Uncommon trap: reason=unstable_if action=reinterpret pc=0x00007f9311196e44 method=java.awt.Component.firePropertyChange(Ljava/lang/String;II)V @ 13

Internal exceptions (10 events):
Event: 5.091 Thread 0x00007f9320009800 Exception <a 'java/lang/ClassNotFoundException': ToolBarSeparator> (0x00000000ec242920) thrown at [/HUDSON3/workspace/8-2-build-linux-amd64/jdk8u111/7883/hotspot/src/share/vm/classfile/systemDictionary.cpp, line 210]
Event: 5.097 Thread 0x00007f9320009800 Exception <a 'java/lang/ClassNotFoundException': ToolTip> (0x00000000ec243060) thrown at [/HUDSON3/workspace/8-2-build-linux-amd64/jdk8u111/7883/hotspot/src/share/vm/classfile/systemDictionary.cpp, line 210]
Event: 5.103 Thread 0x00007f9320009800 Exception <a 'java/lang/ClassNotFoundException': Tree> (0x00000000ec243c80) thrown at [/HUDSON3/workspace/8-2-build-linux-amd64/jdk8u111/7883/hotspot/src/share/vm/classfile/systemDictionary.cpp, line 210]
Event: 5.104 Thread 0x00007f9320009800 Exception <a 'java/lang/ClassNotFoundException': Tree> (0x00000000ec2443c0) thrown at [/HUDSON3/workspace/8-2-build-linux-amd64/jdk8u111/7883/hotspot/src/share/vm/classfile/systemDictionary.cpp, line 210]
Event: 5.104 Thread 0x00007f9320009800 Exception <a 'java/lang/ClassNotFoundException': javax/swing/JTreeCell> (0x00000000ec244740) thrown at [/HUDSON3/workspace/8-2-build-linux-amd64/jdk8u111/7883/hotspot/src/share/vm/classfile/systemDictionary.cpp, line 210]
Event: 5.104 Thread 0x00007f9320009800 Exception <a 'java/lang/ClassNotFoundException': TreeCell> (0x00000000ec244bc8) thrown at [/HUDSON3/workspace/8-2-build-linux-amd64/jdk8u111/7883/hotspot/src/share/vm/classfile/systemDictionary.cpp, line 210]
Event: 5.126 Thread 0x00007f9320009800 Exception <a 'java/lang/ClassNotFoundException': RootPane> (0x00000000ec245628) thrown at [/HUDSON3/workspace/8-2-build-linux-amd64/jdk8u111/7883/hotspot/src/share/vm/classfile/systemDictionary.cpp, line 210]
Event: 11.848 Thread 0x00007f93201fc800 Exception <a 'java/lang/UnsupportedOperationException': > (0x00000000ed04bcb0) thrown at [/HUDSON3/workspace/8-2-build-linux-amd64/jdk8u111/7883/hotspot/src/share/vm/prims/jni.cpp, line 735]
Event: 12.000 Thread 0x00007f92c002e000 Implicit null exception at 0x00007f931134d6f2 to 0x00007f931134ecb5
Event: 12.150 Thread 0x00007f92c002e000 Implicit null exception at 0x00007f931132597d to 0x00007f9311325cf5

Events (10 events):
Event: 14.114 Thread 0x00007f92c0108000 DEOPT UNPACKING pc=0x00007f9311047633 sp=0x00007f92bc6f3280 mode 0
Event: 14.297 Executing VM operation: ParallelGCFailedAllocation
Event: 14.309 Executing VM operation: ParallelGCFailedAllocation done
Event: 14.524 Executing VM operation: ParallelGCFailedAllocation
Event: 14.528 Executing VM operation: ParallelGCFailedAllocation done
Event: 14.636 Thread 0x00007f92c0108000 DEOPT PACKING pc=0x00007f93114042c5 sp=0x00007f92bc6f36c0
Event: 14.636 Thread 0x00007f92c0108000 DEOPT UNPACKING pc=0x00007f9311047633 sp=0x00007f92bc6f3490 mode 0
Event: 14.747 Thread 0x00007f92c0109800 DEOPT PACKING pc=0x00007f93114042c5 sp=0x00007f92bc5f2840
Event: 14.747 Thread 0x00007f92c0109800 DEOPT UNPACKING pc=0x00007f9311047633 sp=0x00007f92bc5f2610 mode 0
Event: 14.993 Executing VM operation: ParallelGCFailedAllocation


Dynamic libraries:
00400000-00401000 r-xp 00000000 08:03 147193                             /usr/lib/jvm/java-8-oracle/bin/java
00600000-00601000 rw-p 00000000 08:03 147193                             /usr/lib/jvm/java-8-oracle/bin/java
01256000-01277000 rw-p 00000000 00:00 0                                  [heap]
c3a00000-c6380000 rw-p 00000000 00:00 0 
c6380000-ebe00000 ---p 00000000 00:00 0 
ebe00000-f8d80000 rw-p 00000000 00:00 0 
100000000-100220000 rw-p 00000000 00:00 0 
100220000-140000000 ---p 00000000 00:00 0 
7f92a4000000-7f92a4021000 rw-p 00000000 00:00 0 
7f92a4021000-7f92a8000000 ---p 00000000 00:00 0 
7f92ac000000-7f92ac021000 rw-p 00000000 00:00 0 
7f92ac021000-7f92b0000000 ---p 00000000 00:00 0 
7f92b0000000-7f92b0021000 rw-p 00000000 00:00 0 
7f92b0021000-7f92b4000000 ---p 00000000 00:00 0 
7f92b4000000-7f92b4021000 rw-p 00000000 00:00 0 
7f92b4021000-7f92b8000000 ---p 00000000 00:00 0 
7f92b8000000-7f92b8021000 rw-p 00000000 00:00 0 
7f92b8021000-7f92bc000000 ---p 00000000 00:00 0 
7f92bc0c4000-7f92bc0c7000 ---p 00000000 00:00 0 
7f92bc0c7000-7f92bc1c5000 rw-p 00000000 00:00 0                          [stack:11701]
7f92bc1c5000-7f92bc1ef000 r-xp 00000000 08:03 147305                     /usr/lib/jvm/java-8-oracle/jre/lib/amd64/libdcpr.so
7f92bc1ef000-7f92bc3ef000 ---p 0002a000 08:03 147305                     /usr/lib/jvm/java-8-oracle/jre/lib/amd64/libdcpr.so
7f92bc3ef000-7f92bc3f2000 rw-p 0002a000 08:03 147305                     /usr/lib/jvm/java-8-oracle/jre/lib/amd64/libdcpr.so
7f92bc3f2000-7f92bc3f5000 ---p 00000000 00:00 0 
7f92bc3f5000-7f92bc4f3000 rw-p 00000000 00:00 0                          [stack:11697]
7f92bc4f3000-7f92bc4f6000 ---p 00000000 00:00 0 
7f92bc4f6000-7f92bc5f4000 rw-p 00000000 00:00 0                          [stack:11696]
7f92bc5f4000-7f92bc5f7000 ---p 00000000 00:00 0 
7f92bc5f7000-7f92bc6f5000 rw-p 00000000 00:00 0                          [stack:11695]
7f92bc6f5000-7f92bc730000 r-xp 00000000 08:03 147309                     /usr/lib/jvm/java-8-oracle/jre/lib/amd64/libjpeg.so
7f92bc730000-7f92bc92f000 ---p 0003b000 08:03 147309                     /usr/lib/jvm/java-8-oracle/jre/lib/amd64/libjpeg.so
7f92bc92f000-7f92bc930000 rw-p 0003a000 08:03 147309                     /usr/lib/jvm/java-8-oracle/jre/lib/amd64/libjpeg.so
7f92bc930000-7f92bcb30000 rw-p 00000000 00:00 0 
7f92bcb30000-7f92bcb36000 r-xp 00000000 08:03 2369447                    /usr/lib/x86_64-linux-gnu/libdatrie.so.1.3.1
7f92bcb36000-7f92bcd35000 ---p 00006000 08:03 2369447                    /usr/lib/x86_64-linux-gnu/libdatrie.so.1.3.1
7f92bcd35000-7f92bcd36000 r--p 00005000 08:03 2369447                    /usr/lib/x86_64-linux-gnu/libdatrie.so.1.3.1
7f92bcd36000-7f92bcd37000 rw-p 00006000 08:03 2369447                    /usr/lib/x86_64-linux-gnu/libdatrie.so.1.3.1
7f92bcd37000-7f92bcd51000 r-xp 00000000 08:03 2369729                    /usr/lib/x86_64-linux-gnu/libgraphite2.so.3.0.1
7f92bcd51000-7f92bcf50000 ---p 0001a000 08:03 2369729                    /usr/lib/x86_64-linux-gnu/libgraphite2.so.3.0.1
7f92bcf50000-7f92bcf52000 r--p 00019000 08:03 2369729                    /usr/lib/x86_64-linux-gnu/libgraphite2.so.3.0.1
7f92bcf52000-7f92bcf53000 rw-p 0001b000 08:03 2369729                    /usr/lib/x86_64-linux-gnu/libgraphite2.so.3.0.1
7f92bcf53000-7f92bcf90000 r-xp 00000000 08:03 397961                     /lib/x86_64-linux-gnu/libpcre.so.3.13.1
7f92bcf90000-7f92bd18f000 ---p 0003d000 08:03 397961                     /lib/x86_64-linux-gnu/libpcre.so.3.13.1
7f92bd18f000-7f92bd190000 r--p 0003c000 08:03 397961                     /lib/x86_64-linux-gnu/libpcre.so.3.13.1
7f92bd190000-7f92bd191000 rw-p 0003d000 08:03 397961                     /lib/x86_64-linux-gnu/libpcre.so.3.13.1
7f92bd191000-7f92bd198000 r-xp 00000000 08:03 2369548                    /usr/lib/x86_64-linux-gnu/libffi.so.6.0.1
7f92bd198000-7f92bd397000 ---p 00007000 08:03 2369548                    /usr/lib/x86_64-linux-gnu/libffi.so.6.0.1
7f92bd397000-7f92bd398000 r--p 00006000 08:03 2369548                    /usr/lib/x86_64-linux-gnu/libffi.so.6.0.1
7f92bd398000-7f92bd399000 rw-p 00007000 08:03 2369548                    /usr/lib/x86_64-linux-gnu/libffi.so.6.0.1
7f92bd399000-7f92bd3c0000 r-xp 00000000 08:03 397879                     /lib/x86_64-linux-gnu/libexpat.so.1.6.0
7f92bd3c0000-7f92bd5c0000 ---p 00027000 08:03 397879                     /lib/x86_64-linux-gnu/libexpat.so.1.6.0
7f92bd5c0000-7f92bd5c2000 r--p 00027000 08:03 397879                     /lib/x86_64-linux-gnu/libexpat.so.1.6.0
7f92bd5c2000-7f92bd5c3000 rw-p 00029000 08:03 397879                     /lib/x86_64-linux-gnu/libexpat.so.1.6.0
7f92bd5c3000-7f92bd5cb000 r-xp 00000000 08:03 2370298                    /usr/lib/x86_64-linux-gnu/libthai.so.0.2.0
7f92bd5cb000-7f92bd7ca000 ---p 00008000 08:03 2370298                    /usr/lib/x86_64-linux-gnu/libthai.so.0.2.0
7f92bd7ca000-7f92bd7cb000 r--p 00007000 08:03 2370298                    /usr/lib/x86_64-linux-gnu/libthai.so.0.2.0
7f92bd7cb000-7f92bd7cc000 rw-p 00008000 08:03 2370298                    /usr/lib/x86_64-linux-gnu/libthai.so.0.2.0
7f92bd7cc000-7f92bd81f000 r-xp 00000000 08:03 2369862                    /usr/lib/x86_64-linux-gnu/libharfbuzz.so.0.927.0
7f92bd81f000-7f92bda1f000 ---p 00053000 08:03 2369862                    /usr/lib/x86_64-linux-gnu/libharfbuzz.so.0.927.0
7f92bda1f000-7f92bda20000 r--p 00053000 08:03 2369862                    /usr/lib/x86_64-linux-gnu/libharfbuzz.so.0.927.0
7f92bda20000-7f92bda21000 rw-p 00054000 08:03 2369862                    /usr/lib/x86_64-linux-gnu/libharfbuzz.so.0.927.0
7f92bda21000-7f92bda38000 r-xp 00000000 08:03 393245                     /lib/x86_64-linux-gnu/libresolv-2.19.so
7f92bda38000-7f92bdc38000 ---p 00017000 08:03 393245                     /lib/x86_64-linux-gnu/libresolv-2.19.so
7f92bdc38000-7f92bdc39000 r--p 00017000 08:03 393245                     /lib/x86_64-linux-gnu/libresolv-2.19.so
7f92bdc39000-7f92bdc3a000 rw-p 00018000 08:03 393245                     /lib/x86_64-linux-gnu/libresolv-2.19.so
7f92bdc3a000-7f92bdc3c000 rw-p 00000000 00:00 0 
7f92bdc3c000-7f92bdc5c000 r-xp 00000000 08:03 397988                     /lib/x86_64-linux-gnu/libselinux.so.1
7f92bdc5c000-7f92bde5b000 ---p 00020000 08:03 397988                     /lib/x86_64-linux-gnu/libselinux.so.1
7f92bde5b000-7f92bde5c000 r--p 0001f000 08:03 397988                     /lib/x86_64-linux-gnu/libselinux.so.1
7f92bde5c000-7f92bde5d000 rw-p 00020000 08:03 397988                     /lib/x86_64-linux-gnu/libselinux.so.1
7f92bde5d000-7f92bde5f000 rw-p 00000000 00:00 0 
7f92bde5f000-7f92bde77000 r-xp 00000000 08:03 398021                     /lib/x86_64-linux-gnu/libz.so.1.2.8
7f92bde77000-7f92be076000 ---p 00018000 08:03 398021                     /lib/x86_64-linux-gnu/libz.so.1.2.8
7f92be076000-7f92be077000 r--p 00017000 08:03 398021                     /lib/x86_64-linux-gnu/libz.so.1.2.8
7f92be077000-7f92be078000 rw-p 00018000 08:03 398021                     /lib/x86_64-linux-gnu/libz.so.1.2.8
7f92be078000-7f92be080000 r-xp 00000000 08:03 2370424                    /usr/lib/x86_64-linux-gnu/libxcb-render.so.0.0.0
7f92be080000-7f92be27f000 ---p 00008000 08:03 2370424                    /usr/lib/x86_64-linux-gnu/libxcb-render.so.0.0.0
7f92be27f000-7f92be280000 r--p 00007000 08:03 2370424                    /usr/lib/x86_64-linux-gnu/libxcb-render.so.0.0.0
7f92be280000-7f92be281000 rw-p 00008000 08:03 2370424                    /usr/lib/x86_64-linux-gnu/libxcb-render.so.0.0.0
7f92be281000-7f92be283000 r-xp 00000000 08:03 2370428                    /usr/lib/x86_64-linux-gnu/libxcb-shm.so.0.0.0
7f92be283000-7f92be482000 ---p 00002000 08:03 2370428                    /usr/lib/x86_64-linux-gnu/libxcb-shm.so.0.0.0
7f92be482000-7f92be483000 r--p 00001000 08:03 2370428                    /usr/lib/x86_64-linux-gnu/libxcb-shm.so.0.0.0
7f92be483000-7f92be484000 rw-p 00002000 08:03 2370428                    /usr/lib/x86_64-linux-gnu/libxcb-shm.so.0.0.0
7f92be484000-7f92be4a9000 r-xp 00000000 08:03 397973                     /lib/x86_64-linux-gnu/libpng12.so.0.50.0
7f92be4a9000-7f92be6a8000 ---p 00025000 08:03 397973                     /lib/x86_64-linux-gnu/libpng12.so.0.50.0
7f92be6a8000-7f92be6a9000 r--p 00024000 08:03 397973                     /lib/x86_64-linux-gnu/libpng12.so.0.50.0
7f92be6a9000-7f92be6aa000 rw-p 00025000 08:03 397973                     /lib/x86_64-linux-gnu/libpng12.so.0.50.0
7f92be6aa000-7f92be74b000 r-xp 00000000 08:03 2370136                    /usr/lib/x86_64-linux-gnu/libpixman-1.so.0.30.2
7f92be74b000-7f92be94b000 ---p 000a1000 08:03 2370136                    /usr/lib/x86_64-linux-gnu/libpixman-1.so.0.30.2
7f92be94b000-7f92be952000 r--p 000a1000 08:03 2370136                    /usr/lib/x86_64-linux-gnu/libpixman-1.so.0.30.2
7f92be952000-7f92be953000 rw-p 000a8000 08:03 2370136                    /usr/lib/x86_64-linux-gnu/libpixman-1.so.0.30.2
7f92be953000-7f92be9f0000 r-xp 00000000 08:03 2369613                    /usr/lib/x86_64-linux-gnu/libfreetype.so.6.11.1
7f92be9f0000-7f92bebef000 ---p 0009d000 08:03 2369613                    /usr/lib/x86_64-linux-gnu/libfreetype.so.6.11.1
7f92bebef000-7f92bebf5000 r--p 0009c000 08:03 2369613                    /usr/lib/x86_64-linux-gnu/libfreetype.so.6.11.1
7f92bebf5000-7f92bebf6000 rw-p 000a2000 08:03 2369613                    /usr/lib/x86_64-linux-gnu/libfreetype.so.6.11.1
7f92bebf6000-7f92bebf8000 r-xp 00000000 08:03 2369230                    /usr/lib/x86_64-linux-gnu/libXdamage.so.1.1.0
7f92bebf8000-7f92bedf7000 ---p 00002000 08:03 2369230                    /usr/lib/x86_64-linux-gnu/libXdamage.so.1.1.0
7f92bedf7000-7f92bedf8000 r--p 00001000 08:03 2369230                    /usr/lib/x86_64-linux-gnu/libXdamage.so.1.1.0
7f92bedf8000-7f92bedf9000 rw-p 00002000 08:03 2369230                    /usr/lib/x86_64-linux-gnu/libXdamage.so.1.1.0
7f92bedf9000-7f92bedfb000 r-xp 00000000 08:03 2369226                    /usr/lib/x86_64-linux-gnu/libXcomposite.so.1.0.0
7f92bedfb000-7f92beffa000 ---p 00002000 08:03 2369226                    /usr/lib/x86_64-linux-gnu/libXcomposite.so.1.0.0
7f92beffa000-7f92beffb000 r--p 00001000 08:03 2369226                    /usr/lib/x86_64-linux-gnu/libXcomposite.so.1.0.0
7f92beffb000-7f92beffc000 rw-p 00002000 08:03 2369226                    /usr/lib/x86_64-linux-gnu/libXcomposite.so.1.0.0
7f92beffc000-7f92bf005000 r-xp 00000000 08:03 2369254                    /usr/lib/x86_64-linux-gnu/libXrandr.so.2.2.0
7f92bf005000-7f92bf204000 ---p 00009000 08:03 2369254                    /usr/lib/x86_64-linux-gnu/libXrandr.so.2.2.0
7f92bf204000-7f92bf205000 r--p 00008000 08:03 2369254                    /usr/lib/x86_64-linux-gnu/libXrandr.so.2.2.0
7f92bf205000-7f92bf206000 rw-p 00009000 08:03 2369254                    /usr/lib/x86_64-linux-gnu/libXrandr.so.2.2.0
7f92bf206000-7f92bf208000 r-xp 00000000 08:03 2369244                    /usr/lib/x86_64-linux-gnu/libXinerama.so.1.0.0
7f92bf208000-7f92bf407000 ---p 00002000 08:03 2369244                    /usr/lib/x86_64-linux-gnu/libXinerama.so.1.0.0
7f92bf407000-7f92bf408000 r--p 00001000 08:03 2369244                    /usr/lib/x86_64-linux-gnu/libXinerama.so.1.0.0
7f92bf408000-7f92bf409000 rw-p 00002000 08:03 2369244                    /usr/lib/x86_64-linux-gnu/libXinerama.so.1.0.0
7f92bf409000-7f92bf50f000 r-xp 00000000 08:03 397888                     /lib/x86_64-linux-gnu/libglib-2.0.so.0.4002.0
7f92bf50f000-7f92bf70e000 ---p 00106000 08:03 397888                     /lib/x86_64-linux-gnu/libglib-2.0.so.0.4002.0
7f92bf70e000-7f92bf70f000 r--p 00105000 08:03 397888                     /lib/x86_64-linux-gnu/libglib-2.0.so.0.4002.0
7f92bf70f000-7f92bf710000 rw-p 00106000 08:03 397888                     /lib/x86_64-linux-gnu/libglib-2.0.so.0.4002.0
7f92bf710000-7f92bf711000 rw-p 00000000 00:00 0 
7f92bf711000-7f92bf760000 r-xp 00000000 08:03 2369711                    /usr/lib/x86_64-linux-gnu/libgobject-2.0.so.0.4002.0
7f92bf760000-7f92bf960000 ---p 0004f000 08:03 2369711                    /usr/lib/x86_64-linux-gnu/libgobject-2.0.so.0.4002.0
7f92bf960000-7f92bf961000 r--p 0004f000 08:03 2369711                    /usr/lib/x86_64-linux-gnu/libgobject-2.0.so.0.4002.0
7f92bf961000-7f92bf962000 rw-p 00050000 08:03 2369711                    /usr/lib/x86_64-linux-gnu/libgobject-2.0.so.0.4002.0
7f92bf962000-7f92bf99c000 r-xp 00000000 08:03 2369585                    /usr/lib/x86_64-linux-gnu/libfontconfig.so.1.8.0
7f92bf99c000-7f92bfb9b000 ---p 0003a000 08:03 2369585                    /usr/lib/x86_64-linux-gnu/libfontconfig.so.1.8.0
7f92bfb9b000-7f92bfb9d000 r--p 00039000 08:03 2369585                    /usr/lib/x86_64-linux-gnu/libfontconfig.so.1.8.0
7f92bfb9d000-7f92bfb9e000 rw-p 0003b000 08:03 2369585                    /usr/lib/x86_64-linux-gnu/libfontconfig.so.1.8.0
7f92bfb9e000-7f92bfbe8000 r-xp 00000000 08:03 2370113                    /usr/lib/x86_64-linux-gnu/libpango-1.0.so.0.3600.3
7f92bfbe8000-7f92bfde8000 ---p 0004a000 08:03 2370113                    /usr/lib/x86_64-linux-gnu/libpango-1.0.so.0.3600.3
7f92bfde8000-7f92bfdea000 r--p 0004a000 08:03 2370113                    /usr/lib/x86_64-linux-gnu/libpango-1.0.so.0.3600.3
7f92bfdea000-7f92bfdeb000 rw-p 0004c000 08:03 2370113                    /usr/lib/x86_64-linux-gnu/libpango-1.0.so.0.3600.3
7f92bfdeb000-7f92bfdff000 r-xp 00000000 08:03 2370117                    /usr/lib/x86_64-linux-gnu/libpangoft2-1.0.so.0.3600.3
7f92bfdff000-7f92bfffe000 ---p 00014000 08:03 2370117                    /usr/lib/x86_64-linux-gnu/libpangoft2-1.0.so.0.3600.3
7f92bfffe000-7f92bffff000 r--p 00013000 08:03 2370117                    /usr/lib/x86_64-linux-gnu/libpangoft2-1.0.so.0.3600.3
7f92bffff000-7f92c0000000 rw-p 00014000 08:03 2370117                    /usr/lib/x86_64-linux-gnu/libpangoft2-1.0.so.0.3600.3
7f92c0000000-7f92c038c000 rw-p 00000000 00:00 0 
7f92c038c000-7f92c4000000 ---p 00000000 00:00 0 
7f92c4000000-7f92c406e000 rw-p 00000000 00:00 0 
7f92c406e000-7f92c8000000 ---p 00000000 00:00 0 
7f92c8000000-7f92c8036000 rw-p 00000000 00:00 0 
7f92c8036000-7f92cc000000 ---p 00000000 00:00 0 
7f92cc000000-7f92cc021000 rw-p 00000000 00:00 0 
7f92cc021000-7f92d0000000 ---p 00000000 00:00 0 
7f92d0000000-7f92d0021000 rw-p 00000000 00:00 0 
7f92d0021000-7f92d4000000 ---p 00000000 00:00 0 
7f92d4000000-7f92d4021000 rw-p 00000000 00:00 0 
7f92d4021000-7f92d8000000 ---p 00000000 00:00 0 
7f92d803c000-7f92d81a8000 r-xp 00000000 08:03 2369673                    /usr/lib/x86_64-linux-gnu/libgio-2.0.so.0.4002.0
7f92d81a8000-7f92d83a7000 ---p 0016c000 08:03 2369673                    /usr/lib/x86_64-linux-gnu/libgio-2.0.so.0.4002.0
7f92d83a7000-7f92d83ab000 r--p 0016b000 08:03 2369673                    /usr/lib/x86_64-linux-gnu/libgio-2.0.so.0.4002.0
7f92d83ab000-7f92d83ad000 rw-p 0016f000 08:03 2369673                    /usr/lib/x86_64-linux-gnu/libgio-2.0.so.0.4002.0
7f92d83ad000-7f92d83af000 rw-p 00000000 00:00 0 
7f92d83af000-7f92d83cf000 r-xp 00000000 08:03 2369647                    /usr/lib/x86_64-linux-gnu/libgdk_pixbuf-2.0.so.0.3000.7
7f92d83cf000-7f92d85ce000 ---p 00020000 08:03 2369647                    /usr/lib/x86_64-linux-gnu/libgdk_pixbuf-2.0.so.0.3000.7
7f92d85ce000-7f92d85cf000 r--p 0001f000 08:03 2369647                    /usr/lib/x86_64-linux-gnu/libgdk_pixbuf-2.0.so.0.3000.7
7f92d85cf000-7f92d85d0000 rw-p 00020000 08:03 2369647                    /usr/lib/x86_64-linux-gnu/libgdk_pixbuf-2.0.so.0.3000.7
7f92d85d0000-7f92d86d6000 r-xp 00000000 08:03 2369368                    /usr/lib/x86_64-linux-gnu/libcairo.so.2.11301.0
7f92d86d6000-7f92d88d5000 ---p 00106000 08:03 2369368                    /usr/lib/x86_64-linux-gnu/libcairo.so.2.11301.0
7f92d88d5000-7f92d88d8000 r--p 00105000 08:03 2369368                    /usr/lib/x86_64-linux-gnu/libcairo.so.2.11301.0
7f92d88d8000-7f92d88d9000 rw-p 00108000 08:03 2369368                    /usr/lib/x86_64-linux-gnu/libcairo.so.2.11301.0
7f92d88d9000-7f92d88db000 rw-p 00000000 00:00 0 
7f92d88db000-7f92d88fa000 r-xp 00000000 08:03 2369319                    /usr/lib/x86_64-linux-gnu/libatk-1.0.so.0.21009.1
7f92d88fa000-7f92d8afa000 ---p 0001f000 08:03 2369319                    /usr/lib/x86_64-linux-gnu/libatk-1.0.so.0.21009.1
7f92d8afa000-7f92d8afc000 r--p 0001f000 08:03 2369319                    /usr/lib/x86_64-linux-gnu/libatk-1.0.so.0.21009.1
7f92d8afc000-7f92d8afd000 rw-p 00021000 08:03 2369319                    /usr/lib/x86_64-linux-gnu/libatk-1.0.so.0.21009.1
7f92d8afd000-7f92d8b08000 r-xp 00000000 08:03 2370115                    /usr/lib/x86_64-linux-gnu/libpangocairo-1.0.so.0.3600.3
7f92d8b08000-7f92d8d08000 ---p 0000b000 08:03 2370115                    /usr/lib/x86_64-linux-gnu/libpangocairo-1.0.so.0.3600.3
7f92d8d08000-7f92d8d09000 r--p 0000b000 08:03 2370115                    /usr/lib/x86_64-linux-gnu/libpangocairo-1.0.so.0.3600.3
7f92d8d09000-7f92d8d0a000 rw-p 0000c000 08:03 2370115                    /usr/lib/x86_64-linux-gnu/libpangocairo-1.0.so.0.3600.3
7f92d8d0a000-7f92d8d0d000 r-xp 00000000 08:03 2369687                    /usr/lib/x86_64-linux-gnu/libgmodule-2.0.so.0.4002.0
7f92d8d0d000-7f92d8f0c000 ---p 00003000 08:03 2369687                    /usr/lib/x86_64-linux-gnu/libgmodule-2.0.so.0.4002.0
7f92d8f0c000-7f92d8f0d000 r--p 00002000 08:03 2369687                    /usr/lib/x86_64-linux-gnu/libgmodule-2.0.so.0.4002.0
7f92d8f0d000-7f92d8f0e000 rw-p 00003000 08:03 2369687                    /usr/lib/x86_64-linux-gnu/libgmodule-2.0.so.0.4002.0
7f92d8f0e000-7f92d8fbc000 r-xp 00000000 08:03 2369645                    /usr/lib/x86_64-linux-gnu/libgdk-x11-2.0.so.0.2400.23
7f92d8fbc000-7f92d91bb000 ---p 000ae000 08:03 2369645                    /usr/lib/x86_64-linux-gnu/libgdk-x11-2.0.so.0.2400.23
7f92d91bb000-7f92d91bf000 r--p 000ad000 08:03 2369645                    /usr/lib/x86_64-linux-gnu/libgdk-x11-2.0.so.0.2400.23
7f92d91bf000-7f92d91c1000 rw-p 000b1000 08:03 2369645                    /usr/lib/x86_64-linux-gnu/libgdk-x11-2.0.so.0.2400.23
7f92d91c1000-7f92d95f1000 r-xp 00000000 08:03 2369839                    /usr/lib/x86_64-linux-gnu/libgtk-x11-2.0.so.0.2400.23
7f92d95f1000-7f92d97f0000 ---p 00430000 08:03 2369839                    /usr/lib/x86_64-linux-gnu/libgtk-x11-2.0.so.0.2400.23
7f92d97f0000-7f92d97f7000 r--p 0042f000 08:03 2369839                    /usr/lib/x86_64-linux-gnu/libgtk-x11-2.0.so.0.2400.23
7f92d97f7000-7f92d97fb000 rw-p 00436000 08:03 2369839                    /usr/lib/x86_64-linux-gnu/libgtk-x11-2.0.so.0.2400.23
7f92d97fb000-7f92d97fe000 rw-p 00000000 00:00 0 
7f92d980a000-7f92d981e000 rw-s 00000000 00:05 1199538191                 /SYSV00000000 (deleted)
7f92d981e000-7f92d9836000 r--s 00000000 08:03 789761                     /usr/share/fonts/type1/gsfonts/n022003l.pfb
7f92d9836000-7f92d9839000 ---p 00000000 00:00 0 
7f92d9839000-7f92d9937000 rw-p 00000000 00:00 0                          [stack:11694]
7f92d9937000-7f92d99a0000 r-xp 00000000 08:03 147338                     /usr/lib/jvm/java-8-oracle/jre/lib/amd64/libt2k.so
7f92d99a0000-7f92d9ba0000 ---p 00069000 08:03 147338                     /usr/lib/jvm/java-8-oracle/jre/lib/amd64/libt2k.so
7f92d9ba0000-7f92d9ba7000 rw-p 00069000 08:03 147338                     /usr/lib/jvm/java-8-oracle/jre/lib/amd64/libt2k.so
7f92d9ba7000-7f92d9db7000 rw-p 00000000 00:00 0 
7f92d9db7000-7f92d9dba000 ---p 00000000 00:00 0 
7f92d9dba000-7f92da0b8000 rw-p 00000000 00:00 0                          [stack:11693]
7f92da0b8000-7f92da0bb000 ---p 00000000 00:00 0 
7f92da0bb000-7f92da1b9000 rw-p 00000000 00:00 0                          [stack:11692]
7f92da1b9000-7f92da1bc000 ---p 00000000 00:00 0 
7f92da1bc000-7f92da2ba000 rw-p 00000000 00:00 0                          [stack:11691]
7f92da2ba000-7f92da2cb000 r-xp 00000000 08:03 147332                     /usr/lib/jvm/java-8-oracle/jre/lib/amd64/libnio.so
7f92da2cb000-7f92da4ca000 ---p 00011000 08:03 147332                     /usr/lib/jvm/java-8-oracle/jre/lib/amd64/libnio.so
7f92da4ca000-7f92da4cb000 rw-p 00010000 08:03 147332                     /usr/lib/jvm/java-8-oracle/jre/lib/amd64/libnio.so
7f92da4cb000-7f92da4e1000 r-xp 00000000 08:03 147293                     /usr/lib/jvm/java-8-oracle/jre/lib/amd64/libnet.so
7f92da4e1000-7f92da6e1000 ---p 00016000 08:03 147293                     /usr/lib/jvm/java-8-oracle/jre/lib/amd64/libnet.so
7f92da6e1000-7f92da6e2000 rw-p 00016000 08:03 147293                     /usr/lib/jvm/java-8-oracle/jre/lib/amd64/libnet.so
7f92da6e2000-7f92da6e5000 ---p 00000000 00:00 0 
7f92da6e5000-7f92da7e3000 rw-p 00000000 00:00 0                          [stack:11690]
7f92da7e3000-7f92da7e8000 r-xp 00000000 08:03 2369236                    /usr/lib/x86_64-linux-gnu/libXfixes.so.3.1.0
7f92da7e8000-7f92da9e7000 ---p 00005000 08:03 2369236                    /usr/lib/x86_64-linux-gnu/libXfixes.so.3.1.0
7f92da9e7000-7f92da9e8000 r--p 00004000 08:03 2369236                    /usr/lib/x86_64-linux-gnu/libXfixes.so.3.1.0
7f92da9e8000-7f92da9e9000 rw-p 00005000 08:03 2369236                    /usr/lib/x86_64-linux-gnu/libXfixes.so.3.1.0
7f92da9e9000-7f92da9f2000 r-xp 00000000 08:03 2369228                    /usr/lib/x86_64-linux-gnu/libXcursor.so.1.0.2
7f92da9f2000-7f92dabf1000 ---p 00009000 08:03 2369228                    /usr/lib/x86_64-linux-gnu/libXcursor.so.1.0.2
7f92dabf1000-7f92dabf2000 r--p 00008000 08:03 2369228                    /usr/lib/x86_64-linux-gnu/libXcursor.so.1.0.2
7f92dabf2000-7f92dabf3000 rw-p 00009000 08:03 2369228                    /usr/lib/x86_64-linux-gnu/libXcursor.so.1.0.2
7f92dabf3000-7f92dac09000 r-xp 00000000 08:03 397884                     /lib/x86_64-linux-gnu/libgcc_s.so.1
7f92dac09000-7f92dae08000 ---p 00016000 08:03 397884                     /lib/x86_64-linux-gnu/libgcc_s.so.1
7f92dae08000-7f92dae09000 rw-p 00015000 08:03 397884                     /lib/x86_64-linux-gnu/libgcc_s.so.1
7f92dae09000-7f92dae6e000 r-xp 00000000 08:03 147282                     /usr/lib/jvm/java-8-oracle/jre/lib/amd64/libfontmanager.so
7f92dae6e000-7f92db06d000 ---p 00065000 08:03 147282                     /usr/lib/jvm/java-8-oracle/jre/lib/amd64/libfontmanager.so
7f92db06d000-7f92db072000 rw-p 00064000 08:03 147282                     /usr/lib/jvm/java-8-oracle/jre/lib/amd64/libfontmanager.so
7f92db072000-7f92db082000 rw-p 00000000 00:00 0 
7f92db082000-7f92db087000 r-xp 00000000 08:03 2369232                    /usr/lib/x86_64-linux-gnu/libXdmcp.so.6.0.0
7f92db087000-7f92db286000 ---p 00005000 08:03 2369232                    /usr/lib/x86_64-linux-gnu/libXdmcp.so.6.0.0
7f92db286000-7f92db287000 r--p 00004000 08:03 2369232                    /usr/lib/x86_64-linux-gnu/libXdmcp.so.6.0.0
7f92db287000-7f92db288000 rw-p 00005000 08:03 2369232                    /usr/lib/x86_64-linux-gnu/libXdmcp.so.6.0.0
7f92db288000-7f92db28a000 r-xp 00000000 08:03 2369221                    /usr/lib/x86_64-linux-gnu/libXau.so.6.0.0
7f92db28a000-7f92db48a000 ---p 00002000 08:03 2369221                    /usr/lib/x86_64-linux-gnu/libXau.so.6.0.0
7f92db48a000-7f92db48b000 r--p 00002000 08:03 2369221                    /usr/lib/x86_64-linux-gnu/libXau.so.6.0.0
7f92db48b000-7f92db48c000 rw-p 00003000 08:03 2369221                    /usr/lib/x86_64-linux-gnu/libXau.so.6.0.0
7f92db48c000-7f92db4a9000 r-xp 00000000 08:03 2370440                    /usr/lib/x86_64-linux-gnu/libxcb.so.1.1.0
7f92db4a9000-7f92db6a9000 ---p 0001d000 08:03 2370440                    /usr/lib/x86_64-linux-gnu/libxcb.so.1.1.0
7f92db6a9000-7f92db6aa000 r--p 0001d000 08:03 2370440                    /usr/lib/x86_64-linux-gnu/libxcb.so.1.1.0
7f92db6aa000-7f92db6ab000 rw-p 0001e000 08:03 2370440                    /usr/lib/x86_64-linux-gnu/libxcb.so.1.1.0
7f92db6ab000-7f92db6ba000 r-xp 00000000 08:03 2369242                    /usr/lib/x86_64-linux-gnu/libXi.so.6.1.0
7f92db6ba000-7f92db8b9000 ---p 0000f000 08:03 2369242                    /usr/lib/x86_64-linux-gnu/libXi.so.6.1.0
7f92db8b9000-7f92db8ba000 r--p 0000e000 08:03 2369242                    /usr/lib/x86_64-linux-gnu/libXi.so.6.1.0
7f92db8ba000-7f92db8bb000 rw-p 0000f000 08:03 2369242                    /usr/lib/x86_64-linux-gnu/libXi.so.6.1.0
7f92db8bb000-7f92db8c0000 r-xp 00000000 08:03 2369262                    /usr/lib/x86_64-linux-gnu/libXtst.so.6.1.0
7f92db8c0000-7f92dbabf000 ---p 00005000 08:03 2369262                    /usr/lib/x86_64-linux-gnu/libXtst.so.6.1.0
7f92dbabf000-7f92dbac0000 r--p 00004000 08:03 2369262                    /usr/lib/x86_64-linux-gnu/libXtst.so.6.1.0
7f92dbac0000-7f92dbac1000 rw-p 00005000 08:03 2369262                    /usr/lib/x86_64-linux-gnu/libXtst.so.6.1.0
7f92dbac1000-7f92dbaca000 r-xp 00000000 08:03 2369256                    /usr/lib/x86_64-linux-gnu/libXrender.so.1.3.0
7f92dbaca000-7f92dbcc9000 ---p 00009000 08:03 2369256                    /usr/lib/x86_64-linux-gnu/libXrender.so.1.3.0
7f92dbcc9000-7f92dbcca000 r--p 00008000 08:03 2369256                    /usr/lib/x86_64-linux-gnu/libXrender.so.1.3.0
7f92dbcca000-7f92dbccb000 rw-p 00009000 08:03 2369256                    /usr/lib/x86_64-linux-gnu/libXrender.so.1.3.0
7f92dbccb000-7f92dbdfb000 r-xp 00000000 08:03 2369217                    /usr/lib/x86_64-linux-gnu/libX11.so.6.3.0
7f92dbdfb000-7f92dbffb000 ---p 00130000 08:03 2369217                    /usr/lib/x86_64-linux-gnu/libX11.so.6.3.0
7f92dbffb000-7f92dbffc000 r--p 00130000 08:03 2369217                    /usr/lib/x86_64-linux-gnu/libX11.so.6.3.0
7f92dbffc000-7f92dc000000 rw-p 00131000 08:03 2369217                    /usr/lib/x86_64-linux-gnu/libX11.so.6.3.0
7f92dc000000-7f92dc789000 rw-p 00000000 00:00 0 
7f92dc789000-7f92e0000000 ---p 00000000 00:00 0 
7f92e0000000-7f92e0021000 rw-p 00000000 00:00 0 
7f92e0021000-7f92e4000000 ---p 00000000 00:00 0 
7f92e4000000-7f92e4e7b000 rw-p 00000000 00:00 0 
7f92e4e7b000-7f92e8000000 ---p 00000000 00:00 0 
7f92e8000000-7f92e86bc000 rw-p 00000000 00:00 0 
7f92e86bc000-7f92ec000000 ---p 00000000 00:00 0 
7f92ec000000-7f92ec021000 rw-p 00000000 00:00 0 
7f92ec021000-7f92f0000000 ---p 00000000 00:00 0 
7f92f0000000-7f92f0021000 rw-p 00000000 00:00 0 
7f92f0021000-7f92f4000000 ---p 00000000 00:00 0 
7f92f4000000-7f92f42bc000 rw-p 00000000 00:00 0 
7f92f42bc000-7f92f8000000 ---p 00000000 00:00 0 
7f92f8000000-7f92f8021000 rw-p 00000000 00:00 0 
7f92f8021000-7f92fc000000 ---p 00000000 00:00 0 
7f92fc000000-7f92fc021000 rw-p 00000000 00:00 0 
7f92fc021000-7f9300000000 ---p 00000000 00:00 0 
7f9300000000-7f9300021000 rw-p 00000000 00:00 0 
7f9300021000-7f9304000000 ---p 00000000 00:00 0 
7f9304000000-7f9304021000 rw-p 00000000 00:00 0 
7f9304021000-7f9308000000 ---p 00000000 00:00 0 
7f9308005000-7f9308006000 rw-p 00000000 00:00 0 
7f9308006000-7f9308007000 r--s 00000000 08:03 273576                     /var/cache/fontconfig/c05880de57d1f5e948fdfacc138775d9-le64.cache-4
7f9308007000-7f9308012000 r--s 00000000 08:03 273569                     /var/cache/fontconfig/945677eb7aeaf62f1d50efc3fb3ec7d8-le64.cache-4
7f9308012000-7f9308014000 r--s 00000000 08:03 273571                     /var/cache/fontconfig/99e8ed0e538f840c565b6ed5dad60d56-le64.cache-4
7f9308014000-7f930801a000 r--s 00000000 08:03 273554                     /var/cache/fontconfig/2cd17615ca594fa2959ae173292e504c-le64.cache-4
7f930801a000-7f930801b000 r--s 00000000 08:03 273586                     /var/cache/fontconfig/e7071f4a29fa870f4323321c154eba04-le64.cache-4
7f930801b000-7f930801c000 r--s 00000000 08:03 273551                     /var/cache/fontconfig/0d8c3b2ac0904cb8a57a757ad11a4a08-le64.cache-4
7f930801c000-7f9308023000 r--s 00000000 08:03 273573                     /var/cache/fontconfig/a755afe4a08bf5b97852ceb7400b47bc-le64.cache-4
7f9308023000-7f930802f000 r--s 00000000 08:03 273564                     /var/cache/fontconfig/6d41288fd70b0be22e8c3a91e032eec0-le64.cache-4
7f930802f000-7f9308043000 r--s 00000000 08:03 273548                     /var/cache/fontconfig/04aabc0a78ac019cf9454389977116d2-le64.cache-4
7f9308043000-7f9308044000 r--s 00000000 08:03 273553                     /var/cache/fontconfig/1ac9eb803944fde146138c791f5cc56a-le64.cache-4
7f9308044000-7f9308048000 r--s 00000000 08:03 273557                     /var/cache/fontconfig/385c0604a188198f04d133e54aba7fe7-le64.cache-4
7f9308048000-7f9308049000 r--s 00000000 08:03 273583                     /var/cache/fontconfig/dc05db6664285cc2f12bf69c139ae4c3-le64.cache-4
7f9308049000-7f930804b000 r--s 00000000 08:03 273566                     /var/cache/fontconfig/767a8244fc0220cfb567a839d0392e0b-le64.cache-4
7f930804b000-7f930805d000 r--s 00000000 08:03 273549                     /var/cache/fontconfig/0bd3dc0958fa2205aaaa8ebb13e2872b-le64.cache-4
7f930805d000-7f9308062000 r--s 00000000 08:03 273568                     /var/cache/fontconfig/8801497958630a81b71ace7c5f9b32a8-le64.cache-4
7f9308062000-7f9308069000 r--s 00000000 08:03 273555                     /var/cache/fontconfig/3047814df9a2f067bd2d96a2b9c36e5a-le64.cache-4
7f9308069000-7f930806f000 r--s 00000000 08:03 273574                     /var/cache/fontconfig/b47c4e1ecd0709278f4910c18777a504-le64.cache-4
7f930806f000-7f9308082000 r--s 00000000 08:03 273580                     /var/cache/fontconfig/d52a8644073d54c13679302ca1180695-le64.cache-4
7f9308082000-7f93080b3000 rw-p 00000000 00:00 0 
7f93080b3000-7f93080b6000 ---p 00000000 00:00 0 
7f93080b6000-7f93081b4000 rw-p 00000000 00:00 0                          [stack:11689]
7f93081b4000-7f93081c5000 r-xp 00000000 08:03 2369234                    /usr/lib/x86_64-linux-gnu/libXext.so.6.4.0
7f93081c5000-7f93083c4000 ---p 00011000 08:03 2369234                    /usr/lib/x86_64-linux-gnu/libXext.so.6.4.0
7f93083c4000-7f93083c5000 r--p 00010000 08:03 2369234                    /usr/lib/x86_64-linux-gnu/libXext.so.6.4.0
7f93083c5000-7f93083c6000 rw-p 00011000 08:03 2369234                    /usr/lib/x86_64-linux-gnu/libXext.so.6.4.0
7f93083c6000-7f930841a000 r-xp 00000000 08:03 147314                     /usr/lib/jvm/java-8-oracle/jre/lib/amd64/libawt_xawt.so
7f930841a000-7f930861a000 ---p 00054000 08:03 147314                     /usr/lib/jvm/java-8-oracle/jre/lib/amd64/libawt_xawt.so
7f930861a000-7f930861e000 rw-p 00054000 08:03 147314                     /usr/lib/jvm/java-8-oracle/jre/lib/amd64/libawt_xawt.so
7f930861e000-7f930861f000 rw-p 00000000 00:00 0 
7f930861f000-7f93086c1000 r-xp 00000000 08:03 147299                     /usr/lib/jvm/java-8-oracle/jre/lib/amd64/libawt.so
7f93086c1000-7f93088c1000 ---p 000a2000 08:03 147299                     /usr/lib/jvm/java-8-oracle/jre/lib/amd64/libawt.so
7f93088c1000-7f93088cd000 rw-p 000a2000 08:03 147299                     /usr/lib/jvm/java-8-oracle/jre/lib/amd64/libawt.so
7f93088cd000-7f93088f1000 rw-p 00000000 00:00 0 
7f93088f1000-7f93088f2000 ---p 00000000 00:00 0 
7f93088f2000-7f93089f2000 rw-p 00000000 00:00 0                          [stack:11688]
7f93089f2000-7f93089f5000 ---p 00000000 00:00 0 
7f93089f5000-7f9308af3000 rw-p 00000000 00:00 0                          [stack:11687]
7f9308af3000-7f9308af6000 ---p 00000000 00:00 0 
7f9308af6000-7f9308bf4000 rw-p 00000000 00:00 0                          [stack:11686]
7f9308bf4000-7f9308bf7000 ---p 00000000 00:00 0 
7f9308bf7000-7f9308cf5000 rw-p 00000000 00:00 0                          [stack:11685]
7f9308cf5000-7f9308cf8000 ---p 00000000 00:00 0 
7f9308cf8000-7f9308df6000 rw-p 00000000 00:00 0                          [stack:11684]
7f9308df6000-7f9308df9000 ---p 00000000 00:00 0 
7f9308df9000-7f9308ef7000 rw-p 00000000 00:00 0                          [stack:11683]
7f9308ef7000-7f93091c0000 r--p 00000000 08:03 2367214                    /usr/lib/locale/locale-archive
7f93091c0000-7f93091c3000 ---p 00000000 00:00 0 
7f93091c3000-7f93092c1000 rw-p 00000000 00:00 0                          [stack:11681]
7f93092c1000-7f93092c4000 ---p 00000000 00:00 0 
7f93092c4000-7f93093c2000 rw-p 00000000 00:00 0                          [stack:11680]
7f93093c2000-7f93093c3000 ---p 00000000 00:00 0 
7f93093c3000-7f930c000000 rw-p 00000000 00:00 0                          [stack:11679]
7f930c000000-7f930c021000 rw-p 00000000 00:00 0 
7f930c021000-7f9310000000 ---p 00000000 00:00 0 
7f9310000000-7f9310009000 r--s 00000000 08:03 273558                     /var/cache/fontconfig/3f7329c5293ffd510edef78f73874cfd-le64.cache-4
7f9310009000-7f9310014000 r--s 00000000 08:03 273581                     /var/cache/fontconfig/d589a48862398ed80a3d6066f4f56f4c-le64.cache-4
7f9310014000-7f9310027000 r--s 00000000 08:03 271705                     /var/cache/fontconfig/4ac51e5cfbc76fc3f983e470323a16d3-le64.cache-4
7f9310027000-7f93102ce000 rw-p 00000000 00:00 0 
7f93102ce000-7f93104a6000 r--s 03d2a000 08:03 147348                     /usr/lib/jvm/java-8-oracle/jre/lib/rt.jar
7f93104a6000-7f9310eff000 rw-p 00000000 00:00 0 
7f9310eff000-7f9310f00000 ---p 00000000 00:00 0 
7f9310f00000-7f9311000000 rw-p 00000000 00:00 0                          [stack:11678]
7f9311000000-7f9311490000 rwxp 00000000 00:00 0 
7f9311490000-7f9320000000 ---p 00000000 00:00 0 
7f9320000000-7f932025f000 rw-p 00000000 00:00 0 
7f932025f000-7f9324000000 ---p 00000000 00:00 0 
7f9324000000-7f9324001000 r--s 00000000 08:03 273559                     /var/cache/fontconfig/4794a0821666d79190d59a36cb4f44b5-le64.cache-4
7f9324001000-7f9324004000 r--s 00000000 08:03 263186                     /var/cache/fontconfig/e13b20fdb08344e0e664864cc2ede53d-le64.cache-4
7f9324004000-7f932401d000 r--s 0012e000 08:03 1972319                    /home/tharindu/NewFolder/swingx.jar
7f932401d000-7f932401e000 ---p 00000000 00:00 0 
7f932401e000-7f932411e000 rw-p 00000000 00:00 0                          [stack:11677]
7f932411e000-7f932411f000 ---p 00000000 00:00 0 
7f932411f000-7f932421f000 rw-p 00000000 00:00 0                          [stack:11676]
7f932421f000-7f9324220000 ---p 00000000 00:00 0 
7f9324220000-7f9324335000 rw-p 00000000 00:00 0                          [stack:11675]
7f9324335000-7f9324462000 ---p 00000000 00:00 0 
7f9324462000-7f9324477000 rw-p 00000000 00:00 0 
7f9324477000-7f93245a4000 ---p 00000000 00:00 0 
7f93245a4000-7f932460c000 rw-p 00000000 00:00 0 
7f932460c000-7f9324645000 ---p 00000000 00:00 0 
7f9324645000-7f9324659000 rw-p 00000000 00:00 0 
7f9324659000-7f9324a06000 ---p 00000000 00:00 0 
7f9324a06000-7f9324a20000 r-xp 00000000 08:03 147337                     /usr/lib/jvm/java-8-oracle/jre/lib/amd64/libzip.so
7f9324a20000-7f9324c20000 ---p 0001a000 08:03 147337                     /usr/lib/jvm/java-8-oracle/jre/lib/amd64/libzip.so
7f9324c20000-7f9324c21000 rw-p 0001a000 08:03 147337                     /usr/lib/jvm/java-8-oracle/jre/lib/amd64/libzip.so
7f9324c21000-7f9324c2b000 r-xp 00000000 08:03 394379                     /lib/x86_64-linux-gnu/libnss_files-2.19.so
7f9324c2b000-7f9324e2a000 ---p 0000a000 08:03 394379                     /lib/x86_64-linux-gnu/libnss_files-2.19.so
7f9324e2a000-7f9324e2b000 r--p 00009000 08:03 394379                     /lib/x86_64-linux-gnu/libnss_files-2.19.so
7f9324e2b000-7f9324e2c000 rw-p 0000a000 08:03 394379                     /lib/x86_64-linux-gnu/libnss_files-2.19.so
7f9324e2c000-7f9324e37000 r-xp 00000000 08:03 394342                     /lib/x86_64-linux-gnu/libnss_nis-2.19.so
7f9324e37000-7f9325036000 ---p 0000b000 08:03 394342                     /lib/x86_64-linux-gnu/libnss_nis-2.19.so
7f9325036000-7f9325037000 r--p 0000a000 08:03 394342                     /lib/x86_64-linux-gnu/libnss_nis-2.19.so
7f9325037000-7f9325038000 rw-p 0000b000 08:03 394342                     /lib/x86_64-linux-gnu/libnss_nis-2.19.so
7f9325038000-7f932504f000 r-xp 00000000 08:03 394332                     /lib/x86_64-linux-gnu/libnsl-2.19.so
7f932504f000-7f932524e000 ---p 00017000 08:03 394332                     /lib/x86_64-linux-gnu/libnsl-2.19.so
7f932524e000-7f932524f000 r--p 00016000 08:03 394332                     /lib/x86_64-linux-gnu/libnsl-2.19.so
7f932524f000-7f9325250000 rw-p 00017000 08:03 394332                     /lib/x86_64-linux-gnu/libnsl-2.19.so
7f9325250000-7f9325252000 rw-p 00000000 00:00 0 
7f9325252000-7f932525b000 r-xp 00000000 08:03 394326                     /lib/x86_64-linux-gnu/libnss_compat-2.19.so
7f932525b000-7f932545a000 ---p 00009000 08:03 394326                     /lib/x86_64-linux-gnu/libnss_compat-2.19.so
7f932545a000-7f932545b000 r--p 00008000 08:03 394326                     /lib/x86_64-linux-gnu/libnss_compat-2.19.so
7f932545b000-7f932545c000 rw-p 00009000 08:03 394326                     /lib/x86_64-linux-gnu/libnss_compat-2.19.so
7f932545c000-7f9325487000 r-xp 00000000 08:03 147281                     /usr/lib/jvm/java-8-oracle/jre/lib/amd64/libjava.so
7f9325487000-7f9325686000 ---p 0002b000 08:03 147281                     /usr/lib/jvm/java-8-oracle/jre/lib/amd64/libjava.so
7f9325686000-7f9325688000 rw-p 0002a000 08:03 147281                     /usr/lib/jvm/java-8-oracle/jre/lib/amd64/libjava.so
7f9325688000-7f9325695000 r-xp 00000000 08:03 147315                     /usr/lib/jvm/java-8-oracle/jre/lib/amd64/libverify.so
7f9325695000-7f9325894000 ---p 0000d000 08:03 147315                     /usr/lib/jvm/java-8-oracle/jre/lib/amd64/libverify.so
7f9325894000-7f9325896000 rw-p 0000c000 08:03 147315                     /usr/lib/jvm/java-8-oracle/jre/lib/amd64/libverify.so
7f9325896000-7f932589d000 r-xp 00000000 08:03 394367                     /lib/x86_64-linux-gnu/librt-2.19.so
7f932589d000-7f9325a9c000 ---p 00007000 08:03 394367                     /lib/x86_64-linux-gnu/librt-2.19.so
7f9325a9c000-7f9325a9d000 r--p 00006000 08:03 394367                     /lib/x86_64-linux-gnu/librt-2.19.so
7f9325a9d000-7f9325a9e000 rw-p 00007000 08:03 394367                     /lib/x86_64-linux-gnu/librt-2.19.so
7f9325a9e000-7f9325ba3000 r-xp 00000000 08:03 394317                     /lib/x86_64-linux-gnu/libm-2.19.so
7f9325ba3000-7f9325da2000 ---p 00105000 08:03 394317                     /lib/x86_64-linux-gnu/libm-2.19.so
7f9325da2000-7f9325da3000 r--p 00104000 08:03 394317                     /lib/x86_64-linux-gnu/libm-2.19.so
7f9325da3000-7f9325da4000 rw-p 00105000 08:03 394317                     /lib/x86_64-linux-gnu/libm-2.19.so
7f9325da4000-7f9326a71000 r-xp 00000000 08:03 147311                     /usr/lib/jvm/java-8-oracle/jre/lib/amd64/server/libjvm.so
7f9326a71000-7f9326c70000 ---p 00ccd000 08:03 147311                     /usr/lib/jvm/java-8-oracle/jre/lib/amd64/server/libjvm.so
7f9326c70000-7f9326d49000 rw-p 00ccc000 08:03 147311                     /usr/lib/jvm/java-8-oracle/jre/lib/amd64/server/libjvm.so
7f9326d49000-7f9326d94000 rw-p 00000000 00:00 0 
7f9326d94000-7f9326f4e000 r-xp 00000000 08:03 394368                     /lib/x86_64-linux-gnu/libc-2.19.so
7f9326f4e000-7f932714e000 ---p 001ba000 08:03 394368                     /lib/x86_64-linux-gnu/libc-2.19.so
7f932714e000-7f9327152000 r--p 001ba000 08:03 394368                     /lib/x86_64-linux-gnu/libc-2.19.so
7f9327152000-7f9327154000 rw-p 001be000 08:03 394368                     /lib/x86_64-linux-gnu/libc-2.19.so
7f9327154000-7f9327159000 rw-p 00000000 00:00 0 
7f9327159000-7f932715c000 r-xp 00000000 08:03 394319                     /lib/x86_64-linux-gnu/libdl-2.19.so
7f932715c000-7f932735b000 ---p 00003000 08:03 394319                     /lib/x86_64-linux-gnu/libdl-2.19.so
7f932735b000-7f932735c000 r--p 00002000 08:03 394319                     /lib/x86_64-linux-gnu/libdl-2.19.so
7f932735c000-7f932735d000 rw-p 00003000 08:03 394319                     /lib/x86_64-linux-gnu/libdl-2.19.so
7f932735d000-7f9327372000 r-xp 00000000 08:03 146537                     /usr/lib/jvm/java-8-oracle/lib/amd64/jli/libjli.so
7f9327372000-7f9327572000 ---p 00015000 08:03 146537                     /usr/lib/jvm/java-8-oracle/lib/amd64/jli/libjli.so
7f9327572000-7f9327573000 rw-p 00015000 08:03 146537                     /usr/lib/jvm/java-8-oracle/lib/amd64/jli/libjli.so
7f9327573000-7f932758c000 r-xp 00000000 08:03 394333                     /lib/x86_64-linux-gnu/libpthread-2.19.so
7f932758c000-7f932778b000 ---p 00019000 08:03 394333                     /lib/x86_64-linux-gnu/libpthread-2.19.so
7f932778b000-7f932778c000 r--p 00018000 08:03 394333                     /lib/x86_64-linux-gnu/libpthread-2.19.so
7f932778c000-7f932778d000 rw-p 00019000 08:03 394333                     /lib/x86_64-linux-gnu/libpthread-2.19.so
7f932778d000-7f9327791000 rw-p 00000000 00:00 0 
7f9327791000-7f93277b4000 r-xp 00000000 08:03 394338                     /lib/x86_64-linux-gnu/ld-2.19.so
7f93277b4000-7f93277b5000 r--s 00000000 08:03 273561                     /var/cache/fontconfig/56cf4f4769d0f4abc89a4895d7bd3ae1-le64.cache-4
7f93277b5000-7f93277b6000 r--s 00000000 08:03 273575                     /var/cache/fontconfig/b9d506c9ac06c20b433354fa67a72993-le64.cache-4
7f93277b6000-7f93277ba000 r--s 00000000 08:03 263185                     /var/cache/fontconfig/7ef2298fde41cc6eeb7af42e48b7d293-le64.cache-4
7f93277ba000-7f932788c000 rw-p 00000000 00:00 0 
7f932788c000-7f932788f000 ---p 00000000 00:00 0 
7f932788f000-7f9327991000 rw-p 00000000 00:00 0                          [stack:11674]
7f9327991000-7f9327992000 r--s 00000000 08:03 273550                     /var/cache/fontconfig/0c9eb80ebd1c36541ebe2852d3bb0c49-le64.cache-4
7f9327992000-7f9327994000 r--s 00007000 08:03 2105209                    /home/tharindu/Public/Untitled Folder/jdatepicker-1.3.2.jar
7f9327994000-7f93279a7000 rw-p 00000000 00:00 0 
7f93279a7000-7f93279af000 rw-s 00000000 08:03 2228459                    /tmp/hsperfdata_tharindu/11670
7f93279af000-7f93279b0000 rw-p 00000000 00:00 0 
7f93279b0000-7f93279b1000 ---p 00000000 00:00 0 
7f93279b1000-7f93279b3000 rw-p 00000000 00:00 0 
7f93279b3000-7f93279b4000 r--p 00022000 08:03 394338                     /lib/x86_64-linux-gnu/ld-2.19.so
7f93279b4000-7f93279b5000 rw-p 00023000 08:03 394338                     /lib/x86_64-linux-gnu/ld-2.19.so
7f93279b5000-7f93279b6000 rw-p 00000000 00:00 0 
7ffea1cdf000-7ffea1d00000 rw-p 00000000 00:00 0                          [stack]
7ffea1d56000-7ffea1d58000 r--p 00000000 00:00 0                          [vvar]
7ffea1d58000-7ffea1d5a000 r-xp 00000000 00:00 0                          [vdso]
ffffffffff600000-ffffffffff601000 r-xp 00000000 00:00 0                  [vsyscall]

VM Arguments:
jvm_args: -Dfile.encoding=UTF-8 
java_command: hotel.view.mainFrame
java_class_path (initial): /home/tharindu/NewFolder/swingx.jar:/home/tharindu/Public/Untitled Folder/jdatepicker-1.3.2.jar:/home/tharindu/NetBeansProjects/Hotel/build/classes
Launcher Type: SUN_STANDARD

Environment Variables:
JAVA_HOME=/usr/lib/jvm/java-8-oracle
PATH=/usr/local/sbin:/usr/local/bin:/usr/sbin:/usr/bin:/sbin:/bin:/usr/games:/usr/local/games:/usr/lib/jvm/java-8-oracle/bin:/usr/lib/jvm/java-8-oracle/db/bin:/usr/lib/jvm/java-8-oracle/jre/bin
USERNAME=tharindu
LD_LIBRARY_PATH=/usr/lib/jvm/java-8-oracle/jre/lib/amd64:/usr/lib/jvm/java-8-oracle/jre/lib/i386:
SHELL=/bin/bash
DISPLAY=:0

Signal Handlers:
SIGSEGV: [libjvm.so+0xac64b0], sa_mask[0]=11111111011111111101111111111110, sa_flags=SA_RESTART|SA_SIGINFO
SIGBUS: [libjvm.so+0xac64b0], sa_mask[0]=11111111011111111101111111111110, sa_flags=SA_RESTART|SA_SIGINFO
SIGFPE: [libjvm.so+0x91f950], sa_mask[0]=11111111011111111101111111111110, sa_flags=SA_RESTART|SA_SIGINFO
SIGPIPE: [libjvm.so+0x91f950], sa_mask[0]=11111111011111111101111111111110, sa_flags=SA_RESTART|SA_SIGINFO
SIGXFSZ: [libjvm.so+0x91f950], sa_mask[0]=11111111011111111101111111111110, sa_flags=SA_RESTART|SA_SIGINFO
SIGILL: [libjvm.so+0x91f950], sa_mask[0]=11111111011111111101111111111110, sa_flags=SA_RESTART|SA_SIGINFO
SIGUSR1: SIG_DFL, sa_mask[0]=00000000000000000000000000000000, sa_flags=none
SIGUSR2: [libjvm.so+0x920f80], sa_mask[0]=00100000000000000000000000000000, sa_flags=SA_RESTART|SA_SIGINFO
SIGHUP: [libjvm.so+0x922380], sa_mask[0]=11111111011111111101111111111110, sa_flags=SA_RESTART|SA_SIGINFO
SIGINT: SIG_IGN, sa_mask[0]=00000000000000000000000000000000, sa_flags=none
SIGTERM: [libjvm.so+0x922380], sa_mask[0]=11111111011111111101111111111110, sa_flags=SA_RESTART|SA_SIGINFO
SIGQUIT: [libjvm.so+0x922380], sa_mask[0]=11111111011111111101111111111110, sa_flags=SA_RESTART|SA_SIGINFO


---------------  S Y S T E M  ---------------

OS:DISTRIB_ID=LinuxMint
DISTRIB_RELEASE=17.3
DISTRIB_CODENAME=rosa
DISTRIB_DESCRIPTION="Linux Mint 17.3 Rosa"

uname:Linux 3.19.0-32-generic #37~14.04.1-Ubuntu SMP Thu Oct 22 09:41:40 UTC 2015 x86_64
libc:glibc 2.19 NPTL 2.19 
rlimit: STACK 8192k, CORE 0k, NPROC 15316, NOFILE 4096, AS infinity
load average:6.72 4.36 2.56

/proc/meminfo:
MemTotal:        3953184 kB
MemFree:          111764 kB
MemAvailable:      51448 kB
Buffers:             664 kB
Cached:           286472 kB
SwapCached:            0 kB
Active:          3447400 kB
Inactive:         267408 kB
Active(anon):    3445196 kB
Inactive(anon):   250340 kB
Active(file):       2204 kB
Inactive(file):    17068 kB
Unevictable:           0 kB
Mlocked:               0 kB
SwapTotal:             0 kB
SwapFree:              0 kB
Dirty:               292 kB
Writeback:             0 kB
AnonPages:       3427756 kB
Mapped:           107184 kB
Shmem:            267780 kB
Slab:              56816 kB
SReclaimable:      29024 kB
SUnreclaim:        27792 kB
KernelStack:        8144 kB
PageTables:        28420 kB
NFS_Unstable:          0 kB
Bounce:                0 kB
WritebackTmp:          0 kB
CommitLimit:     1976592 kB
Committed_AS:    5209460 kB
VmallocTotal:   34359738367 kB
VmallocUsed:      347096 kB
VmallocChunk:   34359383516 kB
HardwareCorrupted:     0 kB
AnonHugePages:   1875968 kB
CmaTotal:              0 kB
CmaFree:               0 kB
HugePages_Total:       0
HugePages_Free:        0
HugePages_Rsvd:        0
HugePages_Surp:        0
Hugepagesize:       2048 kB
DirectMap4k:      109224 kB
DirectMap2M:     3991552 kB


CPU:total 4 (2 cores per cpu, 2 threads per core) family 6 model 42 stepping 7, cmov, cx8, fxsr, mmx, sse, sse2, sse3, ssse3, sse4.1, sse4.2, popcnt, avx, clmul, ht, tsc, tscinvbit

/proc/cpuinfo:
processor	: 0
vendor_id	: GenuineIntel
cpu family	: 6
model		: 42
model name	: Intel(R) Core(TM) i3-2350M CPU @ 2.30GHz
stepping	: 7
microcode	: 0x1b
cpu MHz		: 2300.000
cache size	: 3072 KB
physical id	: 0
siblings	: 4
core id		: 0
cpu cores	: 2
apicid		: 0
initial apicid	: 0
fpu		: yes
fpu_exception	: yes
cpuid level	: 13
wp		: yes
flags		: fpu vme de pse tsc msr pae mce cx8 apic sep mtrr pge mca cmov pat pse36 clflush dts acpi mmx fxsr sse sse2 ss ht tm pbe syscall nx rdtscp lm constant_tsc arch_perfmon pebs bts rep_good nopl xtopology nonstop_tsc aperfmperf eagerfpu pni pclmulqdq dtes64 monitor ds_cpl vmx est tm2 ssse3 cx16 xtpr pdcm pcid sse4_1 sse4_2 x2apic popcnt tsc_deadline_timer xsave avx lahf_lm arat epb pln pts dtherm tpr_shadow vnmi flexpriority ept vpid xsaveopt
bugs		:
bogomips	: 4590.03
clflush size	: 64
cache_alignment	: 64
address sizes	: 36 bits physical, 48 bits virtual
power management:

processor	: 1
vendor_id	: GenuineIntel
cpu family	: 6
model		: 42
model name	: Intel(R) Core(TM) i3-2350M CPU @ 2.30GHz
stepping	: 7
microcode	: 0x1b
cpu MHz		: 2299.910
cache size	: 3072 KB
physical id	: 0
siblings	: 4
core id		: 1
cpu cores	: 2
apicid		: 2
initial apicid	: 2
fpu		: yes
fpu_exception	: yes
cpuid level	: 13
wp		: yes
flags		: fpu vme de pse tsc msr pae mce cx8 apic sep mtrr pge mca cmov pat pse36 clflush dts acpi mmx fxsr sse sse2 ss ht tm pbe syscall nx rdtscp lm constant_tsc arch_perfmon pebs bts rep_good nopl xtopology nonstop_tsc aperfmperf eagerfpu pni pclmulqdq dtes64 monitor ds_cpl vmx est tm2 ssse3 cx16 xtpr pdcm pcid sse4_1 sse4_2 x2apic popcnt tsc_deadline_timer xsave avx lahf_lm arat epb pln pts dtherm tpr_shadow vnmi flexpriority ept vpid xsaveopt
bugs		:
bogomips	: 4590.03
clflush size	: 64
cache_alignment	: 64
address sizes	: 36 bits physical, 48 bits virtual
power management:

processor	: 2
vendor_id	: GenuineIntel
cpu family	: 6
model		: 42
model name	: Intel(R) Core(TM) i3-2350M CPU @ 2.30GHz
stepping	: 7
microcode	: 0x1b
cpu MHz		: 2299.910
cache size	: 3072 KB
physical id	: 0
siblings	: 4
core id		: 0
cpu cores	: 2
apicid		: 1
initial apicid	: 1
fpu		: yes
fpu_exception	: yes
cpuid level	: 13
wp		: yes
flags		: fpu vme de pse tsc msr pae mce cx8 apic sep mtrr pge mca cmov pat pse36 clflush dts acpi mmx fxsr sse sse2 ss ht tm pbe syscall nx rdtscp lm constant_tsc arch_perfmon pebs bts rep_good nopl xtopology nonstop_tsc aperfmperf eagerfpu pni pclmulqdq dtes64 monitor ds_cpl vmx est tm2 ssse3 cx16 xtpr pdcm pcid sse4_1 sse4_2 x2apic popcnt tsc_deadline_timer xsave avx lahf_lm arat epb pln pts dtherm tpr_shadow vnmi flexpriority ept vpid xsaveopt
bugs		:
bogomips	: 4590.03
clflush size	: 64
cache_alignment	: 64
address sizes	: 36 bits physical, 48 bits virtual
power management:

processor	: 3
vendor_id	: GenuineIntel
cpu family	: 6
model		: 42
model name	: Intel(R) Core(TM) i3-2350M CPU @ 2.30GHz
stepping	: 7
microcode	: 0x1b
cpu MHz		: 2300.000
cache size	: 3072 KB
physical id	: 0
siblings	: 4
core id		: 1
cpu cores	: 2
apicid		: 3
initial apicid	: 3
fpu		: yes
fpu_exception	: yes
cpuid level	: 13
wp		: yes
flags		: fpu vme de pse tsc msr pae mce cx8 apic sep mtrr pge mca cmov pat pse36 clflush dts acpi mmx fxsr sse sse2 ss ht tm pbe syscall nx rdtscp lm constant_tsc arch_perfmon pebs bts rep_good nopl xtopology nonstop_tsc aperfmperf eagerfpu pni pclmulqdq dtes64 monitor ds_cpl vmx est tm2 ssse3 cx16 xtpr pdcm pcid sse4_1 sse4_2 x2apic popcnt tsc_deadline_timer xsave avx lahf_lm arat epb pln pts dtherm tpr_shadow vnmi flexpriority ept vpid xsaveopt
bugs		:
bogomips	: 4590.03
clflush size	: 64
cache_alignment	: 64
address sizes	: 36 bits physical, 48 bits virtual
power management:



Memory: 4k page, physical 3953184k(111764k free), swap 0k(0k free)

vm_info: Java HotSpot(TM) 64-Bit Server VM (25.111-b14) for linux-amd64 JRE (1.8.0_111-b14), built on Sep 22 2016 16:14:03 by "java_re" with gcc 4.3.0 20080428 (Red Hat 4.3.0-8)

time: Sun Apr 16 16:49:28 2017
elapsed time: 21 seconds (0d 0h 0m 21s)

