#
# There is insufficient memory for the Java Runtime Environment to continue.
# Native memory allocation (mmap) failed to map 120061952 bytes for committing reserved memory.
# Possible reasons:
#   The system is out of physical RAM or swap space
#   In 32 bit mode, the process size limit was hit
# Possible solutions:
#   Reduce memory load on the system
#   Increase physical memory or swap space
#   Check if swap backing store is full
#   Use 64 bit Java on a 64 bit OS
#   Decrease Java heap size (-Xmx/-Xms)
#   Decrease number of Java threads
#   Decrease Java thread stack sizes (-Xss)
#   Set larger code cache with -XX:ReservedCodeCacheSize=
# This output file may be truncated or incomplete.
#
#  Out of Memory Error (os_linux.cpp:2627), pid=13182, tid=0x00007f8669119700
#
# JRE version: Java(TM) SE Runtime Environment (8.0_111-b14) (build 1.8.0_111-b14)
# Java VM: Java HotSpot(TM) 64-Bit Server VM (25.111-b14 mixed mode linux-amd64 compressed oops)
# Failed to write core dump. Core dumps have been disabled. To enable core dumping, try "ulimit -c unlimited" before starting Java again
#

---------------  T H R E A D  ---------------

Current thread (0x00007f866515d000):  VMThread [stack: 0x00007f8669019000,0x00007f866911a000] [id=13193]

Stack: [0x00007f8669019000,0x00007f866911a000],  sp=0x00007f86691181e0,  free space=1020k
Native frames: (J=compiled Java code, j=interpreted, Vv=VM code, C=native code)
V  [libjvm.so+0xac5c2a]  VMError::report_and_die()+0x2ba
V  [libjvm.so+0x4fc50b]  report_vm_out_of_memory(char const*, int, unsigned long, VMErrorType, char const*)+0x8b
V  [libjvm.so+0x922ae3]  os::Linux::commit_memory_impl(char*, unsigned long, bool)+0x103
V  [libjvm.so+0x923039]  os::pd_commit_memory(char*, unsigned long, unsigned long, bool)+0x29
V  [libjvm.so+0x91d33a]  os::commit_memory(char*, unsigned long, unsigned long, bool)+0x2a
V  [libjvm.so+0x991ac3]  PSVirtualSpace::expand_by(unsigned long)+0x53
V  [libjvm.so+0x992ec8]  PSYoungGen::resize_generation(unsigned long, unsigned long)+0xf8
V  [libjvm.so+0x992022]  PSYoungGen::resize(unsigned long, unsigned long)+0x22
V  [libjvm.so+0x98f2fb]  PSScavenge::invoke_no_policy()+0xf3b
V  [libjvm.so+0x98fa81]  PSScavenge::invoke()+0x41
V  [libjvm.so+0x9467d0]  ParallelScavengeHeap::failed_mem_allocate(unsigned long)+0x70
V  [libjvm.so+0xac7647]  VM_ParallelGCFailedAllocation::doit()+0x97
V  [libjvm.so+0xacf125]  VM_Operation::evaluate()+0x55
V  [libjvm.so+0xacd4fa]  VMThread::evaluate_operation(VM_Operation*)+0xba
V  [libjvm.so+0xacd87e]  VMThread::loop()+0x1ce
V  [libjvm.so+0xacdcf0]  VMThread::run()+0x70
V  [libjvm.so+0x924ea8]  java_start(Thread*)+0x108

VM_Operation (0x00007f8660545580): ParallelGCFailedAllocation, mode: safepoint, requested by thread 0x00007f860416d000


---------------  P R O C E S S  ---------------

Java Threads: ( => current thread )
  0x00007f8604154800 JavaThread "Thread-2" [_thread_blocked, id=13212, stack(0x00007f8660345000,0x00007f8660446000)]
  0x00007f860416d000 JavaThread "Thread-1" [_thread_blocked, id=13211, stack(0x00007f8660446000,0x00007f8660547000)]
  0x00007f86040bd000 JavaThread "TimerQueue" daemon [_thread_blocked, id=13209, stack(0x00007f8660b82000,0x00007f8660c83000)]
  0x00007f8604051000 JavaThread "Image Fetcher 1" daemon [_thread_blocked, id=13208, stack(0x00007f866132b000,0x00007f866142c000)]
  0x00007f860404f000 JavaThread "Image Fetcher 0" daemon [_thread_blocked, id=13207, stack(0x00007f866162c000,0x00007f866172d000)]
  0x00007f866400a000 JavaThread "DestroyJavaVM" [_thread_blocked, id=13188, stack(0x00007f866f61d000,0x00007f866f71e000)]
  0x00007f8665302800 JavaThread "AWT-EventQueue-0" [_thread_blocked, id=13206, stack(0x00007f866172d000,0x00007f866182e000)]
  0x00007f8665301000 JavaThread "AWT-Shutdown" [_thread_blocked, id=13205, stack(0x00007f866182e000,0x00007f866192f000)]
  0x00007f86652fe800 JavaThread "AWT-XAWT" daemon [_thread_blocked, id=13204, stack(0x00007f866192f000,0x00007f8661a30000)]
  0x00007f86652ed000 JavaThread "Java2D Disposer" daemon [_thread_blocked, id=13203, stack(0x00007f8661a30000,0x00007f8661b31000)]
  0x00007f86651a4000 JavaThread "Service Thread" daemon [_thread_blocked, id=13200, stack(0x00007f8668912000,0x00007f8668a13000)]
  0x00007f86651a1000 JavaThread "C1 CompilerThread2" daemon [_thread_blocked, id=13199, stack(0x00007f8668a13000,0x00007f8668b14000)]
  0x00007f866519f800 JavaThread "C2 CompilerThread1" daemon [_thread_blocked, id=13198, stack(0x00007f8668b14000,0x00007f8668c15000)]
  0x00007f866519c800 JavaThread "C2 CompilerThread0" daemon [_thread_blocked, id=13197, stack(0x00007f8668c15000,0x00007f8668d16000)]
  0x00007f866519b000 JavaThread "Signal Dispatcher" daemon [_thread_blocked, id=13196, stack(0x00007f8668d16000,0x00007f8668e17000)]
  0x00007f8665169000 JavaThread "Finalizer" daemon [_thread_blocked, id=13195, stack(0x00007f8668e17000,0x00007f8668f18000)]
  0x00007f8665164800 JavaThread "Reference Handler" daemon [_thread_blocked, id=13194, stack(0x00007f8668f18000,0x00007f8669019000)]

Other Threads:
=>0x00007f866515d000 VMThread [stack: 0x00007f8669019000,0x00007f866911a000] [id=13193]
  0x00007f86651a7000 WatcherThread [stack: 0x00007f8668811000,0x00007f8668912000] [id=13201]

VM state:at safepoint (normal execution)

VM Mutex/Monitor currently owned by a thread:  ([mutex/lock_event])
[0x00007f86640063b0] Threads_lock - owner thread: 0x00007f866515d000
[0x00007f86640068b0] Heap_lock - owner thread: 0x00007f860416d000

Heap:
 PSYoungGen      total 207872K, used 32K [0x00000000ebe00000, 0x00000000f8d80000, 0x0000000100000000)
  eden space 203264K, 0% used [0x00000000ebe00000,0x00000000ebe00000,0x00000000f8480000)
  from space 4608K, 0% used [0x00000000f8480000,0x00000000f8488000,0x00000000f8900000)
  to   space 4608K, 0% used [0x00000000f8900000,0x00000000f8900000,0x00000000f8d80000)
 ParOldGen       total 42496K, used 3536K [0x00000000c3a00000, 0x00000000c6380000, 0x00000000ebe00000)
  object space 42496K, 8% used [0x00000000c3a00000,0x00000000c3d741c8,0x00000000c6380000)
 Metaspace       used 15145K, capacity 15364K, committed 15616K, reserved 1062912K
  class space    used 1905K, capacity 1964K, committed 2048K, reserved 1048576K

Card table byte_map: [0x00007f866a21b000,0x00007f866a3ff000] byte_map_base: 0x00007f8669bfe000

Marking Bits: (ParMarkBitMap*) 0x00007f866eaf8220
 Begin Bits: [0x00007f86621d0000, 0x00007f86630e8000)
 End Bits:   [0x00007f86630e8000, 0x00007f8664000000)

Polling page: 0x00007f866f73a000

CodeCache: size=245760Kb used=4132Kb max_used=4143Kb free=241627Kb
 bounds [0x00007f864d000000, 0x00007f864d410000, 0x00007f865c000000]
 total_blobs=1776 nmethods=1216 adapters=473
 compilation: enabled

Compilation events (10 events):
Event: 8.901 Thread 0x00007f86651a1000 1242       1       javax.swing.plaf.ComponentUI::getPreferredSize (2 bytes)
Event: 8.901 Thread 0x00007f86651a1000 nmethod 1242 0x00007f864d3ebf90 code [0x00007f864d3ec0e0, 0x00007f864d3ec1f0]
Event: 8.901 Thread 0x00007f86651a1000 1249       3       java.util.ArrayList::remove (69 bytes)
Event: 8.902 Thread 0x00007f86651a1000 nmethod 1249 0x00007f864d40aa90 code [0x00007f864d40ac60, 0x00007f864d40b288]
Event: 8.902 Thread 0x00007f866519c800 1246       4       javax.swing.GroupLayout$Group::getSpring (14 bytes)
Event: 8.902 Thread 0x00007f866519f800 1243       4       javax.swing.GroupLayout$Spring::getPreferredSize (27 bytes)
Event: 8.903 Thread 0x00007f866519f800 nmethod 1243 0x00007f864d40e290 code [0x00007f864d40e3e0, 0x00007f864d40e478]
Event: 8.903 Thread 0x00007f866519f800 1248       4       java.util.ArrayList$Itr::hasNext (20 bytes)
Event: 8.904 Thread 0x00007f866519f800 nmethod 1248 0x00007f864d40e510 code [0x00007f864d40e660, 0x00007f864d40e6f8]
Event: 8.904 Thread 0x00007f866519c800 nmethod 1246 0x00007f864d40c910 code [0x00007f864d40ca80, 0x00007f864d40cbd8]

GC Heap History (10 events):
Event: 7.161 GC heap after
Heap after GC invocations=6 (full 0):
 PSYoungGen      total 67072K, used 2546K [0x00000000ebe00000, 0x00000000f0300000, 0x0000000100000000)
  eden space 63488K, 0% used [0x00000000ebe00000,0x00000000ebe00000,0x00000000efc00000)
  from space 3584K, 71% used [0x00000000eff80000,0x00000000f01fcbe8,0x00000000f0300000)
  to   space 3584K, 0% used [0x00000000efc00000,0x00000000efc00000,0x00000000eff80000)
 ParOldGen       total 42496K, used 999K [0x00000000c3a00000, 0x00000000c6380000, 0x00000000ebe00000)
  object space 42496K, 2% used [0x00000000c3a00000,0x00000000c3af9f88,0x00000000c6380000)
 Metaspace       used 15120K, capacity 15364K, committed 15616K, reserved 1062912K
  class space    used 1905K, capacity 1964K, committed 2048K, reserved 1048576K
}
Event: 7.815 GC heap before
{Heap before GC invocations=7 (full 0):
 PSYoungGen      total 67072K, used 66034K [0x00000000ebe00000, 0x00000000f0300000, 0x0000000100000000)
  eden space 63488K, 100% used [0x00000000ebe00000,0x00000000efc00000,0x00000000efc00000)
  from space 3584K, 71% used [0x00000000eff80000,0x00000000f01fcbe8,0x00000000f0300000)
  to   space 3584K, 0% used [0x00000000efc00000,0x00000000efc00000,0x00000000eff80000)
 ParOldGen       total 42496K, used 999K [0x00000000c3a00000, 0x00000000c6380000, 0x00000000ebe00000)
  object space 42496K, 2% used [0x00000000c3a00000,0x00000000c3af9f88,0x00000000c6380000)
 Metaspace       used 15131K, capacity 15364K, committed 15616K, reserved 1062912K
  class space    used 1905K, capacity 1964K, committed 2048K, reserved 1048576K
Event: 7.834 GC heap after
Heap after GC invocations=7 (full 0):
 PSYoungGen      total 67072K, used 128K [0x00000000ebe00000, 0x00000000f4200000, 0x0000000100000000)
  eden space 63488K, 0% used [0x00000000ebe00000,0x00000000ebe00000,0x00000000efc00000)
  from space 3584K, 3% used [0x00000000efc00000,0x00000000efc20000,0x00000000eff80000)
  to   space 4096K, 0% used [0x00000000f3e00000,0x00000000f3e00000,0x00000000f4200000)
 ParOldGen       total 42496K, used 3488K [0x00000000c3a00000, 0x00000000c6380000, 0x00000000ebe00000)
  object space 42496K, 8% used [0x00000000c3a00000,0x00000000c3d681c8,0x00000000c6380000)
 Metaspace       used 15131K, capacity 15364K, committed 15616K, reserved 1062912K
  class space    used 1905K, capacity 1964K, committed 2048K, reserved 1048576K
}
Event: 8.066 GC heap before
{Heap before GC invocations=8 (full 0):
 PSYoungGen      total 67072K, used 63616K [0x00000000ebe00000, 0x00000000f4200000, 0x0000000100000000)
  eden space 63488K, 100% used [0x00000000ebe00000,0x00000000efc00000,0x00000000efc00000)
  from space 3584K, 3% used [0x00000000efc00000,0x00000000efc20000,0x00000000eff80000)
  to   space 4096K, 0% used [0x00000000f3e00000,0x00000000f3e00000,0x00000000f4200000)
 ParOldGen       total 42496K, used 3488K [0x00000000c3a00000, 0x00000000c6380000, 0x00000000ebe00000)
  object space 42496K, 8% used [0x00000000c3a00000,0x00000000c3d681c8,0x00000000c6380000)
 Metaspace       used 15137K, capacity 15364K, committed 15616K, reserved 1062912K
  class space    used 1905K, capacity 1964K, committed 2048K, reserved 1048576K
Event: 8.069 GC heap after
Heap after GC invocations=8 (full 0):
 PSYoungGen      total 131072K, used 32K [0x00000000ebe00000, 0x00000000f4200000, 0x0000000100000000)
  eden space 126976K, 0% used [0x00000000ebe00000,0x00000000ebe00000,0x00000000f3a00000)
  from space 4096K, 0% used [0x00000000f3e00000,0x00000000f3e08000,0x00000000f4200000)
  to   space 4096K, 0% used [0x00000000f3a00000,0x00000000f3a00000,0x00000000f3e00000)
 ParOldGen       total 42496K, used 3512K [0x00000000c3a00000, 0x00000000c6380000, 0x00000000ebe00000)
  object space 42496K, 8% used [0x00000000c3a00000,0x00000000c3d6e1c8,0x00000000c6380000)
 Metaspace       used 15137K, capacity 15364K, committed 15616K, reserved 1062912K
  class space    used 1905K, capacity 1964K, committed 2048K, reserved 1048576K
}
Event: 8.431 GC heap before
{Heap before GC invocations=9 (full 0):
 PSYoungGen      total 131072K, used 127008K [0x00000000ebe00000, 0x00000000f4200000, 0x0000000100000000)
  eden space 126976K, 100% used [0x00000000ebe00000,0x00000000f3a00000,0x00000000f3a00000)
  from space 4096K, 0% used [0x00000000f3e00000,0x00000000f3e08000,0x00000000f4200000)
  to   space 4096K, 0% used [0x00000000f3a00000,0x00000000f3a00000,0x00000000f3e00000)
 ParOldGen       total 42496K, used 3512K [0x00000000c3a00000, 0x00000000c6380000, 0x00000000ebe00000)
  object space 42496K, 8% used [0x00000000c3a00000,0x00000000c3d6e1c8,0x00000000c6380000)
 Metaspace       used 15139K, capacity 15364K, committed 15616K, reserved 1062912K
  class space    used 1905K, capacity 1964K, committed 2048K, reserved 1048576K
Event: 8.434 GC heap after
Heap after GC invocations=9 (full 0):
 PSYoungGen      total 131072K, used 32K [0x00000000ebe00000, 0x00000000f8d80000, 0x0000000100000000)
  eden space 126976K, 0% used [0x00000000ebe00000,0x00000000ebe00000,0x00000000f3a00000)
  from space 4096K, 0% used [0x00000000f3a00000,0x00000000f3a08000,0x00000000f3e00000)
  to   space 4608K, 0% used [0x00000000f8900000,0x00000000f8900000,0x00000000f8d80000)
 ParOldGen       total 42496K, used 3528K [0x00000000c3a00000, 0x00000000c6380000, 0x00000000ebe00000)
  object space 42496K, 8% used [0x00000000c3a00000,0x00000000c3d721c8,0x00000000c6380000)
 Metaspace       used 15139K, capacity 15364K, committed 15616K, reserved 1062912K
  class space    used 1905K, capacity 1964K, committed 2048K, reserved 1048576K
}
Event: 8.637 GC heap before
{Heap before GC invocations=10 (full 0):
 PSYoungGen      total 131072K, used 127008K [0x00000000ebe00000, 0x00000000f8d80000, 0x0000000100000000)
  eden space 126976K, 100% used [0x00000000ebe00000,0x00000000f3a00000,0x00000000f3a00000)
  from space 4096K, 0% used [0x00000000f3a00000,0x00000000f3a08000,0x00000000f3e00000)
  to   space 4608K, 0% used [0x00000000f8900000,0x00000000f8900000,0x00000000f8d80000)
 ParOldGen       total 42496K, used 3528K [0x00000000c3a00000, 0x00000000c6380000, 0x00000000ebe00000)
  object space 42496K, 8% used [0x00000000c3a00000,0x00000000c3d721c8,0x00000000c6380000)
 Metaspace       used 15139K, capacity 15364K, committed 15616K, reserved 1062912K
  class space    used 1905K, capacity 1964K, committed 2048K, reserved 1048576K
Event: 8.694 GC heap after
Heap after GC invocations=10 (full 0):
 PSYoungGen      total 207872K, used 64K [0x00000000ebe00000, 0x00000000f8d80000, 0x0000000100000000)
  eden space 203264K, 0% used [0x00000000ebe00000,0x00000000ebe00000,0x00000000f8480000)
  from space 4608K, 1% used [0x00000000f8900000,0x00000000f8910000,0x00000000f8d80000)
  to   space 4608K, 0% used [0x00000000f8480000,0x00000000f8480000,0x00000000f8900000)
 ParOldGen       total 42496K, used 3536K [0x00000000c3a00000, 0x00000000c6380000, 0x00000000ebe00000)
  object space 42496K, 8% used [0x00000000c3a00000,0x00000000c3d741c8,0x00000000c6380000)
 Metaspace       used 15139K, capacity 15364K, committed 15616K, reserved 1062912K
  class space    used 1905K, capacity 1964K, committed 2048K, reserved 1048576K
}
Event: 9.527 GC heap before
{Heap before GC invocations=11 (full 0):
 PSYoungGen      total 207872K, used 203328K [0x00000000ebe00000, 0x00000000f8d80000, 0x0000000100000000)
  eden space 203264K, 100% used [0x00000000ebe00000,0x00000000f8480000,0x00000000f8480000)
  from space 4608K, 1% used [0x00000000f8900000,0x00000000f8910000,0x00000000f8d80000)
  to   space 4608K, 0% used [0x00000000f8480000,0x00000000f8480000,0x00000000f8900000)
 ParOldGen       total 42496K, used 3536K [0x00000000c3a00000, 0x00000000c6380000, 0x00000000ebe00000)
  object space 42496K, 8% used [0x00000000c3a00000,0x00000000c3d741c8,0x00000000c6380000)
 Metaspace       used 15145K, capacity 15364K, committed 15616K, reserved 1062912K
  class space    used 1905K, capacity 1964K, committed 2048K, reserved 1048576K

Deoptimization events (4 events):
Event: 3.568 Thread 0x00007f8665302800 Uncommon trap: reason=unstable_if action=reinterpret pc=0x00007f864d223648 method=java.lang.String.indexOf([CII[CIII)I @ 3
Event: 5.697 Thread 0x00007f8604154800 Uncommon trap: reason=unstable_if action=reinterpret pc=0x00007f864d31b120 method=java.lang.ref.SoftReference.get()Ljava/lang/Object; @ 17
Event: 5.775 Thread 0x00007f8665302800 Uncommon trap: reason=unstable_if action=reinterpret pc=0x00007f864d2fff3c method=java.util.concurrent.ConcurrentHashMap.get(Ljava/lang/Object;)Ljava/lang/Object; @ 76
Event: 6.388 Thread 0x00007f8665302800 Uncommon trap: reason=unstable_if action=reinterpret pc=0x00007f864d34ef68 method=sun.awt.SunToolkit.getAppContext(Ljava/lang/Object;)Lsun/awt/AppContext; @ 4

Internal exceptions (10 events):
Event: 0.172 Thread 0x00007f866400a000 Exception <a 'java/lang/NoSuchMethodError': Method sun.misc.Unsafe.prefetchRead(Ljava/lang/Object;J)V name or signature does not match> (0x00000000ebe07f60) thrown at [/HUDSON3/workspace/8-2-build-linux-amd64/jdk8u111/7883/hotspot/src/share/vm/prims/jni.c
Event: 0.639 Thread 0x00007f866400a000 Exception <a 'java/security/PrivilegedActionException'> (0x00000000ebf78e80) thrown at [/HUDSON3/workspace/8-2-build-linux-amd64/jdk8u111/7883/hotspot/src/share/vm/prims/jvm.cpp, line 1386]
Event: 0.639 Thread 0x00007f866400a000 Exception <a 'java/security/PrivilegedActionException'> (0x00000000ebf79090) thrown at [/HUDSON3/workspace/8-2-build-linux-amd64/jdk8u111/7883/hotspot/src/share/vm/prims/jvm.cpp, line 1386]
Event: 0.644 Thread 0x00007f866400a000 Exception <a 'java/security/PrivilegedActionException'> (0x00000000ebf7b4d0) thrown at [/HUDSON3/workspace/8-2-build-linux-amd64/jdk8u111/7883/hotspot/src/share/vm/prims/jvm.cpp, line 1386]
Event: 0.644 Thread 0x00007f866400a000 Exception <a 'java/security/PrivilegedActionException'> (0x00000000ebf7b6e0) thrown at [/HUDSON3/workspace/8-2-build-linux-amd64/jdk8u111/7883/hotspot/src/share/vm/prims/jvm.cpp, line 1386]
Event: 0.941 Thread 0x00007f866400a000 Exception <a 'java/lang/NoSuchFieldError': method resolution failed> (0x00000000ec047e28) thrown at [/HUDSON3/workspace/8-2-build-linux-amd64/jdk8u111/7883/hotspot/src/share/vm/prims/methodHandles.cpp, line 1146]
Event: 0.945 Thread 0x00007f866400a000 Exception <a 'java/lang/NoSuchFieldError': method resolution failed> (0x00000000ec0555f8) thrown at [/HUDSON3/workspace/8-2-build-linux-amd64/jdk8u111/7883/hotspot/src/share/vm/prims/methodHandles.cpp, line 1146]
Event: 1.037 Thread 0x00007f866400a000 Exception <a 'java/io/FileNotFoundException'> (0x00000000ec0d3f60) thrown at [/HUDSON3/workspace/8-2-build-linux-amd64/jdk8u111/7883/hotspot/src/share/vm/prims/jni.cpp, line 709]
Event: 1.037 Thread 0x00007f866400a000 Exception <a 'java/io/FileNotFoundException'> (0x00000000ec0d4920) thrown at [/HUDSON3/workspace/8-2-build-linux-amd64/jdk8u111/7883/hotspot/src/share/vm/prims/jni.cpp, line 709]
Event: 6.755 Thread 0x00007f8665302800 Exception <a 'java/lang/UnsupportedOperationException': > (0x00000000ebfe3f20) thrown at [/HUDSON3/workspace/8-2-build-linux-amd64/jdk8u111/7883/hotspot/src/share/vm/prims/jni.cpp, line 735]

Events (10 events):
Event: 8.070 Executing VM operation: ParallelGCFailedAllocation done
Event: 8.295 Thread 0x00007f860416d000 DEOPT PACKING pc=0x00007f864d3d89a1 sp=0x00007f8660545850
Event: 8.295 Thread 0x00007f860416d000 DEOPT UNPACKING pc=0x00007f864d047633 sp=0x00007f8660545610 mode 0
Event: 8.431 Executing VM operation: ParallelGCFailedAllocation
Event: 8.434 Executing VM operation: ParallelGCFailedAllocation done
Event: 8.438 Thread 0x00007f8604154800 DEOPT PACKING pc=0x00007f864d3d89a1 sp=0x00007f86604447d0
Event: 8.438 Thread 0x00007f8604154800 DEOPT UNPACKING pc=0x00007f864d047633 sp=0x00007f8660444590 mode 0
Event: 8.612 Executing VM operation: ParallelGCFailedAllocation
Event: 8.695 Executing VM operation: ParallelGCFailedAllocation done
Event: 9.521 Executing VM operation: ParallelGCFailedAllocation


Dynamic libraries:
00400000-00401000 r-xp 00000000 08:03 147193                             /usr/lib/jvm/java-8-oracle/bin/java
00600000-00601000 rw-p 00000000 08:03 147193                             /usr/lib/jvm/java-8-oracle/bin/java
00d58000-00d90000 rw-p 00000000 00:00 0                                  [heap]
c3a00000-c6380000 rw-p 00000000 00:00 0 
c6380000-ebe00000 ---p 00000000 00:00 0 
ebe00000-f8d80000 rw-p 00000000 00:00 0 
100000000-100200000 rw-p 00000000 00:00 0 
100200000-140000000 ---p 00000000 00:00 0 
7f85f4000000-7f85f4021000 rw-p 00000000 00:00 0 
7f85f4021000-7f85f8000000 ---p 00000000 00:00 0 
7f85f8000000-7f85f8021000 rw-p 00000000 00:00 0 
7f85f8021000-7f85fc000000 ---p 00000000 00:00 0 
7f85fc000000-7f85fc035000 rw-p 00000000 00:00 0 
7f85fc035000-7f8600000000 ---p 00000000 00:00 0 
7f8600000000-7f8600021000 rw-p 00000000 00:00 0 
7f8600021000-7f8604000000 ---p 00000000 00:00 0 
7f8604000000-7f86043a8000 rw-p 00000000 00:00 0 
7f86043a8000-7f8608000000 ---p 00000000 00:00 0 
7f8608000000-7f8608045000 rw-p 00000000 00:00 0 
7f8608045000-7f860c000000 ---p 00000000 00:00 0 
7f860c000000-7f860c021000 rw-p 00000000 00:00 0 
7f860c021000-7f8610000000 ---p 00000000 00:00 0 
7f8610000000-7f8610021000 rw-p 00000000 00:00 0 
7f8610021000-7f8614000000 ---p 00000000 00:00 0 
7f8614000000-7f8614021000 rw-p 00000000 00:00 0 
7f8614021000-7f8618000000 ---p 00000000 00:00 0 
7f8618000000-7f8618021000 rw-p 00000000 00:00 0 
7f8618021000-7f861c000000 ---p 00000000 00:00 0 
7f861c000000-7f861c558000 rw-p 00000000 00:00 0 
7f861c558000-7f8620000000 ---p 00000000 00:00 0 
7f8620000000-7f8620021000 rw-p 00000000 00:00 0 
7f8620021000-7f8624000000 ---p 00000000 00:00 0 
7f8624000000-7f8624e7a000 rw-p 00000000 00:00 0 
7f8624e7a000-7f8628000000 ---p 00000000 00:00 0 
7f8628000000-7f8628617000 rw-p 00000000 00:00 0 
7f8628617000-7f862c000000 ---p 00000000 00:00 0 
7f862c000000-7f862c021000 rw-p 00000000 00:00 0 
7f862c021000-7f8630000000 ---p 00000000 00:00 0 
7f8630000000-7f8630021000 rw-p 00000000 00:00 0 
7f8630021000-7f8634000000 ---p 00000000 00:00 0 
7f8634000000-7f863429c000 rw-p 00000000 00:00 0 
7f863429c000-7f8638000000 ---p 00000000 00:00 0 
7f8638000000-7f8638021000 rw-p 00000000 00:00 0 
7f8638021000-7f863c000000 ---p 00000000 00:00 0 
7f863c000000-7f863c021000 rw-p 00000000 00:00 0 
7f863c021000-7f8640000000 ---p 00000000 00:00 0 
7f8640000000-7f8640021000 rw-p 00000000 00:00 0 
7f8640021000-7f8644000000 ---p 00000000 00:00 0 
7f8644000000-7f8644021000 rw-p 00000000 00:00 0 
7f8644021000-7f8648000000 ---p 00000000 00:00 0 
7f8648000000-7f8648021000 rw-p 00000000 00:00 0 
7f8648021000-7f864c000000 ---p 00000000 00:00 0 
7f864d000000-7f864d410000 rwxp 00000000 00:00 0 
7f864d410000-7f865c000000 ---p 00000000 00:00 0 
7f865c000000-7f865c1ea000 rw-p 00000000 00:00 0 
7f865c1ea000-7f8660000000 ---p 00000000 00:00 0 
7f866006b000-7f8660144000 r-xp 00000000 08:03 147327                     /usr/lib/jvm/java-8-oracle/jre/lib/amd64/libmlib_image.so
7f8660144000-7f8660344000 ---p 000d9000 08:03 147327                     /usr/lib/jvm/java-8-oracle/jre/lib/amd64/libmlib_image.so
7f8660344000-7f8660345000 rw-p 000d9000 08:03 147327                     /usr/lib/jvm/java-8-oracle/jre/lib/amd64/libmlib_image.so
7f8660345000-7f8660348000 ---p 00000000 00:00 0 
7f8660348000-7f8660446000 rw-p 00000000 00:00 0                          [stack:13212]
7f8660446000-7f8660449000 ---p 00000000 00:00 0 
7f8660449000-7f8660547000 rw-p 00000000 00:00 0                          [stack:13211]
7f8660547000-7f8660582000 r-xp 00000000 08:03 147309                     /usr/lib/jvm/java-8-oracle/jre/lib/amd64/libjpeg.so
7f8660582000-7f8660781000 ---p 0003b000 08:03 147309                     /usr/lib/jvm/java-8-oracle/jre/lib/amd64/libjpeg.so
7f8660781000-7f8660782000 rw-p 0003a000 08:03 147309                     /usr/lib/jvm/java-8-oracle/jre/lib/amd64/libjpeg.so
7f8660782000-7f86608c2000 rw-p 00000000 00:00 0 
7f86608c2000-7f8660982000 ---p 00000000 00:00 0 
7f8660982000-7f8660b82000 rw-p 00000000 00:00 0 
7f8660b82000-7f8660b85000 ---p 00000000 00:00 0 
7f8660b85000-7f8660c83000 rw-p 00000000 00:00 0                          [stack:13209]
7f8660c83000-7f8660cec000 r-xp 00000000 08:03 147338                     /usr/lib/jvm/java-8-oracle/jre/lib/amd64/libt2k.so
7f8660cec000-7f8660eec000 ---p 00069000 08:03 147338                     /usr/lib/jvm/java-8-oracle/jre/lib/amd64/libt2k.so
7f8660eec000-7f8660ef3000 rw-p 00069000 08:03 147338                     /usr/lib/jvm/java-8-oracle/jre/lib/amd64/libt2k.so
7f8660ef3000-7f8660f03000 rw-p 00000000 00:00 0 
7f8660f03000-7f8660f14000 r-xp 00000000 08:03 147332                     /usr/lib/jvm/java-8-oracle/jre/lib/amd64/libnio.so
7f8660f14000-7f8661113000 ---p 00011000 08:03 147332                     /usr/lib/jvm/java-8-oracle/jre/lib/amd64/libnio.so
7f8661113000-7f8661114000 rw-p 00010000 08:03 147332                     /usr/lib/jvm/java-8-oracle/jre/lib/amd64/libnio.so
7f8661114000-7f866112a000 r-xp 00000000 08:03 147293                     /usr/lib/jvm/java-8-oracle/jre/lib/amd64/libnet.so
7f866112a000-7f866132a000 ---p 00016000 08:03 147293                     /usr/lib/jvm/java-8-oracle/jre/lib/amd64/libnet.so
7f866132a000-7f866132b000 rw-p 00016000 08:03 147293                     /usr/lib/jvm/java-8-oracle/jre/lib/amd64/libnet.so
7f866132b000-7f866132e000 ---p 00000000 00:00 0 
7f866132e000-7f866162c000 rw-p 00000000 00:00 0                          [stack:13208]
7f866162c000-7f866162f000 ---p 00000000 00:00 0 
7f866162f000-7f866172d000 rw-p 00000000 00:00 0                          [stack:13207]
7f866172d000-7f8661730000 ---p 00000000 00:00 0 
7f8661730000-7f866182e000 rw-p 00000000 00:00 0                          [stack:13206]
7f866182e000-7f8661831000 ---p 00000000 00:00 0 
7f8661831000-7f866192f000 rw-p 00000000 00:00 0                          [stack:13205]
7f866192f000-7f8661932000 ---p 00000000 00:00 0 
7f8661932000-7f8661a30000 rw-p 00000000 00:00 0                          [stack:13204]
7f8661a30000-7f8661a33000 ---p 00000000 00:00 0 
7f8661a33000-7f8661b31000 rw-p 00000000 00:00 0                          [stack:13203]
7f8661b31000-7f8661b47000 r-xp 00000000 08:03 397884                     /lib/x86_64-linux-gnu/libgcc_s.so.1
7f8661b47000-7f8661d46000 ---p 00016000 08:03 397884                     /lib/x86_64-linux-gnu/libgcc_s.so.1
7f8661d46000-7f8661d47000 rw-p 00015000 08:03 397884                     /lib/x86_64-linux-gnu/libgcc_s.so.1
7f8661d47000-7f8661dac000 r-xp 00000000 08:03 147282                     /usr/lib/jvm/java-8-oracle/jre/lib/amd64/libfontmanager.so
7f8661dac000-7f8661fab000 ---p 00065000 08:03 147282                     /usr/lib/jvm/java-8-oracle/jre/lib/amd64/libfontmanager.so
7f8661fab000-7f8661fb0000 rw-p 00064000 08:03 147282                     /usr/lib/jvm/java-8-oracle/jre/lib/amd64/libfontmanager.so
7f8661fb0000-7f8661fc0000 rw-p 00000000 00:00 0 
7f8661fc0000-7f8661fcf000 r-xp 00000000 08:03 2369242                    /usr/lib/x86_64-linux-gnu/libXi.so.6.1.0
7f8661fcf000-7f86621ce000 ---p 0000f000 08:03 2369242                    /usr/lib/x86_64-linux-gnu/libXi.so.6.1.0
7f86621ce000-7f86621cf000 r--p 0000e000 08:03 2369242                    /usr/lib/x86_64-linux-gnu/libXi.so.6.1.0
7f86621cf000-7f86621d0000 rw-p 0000f000 08:03 2369242                    /usr/lib/x86_64-linux-gnu/libXi.so.6.1.0
7f86621d0000-7f8664000000 rw-p 00000000 00:00 0 
7f8664000000-7f8665500000 rw-p 00000000 00:00 0 
7f8665500000-7f8668000000 ---p 00000000 00:00 0 
7f86680e0000-7f86680e5000 r-xp 00000000 08:03 2369262                    /usr/lib/x86_64-linux-gnu/libXtst.so.6.1.0
7f86680e5000-7f86682e4000 ---p 00005000 08:03 2369262                    /usr/lib/x86_64-linux-gnu/libXtst.so.6.1.0
7f86682e4000-7f86682e5000 r--p 00004000 08:03 2369262                    /usr/lib/x86_64-linux-gnu/libXtst.so.6.1.0
7f86682e5000-7f86682e6000 rw-p 00005000 08:03 2369262                    /usr/lib/x86_64-linux-gnu/libXtst.so.6.1.0
7f86682e6000-7f866833a000 r-xp 00000000 08:03 147314                     /usr/lib/jvm/java-8-oracle/jre/lib/amd64/libawt_xawt.so
7f866833a000-7f866853a000 ---p 00054000 08:03 147314                     /usr/lib/jvm/java-8-oracle/jre/lib/amd64/libawt_xawt.so
7f866853a000-7f866853e000 rw-p 00054000 08:03 147314                     /usr/lib/jvm/java-8-oracle/jre/lib/amd64/libawt_xawt.so
7f866853e000-7f866853f000 rw-p 00000000 00:00 0 
7f866853f000-7f86685e1000 r-xp 00000000 08:03 147299                     /usr/lib/jvm/java-8-oracle/jre/lib/amd64/libawt.so
7f86685e1000-7f86687e1000 ---p 000a2000 08:03 147299                     /usr/lib/jvm/java-8-oracle/jre/lib/amd64/libawt.so
7f86687e1000-7f86687ed000 rw-p 000a2000 08:03 147299                     /usr/lib/jvm/java-8-oracle/jre/lib/amd64/libawt.so
7f86687ed000-7f8668811000 rw-p 00000000 00:00 0 
7f8668811000-7f8668812000 ---p 00000000 00:00 0 
7f8668812000-7f8668912000 rw-p 00000000 00:00 0                          [stack:13201]
7f8668912000-7f8668915000 ---p 00000000 00:00 0 
7f8668915000-7f8668a13000 rw-p 00000000 00:00 0                          [stack:13200]
7f8668a13000-7f8668a16000 ---p 00000000 00:00 0 
7f8668a16000-7f8668b14000 rw-p 00000000 00:00 0                          [stack:13199]
7f8668b14000-7f8668b17000 ---p 00000000 00:00 0 
7f8668b17000-7f8668c15000 rw-p 00000000 00:00 0                          [stack:13198]
7f8668c15000-7f8668c18000 ---p 00000000 00:00 0 
7f8668c18000-7f8668d16000 rw-p 00000000 00:00 0                          [stack:13197]
7f8668d16000-7f8668d19000 ---p 00000000 00:00 0 
7f8668d19000-7f8668e17000 rw-p 00000000 00:00 0                          [stack:13196]
7f8668e17000-7f8668e1a000 ---p 00000000 00:00 0 
7f8668e1a000-7f8668f18000 rw-p 00000000 00:00 0                          [stack:13195]
7f8668f18000-7f8668f1b000 ---p 00000000 00:00 0 
7f8668f1b000-7f8669019000 rw-p 00000000 00:00 0                          [stack:13194]
7f8669019000-7f866901a000 ---p 00000000 00:00 0 
7f866901a000-7f866911a000 rw-p 00000000 00:00 0                          [stack:13193]
7f866911a000-7f86692f2000 r--s 03d2a000 08:03 147348                     /usr/lib/jvm/java-8-oracle/jre/lib/rt.jar
7f86692f2000-7f8669cd5000 rw-p 00000000 00:00 0 
7f8669cd5000-7f8669cd6000 ---p 00000000 00:00 0 
7f8669cd6000-7f8669dd6000 rw-p 00000000 00:00 0                          [stack:13192]
7f8669dd6000-7f8669dd7000 ---p 00000000 00:00 0 
7f8669dd7000-7f8669ed7000 rw-p 00000000 00:00 0                          [stack:13191]
7f8669ed7000-7f8669ed8000 ---p 00000000 00:00 0 
7f8669ed8000-7f8669fd8000 rw-p 00000000 00:00 0                          [stack:13190]
7f8669fd8000-7f8669fd9000 ---p 00000000 00:00 0 
7f8669fd9000-7f866a0ee000 rw-p 00000000 00:00 0                          [stack:13189]
7f866a0ee000-7f866a21b000 ---p 00000000 00:00 0 
7f866a21b000-7f866a230000 rw-p 00000000 00:00 0 
7f866a230000-7f866a35d000 ---p 00000000 00:00 0 
7f866a35d000-7f866a3c5000 rw-p 00000000 00:00 0 
7f866a3c5000-7f866a3fe000 ---p 00000000 00:00 0 
7f866a3fe000-7f866a410000 rw-p 00000000 00:00 0 
7f866a410000-7f866a7bf000 ---p 00000000 00:00 0 
7f866a7bf000-7f866a7d9000 r-xp 00000000 08:03 147337                     /usr/lib/jvm/java-8-oracle/jre/lib/amd64/libzip.so
7f866a7d9000-7f866a9d9000 ---p 0001a000 08:03 147337                     /usr/lib/jvm/java-8-oracle/jre/lib/amd64/libzip.so
7f866a9d9000-7f866a9da000 rw-p 0001a000 08:03 147337                     /usr/lib/jvm/java-8-oracle/jre/lib/amd64/libzip.so
7f866a9da000-7f866a9df000 r-xp 00000000 08:03 2369236                    /usr/lib/x86_64-linux-gnu/libXfixes.so.3.1.0
7f866a9df000-7f866abde000 ---p 00005000 08:03 2369236                    /usr/lib/x86_64-linux-gnu/libXfixes.so.3.1.0
7f866abde000-7f866abdf000 r--p 00004000 08:03 2369236                    /usr/lib/x86_64-linux-gnu/libXfixes.so.3.1.0
7f866abdf000-7f866abe0000 rw-p 00005000 08:03 2369236                    /usr/lib/x86_64-linux-gnu/libXfixes.so.3.1.0
7f866abe0000-7f866abe9000 r-xp 00000000 08:03 2369256                    /usr/lib/x86_64-linux-gnu/libXrender.so.1.3.0
7f866abe9000-7f866ade8000 ---p 00009000 08:03 2369256                    /usr/lib/x86_64-linux-gnu/libXrender.so.1.3.0
7f866ade8000-7f866ade9000 r--p 00008000 08:03 2369256                    /usr/lib/x86_64-linux-gnu/libXrender.so.1.3.0
7f866ade9000-7f866adea000 rw-p 00009000 08:03 2369256                    /usr/lib/x86_64-linux-gnu/libXrender.so.1.3.0
7f866adea000-7f866adf3000 r-xp 00000000 08:03 2369228                    /usr/lib/x86_64-linux-gnu/libXcursor.so.1.0.2
7f866adf3000-7f866aff2000 ---p 00009000 08:03 2369228                    /usr/lib/x86_64-linux-gnu/libXcursor.so.1.0.2
7f866aff2000-7f866aff3000 r--p 00008000 08:03 2369228                    /usr/lib/x86_64-linux-gnu/libXcursor.so.1.0.2
7f866aff3000-7f866aff4000 rw-p 00009000 08:03 2369228                    /usr/lib/x86_64-linux-gnu/libXcursor.so.1.0.2
7f866aff4000-7f866affe000 r-xp 00000000 08:03 394379                     /lib/x86_64-linux-gnu/libnss_files-2.19.so
7f866affe000-7f866b1fd000 ---p 0000a000 08:03 394379                     /lib/x86_64-linux-gnu/libnss_files-2.19.so
7f866b1fd000-7f866b1fe000 r--p 00009000 08:03 394379                     /lib/x86_64-linux-gnu/libnss_files-2.19.so
7f866b1fe000-7f866b1ff000 rw-p 0000a000 08:03 394379                     /lib/x86_64-linux-gnu/libnss_files-2.19.so
7f866b1ff000-7f866b20a000 r-xp 00000000 08:03 394342                     /lib/x86_64-linux-gnu/libnss_nis-2.19.so
7f866b20a000-7f866b409000 ---p 0000b000 08:03 394342                     /lib/x86_64-linux-gnu/libnss_nis-2.19.so
7f866b409000-7f866b40a000 r--p 0000a000 08:03 394342                     /lib/x86_64-linux-gnu/libnss_nis-2.19.so
7f866b40a000-7f866b40b000 rw-p 0000b000 08:03 394342                     /lib/x86_64-linux-gnu/libnss_nis-2.19.so
7f866b40b000-7f866b422000 r-xp 00000000 08:03 394332                     /lib/x86_64-linux-gnu/libnsl-2.19.so
7f866b422000-7f866b621000 ---p 00017000 08:03 394332                     /lib/x86_64-linux-gnu/libnsl-2.19.so
7f866b621000-7f866b622000 r--p 00016000 08:03 394332                     /lib/x86_64-linux-gnu/libnsl-2.19.so
7f866b622000-7f866b623000 rw-p 00017000 08:03 394332                     /lib/x86_64-linux-gnu/libnsl-2.19.so
7f866b623000-7f866b625000 rw-p 00000000 00:00 0 
7f866b625000-7f866b62e000 r-xp 00000000 08:03 394326                     /lib/x86_64-linux-gnu/libnss_compat-2.19.so
7f866b62e000-7f866b82d000 ---p 00009000 08:03 394326                     /lib/x86_64-linux-gnu/libnss_compat-2.19.so
7f866b82d000-7f866b82e000 r--p 00008000 08:03 394326                     /lib/x86_64-linux-gnu/libnss_compat-2.19.so
7f866b82e000-7f866b82f000 rw-p 00009000 08:03 394326                     /lib/x86_64-linux-gnu/libnss_compat-2.19.so
7f866b82f000-7f866b85a000 r-xp 00000000 08:03 147281                     /usr/lib/jvm/java-8-oracle/jre/lib/amd64/libjava.so
7f866b85a000-7f866ba59000 ---p 0002b000 08:03 147281                     /usr/lib/jvm/java-8-oracle/jre/lib/amd64/libjava.so
7f866ba59000-7f866ba5b000 rw-p 0002a000 08:03 147281                     /usr/lib/jvm/java-8-oracle/jre/lib/amd64/libjava.so
7f866ba5b000-7f866ba68000 r-xp 00000000 08:03 147315                     /usr/lib/jvm/java-8-oracle/jre/lib/amd64/libverify.so
7f866ba68000-7f866bc67000 ---p 0000d000 08:03 147315                     /usr/lib/jvm/java-8-oracle/jre/lib/amd64/libverify.so
7f866bc67000-7f866bc69000 rw-p 0000c000 08:03 147315                     /usr/lib/jvm/java-8-oracle/jre/lib/amd64/libverify.so
7f866bc69000-7f866bf32000 r--p 00000000 08:03 2367214                    /usr/lib/locale/locale-archive
7f866bf32000-7f866bf33000 ---p 00000000 00:00 0 
7f866bf33000-7f866c733000 rw-p 00000000 00:00 0 
7f866c852000-7f866c859000 r-xp 00000000 08:03 394367                     /lib/x86_64-linux-gnu/librt-2.19.so
7f866c859000-7f866ca58000 ---p 00007000 08:03 394367                     /lib/x86_64-linux-gnu/librt-2.19.so
7f866ca58000-7f866ca59000 r--p 00006000 08:03 394367                     /lib/x86_64-linux-gnu/librt-2.19.so
7f866ca59000-7f866ca5a000 rw-p 00007000 08:03 394367                     /lib/x86_64-linux-gnu/librt-2.19.so
7f866ca5a000-7f866ca5f000 r-xp 00000000 08:03 2369232                    /usr/lib/x86_64-linux-gnu/libXdmcp.so.6.0.0
7f866ca5f000-7f866cc5e000 ---p 00005000 08:03 2369232                    /usr/lib/x86_64-linux-gnu/libXdmcp.so.6.0.0
7f866cc5e000-7f866cc5f000 r--p 00004000 08:03 2369232                    /usr/lib/x86_64-linux-gnu/libXdmcp.so.6.0.0
7f866cc5f000-7f866cc60000 rw-p 00005000 08:03 2369232                    /usr/lib/x86_64-linux-gnu/libXdmcp.so.6.0.0
7f866cc60000-7f866cc62000 r-xp 00000000 08:03 2369221                    /usr/lib/x86_64-linux-gnu/libXau.so.6.0.0
7f866cc62000-7f866ce62000 ---p 00002000 08:03 2369221                    /usr/lib/x86_64-linux-gnu/libXau.so.6.0.0
7f866ce62000-7f866ce63000 r--p 00002000 08:03 2369221                    /usr/lib/x86_64-linux-gnu/libXau.so.6.0.0
7f866ce63000-7f866ce64000 rw-p 00003000 08:03 2369221                    /usr/lib/x86_64-linux-gnu/libXau.so.6.0.0
7f866ce64000-7f866ce81000 r-xp 00000000 08:03 2370440                    /usr/lib/x86_64-linux-gnu/libxcb.so.1.1.0
7f866ce81000-7f866d081000 ---p 0001d000 08:03 2370440                    /usr/lib/x86_64-linux-gnu/libxcb.so.1.1.0
7f866d081000-7f866d082000 r--p 0001d000 08:03 2370440                    /usr/lib/x86_64-linux-gnu/libxcb.so.1.1.0
7f866d082000-7f866d083000 rw-p 0001e000 08:03 2370440                    /usr/lib/x86_64-linux-gnu/libxcb.so.1.1.0
7f866d083000-7f866d094000 r-xp 00000000 08:03 2369234                    /usr/lib/x86_64-linux-gnu/libXext.so.6.4.0
7f866d094000-7f866d293000 ---p 00011000 08:03 2369234                    /usr/lib/x86_64-linux-gnu/libXext.so.6.4.0
7f866d293000-7f866d294000 r--p 00010000 08:03 2369234                    /usr/lib/x86_64-linux-gnu/libXext.so.6.4.0
7f866d294000-7f866d295000 rw-p 00011000 08:03 2369234                    /usr/lib/x86_64-linux-gnu/libXext.so.6.4.0
7f866d295000-7f866d3c5000 r-xp 00000000 08:03 2369217                    /usr/lib/x86_64-linux-gnu/libX11.so.6.3.0
7f866d3c5000-7f866d5c5000 ---p 00130000 08:03 2369217                    /usr/lib/x86_64-linux-gnu/libX11.so.6.3.0
7f866d5c5000-7f866d5c6000 r--p 00130000 08:03 2369217                    /usr/lib/x86_64-linux-gnu/libX11.so.6.3.0
7f866d5c6000-7f866d5ca000 rw-p 00131000 08:03 2369217                    /usr/lib/x86_64-linux-gnu/libX11.so.6.3.0
7f866d5ca000-7f866d62b000 r-xp 00000000 08:03 147279                     /usr/lib/jvm/java-8-oracle/jre/lib/amd64/libsplashscreen.so
7f866d62b000-7f866d82b000 ---p 00061000 08:03 147279                     /usr/lib/jvm/java-8-oracle/jre/lib/amd64/libsplashscreen.so
7f866d82b000-7f866d82c000 rw-p 00061000 08:03 147279                     /usr/lib/jvm/java-8-oracle/jre/lib/amd64/libsplashscreen.so
7f866d82c000-7f866d82f000 rw-p 00000000 00:00 0 
7f866d82f000-7f866d934000 r-xp 00000000 08:03 394317                     /lib/x86_64-linux-gnu/libm-2.19.so
7f866d934000-7f866db33000 ---p 00105000 08:03 394317                     /lib/x86_64-linux-gnu/libm-2.19.so
7f866db33000-7f866db34000 r--p 00104000 08:03 394317                     /lib/x86_64-linux-gnu/libm-2.19.so
7f866db34000-7f866db35000 rw-p 00105000 08:03 394317                     /lib/x86_64-linux-gnu/libm-2.19.so
7f866db35000-7f866e802000 r-xp 00000000 08:03 147311                     /usr/lib/jvm/java-8-oracle/jre/lib/amd64/server/libjvm.so
7f866e802000-7f866ea01000 ---p 00ccd000 08:03 147311                     /usr/lib/jvm/java-8-oracle/jre/lib/amd64/server/libjvm.so
7f866ea01000-7f866eada000 rw-p 00ccc000 08:03 147311                     /usr/lib/jvm/java-8-oracle/jre/lib/amd64/server/libjvm.so
7f866eada000-7f866eb25000 rw-p 00000000 00:00 0 
7f866eb25000-7f866ecdf000 r-xp 00000000 08:03 394368                     /lib/x86_64-linux-gnu/libc-2.19.so
7f866ecdf000-7f866eedf000 ---p 001ba000 08:03 394368                     /lib/x86_64-linux-gnu/libc-2.19.so
7f866eedf000-7f866eee3000 r--p 001ba000 08:03 394368                     /lib/x86_64-linux-gnu/libc-2.19.so
7f866eee3000-7f866eee5000 rw-p 001be000 08:03 394368                     /lib/x86_64-linux-gnu/libc-2.19.so
7f866eee5000-7f866eeea000 rw-p 00000000 00:00 0 
7f866eeea000-7f866eeed000 r-xp 00000000 08:03 394319                     /lib/x86_64-linux-gnu/libdl-2.19.so
7f866eeed000-7f866f0ec000 ---p 00003000 08:03 394319                     /lib/x86_64-linux-gnu/libdl-2.19.so
7f866f0ec000-7f866f0ed000 r--p 00002000 08:03 394319                     /lib/x86_64-linux-gnu/libdl-2.19.so
7f866f0ed000-7f866f0ee000 rw-p 00003000 08:03 394319                     /lib/x86_64-linux-gnu/libdl-2.19.so
7f866f0ee000-7f866f103000 r-xp 00000000 08:03 146537                     /usr/lib/jvm/java-8-oracle/lib/amd64/jli/libjli.so
7f866f103000-7f866f303000 ---p 00015000 08:03 146537                     /usr/lib/jvm/java-8-oracle/lib/amd64/jli/libjli.so
7f866f303000-7f866f304000 rw-p 00015000 08:03 146537                     /usr/lib/jvm/java-8-oracle/lib/amd64/jli/libjli.so
7f866f304000-7f866f31d000 r-xp 00000000 08:03 394333                     /lib/x86_64-linux-gnu/libpthread-2.19.so
7f866f31d000-7f866f51c000 ---p 00019000 08:03 394333                     /lib/x86_64-linux-gnu/libpthread-2.19.so
7f866f51c000-7f866f51d000 r--p 00018000 08:03 394333                     /lib/x86_64-linux-gnu/libpthread-2.19.so
7f866f51d000-7f866f51e000 rw-p 00019000 08:03 394333                     /lib/x86_64-linux-gnu/libpthread-2.19.so
7f866f51e000-7f866f522000 rw-p 00000000 00:00 0 
7f866f522000-7f866f545000 r-xp 00000000 08:03 394338                     /lib/x86_64-linux-gnu/ld-2.19.so
7f866f550000-7f866f563000 r--s 00345000 08:03 147350                     /usr/lib/jvm/java-8-oracle/jre/lib/resources.jar
7f866f563000-7f866f56d000 r--s 00116000 08:03 414788                     /usr/lib/jvm/java-8-oracle/jre/lib/ext/localedata.jar
7f866f56d000-7f866f589000 r--s 00393000 08:03 414785                     /usr/lib/jvm/java-8-oracle/jre/lib/ext/cldrdata.jar
7f866f58f000-7f866f590000 rw-p 00000000 00:00 0 
7f866f590000-7f866f5a1000 rw-s 00000000 00:05 22118420                   /SYSV00000000 (deleted)
7f866f5a1000-7f866f5a3000 r--s 0000f000 08:03 2502454                    /usr/lib/jvm/java-8-oracle/lib/jcalendar-1.1.4.jar
7f866f5a3000-7f866f5ab000 r--s 000c4000 08:03 2495729                    /usr/lib/jvm/java-8-oracle/lib/mysql-connector-java-5.1.23-bin.jar
7f866f5ab000-7f866f5b6000 r--s 0005e000 08:03 2495728                    /usr/lib/jvm/java-8-oracle/lib/synthetica.jar
7f866f5b6000-7f866f5bc000 r--s 00018000 08:03 2495727                    /usr/lib/jvm/java-8-oracle/lib/syntheticaSilverMoon.jar
7f866f5bc000-7f866f5d9000 r--s 001bd000 08:03 2495724                    /usr/lib/jvm/java-8-oracle/lib/jide-oss-3.6.18.jar
7f866f5d9000-7f866f5f6000 r--s 0014f000 08:03 2495723                    /usr/lib/jvm/java-8-oracle/lib/swingx-all-1.6.4.jar
7f866f5f6000-7f866f60a000 r--s 00113000 08:03 2495722                    /usr/lib/jvm/java-8-oracle/lib/JTattoo-1.6.11.jar
7f866f60a000-7f866f61d000 rw-p 00000000 00:00 0 
7f866f61d000-7f866f620000 ---p 00000000 00:00 0 
7f866f620000-7f866f722000 rw-p 00000000 00:00 0                          [stack:13188]
7f866f722000-7f866f724000 r--s 00007000 08:03 2495730                    /usr/lib/jvm/java-8-oracle/lib/jdatepicker-1.3.2.jar
7f866f724000-7f866f730000 r--s 000a4000 08:03 2495721                    /usr/lib/jvm/java-8-oracle/lib/seaglasslookandfeel-0.2.jar
7f866f730000-7f866f731000 r--s 00000000 08:03 1843179                    /home/tharindu/netbeans-8.2/java/modules/ext/AbsoluteLayout.jar
7f866f731000-7f866f739000 rw-s 00000000 08:03 2229235                    /tmp/hsperfdata_tharindu/13182
7f866f739000-7f866f73a000 rw-p 00000000 00:00 0 
7f866f73a000-7f866f73b000 ---p 00000000 00:00 0 
7f866f73b000-7f866f742000 r--s 00000000 08:03 147925                     /usr/lib/x86_64-linux-gnu/gconv/gconv-modules.cache
7f866f742000-7f866f744000 rw-p 00000000 00:00 0 
7f866f744000-7f866f745000 r--p 00022000 08:03 394338                     /lib/x86_64-linux-gnu/ld-2.19.so
7f866f745000-7f866f746000 rw-p 00023000 08:03 394338                     /lib/x86_64-linux-gnu/ld-2.19.so
7f866f746000-7f866f747000 rw-p 00000000 00:00 0 
7ffe43da6000-7ffe43dc7000 rw-p 00000000 00:00 0                          [stack]
7ffe43dec000-7ffe43dee000 r--p 00000000 00:00 0                          [vvar]
7ffe43dee000-7ffe43df0000 r-xp 00000000 00:00 0                          [vdso]
ffffffffff600000-ffffffffff601000 r-xp 00000000 00:00 0                  [vsyscall]

VM Arguments:
jvm_args: -Dfile.encoding=UTF-8 
java_command: com.mangroven.hotel.view.mainFrame
java_class_path (initial): /home/tharindu/netbeans-8.2/java/modules/ext/AbsoluteLayout.jar:/usr/lib/jvm/java-8-oracle/lib/JTattoo-1.6.11.jar:/usr/lib/jvm/java-8-oracle/lib/seaglasslookandfeel-0.2.jar:/usr/lib/jvm/java-8-oracle/lib/swingx-all-1.6.4.jar:/usr/lib/jvm/java-8-oracle/lib/jide-oss-3.6.18.jar:/usr/lib/jvm/java-8-oracle/lib/syntheticaSilverMoon.jar:/usr/lib/jvm/java-8-oracle/lib/synthetica.jar:/usr/lib/jvm/java-8-oracle/lib/mysql-connector-java-5.1.23-bin.jar:/usr/lib/jvm/java-8-oracle/lib/jdatepicker-1.3.2.jar:/usr/lib/jvm/java-8-oracle/lib/jcalendar-1.1.4.jar:/home/tharindu/NetBeansProjects/Hotel/build/classes
Launcher Type: SUN_STANDARD

Environment Variables:
JAVA_HOME=/usr/lib/jvm/java-8-oracle
PATH=/usr/local/sbin:/usr/local/bin:/usr/sbin:/usr/bin:/sbin:/bin:/usr/games:/usr/local/games:/usr/lib/jvm/java-8-oracle/bin:/usr/lib/jvm/java-8-oracle/db/bin:/usr/lib/jvm/java-8-oracle/jre/bin
USERNAME=tharindu
LD_LIBRARY_PATH=/usr/lib/jvm/java-8-oracle/jre/lib/amd64:/usr/lib/jvm/java-8-oracle/jre/lib/i386:
SHELL=/bin/bash
DISPLAY=:0

Signal Handlers:
SIGSEGV: [libjvm.so+0xac64b0], sa_mask[0]=11111111011111111101111111111110, sa_flags=SA_RESTART|SA_SIGINFO
SIGBUS: [libjvm.so+0xac64b0], sa_mask[0]=11111111011111111101111111111110, sa_flags=SA_RESTART|SA_SIGINFO
SIGFPE: [libjvm.so+0x91f950], sa_mask[0]=11111111011111111101111111111110, sa_flags=SA_RESTART|SA_SIGINFO
SIGPIPE: [libjvm.so+0x91f950], sa_mask[0]=11111111011111111101111111111110, sa_flags=SA_RESTART|SA_SIGINFO
SIGXFSZ: [libjvm.so+0x91f950], sa_mask[0]=11111111011111111101111111111110, sa_flags=SA_RESTART|SA_SIGINFO
SIGILL: [libjvm.so+0x91f950], sa_mask[0]=11111111011111111101111111111110, sa_flags=SA_RESTART|SA_SIGINFO
SIGUSR1: SIG_DFL, sa_mask[0]=00000000000000000000000000000000, sa_flags=none
SIGUSR2: [libjvm.so+0x920f80], sa_mask[0]=00100000000000000000000000000000, sa_flags=SA_RESTART|SA_SIGINFO
SIGHUP: [libjvm.so+0x922380], sa_mask[0]=11111111011111111101111111111110, sa_flags=SA_RESTART|SA_SIGINFO
SIGINT: SIG_IGN, sa_mask[0]=00000000000000000000000000000000, sa_flags=none
SIGTERM: [libjvm.so+0x922380], sa_mask[0]=11111111011111111101111111111110, sa_flags=SA_RESTART|SA_SIGINFO
SIGQUIT: [libjvm.so+0x922380], sa_mask[0]=11111111011111111101111111111110, sa_flags=SA_RESTART|SA_SIGINFO


---------------  S Y S T E M  ---------------

OS:DISTRIB_ID=LinuxMint
DISTRIB_RELEASE=17.3
DISTRIB_CODENAME=rosa
DISTRIB_DESCRIPTION="Linux Mint 17.3 Rosa"

uname:Linux 3.19.0-32-generic #37~14.04.1-Ubuntu SMP Thu Oct 22 09:41:40 UTC 2015 x86_64
libc:glibc 2.19 NPTL 2.19 
rlimit: STACK 8192k, CORE 0k, NPROC 15316, NOFILE 4096, AS infinity
load average:7.36 6.73 5.65

/proc/meminfo:
MemTotal:        3953184 kB
MemFree:          110664 kB
MemAvailable:      56612 kB
Buffers:             808 kB
Cached:           397604 kB
SwapCached:            0 kB
Active:          3356212 kB
Inactive:         357192 kB
Active(anon):    3341756 kB
Inactive(anon):   341192 kB
Active(file):      14456 kB
Inactive(file):    16000 kB
Unevictable:           0 kB
Mlocked:               0 kB
SwapTotal:             0 kB
SwapFree:              0 kB
Dirty:               292 kB
Writeback:             0 kB
AnonPages:       3315636 kB
Mapped:           125680 kB
Shmem:            367384 kB
Slab:              59396 kB
SReclaimable:      30368 kB
SUnreclaim:        29028 kB
KernelStack:        7824 kB
PageTables:        27664 kB
NFS_Unstable:          0 kB
Bounce:                0 kB
WritebackTmp:          0 kB
CommitLimit:     1976592 kB
Committed_AS:    5048040 kB
VmallocTotal:   34359738367 kB
VmallocUsed:      347096 kB
VmallocChunk:   34359384028 kB
HardwareCorrupted:     0 kB
AnonHugePages:   2011136 kB
CmaTotal:              0 kB
CmaFree:               0 kB
HugePages_Total:       0
HugePages_Free:        0
HugePages_Rsvd:        0
HugePages_Surp:        0
Hugepagesize:       2048 kB
DirectMap4k:      111272 kB
DirectMap2M:     3989504 kB


CPU:total 4 (2 cores per cpu, 2 threads per core) family 6 model 42 stepping 7, cmov, cx8, fxsr, mmx, sse, sse2, sse3, ssse3, sse4.1, sse4.2, popcnt, avx, clmul, ht, tsc, tscinvbit

/proc/cpuinfo:
processor	: 0
vendor_id	: GenuineIntel
cpu family	: 6
model		: 42
model name	: Intel(R) Core(TM) i3-2350M CPU @ 2.30GHz
stepping	: 7
microcode	: 0x1b
cpu MHz		: 799.968
cache size	: 3072 KB
physical id	: 0
siblings	: 4
core id		: 0
cpu cores	: 2
apicid		: 0
initial apicid	: 0
fpu		: yes
fpu_exception	: yes
cpuid level	: 13
wp		: yes
flags		: fpu vme de pse tsc msr pae mce cx8 apic sep mtrr pge mca cmov pat pse36 clflush dts acpi mmx fxsr sse sse2 ss ht tm pbe syscall nx rdtscp lm constant_tsc arch_perfmon pebs bts rep_good nopl xtopology nonstop_tsc aperfmperf eagerfpu pni pclmulqdq dtes64 monitor ds_cpl vmx est tm2 ssse3 cx16 xtpr pdcm pcid sse4_1 sse4_2 x2apic popcnt tsc_deadline_timer xsave avx lahf_lm arat epb pln pts dtherm tpr_shadow vnmi flexpriority ept vpid xsaveopt
bugs		:
bogomips	: 4589.93
clflush size	: 64
cache_alignment	: 64
address sizes	: 36 bits physical, 48 bits virtual
power management:

processor	: 1
vendor_id	: GenuineIntel
cpu family	: 6
model		: 42
model name	: Intel(R) Core(TM) i3-2350M CPU @ 2.30GHz
stepping	: 7
microcode	: 0x1b
cpu MHz		: 799.968
cache size	: 3072 KB
physical id	: 0
siblings	: 4
core id		: 1
cpu cores	: 2
apicid		: 2
initial apicid	: 2
fpu		: yes
fpu_exception	: yes
cpuid level	: 13
wp		: yes
flags		: fpu vme de pse tsc msr pae mce cx8 apic sep mtrr pge mca cmov pat pse36 clflush dts acpi mmx fxsr sse sse2 ss ht tm pbe syscall nx rdtscp lm constant_tsc arch_perfmon pebs bts rep_good nopl xtopology nonstop_tsc aperfmperf eagerfpu pni pclmulqdq dtes64 monitor ds_cpl vmx est tm2 ssse3 cx16 xtpr pdcm pcid sse4_1 sse4_2 x2apic popcnt tsc_deadline_timer xsave avx lahf_lm arat epb pln pts dtherm tpr_shadow vnmi flexpriority ept vpid xsaveopt
bugs		:
bogomips	: 4589.93
clflush size	: 64
cache_alignment	: 64
address sizes	: 36 bits physical, 48 bits virtual
power management:

processor	: 2
vendor_id	: GenuineIntel
cpu family	: 6
model		: 42
model name	: Intel(R) Core(TM) i3-2350M CPU @ 2.30GHz
stepping	: 7
microcode	: 0x1b
cpu MHz		: 799.968
cache size	: 3072 KB
physical id	: 0
siblings	: 4
core id		: 0
cpu cores	: 2
apicid		: 1
initial apicid	: 1
fpu		: yes
fpu_exception	: yes
cpuid level	: 13
wp		: yes
flags		: fpu vme de pse tsc msr pae mce cx8 apic sep mtrr pge mca cmov pat pse36 clflush dts acpi mmx fxsr sse sse2 ss ht tm pbe syscall nx rdtscp lm constant_tsc arch_perfmon pebs bts rep_good nopl xtopology nonstop_tsc aperfmperf eagerfpu pni pclmulqdq dtes64 monitor ds_cpl vmx est tm2 ssse3 cx16 xtpr pdcm pcid sse4_1 sse4_2 x2apic popcnt tsc_deadline_timer xsave avx lahf_lm arat epb pln pts dtherm tpr_shadow vnmi flexpriority ept vpid xsaveopt
bugs		:
bogomips	: 4589.93
clflush size	: 64
cache_alignment	: 64
address sizes	: 36 bits physical, 48 bits virtual
power management:

processor	: 3
vendor_id	: GenuineIntel
cpu family	: 6
model		: 42
model name	: Intel(R) Core(TM) i3-2350M CPU @ 2.30GHz
stepping	: 7
microcode	: 0x1b
cpu MHz		: 799.968
cache size	: 3072 KB
physical id	: 0
siblings	: 4
core id		: 1
cpu cores	: 2
apicid		: 3
initial apicid	: 3
fpu		: yes
fpu_exception	: yes
cpuid level	: 13
wp		: yes
flags		: fpu vme de pse tsc msr pae mce cx8 apic sep mtrr pge mca cmov pat pse36 clflush dts acpi mmx fxsr sse sse2 ss ht tm pbe syscall nx rdtscp lm constant_tsc arch_perfmon pebs bts rep_good nopl xtopology nonstop_tsc aperfmperf eagerfpu pni pclmulqdq dtes64 monitor ds_cpl vmx est tm2 ssse3 cx16 xtpr pdcm pcid sse4_1 sse4_2 x2apic popcnt tsc_deadline_timer xsave avx lahf_lm arat epb pln pts dtherm tpr_shadow vnmi flexpriority ept vpid xsaveopt
bugs		:
bogomips	: 4589.93
clflush size	: 64
cache_alignment	: 64
address sizes	: 36 bits physical, 48 bits virtual
power management:



Memory: 4k page, physical 3953184k(110664k free), swap 0k(0k free)

vm_info: Java HotSpot(TM) 64-Bit Server VM (25.111-b14) for linux-amd64 JRE (1.8.0_111-b14), built on Sep 22 2016 16:14:03 by "java_re" with gcc 4.3.0 20080428 (Red Hat 4.3.0-8)

time: Tue May  9 05:34:42 2017
elapsed time: 10 seconds (0d 0h 0m 10s)

