#
# There is insufficient memory for the Java Runtime Environment to continue.
# Native memory allocation (mmap) failed to map 120061952 bytes for committing reserved memory.
# Possible reasons:
#   The system is out of physical RAM or swap space
#   In 32 bit mode, the process size limit was hit
# Possible solutions:
#   Reduce memory load on the system
#   Increase physical memory or swap space
#   Check if swap backing store is full
#   Use 64 bit Java on a 64 bit OS
#   Decrease Java heap size (-Xmx/-Xms)
#   Decrease number of Java threads
#   Decrease Java thread stack sizes (-Xss)
#   Set larger code cache with -XX:ReservedCodeCacheSize=
# This output file may be truncated or incomplete.
#
#  Out of Memory Error (os_linux.cpp:2627), pid=3758, tid=0x00007f989cefe700
#
# JRE version: Java(TM) SE Runtime Environment (8.0_111-b14) (build 1.8.0_111-b14)
# Java VM: Java HotSpot(TM) 64-Bit Server VM (25.111-b14 mixed mode linux-amd64 compressed oops)
# Failed to write core dump. Core dumps have been disabled. To enable core dumping, try "ulimit -c unlimited" before starting Java again
#

---------------  T H R E A D  ---------------

Current thread (0x00007f98ac077800):  VMThread [stack: 0x00007f989cdfe000,0x00007f989ceff000] [id=3768]

Stack: [0x00007f989cdfe000,0x00007f989ceff000],  sp=0x00007f989cefd1e0,  free space=1020k
Native frames: (J=compiled Java code, j=interpreted, Vv=VM code, C=native code)
V  [libjvm.so+0xac5c2a]  VMError::report_and_die()+0x2ba
V  [libjvm.so+0x4fc50b]  report_vm_out_of_memory(char const*, int, unsigned long, VMErrorType, char const*)+0x8b
V  [libjvm.so+0x922ae3]  os::Linux::commit_memory_impl(char*, unsigned long, bool)+0x103
V  [libjvm.so+0x923039]  os::pd_commit_memory(char*, unsigned long, unsigned long, bool)+0x29
V  [libjvm.so+0x91d33a]  os::commit_memory(char*, unsigned long, unsigned long, bool)+0x2a
V  [libjvm.so+0x991ac3]  PSVirtualSpace::expand_by(unsigned long)+0x53
V  [libjvm.so+0x992ec8]  PSYoungGen::resize_generation(unsigned long, unsigned long)+0xf8
V  [libjvm.so+0x992022]  PSYoungGen::resize(unsigned long, unsigned long)+0x22
V  [libjvm.so+0x98f2fb]  PSScavenge::invoke_no_policy()+0xf3b
V  [libjvm.so+0x98fa81]  PSScavenge::invoke()+0x41
V  [libjvm.so+0x9467d0]  ParallelScavengeHeap::failed_mem_allocate(unsigned long)+0x70
V  [libjvm.so+0xac7647]  VM_ParallelGCFailedAllocation::doit()+0x97
V  [libjvm.so+0xacf125]  VM_Operation::evaluate()+0x55
V  [libjvm.so+0xacd4fa]  VMThread::evaluate_operation(VM_Operation*)+0xba
V  [libjvm.so+0xacd87e]  VMThread::loop()+0x1ce
V  [libjvm.so+0xacdcf0]  VMThread::run()+0x70
V  [libjvm.so+0x924ea8]  java_start(Thread*)+0x108

VM_Operation (0x00007f984606d600): ParallelGCFailedAllocation, mode: safepoint, requested by thread 0x00007f98540e4800


---------------  P R O C E S S  ---------------

Java Threads: ( => current thread )
  0x00007f98540e4800 JavaThread "Thread-2" [_thread_blocked, id=3788, stack(0x00007f9845f6e000,0x00007f984606f000)]
  0x00007f9854150000 JavaThread "Thread-1" [_thread_blocked, id=3787, stack(0x00007f984606f000,0x00007f9846170000)]
  0x00007f985415f000 JavaThread "Thread-0" [_thread_blocked, id=3786, stack(0x00007f9846170000,0x00007f9846271000)]
  0x00007f9854067000 JavaThread "TimerQueue" daemon [_thread_blocked, id=3785, stack(0x00007f988f36b000,0x00007f988f46c000)]
  0x00007f98ac00a000 JavaThread "DestroyJavaVM" [_thread_blocked, id=3760, stack(0x00007f98b546b000,0x00007f98b556c000)]
  0x00007f98ac259800 JavaThread "AWT-EventQueue-0" [_thread_blocked, id=3783, stack(0x00007f988fbed000,0x00007f988fcee000)]
  0x00007f98ac258800 JavaThread "AWT-Shutdown" [_thread_blocked, id=3782, stack(0x00007f988fcee000,0x00007f988fdef000)]
  0x00007f98ac200000 JavaThread "AWT-XAWT" daemon [_thread_blocked, id=3781, stack(0x00007f9894346000,0x00007f9894447000)]
  0x00007f98ac1e3000 JavaThread "Java2D Disposer" daemon [_thread_blocked, id=3780, stack(0x00007f9894857000,0x00007f9894958000)]
  0x00007f98ac0da000 JavaThread "Service Thread" daemon [_thread_blocked, id=3775, stack(0x00007f989c42e000,0x00007f989c52f000)]
  0x00007f98ac0bd000 JavaThread "C1 CompilerThread2" daemon [_thread_blocked, id=3774, stack(0x00007f989c52f000,0x00007f989c630000)]
  0x00007f98ac0bb000 JavaThread "C2 CompilerThread1" daemon [_thread_blocked, id=3773, stack(0x00007f989c630000,0x00007f989c731000)]
  0x00007f98ac0b8000 JavaThread "C2 CompilerThread0" daemon [_thread_blocked, id=3772, stack(0x00007f989c731000,0x00007f989c832000)]
  0x00007f98ac0b6800 JavaThread "Signal Dispatcher" daemon [_thread_blocked, id=3771, stack(0x00007f989c832000,0x00007f989c933000)]
  0x00007f98ac084000 JavaThread "Finalizer" daemon [_thread_blocked, id=3770, stack(0x00007f989cbfc000,0x00007f989ccfd000)]
  0x00007f98ac07f000 JavaThread "Reference Handler" daemon [_thread_blocked, id=3769, stack(0x00007f989ccfd000,0x00007f989cdfe000)]

Other Threads:
=>0x00007f98ac077800 VMThread [stack: 0x00007f989cdfe000,0x00007f989ceff000] [id=3768]
  0x00007f98ac0dd000 WatcherThread [stack: 0x00007f989c32d000,0x00007f989c42e000] [id=3776]

VM state:at safepoint (normal execution)

VM Mutex/Monitor currently owned by a thread:  ([mutex/lock_event])
[0x00007f98ac006050] Threads_lock - owner thread: 0x00007f98ac077800
[0x00007f98ac006550] Heap_lock - owner thread: 0x00007f98540e4800

Heap:
 PSYoungGen      total 207872K, used 192K [0x00000000ebe00000, 0x00000000f8d80000, 0x0000000100000000)
  eden space 203264K, 0% used [0x00000000ebe00000,0x00000000ebe00000,0x00000000f8480000)
  from space 4608K, 4% used [0x00000000f8480000,0x00000000f84b0000,0x00000000f8900000)
  to   space 4608K, 0% used [0x00000000f8900000,0x00000000f8900000,0x00000000f8d80000)
 ParOldGen       total 42496K, used 3474K [0x00000000c3a00000, 0x00000000c6380000, 0x00000000ebe00000)
  object space 42496K, 8% used [0x00000000c3a00000,0x00000000c3d64a30,0x00000000c6380000)
 Metaspace       used 16245K, capacity 16492K, committed 16896K, reserved 1064960K
  class space    used 2113K, capacity 2194K, committed 2304K, reserved 1048576K

Card table byte_map: [0x00007f98b2041000,0x00007f98b2225000] byte_map_base: 0x00007f98b1a24000

Marking Bits: (ParMarkBitMap*) 0x00007f98b4946220
 Begin Bits: [0x00007f98961d0000, 0x00007f98970e8000)
 End Bits:   [0x00007f98970e8000, 0x00007f9898000000)

Polling page: 0x00007f98b558f000

CodeCache: size=245760Kb used=4425Kb max_used=4425Kb free=241334Kb
 bounds [0x00007f989d000000, 0x00007f989d460000, 0x00007f98ac000000]
 total_blobs=1956 nmethods=1371 adapters=498
 compilation: enabled

Compilation events (10 events):
Event: 19.025 Thread 0x00007f98ac0bd000 1452       3       javax.swing.plaf.synth.SynthStyle::installDefaults (55 bytes)
Event: 19.027 Thread 0x00007f98ac0bd000 nmethod 1452 0x00007f989d4528d0 code [0x00007f989d452aa0, 0x00007f989d453348]
Event: 19.029 Thread 0x00007f98ac0bd000 1453       3       java.util.Arrays::sort (47 bytes)
Event: 19.030 Thread 0x00007f98ac0bd000 nmethod 1453 0x00007f989d4520d0 code [0x00007f989d452280, 0x00007f989d4526b8]
Event: 19.031 Thread 0x00007f98ac0bd000 1454       3       java.util.WeakHashMap::maskNull (12 bytes)
Event: 19.031 Thread 0x00007f98ac0bd000 nmethod 1454 0x00007f989d455010 code [0x00007f989d455180, 0x00007f989d455310]
Event: 19.032 Thread 0x00007f98ac0bd000 1455       3       java.util.WeakHashMap::hash (28 bytes)
Event: 19.032 Thread 0x00007f98ac0bd000 nmethod 1455 0x00007f989d455390 code [0x00007f989d455500, 0x00007f989d455748]
Event: 19.070 Thread 0x00007f98ac0bd000 1456       3       java.beans.PropertyChangeSupport::addPropertyChangeListener (45 bytes)
Event: 19.070 Thread 0x00007f98ac0bd000 nmethod 1456 0x00007f989d455810 code [0x00007f989d4559e0, 0x00007f989d4561b8]

GC Heap History (10 events):
Event: 13.746 GC heap after
Heap after GC invocations=6 (full 0):
 PSYoungGen      total 67072K, used 2560K [0x00000000ebe00000, 0x00000000f0300000, 0x0000000100000000)
  eden space 63488K, 0% used [0x00000000ebe00000,0x00000000ebe00000,0x00000000efc00000)
  from space 3584K, 71% used [0x00000000eff80000,0x00000000f02003b8,0x00000000f0300000)
  to   space 3584K, 0% used [0x00000000efc00000,0x00000000efc00000,0x00000000eff80000)
 ParOldGen       total 42496K, used 960K [0x00000000c3a00000, 0x00000000c6380000, 0x00000000ebe00000)
  object space 42496K, 2% used [0x00000000c3a00000,0x00000000c3af0390,0x00000000c6380000)
 Metaspace       used 15707K, capacity 15862K, committed 16256K, reserved 1062912K
  class space    used 2008K, capacity 2087K, committed 2176K, reserved 1048576K
}
Event: 14.579 GC heap before
{Heap before GC invocations=7 (full 0):
 PSYoungGen      total 67072K, used 66048K [0x00000000ebe00000, 0x00000000f0300000, 0x0000000100000000)
  eden space 63488K, 100% used [0x00000000ebe00000,0x00000000efc00000,0x00000000efc00000)
  from space 3584K, 71% used [0x00000000eff80000,0x00000000f02003b8,0x00000000f0300000)
  to   space 3584K, 0% used [0x00000000efc00000,0x00000000efc00000,0x00000000eff80000)
 ParOldGen       total 42496K, used 960K [0x00000000c3a00000, 0x00000000c6380000, 0x00000000ebe00000)
  object space 42496K, 2% used [0x00000000c3a00000,0x00000000c3af0390,0x00000000c6380000)
 Metaspace       used 15717K, capacity 15862K, committed 16256K, reserved 1062912K
  class space    used 2008K, capacity 2087K, committed 2176K, reserved 1048576K
Event: 14.601 GC heap after
Heap after GC invocations=7 (full 0):
 PSYoungGen      total 67072K, used 192K [0x00000000ebe00000, 0x00000000f4200000, 0x0000000100000000)
  eden space 63488K, 0% used [0x00000000ebe00000,0x00000000ebe00000,0x00000000efc00000)
  from space 3584K, 5% used [0x00000000efc00000,0x00000000efc30000,0x00000000eff80000)
  to   space 4096K, 0% used [0x00000000f3e00000,0x00000000f3e00000,0x00000000f4200000)
 ParOldGen       total 42496K, used 3377K [0x00000000c3a00000, 0x00000000c6380000, 0x00000000ebe00000)
  object space 42496K, 7% used [0x00000000c3a00000,0x00000000c3d4c6b0,0x00000000c6380000)
 Metaspace       used 15717K, capacity 15862K, committed 16256K, reserved 1062912K
  class space    used 2008K, capacity 2087K, committed 2176K, reserved 1048576K
}
Event: 15.772 GC heap before
{Heap before GC invocations=8 (full 0):
 PSYoungGen      total 67072K, used 63680K [0x00000000ebe00000, 0x00000000f4200000, 0x0000000100000000)
  eden space 63488K, 100% used [0x00000000ebe00000,0x00000000efc00000,0x00000000efc00000)
  from space 3584K, 5% used [0x00000000efc00000,0x00000000efc30000,0x00000000eff80000)
  to   space 4096K, 0% used [0x00000000f3e00000,0x00000000f3e00000,0x00000000f4200000)
 ParOldGen       total 42496K, used 3377K [0x00000000c3a00000, 0x00000000c6380000, 0x00000000ebe00000)
  object space 42496K, 7% used [0x00000000c3a00000,0x00000000c3d4c6b0,0x00000000c6380000)
 Metaspace       used 15736K, capacity 15926K, committed 16256K, reserved 1062912K
  class space    used 2008K, capacity 2087K, committed 2176K, reserved 1048576K
Event: 15.778 GC heap after
Heap after GC invocations=8 (full 0):
 PSYoungGen      total 131072K, used 64K [0x00000000ebe00000, 0x00000000f4200000, 0x0000000100000000)
  eden space 126976K, 0% used [0x00000000ebe00000,0x00000000ebe00000,0x00000000f3a00000)
  from space 4096K, 1% used [0x00000000f3e00000,0x00000000f3e10000,0x00000000f4200000)
  to   space 4096K, 0% used [0x00000000f3a00000,0x00000000f3a00000,0x00000000f3e00000)
 ParOldGen       total 42496K, used 3426K [0x00000000c3a00000, 0x00000000c6380000, 0x00000000ebe00000)
  object space 42496K, 8% used [0x00000000c3a00000,0x00000000c3d58a30,0x00000000c6380000)
 Metaspace       used 15736K, capacity 15926K, committed 16256K, reserved 1062912K
  class space    used 2008K, capacity 2087K, committed 2176K, reserved 1048576K
}
Event: 17.760 GC heap before
{Heap before GC invocations=9 (full 0):
 PSYoungGen      total 131072K, used 127040K [0x00000000ebe00000, 0x00000000f4200000, 0x0000000100000000)
  eden space 126976K, 100% used [0x00000000ebe00000,0x00000000f3a00000,0x00000000f3a00000)
  from space 4096K, 1% used [0x00000000f3e00000,0x00000000f3e10000,0x00000000f4200000)
  to   space 4096K, 0% used [0x00000000f3a00000,0x00000000f3a00000,0x00000000f3e00000)
 ParOldGen       total 42496K, used 3426K [0x00000000c3a00000, 0x00000000c6380000, 0x00000000ebe00000)
  object space 42496K, 8% used [0x00000000c3a00000,0x00000000c3d58a30,0x00000000c6380000)
 Metaspace       used 15796K, capacity 15990K, committed 16256K, reserved 1062912K
  class space    used 2009K, capacity 2087K, committed 2176K, reserved 1048576K
Event: 17.776 GC heap after
Heap after GC invocations=9 (full 0):
 PSYoungGen      total 131072K, used 96K [0x00000000ebe00000, 0x00000000f8d80000, 0x0000000100000000)
  eden space 126976K, 0% used [0x00000000ebe00000,0x00000000ebe00000,0x00000000f3a00000)
  from space 4096K, 2% used [0x00000000f3a00000,0x00000000f3a18000,0x00000000f3e00000)
  to   space 4608K, 0% used [0x00000000f8900000,0x00000000f8900000,0x00000000f8d80000)
 ParOldGen       total 42496K, used 3450K [0x00000000c3a00000, 0x00000000c6380000, 0x00000000ebe00000)
  object space 42496K, 8% used [0x00000000c3a00000,0x00000000c3d5ea30,0x00000000c6380000)
 Metaspace       used 15796K, capacity 15990K, committed 16256K, reserved 1062912K
  class space    used 2009K, capacity 2087K, committed 2176K, reserved 1048576K
}
Event: 18.208 GC heap before
{Heap before GC invocations=10 (full 0):
 PSYoungGen      total 131072K, used 127072K [0x00000000ebe00000, 0x00000000f8d80000, 0x0000000100000000)
  eden space 126976K, 100% used [0x00000000ebe00000,0x00000000f3a00000,0x00000000f3a00000)
  from space 4096K, 2% used [0x00000000f3a00000,0x00000000f3a18000,0x00000000f3e00000)
  to   space 4608K, 0% used [0x00000000f8900000,0x00000000f8900000,0x00000000f8d80000)
 ParOldGen       total 42496K, used 3450K [0x00000000c3a00000, 0x00000000c6380000, 0x00000000ebe00000)
  object space 42496K, 8% used [0x00000000c3a00000,0x00000000c3d5ea30,0x00000000c6380000)
 Metaspace       used 15825K, capacity 15990K, committed 16256K, reserved 1062912K
  class space    used 2009K, capacity 2087K, committed 2176K, reserved 1048576K
Event: 18.211 GC heap after
Heap after GC invocations=10 (full 0):
 PSYoungGen      total 207872K, used 32K [0x00000000ebe00000, 0x00000000f8d80000, 0x0000000100000000)
  eden space 203264K, 0% used [0x00000000ebe00000,0x00000000ebe00000,0x00000000f8480000)
  from space 4608K, 0% used [0x00000000f8900000,0x00000000f8908000,0x00000000f8d80000)
  to   space 4608K, 0% used [0x00000000f8480000,0x00000000f8480000,0x00000000f8900000)
 ParOldGen       total 42496K, used 3458K [0x00000000c3a00000, 0x00000000c6380000, 0x00000000ebe00000)
  object space 42496K, 8% used [0x00000000c3a00000,0x00000000c3d60a30,0x00000000c6380000)
 Metaspace       used 15825K, capacity 15990K, committed 16256K, reserved 1062912K
  class space    used 2009K, capacity 2087K, committed 2176K, reserved 1048576K
}
Event: 19.105 GC heap before
{Heap before GC invocations=11 (full 0):
 PSYoungGen      total 207872K, used 203296K [0x00000000ebe00000, 0x00000000f8d80000, 0x0000000100000000)
  eden space 203264K, 100% used [0x00000000ebe00000,0x00000000f8480000,0x00000000f8480000)
  from space 4608K, 0% used [0x00000000f8900000,0x00000000f8908000,0x00000000f8d80000)
  to   space 4608K, 0% used [0x00000000f8480000,0x00000000f8480000,0x00000000f8900000)
 ParOldGen       total 42496K, used 3458K [0x00000000c3a00000, 0x00000000c6380000, 0x00000000ebe00000)
  object space 42496K, 8% used [0x00000000c3a00000,0x00000000c3d60a30,0x00000000c6380000)
 Metaspace       used 16245K, capacity 16492K, committed 16896K, reserved 1064960K
  class space    used 2113K, capacity 2194K, committed 2304K, reserved 1048576K

Deoptimization events (10 events):
Event: 7.429 Thread 0x00007f98ac259800 Uncommon trap: reason=class_check action=maybe_recompile pc=0x00007f989d20dbc4 method=java.util.HashMap.putVal(ILjava/lang/Object;Ljava/lang/Object;ZZ)Ljava/lang/Object; @ 253
Event: 7.439 Thread 0x00007f98ac259800 Uncommon trap: reason=class_check action=maybe_recompile pc=0x00007f989d20dbc4 method=java.util.HashMap.putVal(ILjava/lang/Object;Ljava/lang/Object;ZZ)Ljava/lang/Object; @ 253
Event: 7.440 Thread 0x00007f98ac259800 Uncommon trap: reason=class_check action=maybe_recompile pc=0x00007f989d20dbc4 method=java.util.HashMap.putVal(ILjava/lang/Object;Ljava/lang/Object;ZZ)Ljava/lang/Object; @ 253
Event: 7.440 Thread 0x00007f98ac259800 Uncommon trap: reason=class_check action=maybe_recompile pc=0x00007f989d20dbc4 method=java.util.HashMap.putVal(ILjava/lang/Object;Ljava/lang/Object;ZZ)Ljava/lang/Object; @ 253
Event: 9.398 Thread 0x00007f98ac259800 Uncommon trap: reason=unstable_if action=reinterpret pc=0x00007f989d23d720 method=java.util.HashMap.getNode(ILjava/lang/Object;)Ljava/util/HashMap$Node; @ 84
Event: 9.398 Thread 0x00007f98ac259800 Uncommon trap: reason=unstable_if action=reinterpret pc=0x00007f989d246fc4 method=java.util.HashMap.getNode(ILjava/lang/Object;)Ljava/util/HashMap$Node; @ 84
Event: 18.625 Thread 0x00007f98ac259800 Uncommon trap: reason=unstable_if action=reinterpret pc=0x00007f989d3c73bc method=java.awt.Component.firePropertyChange(Ljava/lang/String;II)V @ 8
Event: 18.625 Thread 0x00007f98ac259800 Uncommon trap: reason=unstable_if action=reinterpret pc=0x00007f989d3c2cb4 method=java.awt.Component.firePropertyChange(Ljava/lang/String;II)V @ 8
Event: 18.626 Thread 0x00007f98ac259800 Uncommon trap: reason=unstable_if action=reinterpret pc=0x00007f989d3c5d24 method=java.awt.Component.firePropertyChange(Ljava/lang/String;II)V @ 8
Event: 18.967 Thread 0x00007f98ac259800 Uncommon trap: reason=unstable_if action=reinterpret pc=0x00007f989d240e7c method=java.util.HashMap.putVal(ILjava/lang/Object;Ljava/lang/Object;ZZ)Ljava/lang/Object; @ 109

Internal exceptions (10 events):
Event: 5.697 Thread 0x00007f98ac00a000 Exception <a 'java/lang/ClassNotFoundException': javax/swing/JToolBarSeparator> (0x00000000ec277780) thrown at [/HUDSON3/workspace/8-2-build-linux-amd64/jdk8u111/7883/hotspot/src/share/vm/classfile/systemDictionary.cpp, line 210]
Event: 5.697 Thread 0x00007f98ac00a000 Exception <a 'java/lang/ClassNotFoundException': ToolBarSeparator> (0x00000000ec277c18) thrown at [/HUDSON3/workspace/8-2-build-linux-amd64/jdk8u111/7883/hotspot/src/share/vm/classfile/systemDictionary.cpp, line 210]
Event: 5.698 Thread 0x00007f98ac00a000 Exception <a 'java/lang/ClassNotFoundException': ToolTip> (0x00000000ec278358) thrown at [/HUDSON3/workspace/8-2-build-linux-amd64/jdk8u111/7883/hotspot/src/share/vm/classfile/systemDictionary.cpp, line 210]
Event: 5.701 Thread 0x00007f98ac00a000 Exception <a 'java/lang/ClassNotFoundException': Tree> (0x00000000ec278f78) thrown at [/HUDSON3/workspace/8-2-build-linux-amd64/jdk8u111/7883/hotspot/src/share/vm/classfile/systemDictionary.cpp, line 210]
Event: 5.701 Thread 0x00007f98ac00a000 Exception <a 'java/lang/ClassNotFoundException': Tree> (0x00000000ec2796b8) thrown at [/HUDSON3/workspace/8-2-build-linux-amd64/jdk8u111/7883/hotspot/src/share/vm/classfile/systemDictionary.cpp, line 210]
Event: 5.701 Thread 0x00007f98ac00a000 Exception <a 'java/lang/ClassNotFoundException': javax/swing/JTreeCell> (0x00000000ec279a38) thrown at [/HUDSON3/workspace/8-2-build-linux-amd64/jdk8u111/7883/hotspot/src/share/vm/classfile/systemDictionary.cpp, line 210]
Event: 5.701 Thread 0x00007f98ac00a000 Exception <a 'java/lang/ClassNotFoundException': TreeCell> (0x00000000ec279ec0) thrown at [/HUDSON3/workspace/8-2-build-linux-amd64/jdk8u111/7883/hotspot/src/share/vm/classfile/systemDictionary.cpp, line 210]
Event: 5.710 Thread 0x00007f98ac00a000 Exception <a 'java/lang/ClassNotFoundException': RootPane> (0x00000000ec27a920) thrown at [/HUDSON3/workspace/8-2-build-linux-amd64/jdk8u111/7883/hotspot/src/share/vm/classfile/systemDictionary.cpp, line 210]
Event: 6.177 Thread 0x00007f98ac259800 Implicit null exception at 0x00007f989d1d21f4 to 0x00007f989d1d25d9
Event: 13.160 Thread 0x00007f98ac259800 Exception <a 'java/lang/UnsupportedOperationException': > (0x00000000ecae7788) thrown at [/HUDSON3/workspace/8-2-build-linux-amd64/jdk8u111/7883/hotspot/src/share/vm/prims/jni.cpp, line 735]

Events (10 events):
Event: 19.028 loading class javax/swing/plaf/synth/SynthRadioButtonUI done
Event: 19.028 loading class javax/swing/plaf/synth/SynthCheckBoxUI done
Event: 19.032 loading class javax/swing/JTable$BooleanRenderer
Event: 19.034 loading class javax/swing/JTable$BooleanRenderer done
Event: 19.035 loading class javax/swing/plaf/synth/SynthTableUI$SynthTableCellRenderer
Event: 19.038 loading class javax/swing/plaf/synth/SynthTableUI$SynthTableCellRenderer done
Event: 19.038 Executing VM operation: Deoptimize
Event: 19.068 Executing VM operation: Deoptimize done
Event: 19.069 loading class javax/swing/plaf/basic/BasicTableUI$Handler
Event: 19.071 Executing VM operation: ParallelGCFailedAllocation


Dynamic libraries:
00400000-00401000 r-xp 00000000 08:03 147193                             /usr/lib/jvm/java-8-oracle/bin/java
00600000-00601000 rw-p 00000000 08:03 147193                             /usr/lib/jvm/java-8-oracle/bin/java
008cf000-008f0000 rw-p 00000000 00:00 0                                  [heap]
c3a00000-c6380000 rw-p 00000000 00:00 0 
c6380000-ebe00000 ---p 00000000 00:00 0 
ebe00000-f8d80000 rw-p 00000000 00:00 0 
100000000-100240000 rw-p 00000000 00:00 0 
100240000-140000000 ---p 00000000 00:00 0 
7f9838000000-7f9838021000 rw-p 00000000 00:00 0 
7f9838021000-7f983c000000 ---p 00000000 00:00 0 
7f983c000000-7f983c021000 rw-p 00000000 00:00 0 
7f983c021000-7f9840000000 ---p 00000000 00:00 0 
7f9840000000-7f9840021000 rw-p 00000000 00:00 0 
7f9840021000-7f9844000000 ---p 00000000 00:00 0 
7f9845b41000-7f9845b81000 rw-p 00000000 00:00 0 
7f9845b81000-7f9845d41000 ---p 00000000 00:00 0 
7f9845d41000-7f9845d6b000 r-xp 00000000 08:03 147305                     /usr/lib/jvm/java-8-oracle/jre/lib/amd64/libdcpr.so
7f9845d6b000-7f9845f6b000 ---p 0002a000 08:03 147305                     /usr/lib/jvm/java-8-oracle/jre/lib/amd64/libdcpr.so
7f9845f6b000-7f9845f6e000 rw-p 0002a000 08:03 147305                     /usr/lib/jvm/java-8-oracle/jre/lib/amd64/libdcpr.so
7f9845f6e000-7f9845f71000 ---p 00000000 00:00 0 
7f9845f71000-7f984606f000 rw-p 00000000 00:00 0                          [stack:3788]
7f984606f000-7f9846072000 ---p 00000000 00:00 0 
7f9846072000-7f9846170000 rw-p 00000000 00:00 0                          [stack:3787]
7f9846170000-7f9846173000 ---p 00000000 00:00 0 
7f9846173000-7f9846271000 rw-p 00000000 00:00 0                          [stack:3786]
7f9846271000-7f98462ac000 r-xp 00000000 08:03 147309                     /usr/lib/jvm/java-8-oracle/jre/lib/amd64/libjpeg.so
7f98462ac000-7f98464ab000 ---p 0003b000 08:03 147309                     /usr/lib/jvm/java-8-oracle/jre/lib/amd64/libjpeg.so
7f98464ab000-7f98464ac000 rw-p 0003a000 08:03 147309                     /usr/lib/jvm/java-8-oracle/jre/lib/amd64/libjpeg.so
7f98464ac000-7f98466ac000 rw-p 00000000 00:00 0 
7f98466ac000-7f98466b2000 r-xp 00000000 08:03 2369447                    /usr/lib/x86_64-linux-gnu/libdatrie.so.1.3.1
7f98466b2000-7f98468b1000 ---p 00006000 08:03 2369447                    /usr/lib/x86_64-linux-gnu/libdatrie.so.1.3.1
7f98468b1000-7f98468b2000 r--p 00005000 08:03 2369447                    /usr/lib/x86_64-linux-gnu/libdatrie.so.1.3.1
7f98468b2000-7f98468b3000 rw-p 00006000 08:03 2369447                    /usr/lib/x86_64-linux-gnu/libdatrie.so.1.3.1
7f98468b3000-7f98468cd000 r-xp 00000000 08:03 2369729                    /usr/lib/x86_64-linux-gnu/libgraphite2.so.3.0.1
7f98468cd000-7f9846acc000 ---p 0001a000 08:03 2369729                    /usr/lib/x86_64-linux-gnu/libgraphite2.so.3.0.1
7f9846acc000-7f9846ace000 r--p 00019000 08:03 2369729                    /usr/lib/x86_64-linux-gnu/libgraphite2.so.3.0.1
7f9846ace000-7f9846acf000 rw-p 0001b000 08:03 2369729                    /usr/lib/x86_64-linux-gnu/libgraphite2.so.3.0.1
7f9846acf000-7f9846b0c000 r-xp 00000000 08:03 397961                     /lib/x86_64-linux-gnu/libpcre.so.3.13.1
7f9846b0c000-7f9846d0b000 ---p 0003d000 08:03 397961                     /lib/x86_64-linux-gnu/libpcre.so.3.13.1
7f9846d0b000-7f9846d0c000 r--p 0003c000 08:03 397961                     /lib/x86_64-linux-gnu/libpcre.so.3.13.1
7f9846d0c000-7f9846d0d000 rw-p 0003d000 08:03 397961                     /lib/x86_64-linux-gnu/libpcre.so.3.13.1
7f9846d0d000-7f9846d14000 r-xp 00000000 08:03 2369548                    /usr/lib/x86_64-linux-gnu/libffi.so.6.0.1
7f9846d14000-7f9846f13000 ---p 00007000 08:03 2369548                    /usr/lib/x86_64-linux-gnu/libffi.so.6.0.1
7f9846f13000-7f9846f14000 r--p 00006000 08:03 2369548                    /usr/lib/x86_64-linux-gnu/libffi.so.6.0.1
7f9846f14000-7f9846f15000 rw-p 00007000 08:03 2369548                    /usr/lib/x86_64-linux-gnu/libffi.so.6.0.1
7f9846f15000-7f9846f3c000 r-xp 00000000 08:03 397879                     /lib/x86_64-linux-gnu/libexpat.so.1.6.0
7f9846f3c000-7f984713c000 ---p 00027000 08:03 397879                     /lib/x86_64-linux-gnu/libexpat.so.1.6.0
7f984713c000-7f984713e000 r--p 00027000 08:03 397879                     /lib/x86_64-linux-gnu/libexpat.so.1.6.0
7f984713e000-7f984713f000 rw-p 00029000 08:03 397879                     /lib/x86_64-linux-gnu/libexpat.so.1.6.0
7f984713f000-7f9847147000 r-xp 00000000 08:03 2370298                    /usr/lib/x86_64-linux-gnu/libthai.so.0.2.0
7f9847147000-7f9847346000 ---p 00008000 08:03 2370298                    /usr/lib/x86_64-linux-gnu/libthai.so.0.2.0
7f9847346000-7f9847347000 r--p 00007000 08:03 2370298                    /usr/lib/x86_64-linux-gnu/libthai.so.0.2.0
7f9847347000-7f9847348000 rw-p 00008000 08:03 2370298                    /usr/lib/x86_64-linux-gnu/libthai.so.0.2.0
7f9847348000-7f984739b000 r-xp 00000000 08:03 2369862                    /usr/lib/x86_64-linux-gnu/libharfbuzz.so.0.927.0
7f984739b000-7f984759b000 ---p 00053000 08:03 2369862                    /usr/lib/x86_64-linux-gnu/libharfbuzz.so.0.927.0
7f984759b000-7f984759c000 r--p 00053000 08:03 2369862                    /usr/lib/x86_64-linux-gnu/libharfbuzz.so.0.927.0
7f984759c000-7f984759d000 rw-p 00054000 08:03 2369862                    /usr/lib/x86_64-linux-gnu/libharfbuzz.so.0.927.0
7f984759d000-7f98475b4000 r-xp 00000000 08:03 393245                     /lib/x86_64-linux-gnu/libresolv-2.19.so
7f98475b4000-7f98477b4000 ---p 00017000 08:03 393245                     /lib/x86_64-linux-gnu/libresolv-2.19.so
7f98477b4000-7f98477b5000 r--p 00017000 08:03 393245                     /lib/x86_64-linux-gnu/libresolv-2.19.so
7f98477b5000-7f98477b6000 rw-p 00018000 08:03 393245                     /lib/x86_64-linux-gnu/libresolv-2.19.so
7f98477b6000-7f98477b8000 rw-p 00000000 00:00 0 
7f98477b8000-7f98477d8000 r-xp 00000000 08:03 397988                     /lib/x86_64-linux-gnu/libselinux.so.1
7f98477d8000-7f98479d7000 ---p 00020000 08:03 397988                     /lib/x86_64-linux-gnu/libselinux.so.1
7f98479d7000-7f98479d8000 r--p 0001f000 08:03 397988                     /lib/x86_64-linux-gnu/libselinux.so.1
7f98479d8000-7f98479d9000 rw-p 00020000 08:03 397988                     /lib/x86_64-linux-gnu/libselinux.so.1
7f98479d9000-7f98479db000 rw-p 00000000 00:00 0 
7f98479db000-7f98479f3000 r-xp 00000000 08:03 398021                     /lib/x86_64-linux-gnu/libz.so.1.2.8
7f98479f3000-7f9847bf2000 ---p 00018000 08:03 398021                     /lib/x86_64-linux-gnu/libz.so.1.2.8
7f9847bf2000-7f9847bf3000 r--p 00017000 08:03 398021                     /lib/x86_64-linux-gnu/libz.so.1.2.8
7f9847bf3000-7f9847bf4000 rw-p 00018000 08:03 398021                     /lib/x86_64-linux-gnu/libz.so.1.2.8
7f9847bf4000-7f9847bfc000 r-xp 00000000 08:03 2370424                    /usr/lib/x86_64-linux-gnu/libxcb-render.so.0.0.0
7f9847bfc000-7f9847dfb000 ---p 00008000 08:03 2370424                    /usr/lib/x86_64-linux-gnu/libxcb-render.so.0.0.0
7f9847dfb000-7f9847dfc000 r--p 00007000 08:03 2370424                    /usr/lib/x86_64-linux-gnu/libxcb-render.so.0.0.0
7f9847dfc000-7f9847dfd000 rw-p 00008000 08:03 2370424                    /usr/lib/x86_64-linux-gnu/libxcb-render.so.0.0.0
7f9847dfd000-7f9847dff000 r-xp 00000000 08:03 2370428                    /usr/lib/x86_64-linux-gnu/libxcb-shm.so.0.0.0
7f9847dff000-7f9847ffe000 ---p 00002000 08:03 2370428                    /usr/lib/x86_64-linux-gnu/libxcb-shm.so.0.0.0
7f9847ffe000-7f9847fff000 r--p 00001000 08:03 2370428                    /usr/lib/x86_64-linux-gnu/libxcb-shm.so.0.0.0
7f9847fff000-7f9848000000 rw-p 00002000 08:03 2370428                    /usr/lib/x86_64-linux-gnu/libxcb-shm.so.0.0.0
7f9848000000-7f9848074000 rw-p 00000000 00:00 0 
7f9848074000-7f984c000000 ---p 00000000 00:00 0 
7f984c000000-7f984c021000 rw-p 00000000 00:00 0 
7f984c021000-7f9850000000 ---p 00000000 00:00 0 
7f9850000000-7f9850021000 rw-p 00000000 00:00 0 
7f9850021000-7f9854000000 ---p 00000000 00:00 0 
7f9854000000-7f9854395000 rw-p 00000000 00:00 0 
7f9854395000-7f9858000000 ---p 00000000 00:00 0 
7f9858000000-7f9858021000 rw-p 00000000 00:00 0 
7f9858021000-7f985c000000 ---p 00000000 00:00 0 
7f985c000000-7f985c025000 rw-p 00000000 00:00 0 
7f985c025000-7f9860000000 ---p 00000000 00:00 0 
7f9860000000-7f9860021000 rw-p 00000000 00:00 0 
7f9860021000-7f9864000000 ---p 00000000 00:00 0 
7f9864000000-7f9864021000 rw-p 00000000 00:00 0 
7f9864021000-7f9868000000 ---p 00000000 00:00 0 
7f9868000000-7f9868f1c000 rw-p 00000000 00:00 0 
7f9868f1c000-7f986c000000 ---p 00000000 00:00 0 
7f986c000000-7f986c4f4000 rw-p 00000000 00:00 0 
7f986c4f4000-7f9870000000 ---p 00000000 00:00 0 
7f9870000000-7f9870021000 rw-p 00000000 00:00 0 
7f9870021000-7f9874000000 ---p 00000000 00:00 0 
7f9874000000-7f98748dd000 rw-p 00000000 00:00 0 
7f98748dd000-7f9878000000 ---p 00000000 00:00 0 
7f9878000000-7f9878021000 rw-p 00000000 00:00 0 
7f9878021000-7f987c000000 ---p 00000000 00:00 0 
7f987c000000-7f987c021000 rw-p 00000000 00:00 0 
7f987c021000-7f9880000000 ---p 00000000 00:00 0 
7f9880000000-7f9880021000 rw-p 00000000 00:00 0 
7f9880021000-7f9884000000 ---p 00000000 00:00 0 
7f9884000000-7f98842b7000 rw-p 00000000 00:00 0 
7f98842b7000-7f9888000000 ---p 00000000 00:00 0 
7f9888000000-7f9888021000 rw-p 00000000 00:00 0 
7f9888021000-7f988c000000 ---p 00000000 00:00 0 
7f988c02d000-7f988c052000 r-xp 00000000 08:03 397973                     /lib/x86_64-linux-gnu/libpng12.so.0.50.0
7f988c052000-7f988c251000 ---p 00025000 08:03 397973                     /lib/x86_64-linux-gnu/libpng12.so.0.50.0
7f988c251000-7f988c252000 r--p 00024000 08:03 397973                     /lib/x86_64-linux-gnu/libpng12.so.0.50.0
7f988c252000-7f988c253000 rw-p 00025000 08:03 397973                     /lib/x86_64-linux-gnu/libpng12.so.0.50.0
7f988c253000-7f988c2f4000 r-xp 00000000 08:03 2370136                    /usr/lib/x86_64-linux-gnu/libpixman-1.so.0.30.2
7f988c2f4000-7f988c4f4000 ---p 000a1000 08:03 2370136                    /usr/lib/x86_64-linux-gnu/libpixman-1.so.0.30.2
7f988c4f4000-7f988c4fb000 r--p 000a1000 08:03 2370136                    /usr/lib/x86_64-linux-gnu/libpixman-1.so.0.30.2
7f988c4fb000-7f988c4fc000 rw-p 000a8000 08:03 2370136                    /usr/lib/x86_64-linux-gnu/libpixman-1.so.0.30.2
7f988c4fc000-7f988c599000 r-xp 00000000 08:03 2369613                    /usr/lib/x86_64-linux-gnu/libfreetype.so.6.11.1
7f988c599000-7f988c798000 ---p 0009d000 08:03 2369613                    /usr/lib/x86_64-linux-gnu/libfreetype.so.6.11.1
7f988c798000-7f988c79e000 r--p 0009c000 08:03 2369613                    /usr/lib/x86_64-linux-gnu/libfreetype.so.6.11.1
7f988c79e000-7f988c79f000 rw-p 000a2000 08:03 2369613                    /usr/lib/x86_64-linux-gnu/libfreetype.so.6.11.1
7f988c79f000-7f988c7a1000 r-xp 00000000 08:03 2369230                    /usr/lib/x86_64-linux-gnu/libXdamage.so.1.1.0
7f988c7a1000-7f988c9a0000 ---p 00002000 08:03 2369230                    /usr/lib/x86_64-linux-gnu/libXdamage.so.1.1.0
7f988c9a0000-7f988c9a1000 r--p 00001000 08:03 2369230                    /usr/lib/x86_64-linux-gnu/libXdamage.so.1.1.0
7f988c9a1000-7f988c9a2000 rw-p 00002000 08:03 2369230                    /usr/lib/x86_64-linux-gnu/libXdamage.so.1.1.0
7f988c9a2000-7f988c9a4000 r-xp 00000000 08:03 2369226                    /usr/lib/x86_64-linux-gnu/libXcomposite.so.1.0.0
7f988c9a4000-7f988cba3000 ---p 00002000 08:03 2369226                    /usr/lib/x86_64-linux-gnu/libXcomposite.so.1.0.0
7f988cba3000-7f988cba4000 r--p 00001000 08:03 2369226                    /usr/lib/x86_64-linux-gnu/libXcomposite.so.1.0.0
7f988cba4000-7f988cba5000 rw-p 00002000 08:03 2369226                    /usr/lib/x86_64-linux-gnu/libXcomposite.so.1.0.0
7f988cba5000-7f988cbae000 r-xp 00000000 08:03 2369254                    /usr/lib/x86_64-linux-gnu/libXrandr.so.2.2.0
7f988cbae000-7f988cdad000 ---p 00009000 08:03 2369254                    /usr/lib/x86_64-linux-gnu/libXrandr.so.2.2.0
7f988cdad000-7f988cdae000 r--p 00008000 08:03 2369254                    /usr/lib/x86_64-linux-gnu/libXrandr.so.2.2.0
7f988cdae000-7f988cdaf000 rw-p 00009000 08:03 2369254                    /usr/lib/x86_64-linux-gnu/libXrandr.so.2.2.0
7f988cdaf000-7f988cdb1000 r-xp 00000000 08:03 2369244                    /usr/lib/x86_64-linux-gnu/libXinerama.so.1.0.0
7f988cdb1000-7f988cfb0000 ---p 00002000 08:03 2369244                    /usr/lib/x86_64-linux-gnu/libXinerama.so.1.0.0
7f988cfb0000-7f988cfb1000 r--p 00001000 08:03 2369244                    /usr/lib/x86_64-linux-gnu/libXinerama.so.1.0.0
7f988cfb1000-7f988cfb2000 rw-p 00002000 08:03 2369244                    /usr/lib/x86_64-linux-gnu/libXinerama.so.1.0.0
7f988cfb2000-7f988d0b8000 r-xp 00000000 08:03 397888                     /lib/x86_64-linux-gnu/libglib-2.0.so.0.4002.0
7f988d0b8000-7f988d2b7000 ---p 00106000 08:03 397888                     /lib/x86_64-linux-gnu/libglib-2.0.so.0.4002.0
7f988d2b7000-7f988d2b8000 r--p 00105000 08:03 397888                     /lib/x86_64-linux-gnu/libglib-2.0.so.0.4002.0
7f988d2b8000-7f988d2b9000 rw-p 00106000 08:03 397888                     /lib/x86_64-linux-gnu/libglib-2.0.so.0.4002.0
7f988d2b9000-7f988d2ba000 rw-p 00000000 00:00 0 
7f988d2ba000-7f988d309000 r-xp 00000000 08:03 2369711                    /usr/lib/x86_64-linux-gnu/libgobject-2.0.so.0.4002.0
7f988d309000-7f988d509000 ---p 0004f000 08:03 2369711                    /usr/lib/x86_64-linux-gnu/libgobject-2.0.so.0.4002.0
7f988d509000-7f988d50a000 r--p 0004f000 08:03 2369711                    /usr/lib/x86_64-linux-gnu/libgobject-2.0.so.0.4002.0
7f988d50a000-7f988d50b000 rw-p 00050000 08:03 2369711                    /usr/lib/x86_64-linux-gnu/libgobject-2.0.so.0.4002.0
7f988d50b000-7f988d545000 r-xp 00000000 08:03 2369585                    /usr/lib/x86_64-linux-gnu/libfontconfig.so.1.8.0
7f988d545000-7f988d744000 ---p 0003a000 08:03 2369585                    /usr/lib/x86_64-linux-gnu/libfontconfig.so.1.8.0
7f988d744000-7f988d746000 r--p 00039000 08:03 2369585                    /usr/lib/x86_64-linux-gnu/libfontconfig.so.1.8.0
7f988d746000-7f988d747000 rw-p 0003b000 08:03 2369585                    /usr/lib/x86_64-linux-gnu/libfontconfig.so.1.8.0
7f988d747000-7f988d791000 r-xp 00000000 08:03 2370113                    /usr/lib/x86_64-linux-gnu/libpango-1.0.so.0.3600.3
7f988d791000-7f988d991000 ---p 0004a000 08:03 2370113                    /usr/lib/x86_64-linux-gnu/libpango-1.0.so.0.3600.3
7f988d991000-7f988d993000 r--p 0004a000 08:03 2370113                    /usr/lib/x86_64-linux-gnu/libpango-1.0.so.0.3600.3
7f988d993000-7f988d994000 rw-p 0004c000 08:03 2370113                    /usr/lib/x86_64-linux-gnu/libpango-1.0.so.0.3600.3
7f988d994000-7f988d9a8000 r-xp 00000000 08:03 2370117                    /usr/lib/x86_64-linux-gnu/libpangoft2-1.0.so.0.3600.3
7f988d9a8000-7f988dba7000 ---p 00014000 08:03 2370117                    /usr/lib/x86_64-linux-gnu/libpangoft2-1.0.so.0.3600.3
7f988dba7000-7f988dba8000 r--p 00013000 08:03 2370117                    /usr/lib/x86_64-linux-gnu/libpangoft2-1.0.so.0.3600.3
7f988dba8000-7f988dba9000 rw-p 00014000 08:03 2370117                    /usr/lib/x86_64-linux-gnu/libpangoft2-1.0.so.0.3600.3
7f988dba9000-7f988dd15000 r-xp 00000000 08:03 2369673                    /usr/lib/x86_64-linux-gnu/libgio-2.0.so.0.4002.0
7f988dd15000-7f988df14000 ---p 0016c000 08:03 2369673                    /usr/lib/x86_64-linux-gnu/libgio-2.0.so.0.4002.0
7f988df14000-7f988df18000 r--p 0016b000 08:03 2369673                    /usr/lib/x86_64-linux-gnu/libgio-2.0.so.0.4002.0
7f988df18000-7f988df1a000 rw-p 0016f000 08:03 2369673                    /usr/lib/x86_64-linux-gnu/libgio-2.0.so.0.4002.0
7f988df1a000-7f988df1c000 rw-p 00000000 00:00 0 
7f988df1c000-7f988df3c000 r-xp 00000000 08:03 2369647                    /usr/lib/x86_64-linux-gnu/libgdk_pixbuf-2.0.so.0.3000.7
7f988df3c000-7f988e13b000 ---p 00020000 08:03 2369647                    /usr/lib/x86_64-linux-gnu/libgdk_pixbuf-2.0.so.0.3000.7
7f988e13b000-7f988e13c000 r--p 0001f000 08:03 2369647                    /usr/lib/x86_64-linux-gnu/libgdk_pixbuf-2.0.so.0.3000.7
7f988e13c000-7f988e13d000 rw-p 00020000 08:03 2369647                    /usr/lib/x86_64-linux-gnu/libgdk_pixbuf-2.0.so.0.3000.7
7f988e13d000-7f988e243000 r-xp 00000000 08:03 2369368                    /usr/lib/x86_64-linux-gnu/libcairo.so.2.11301.0
7f988e243000-7f988e442000 ---p 00106000 08:03 2369368                    /usr/lib/x86_64-linux-gnu/libcairo.so.2.11301.0
7f988e442000-7f988e445000 r--p 00105000 08:03 2369368                    /usr/lib/x86_64-linux-gnu/libcairo.so.2.11301.0
7f988e445000-7f988e446000 rw-p 00108000 08:03 2369368                    /usr/lib/x86_64-linux-gnu/libcairo.so.2.11301.0
7f988e446000-7f988e448000 rw-p 00000000 00:00 0 
7f988e448000-7f988e467000 r-xp 00000000 08:03 2369319                    /usr/lib/x86_64-linux-gnu/libatk-1.0.so.0.21009.1
7f988e467000-7f988e667000 ---p 0001f000 08:03 2369319                    /usr/lib/x86_64-linux-gnu/libatk-1.0.so.0.21009.1
7f988e667000-7f988e669000 r--p 0001f000 08:03 2369319                    /usr/lib/x86_64-linux-gnu/libatk-1.0.so.0.21009.1
7f988e669000-7f988e66a000 rw-p 00021000 08:03 2369319                    /usr/lib/x86_64-linux-gnu/libatk-1.0.so.0.21009.1
7f988e66a000-7f988e675000 r-xp 00000000 08:03 2370115                    /usr/lib/x86_64-linux-gnu/libpangocairo-1.0.so.0.3600.3
7f988e675000-7f988e875000 ---p 0000b000 08:03 2370115                    /usr/lib/x86_64-linux-gnu/libpangocairo-1.0.so.0.3600.3
7f988e875000-7f988e876000 r--p 0000b000 08:03 2370115                    /usr/lib/x86_64-linux-gnu/libpangocairo-1.0.so.0.3600.3
7f988e876000-7f988e877000 rw-p 0000c000 08:03 2370115                    /usr/lib/x86_64-linux-gnu/libpangocairo-1.0.so.0.3600.3
7f988e877000-7f988e87a000 r-xp 00000000 08:03 2369687                    /usr/lib/x86_64-linux-gnu/libgmodule-2.0.so.0.4002.0
7f988e87a000-7f988ea79000 ---p 00003000 08:03 2369687                    /usr/lib/x86_64-linux-gnu/libgmodule-2.0.so.0.4002.0
7f988ea79000-7f988ea7a000 r--p 00002000 08:03 2369687                    /usr/lib/x86_64-linux-gnu/libgmodule-2.0.so.0.4002.0
7f988ea7a000-7f988ea7b000 rw-p 00003000 08:03 2369687                    /usr/lib/x86_64-linux-gnu/libgmodule-2.0.so.0.4002.0
7f988ea7b000-7f988eb29000 r-xp 00000000 08:03 2369645                    /usr/lib/x86_64-linux-gnu/libgdk-x11-2.0.so.0.2400.23
7f988eb29000-7f988ed28000 ---p 000ae000 08:03 2369645                    /usr/lib/x86_64-linux-gnu/libgdk-x11-2.0.so.0.2400.23
7f988ed28000-7f988ed2c000 r--p 000ad000 08:03 2369645                    /usr/lib/x86_64-linux-gnu/libgdk-x11-2.0.so.0.2400.23
7f988ed2c000-7f988ed2e000 rw-p 000b1000 08:03 2369645                    /usr/lib/x86_64-linux-gnu/libgdk-x11-2.0.so.0.2400.23
7f988ed2e000-7f988f15e000 r-xp 00000000 08:03 2369839                    /usr/lib/x86_64-linux-gnu/libgtk-x11-2.0.so.0.2400.23
7f988f15e000-7f988f35d000 ---p 00430000 08:03 2369839                    /usr/lib/x86_64-linux-gnu/libgtk-x11-2.0.so.0.2400.23
7f988f35d000-7f988f364000 r--p 0042f000 08:03 2369839                    /usr/lib/x86_64-linux-gnu/libgtk-x11-2.0.so.0.2400.23
7f988f364000-7f988f368000 rw-p 00436000 08:03 2369839                    /usr/lib/x86_64-linux-gnu/libgtk-x11-2.0.so.0.2400.23
7f988f368000-7f988f36b000 rw-p 00000000 00:00 0 
7f988f36b000-7f988f36e000 ---p 00000000 00:00 0 
7f988f36e000-7f988f46c000 rw-p 00000000 00:00 0                          [stack:3785]
7f988f46c000-7f988f4d5000 r-xp 00000000 08:03 147338                     /usr/lib/jvm/java-8-oracle/jre/lib/amd64/libt2k.so
7f988f4d5000-7f988f6d5000 ---p 00069000 08:03 147338                     /usr/lib/jvm/java-8-oracle/jre/lib/amd64/libt2k.so
7f988f6d5000-7f988f6dc000 rw-p 00069000 08:03 147338                     /usr/lib/jvm/java-8-oracle/jre/lib/amd64/libt2k.so
7f988f6dc000-7f988f8ec000 rw-p 00000000 00:00 0 
7f988f8ec000-7f988f8ef000 ---p 00000000 00:00 0 
7f988f8ef000-7f988fbed000 rw-p 00000000 00:00 0 
7f988fbed000-7f988fbf0000 ---p 00000000 00:00 0 
7f988fbf0000-7f988fcee000 rw-p 00000000 00:00 0                          [stack:3783]
7f988fcee000-7f988fcf1000 ---p 00000000 00:00 0 
7f988fcf1000-7f988fdef000 rw-p 00000000 00:00 0                          [stack:3782]
7f988fdef000-7f988fe00000 r-xp 00000000 08:03 147332                     /usr/lib/jvm/java-8-oracle/jre/lib/amd64/libnio.so
7f988fe00000-7f988ffff000 ---p 00011000 08:03 147332                     /usr/lib/jvm/java-8-oracle/jre/lib/amd64/libnio.so
7f988ffff000-7f9890000000 rw-p 00010000 08:03 147332                     /usr/lib/jvm/java-8-oracle/jre/lib/amd64/libnio.so
7f9890000000-7f9890021000 rw-p 00000000 00:00 0 
7f9890021000-7f9894000000 ---p 00000000 00:00 0 
7f98940c7000-7f98940c8000 rw-p 00000000 00:00 0 
7f98940c8000-7f98940d9000 rw-s 00000000 00:05 253427732                  /SYSV00000000 (deleted)
7f98940d9000-7f98940da000 r--s 00000000 08:03 273576                     /var/cache/fontconfig/c05880de57d1f5e948fdfacc138775d9-le64.cache-4
7f98940da000-7f98940e5000 r--s 00000000 08:03 273569                     /var/cache/fontconfig/945677eb7aeaf62f1d50efc3fb3ec7d8-le64.cache-4
7f98940e5000-7f98940e7000 r--s 00000000 08:03 273571                     /var/cache/fontconfig/99e8ed0e538f840c565b6ed5dad60d56-le64.cache-4
7f98940e7000-7f98940ed000 r--s 00000000 08:03 273554                     /var/cache/fontconfig/2cd17615ca594fa2959ae173292e504c-le64.cache-4
7f98940ed000-7f98940ee000 r--s 00000000 08:03 273586                     /var/cache/fontconfig/e7071f4a29fa870f4323321c154eba04-le64.cache-4
7f98940ee000-7f98940ef000 r--s 00000000 08:03 273551                     /var/cache/fontconfig/0d8c3b2ac0904cb8a57a757ad11a4a08-le64.cache-4
7f98940ef000-7f98940f6000 r--s 00000000 08:03 273573                     /var/cache/fontconfig/a755afe4a08bf5b97852ceb7400b47bc-le64.cache-4
7f98940f6000-7f9894102000 r--s 00000000 08:03 273564                     /var/cache/fontconfig/6d41288fd70b0be22e8c3a91e032eec0-le64.cache-4
7f9894102000-7f9894116000 r--s 00000000 08:03 273548                     /var/cache/fontconfig/04aabc0a78ac019cf9454389977116d2-le64.cache-4
7f9894116000-7f9894117000 r--s 00000000 08:03 273553                     /var/cache/fontconfig/1ac9eb803944fde146138c791f5cc56a-le64.cache-4
7f9894117000-7f989411b000 r--s 00000000 08:03 273557                     /var/cache/fontconfig/385c0604a188198f04d133e54aba7fe7-le64.cache-4
7f989411b000-7f989411d000 r--s 00000000 08:03 273566                     /var/cache/fontconfig/767a8244fc0220cfb567a839d0392e0b-le64.cache-4
7f989411d000-7f989412f000 r--s 00000000 08:03 273549                     /var/cache/fontconfig/0bd3dc0958fa2205aaaa8ebb13e2872b-le64.cache-4
7f989412f000-7f9894145000 r-xp 00000000 08:03 147293                     /usr/lib/jvm/java-8-oracle/jre/lib/amd64/libnet.so
7f9894145000-7f9894345000 ---p 00016000 08:03 147293                     /usr/lib/jvm/java-8-oracle/jre/lib/amd64/libnet.so
7f9894345000-7f9894346000 rw-p 00016000 08:03 147293                     /usr/lib/jvm/java-8-oracle/jre/lib/amd64/libnet.so
7f9894346000-7f9894349000 ---p 00000000 00:00 0 
7f9894349000-7f9894447000 rw-p 00000000 00:00 0                          [stack:3781]
7f9894447000-7f989444c000 r-xp 00000000 08:03 2369236                    /usr/lib/x86_64-linux-gnu/libXfixes.so.3.1.0
7f989444c000-7f989464b000 ---p 00005000 08:03 2369236                    /usr/lib/x86_64-linux-gnu/libXfixes.so.3.1.0
7f989464b000-7f989464c000 r--p 00004000 08:03 2369236                    /usr/lib/x86_64-linux-gnu/libXfixes.so.3.1.0
7f989464c000-7f989464d000 rw-p 00005000 08:03 2369236                    /usr/lib/x86_64-linux-gnu/libXfixes.so.3.1.0
7f989464d000-7f9894656000 r-xp 00000000 08:03 2369228                    /usr/lib/x86_64-linux-gnu/libXcursor.so.1.0.2
7f9894656000-7f9894855000 ---p 00009000 08:03 2369228                    /usr/lib/x86_64-linux-gnu/libXcursor.so.1.0.2
7f9894855000-7f9894856000 r--p 00008000 08:03 2369228                    /usr/lib/x86_64-linux-gnu/libXcursor.so.1.0.2
7f9894856000-7f9894857000 rw-p 00009000 08:03 2369228                    /usr/lib/x86_64-linux-gnu/libXcursor.so.1.0.2
7f9894857000-7f989485a000 ---p 00000000 00:00 0 
7f989485a000-7f9894958000 rw-p 00000000 00:00 0                          [stack:3780]
7f9894958000-7f989496e000 r-xp 00000000 08:03 397884                     /lib/x86_64-linux-gnu/libgcc_s.so.1
7f989496e000-7f9894b6d000 ---p 00016000 08:03 397884                     /lib/x86_64-linux-gnu/libgcc_s.so.1
7f9894b6d000-7f9894b6e000 rw-p 00015000 08:03 397884                     /lib/x86_64-linux-gnu/libgcc_s.so.1
7f9894b6e000-7f9894bd3000 r-xp 00000000 08:03 147282                     /usr/lib/jvm/java-8-oracle/jre/lib/amd64/libfontmanager.so
7f9894bd3000-7f9894dd2000 ---p 00065000 08:03 147282                     /usr/lib/jvm/java-8-oracle/jre/lib/amd64/libfontmanager.so
7f9894dd2000-7f9894dd7000 rw-p 00064000 08:03 147282                     /usr/lib/jvm/java-8-oracle/jre/lib/amd64/libfontmanager.so
7f9894dd7000-7f9894de7000 rw-p 00000000 00:00 0 
7f9894de7000-7f9894dec000 r-xp 00000000 08:03 2369232                    /usr/lib/x86_64-linux-gnu/libXdmcp.so.6.0.0
7f9894dec000-7f9894feb000 ---p 00005000 08:03 2369232                    /usr/lib/x86_64-linux-gnu/libXdmcp.so.6.0.0
7f9894feb000-7f9894fec000 r--p 00004000 08:03 2369232                    /usr/lib/x86_64-linux-gnu/libXdmcp.so.6.0.0
7f9894fec000-7f9894fed000 rw-p 00005000 08:03 2369232                    /usr/lib/x86_64-linux-gnu/libXdmcp.so.6.0.0
7f9894fed000-7f9894fef000 r-xp 00000000 08:03 2369221                    /usr/lib/x86_64-linux-gnu/libXau.so.6.0.0
7f9894fef000-7f98951ef000 ---p 00002000 08:03 2369221                    /usr/lib/x86_64-linux-gnu/libXau.so.6.0.0
7f98951ef000-7f98951f0000 r--p 00002000 08:03 2369221                    /usr/lib/x86_64-linux-gnu/libXau.so.6.0.0
7f98951f0000-7f98951f1000 rw-p 00003000 08:03 2369221                    /usr/lib/x86_64-linux-gnu/libXau.so.6.0.0
7f98951f1000-7f989520e000 r-xp 00000000 08:03 2370440                    /usr/lib/x86_64-linux-gnu/libxcb.so.1.1.0
7f989520e000-7f989540e000 ---p 0001d000 08:03 2370440                    /usr/lib/x86_64-linux-gnu/libxcb.so.1.1.0
7f989540e000-7f989540f000 r--p 0001d000 08:03 2370440                    /usr/lib/x86_64-linux-gnu/libxcb.so.1.1.0
7f989540f000-7f9895410000 rw-p 0001e000 08:03 2370440                    /usr/lib/x86_64-linux-gnu/libxcb.so.1.1.0
7f9895410000-7f989541f000 r-xp 00000000 08:03 2369242                    /usr/lib/x86_64-linux-gnu/libXi.so.6.1.0
7f989541f000-7f989561e000 ---p 0000f000 08:03 2369242                    /usr/lib/x86_64-linux-gnu/libXi.so.6.1.0
7f989561e000-7f989561f000 r--p 0000e000 08:03 2369242                    /usr/lib/x86_64-linux-gnu/libXi.so.6.1.0
7f989561f000-7f9895620000 rw-p 0000f000 08:03 2369242                    /usr/lib/x86_64-linux-gnu/libXi.so.6.1.0
7f9895620000-7f9895625000 r-xp 00000000 08:03 2369262                    /usr/lib/x86_64-linux-gnu/libXtst.so.6.1.0
7f9895625000-7f9895824000 ---p 00005000 08:03 2369262                    /usr/lib/x86_64-linux-gnu/libXtst.so.6.1.0
7f9895824000-7f9895825000 r--p 00004000 08:03 2369262                    /usr/lib/x86_64-linux-gnu/libXtst.so.6.1.0
7f9895825000-7f9895826000 rw-p 00005000 08:03 2369262                    /usr/lib/x86_64-linux-gnu/libXtst.so.6.1.0
7f9895826000-7f989582f000 r-xp 00000000 08:03 2369256                    /usr/lib/x86_64-linux-gnu/libXrender.so.1.3.0
7f989582f000-7f9895a2e000 ---p 00009000 08:03 2369256                    /usr/lib/x86_64-linux-gnu/libXrender.so.1.3.0
7f9895a2e000-7f9895a2f000 r--p 00008000 08:03 2369256                    /usr/lib/x86_64-linux-gnu/libXrender.so.1.3.0
7f9895a2f000-7f9895a30000 rw-p 00009000 08:03 2369256                    /usr/lib/x86_64-linux-gnu/libXrender.so.1.3.0
7f9895a30000-7f9895b60000 r-xp 00000000 08:03 2369217                    /usr/lib/x86_64-linux-gnu/libX11.so.6.3.0
7f9895b60000-7f9895d60000 ---p 00130000 08:03 2369217                    /usr/lib/x86_64-linux-gnu/libX11.so.6.3.0
7f9895d60000-7f9895d61000 r--p 00130000 08:03 2369217                    /usr/lib/x86_64-linux-gnu/libX11.so.6.3.0
7f9895d61000-7f9895d65000 rw-p 00131000 08:03 2369217                    /usr/lib/x86_64-linux-gnu/libX11.so.6.3.0
7f9895d65000-7f9895d76000 r-xp 00000000 08:03 2369234                    /usr/lib/x86_64-linux-gnu/libXext.so.6.4.0
7f9895d76000-7f9895f75000 ---p 00011000 08:03 2369234                    /usr/lib/x86_64-linux-gnu/libXext.so.6.4.0
7f9895f75000-7f9895f76000 r--p 00010000 08:03 2369234                    /usr/lib/x86_64-linux-gnu/libXext.so.6.4.0
7f9895f76000-7f9895f77000 rw-p 00011000 08:03 2369234                    /usr/lib/x86_64-linux-gnu/libXext.so.6.4.0
7f9895f77000-7f9895fcb000 r-xp 00000000 08:03 147314                     /usr/lib/jvm/java-8-oracle/jre/lib/amd64/libawt_xawt.so
7f9895fcb000-7f98961cb000 ---p 00054000 08:03 147314                     /usr/lib/jvm/java-8-oracle/jre/lib/amd64/libawt_xawt.so
7f98961cb000-7f98961cf000 rw-p 00054000 08:03 147314                     /usr/lib/jvm/java-8-oracle/jre/lib/amd64/libawt_xawt.so
7f98961cf000-7f9898000000 rw-p 00000000 00:00 0 
7f9898000000-7f9898021000 rw-p 00000000 00:00 0 
7f9898021000-7f989c000000 ---p 00000000 00:00 0 
7f989c000000-7f989c001000 r--s 00000000 08:03 273583                     /var/cache/fontconfig/dc05db6664285cc2f12bf69c139ae4c3-le64.cache-4
7f989c001000-7f989c006000 r--s 00000000 08:03 273568                     /var/cache/fontconfig/8801497958630a81b71ace7c5f9b32a8-le64.cache-4
7f989c006000-7f989c00d000 r--s 00000000 08:03 273555                     /var/cache/fontconfig/3047814df9a2f067bd2d96a2b9c36e5a-le64.cache-4
7f989c00d000-7f989c013000 r--s 00000000 08:03 273574                     /var/cache/fontconfig/b47c4e1ecd0709278f4910c18777a504-le64.cache-4
7f989c013000-7f989c026000 r--s 00000000 08:03 273580                     /var/cache/fontconfig/d52a8644073d54c13679302ca1180695-le64.cache-4
7f989c026000-7f989c02f000 r--s 00000000 08:03 273558                     /var/cache/fontconfig/3f7329c5293ffd510edef78f73874cfd-le64.cache-4
7f989c02f000-7f989c042000 r--s 00000000 08:03 271705                     /var/cache/fontconfig/4ac51e5cfbc76fc3f983e470323a16d3-le64.cache-4
7f989c042000-7f989c0e4000 r-xp 00000000 08:03 147299                     /usr/lib/jvm/java-8-oracle/jre/lib/amd64/libawt.so
7f989c0e4000-7f989c2e4000 ---p 000a2000 08:03 147299                     /usr/lib/jvm/java-8-oracle/jre/lib/amd64/libawt.so
7f989c2e4000-7f989c2f0000 rw-p 000a2000 08:03 147299                     /usr/lib/jvm/java-8-oracle/jre/lib/amd64/libawt.so
7f989c2f0000-7f989c314000 rw-p 00000000 00:00 0 
7f989c314000-7f989c32d000 r--s 0012e000 08:03 1972319                    /home/tharindu/NewFolder/swingx.jar
7f989c32d000-7f989c32e000 ---p 00000000 00:00 0 
7f989c32e000-7f989c42e000 rw-p 00000000 00:00 0                          [stack:3776]
7f989c42e000-7f989c431000 ---p 00000000 00:00 0 
7f989c431000-7f989c52f000 rw-p 00000000 00:00 0                          [stack:3775]
7f989c52f000-7f989c532000 ---p 00000000 00:00 0 
7f989c532000-7f989c630000 rw-p 00000000 00:00 0                          [stack:3774]
7f989c630000-7f989c633000 ---p 00000000 00:00 0 
7f989c633000-7f989c731000 rw-p 00000000 00:00 0                          [stack:3773]
7f989c731000-7f989c734000 ---p 00000000 00:00 0 
7f989c734000-7f989c832000 rw-p 00000000 00:00 0                          [stack:3772]
7f989c832000-7f989c835000 ---p 00000000 00:00 0 
7f989c835000-7f989c933000 rw-p 00000000 00:00 0                          [stack:3771]
7f989c933000-7f989cbfc000 r--p 00000000 08:03 2367214                    /usr/lib/locale/locale-archive
7f989cbfc000-7f989cbff000 ---p 00000000 00:00 0 
7f989cbff000-7f989ccfd000 rw-p 00000000 00:00 0                          [stack:3770]
7f989ccfd000-7f989cd00000 ---p 00000000 00:00 0 
7f989cd00000-7f989cdfe000 rw-p 00000000 00:00 0                          [stack:3769]
7f989cdfe000-7f989cdff000 ---p 00000000 00:00 0 
7f989cdff000-7f989d000000 rw-p 00000000 00:00 0                          [stack:3768]
7f989d000000-7f989d460000 rwxp 00000000 00:00 0 
7f989d460000-7f98ac000000 ---p 00000000 00:00 0 
7f98ac000000-7f98ac3e3000 rw-p 00000000 00:00 0 
7f98ac3e3000-7f98b0000000 ---p 00000000 00:00 0 
7f98b0000000-7f98b0001000 r--s 00000000 08:03 273559                     /var/cache/fontconfig/4794a0821666d79190d59a36cb4f44b5-le64.cache-4
7f98b0001000-7f98b000c000 r--s 00000000 08:03 273581                     /var/cache/fontconfig/d589a48862398ed80a3d6066f4f56f4c-le64.cache-4
7f98b000c000-7f98b000f000 r--s 00000000 08:03 263186                     /var/cache/fontconfig/e13b20fdb08344e0e664864cc2ede53d-le64.cache-4
7f98b000f000-7f98b0017000 r--s 000c4000 08:03 1895480                    /home/tharindu/mysql-connector-java-5.1.23-bin.jar
7f98b0017000-7f98b0eca000 rw-p 00000000 00:00 0 
7f98b0eca000-7f98b10a2000 r--s 03d2a000 08:03 147348                     /usr/lib/jvm/java-8-oracle/jre/lib/rt.jar
7f98b10a2000-7f98b1afb000 rw-p 00000000 00:00 0 
7f98b1afb000-7f98b1afc000 ---p 00000000 00:00 0 
7f98b1afc000-7f98b1bfc000 rw-p 00000000 00:00 0                          [stack:3767]
7f98b1bfc000-7f98b1bfd000 ---p 00000000 00:00 0 
7f98b1bfd000-7f98b1cfd000 rw-p 00000000 00:00 0                          [stack:3766]
7f98b1cfd000-7f98b1cfe000 ---p 00000000 00:00 0 
7f98b1cfe000-7f98b1dfe000 rw-p 00000000 00:00 0                          [stack:3765]
7f98b1dfe000-7f98b1dff000 ---p 00000000 00:00 0 
7f98b1dff000-7f98b1f14000 rw-p 00000000 00:00 0                          [stack:3764]
7f98b1f14000-7f98b2041000 ---p 00000000 00:00 0 
7f98b2041000-7f98b2056000 rw-p 00000000 00:00 0 
7f98b2056000-7f98b2183000 ---p 00000000 00:00 0 
7f98b2183000-7f98b21eb000 rw-p 00000000 00:00 0 
7f98b21eb000-7f98b2224000 ---p 00000000 00:00 0 
7f98b2224000-7f98b2237000 rw-p 00000000 00:00 0 
7f98b2237000-7f98b25e5000 ---p 00000000 00:00 0 
7f98b25e5000-7f98b25ff000 r-xp 00000000 08:03 147337                     /usr/lib/jvm/java-8-oracle/jre/lib/amd64/libzip.so
7f98b25ff000-7f98b27ff000 ---p 0001a000 08:03 147337                     /usr/lib/jvm/java-8-oracle/jre/lib/amd64/libzip.so
7f98b27ff000-7f98b2800000 rw-p 0001a000 08:03 147337                     /usr/lib/jvm/java-8-oracle/jre/lib/amd64/libzip.so
7f98b2800000-7f98b280a000 r-xp 00000000 08:03 394379                     /lib/x86_64-linux-gnu/libnss_files-2.19.so
7f98b280a000-7f98b2a09000 ---p 0000a000 08:03 394379                     /lib/x86_64-linux-gnu/libnss_files-2.19.so
7f98b2a09000-7f98b2a0a000 r--p 00009000 08:03 394379                     /lib/x86_64-linux-gnu/libnss_files-2.19.so
7f98b2a0a000-7f98b2a0b000 rw-p 0000a000 08:03 394379                     /lib/x86_64-linux-gnu/libnss_files-2.19.so
7f98b2a0b000-7f98b2a16000 r-xp 00000000 08:03 394342                     /lib/x86_64-linux-gnu/libnss_nis-2.19.so
7f98b2a16000-7f98b2c15000 ---p 0000b000 08:03 394342                     /lib/x86_64-linux-gnu/libnss_nis-2.19.so
7f98b2c15000-7f98b2c16000 r--p 0000a000 08:03 394342                     /lib/x86_64-linux-gnu/libnss_nis-2.19.so
7f98b2c16000-7f98b2c17000 rw-p 0000b000 08:03 394342                     /lib/x86_64-linux-gnu/libnss_nis-2.19.so
7f98b2c17000-7f98b2c2e000 r-xp 00000000 08:03 394332                     /lib/x86_64-linux-gnu/libnsl-2.19.so
7f98b2c2e000-7f98b2e2d000 ---p 00017000 08:03 394332                     /lib/x86_64-linux-gnu/libnsl-2.19.so
7f98b2e2d000-7f98b2e2e000 r--p 00016000 08:03 394332                     /lib/x86_64-linux-gnu/libnsl-2.19.so
7f98b2e2e000-7f98b2e2f000 rw-p 00017000 08:03 394332                     /lib/x86_64-linux-gnu/libnsl-2.19.so
7f98b2e2f000-7f98b2e31000 rw-p 00000000 00:00 0 
7f98b2e31000-7f98b2e3a000 r-xp 00000000 08:03 394326                     /lib/x86_64-linux-gnu/libnss_compat-2.19.so
7f98b2e3a000-7f98b3039000 ---p 00009000 08:03 394326                     /lib/x86_64-linux-gnu/libnss_compat-2.19.so
7f98b3039000-7f98b303a000 r--p 00008000 08:03 394326                     /lib/x86_64-linux-gnu/libnss_compat-2.19.so
7f98b303a000-7f98b303b000 rw-p 00009000 08:03 394326                     /lib/x86_64-linux-gnu/libnss_compat-2.19.so
7f98b303b000-7f98b3066000 r-xp 00000000 08:03 147281                     /usr/lib/jvm/java-8-oracle/jre/lib/amd64/libjava.so
7f98b3066000-7f98b3265000 ---p 0002b000 08:03 147281                     /usr/lib/jvm/java-8-oracle/jre/lib/amd64/libjava.so
7f98b3265000-7f98b3267000 rw-p 0002a000 08:03 147281                     /usr/lib/jvm/java-8-oracle/jre/lib/amd64/libjava.so
7f98b3267000-7f98b3274000 r-xp 00000000 08:03 147315                     /usr/lib/jvm/java-8-oracle/jre/lib/amd64/libverify.so
7f98b3274000-7f98b3473000 ---p 0000d000 08:03 147315                     /usr/lib/jvm/java-8-oracle/jre/lib/amd64/libverify.so
7f98b3473000-7f98b3475000 rw-p 0000c000 08:03 147315                     /usr/lib/jvm/java-8-oracle/jre/lib/amd64/libverify.so
7f98b3475000-7f98b347c000 r-xp 00000000 08:03 394367                     /lib/x86_64-linux-gnu/librt-2.19.so
7f98b347c000-7f98b367b000 ---p 00007000 08:03 394367                     /lib/x86_64-linux-gnu/librt-2.19.so
7f98b367b000-7f98b367c000 r--p 00006000 08:03 394367                     /lib/x86_64-linux-gnu/librt-2.19.so
7f98b367c000-7f98b367d000 rw-p 00007000 08:03 394367                     /lib/x86_64-linux-gnu/librt-2.19.so
7f98b367d000-7f98b3782000 r-xp 00000000 08:03 394317                     /lib/x86_64-linux-gnu/libm-2.19.so
7f98b3782000-7f98b3981000 ---p 00105000 08:03 394317                     /lib/x86_64-linux-gnu/libm-2.19.so
7f98b3981000-7f98b3982000 r--p 00104000 08:03 394317                     /lib/x86_64-linux-gnu/libm-2.19.so
7f98b3982000-7f98b3983000 rw-p 00105000 08:03 394317                     /lib/x86_64-linux-gnu/libm-2.19.so
7f98b3983000-7f98b4650000 r-xp 00000000 08:03 147311                     /usr/lib/jvm/java-8-oracle/jre/lib/amd64/server/libjvm.so
7f98b4650000-7f98b484f000 ---p 00ccd000 08:03 147311                     /usr/lib/jvm/java-8-oracle/jre/lib/amd64/server/libjvm.so
7f98b484f000-7f98b4928000 rw-p 00ccc000 08:03 147311                     /usr/lib/jvm/java-8-oracle/jre/lib/amd64/server/libjvm.so
7f98b4928000-7f98b4973000 rw-p 00000000 00:00 0 
7f98b4973000-7f98b4b2d000 r-xp 00000000 08:03 394368                     /lib/x86_64-linux-gnu/libc-2.19.so
7f98b4b2d000-7f98b4d2d000 ---p 001ba000 08:03 394368                     /lib/x86_64-linux-gnu/libc-2.19.so
7f98b4d2d000-7f98b4d31000 r--p 001ba000 08:03 394368                     /lib/x86_64-linux-gnu/libc-2.19.so
7f98b4d31000-7f98b4d33000 rw-p 001be000 08:03 394368                     /lib/x86_64-linux-gnu/libc-2.19.so
7f98b4d33000-7f98b4d38000 rw-p 00000000 00:00 0 
7f98b4d38000-7f98b4d3b000 r-xp 00000000 08:03 394319                     /lib/x86_64-linux-gnu/libdl-2.19.so
7f98b4d3b000-7f98b4f3a000 ---p 00003000 08:03 394319                     /lib/x86_64-linux-gnu/libdl-2.19.so
7f98b4f3a000-7f98b4f3b000 r--p 00002000 08:03 394319                     /lib/x86_64-linux-gnu/libdl-2.19.so
7f98b4f3b000-7f98b4f3c000 rw-p 00003000 08:03 394319                     /lib/x86_64-linux-gnu/libdl-2.19.so
7f98b4f3c000-7f98b4f51000 r-xp 00000000 08:03 146537                     /usr/lib/jvm/java-8-oracle/lib/amd64/jli/libjli.so
7f98b4f51000-7f98b5151000 ---p 00015000 08:03 146537                     /usr/lib/jvm/java-8-oracle/lib/amd64/jli/libjli.so
7f98b5151000-7f98b5152000 rw-p 00015000 08:03 146537                     /usr/lib/jvm/java-8-oracle/lib/amd64/jli/libjli.so
7f98b5152000-7f98b516b000 r-xp 00000000 08:03 394333                     /lib/x86_64-linux-gnu/libpthread-2.19.so
7f98b516b000-7f98b536a000 ---p 00019000 08:03 394333                     /lib/x86_64-linux-gnu/libpthread-2.19.so
7f98b536a000-7f98b536b000 r--p 00018000 08:03 394333                     /lib/x86_64-linux-gnu/libpthread-2.19.so
7f98b536b000-7f98b536c000 rw-p 00019000 08:03 394333                     /lib/x86_64-linux-gnu/libpthread-2.19.so
7f98b536c000-7f98b5370000 rw-p 00000000 00:00 0 
7f98b5370000-7f98b5393000 r-xp 00000000 08:03 394338                     /lib/x86_64-linux-gnu/ld-2.19.so
7f98b5393000-7f98b5394000 r--s 00000000 08:03 273561                     /var/cache/fontconfig/56cf4f4769d0f4abc89a4895d7bd3ae1-le64.cache-4
7f98b5394000-7f98b5395000 r--s 00000000 08:03 273575                     /var/cache/fontconfig/b9d506c9ac06c20b433354fa67a72993-le64.cache-4
7f98b5395000-7f98b5399000 r--s 00000000 08:03 263185                     /var/cache/fontconfig/7ef2298fde41cc6eeb7af42e48b7d293-le64.cache-4
7f98b5399000-7f98b546b000 rw-p 00000000 00:00 0 
7f98b546b000-7f98b546e000 ---p 00000000 00:00 0 
7f98b546e000-7f98b5570000 rw-p 00000000 00:00 0                          [stack:3760]
7f98b5570000-7f98b5571000 r--s 00000000 08:03 273550                     /var/cache/fontconfig/0c9eb80ebd1c36541ebe2852d3bb0c49-le64.cache-4
7f98b5571000-7f98b5573000 r--s 00007000 08:03 2105209                    /home/tharindu/Public/Untitled Folder/jdatepicker-1.3.2.jar
7f98b5573000-7f98b5586000 rw-p 00000000 00:00 0 
7f98b5586000-7f98b558e000 rw-s 00000000 08:03 2229459                    /tmp/hsperfdata_tharindu/3758
7f98b558e000-7f98b558f000 rw-p 00000000 00:00 0 
7f98b558f000-7f98b5590000 ---p 00000000 00:00 0 
7f98b5590000-7f98b5592000 rw-p 00000000 00:00 0 
7f98b5592000-7f98b5593000 r--p 00022000 08:03 394338                     /lib/x86_64-linux-gnu/ld-2.19.so
7f98b5593000-7f98b5594000 rw-p 00023000 08:03 394338                     /lib/x86_64-linux-gnu/ld-2.19.so
7f98b5594000-7f98b5595000 rw-p 00000000 00:00 0 
7ffc484d4000-7ffc484f5000 rw-p 00000000 00:00 0                          [stack]
7ffc485e3000-7ffc485e5000 r--p 00000000 00:00 0                          [vvar]
7ffc485e5000-7ffc485e7000 r-xp 00000000 00:00 0                          [vdso]
ffffffffff600000-ffffffffff601000 r-xp 00000000 00:00 0                  [vsyscall]

VM Arguments:
jvm_args: -Dfile.encoding=UTF-8 
java_command: hotel.view.mainFrame
java_class_path (initial): /home/tharindu/NewFolder/swingx.jar:/home/tharindu/Public/Untitled Folder/jdatepicker-1.3.2.jar:/home/tharindu/mysql-connector-java-5.1.23-bin.jar:/home/tharindu/NetBeansProjects/Hotel/build/classes
Launcher Type: SUN_STANDARD

Environment Variables:
JAVA_HOME=/usr/lib/jvm/java-8-oracle
PATH=/usr/local/sbin:/usr/local/bin:/usr/sbin:/usr/bin:/sbin:/bin:/usr/games:/usr/local/games:/usr/lib/jvm/java-8-oracle/bin:/usr/lib/jvm/java-8-oracle/db/bin:/usr/lib/jvm/java-8-oracle/jre/bin
USERNAME=tharindu
LD_LIBRARY_PATH=/usr/lib/jvm/java-8-oracle/jre/lib/amd64:/usr/lib/jvm/java-8-oracle/jre/lib/i386:
SHELL=/bin/bash
DISPLAY=:0.0

Signal Handlers:
SIGSEGV: [libjvm.so+0xac64b0], sa_mask[0]=11111111011111111101111111111110, sa_flags=SA_RESTART|SA_SIGINFO
SIGBUS: [libjvm.so+0xac64b0], sa_mask[0]=11111111011111111101111111111110, sa_flags=SA_RESTART|SA_SIGINFO
SIGFPE: [libjvm.so+0x91f950], sa_mask[0]=11111111011111111101111111111110, sa_flags=SA_RESTART|SA_SIGINFO
SIGPIPE: [libjvm.so+0x91f950], sa_mask[0]=11111111011111111101111111111110, sa_flags=SA_RESTART|SA_SIGINFO
SIGXFSZ: [libjvm.so+0x91f950], sa_mask[0]=11111111011111111101111111111110, sa_flags=SA_RESTART|SA_SIGINFO
SIGILL: [libjvm.so+0x91f950], sa_mask[0]=11111111011111111101111111111110, sa_flags=SA_RESTART|SA_SIGINFO
SIGUSR1: SIG_DFL, sa_mask[0]=00000000000000000000000000000000, sa_flags=none
SIGUSR2: [libjvm.so+0x920f80], sa_mask[0]=00100000000000000000000000000000, sa_flags=SA_RESTART|SA_SIGINFO
SIGHUP: [libjvm.so+0x922380], sa_mask[0]=11111111011111111101111111111110, sa_flags=SA_RESTART|SA_SIGINFO
SIGINT: SIG_IGN, sa_mask[0]=00000000000000000000000000000000, sa_flags=none
SIGTERM: [libjvm.so+0x922380], sa_mask[0]=11111111011111111101111111111110, sa_flags=SA_RESTART|SA_SIGINFO
SIGQUIT: [libjvm.so+0x922380], sa_mask[0]=11111111011111111101111111111110, sa_flags=SA_RESTART|SA_SIGINFO


---------------  S Y S T E M  ---------------

OS:DISTRIB_ID=LinuxMint
DISTRIB_RELEASE=17.3
DISTRIB_CODENAME=rosa
DISTRIB_DESCRIPTION="Linux Mint 17.3 Rosa"

uname:Linux 3.19.0-32-generic #37~14.04.1-Ubuntu SMP Thu Oct 22 09:41:40 UTC 2015 x86_64
libc:glibc 2.19 NPTL 2.19 
rlimit: STACK 8192k, CORE 0k, NPROC 15316, NOFILE 4096, AS infinity
load average:13.98 10.66 7.40

/proc/meminfo:
MemTotal:        3953184 kB
MemFree:          152504 kB
MemAvailable:     107516 kB
Buffers:            2720 kB
Cached:           299668 kB
SwapCached:            0 kB
Active:          3412552 kB
Inactive:         264868 kB
Active(anon):    3386372 kB
Inactive(anon):   239608 kB
Active(file):      26180 kB
Inactive(file):    25260 kB
Unevictable:           0 kB
Mlocked:               0 kB
SwapTotal:             0 kB
SwapFree:              0 kB
Dirty:              3352 kB
Writeback:             0 kB
AnonPages:       3374440 kB
Mapped:            83116 kB
Shmem:            251512 kB
Slab:              56440 kB
SReclaimable:      27508 kB
SUnreclaim:        28932 kB
KernelStack:        9008 kB
PageTables:        28404 kB
NFS_Unstable:          0 kB
Bounce:                0 kB
WritebackTmp:          0 kB
CommitLimit:     1976592 kB
Committed_AS:    5331736 kB
VmallocTotal:   34359738367 kB
VmallocUsed:      347064 kB
VmallocChunk:   34359384028 kB
HardwareCorrupted:     0 kB
AnonHugePages:   2230272 kB
CmaTotal:              0 kB
CmaFree:               0 kB
HugePages_Total:       0
HugePages_Free:        0
HugePages_Rsvd:        0
HugePages_Surp:        0
Hugepagesize:       2048 kB
DirectMap4k:      107176 kB
DirectMap2M:     3993600 kB


CPU:total 4 (2 cores per cpu, 2 threads per core) family 6 model 42 stepping 7, cmov, cx8, fxsr, mmx, sse, sse2, sse3, ssse3, sse4.1, sse4.2, popcnt, avx, clmul, ht, tsc, tscinvbit

/proc/cpuinfo:
processor	: 0
vendor_id	: GenuineIntel
cpu family	: 6
model		: 42
model name	: Intel(R) Core(TM) i3-2350M CPU @ 2.30GHz
stepping	: 7
microcode	: 0x1b
cpu MHz		: 1899.925
cache size	: 3072 KB
physical id	: 0
siblings	: 4
core id		: 0
cpu cores	: 2
apicid		: 0
initial apicid	: 0
fpu		: yes
fpu_exception	: yes
cpuid level	: 13
wp		: yes
flags		: fpu vme de pse tsc msr pae mce cx8 apic sep mtrr pge mca cmov pat pse36 clflush dts acpi mmx fxsr sse sse2 ss ht tm pbe syscall nx rdtscp lm constant_tsc arch_perfmon pebs bts rep_good nopl xtopology nonstop_tsc aperfmperf eagerfpu pni pclmulqdq dtes64 monitor ds_cpl vmx est tm2 ssse3 cx16 xtpr pdcm pcid sse4_1 sse4_2 x2apic popcnt tsc_deadline_timer xsave avx lahf_lm arat epb pln pts dtherm tpr_shadow vnmi flexpriority ept vpid xsaveopt
bugs		:
bogomips	: 4589.50
clflush size	: 64
cache_alignment	: 64
address sizes	: 36 bits physical, 48 bits virtual
power management:

processor	: 1
vendor_id	: GenuineIntel
cpu family	: 6
model		: 42
model name	: Intel(R) Core(TM) i3-2350M CPU @ 2.30GHz
stepping	: 7
microcode	: 0x1b
cpu MHz		: 1899.925
cache size	: 3072 KB
physical id	: 0
siblings	: 4
core id		: 1
cpu cores	: 2
apicid		: 2
initial apicid	: 2
fpu		: yes
fpu_exception	: yes
cpuid level	: 13
wp		: yes
flags		: fpu vme de pse tsc msr pae mce cx8 apic sep mtrr pge mca cmov pat pse36 clflush dts acpi mmx fxsr sse sse2 ss ht tm pbe syscall nx rdtscp lm constant_tsc arch_perfmon pebs bts rep_good nopl xtopology nonstop_tsc aperfmperf eagerfpu pni pclmulqdq dtes64 monitor ds_cpl vmx est tm2 ssse3 cx16 xtpr pdcm pcid sse4_1 sse4_2 x2apic popcnt tsc_deadline_timer xsave avx lahf_lm arat epb pln pts dtherm tpr_shadow vnmi flexpriority ept vpid xsaveopt
bugs		:
bogomips	: 4589.50
clflush size	: 64
cache_alignment	: 64
address sizes	: 36 bits physical, 48 bits virtual
power management:

processor	: 2
vendor_id	: GenuineIntel
cpu family	: 6
model		: 42
model name	: Intel(R) Core(TM) i3-2350M CPU @ 2.30GHz
stepping	: 7
microcode	: 0x1b
cpu MHz		: 1899.925
cache size	: 3072 KB
physical id	: 0
siblings	: 4
core id		: 0
cpu cores	: 2
apicid		: 1
initial apicid	: 1
fpu		: yes
fpu_exception	: yes
cpuid level	: 13
wp		: yes
flags		: fpu vme de pse tsc msr pae mce cx8 apic sep mtrr pge mca cmov pat pse36 clflush dts acpi mmx fxsr sse sse2 ss ht tm pbe syscall nx rdtscp lm constant_tsc arch_perfmon pebs bts rep_good nopl xtopology nonstop_tsc aperfmperf eagerfpu pni pclmulqdq dtes64 monitor ds_cpl vmx est tm2 ssse3 cx16 xtpr pdcm pcid sse4_1 sse4_2 x2apic popcnt tsc_deadline_timer xsave avx lahf_lm arat epb pln pts dtherm tpr_shadow vnmi flexpriority ept vpid xsaveopt
bugs		:
bogomips	: 4589.50
clflush size	: 64
cache_alignment	: 64
address sizes	: 36 bits physical, 48 bits virtual
power management:

processor	: 3
vendor_id	: GenuineIntel
cpu family	: 6
model		: 42
model name	: Intel(R) Core(TM) i3-2350M CPU @ 2.30GHz
stepping	: 7
microcode	: 0x1b
cpu MHz		: 1878.992
cache size	: 3072 KB
physical id	: 0
siblings	: 4
core id		: 1
cpu cores	: 2
apicid		: 3
initial apicid	: 3
fpu		: yes
fpu_exception	: yes
cpuid level	: 13
wp		: yes
flags		: fpu vme de pse tsc msr pae mce cx8 apic sep mtrr pge mca cmov pat pse36 clflush dts acpi mmx fxsr sse sse2 ss ht tm pbe syscall nx rdtscp lm constant_tsc arch_perfmon pebs bts rep_good nopl xtopology nonstop_tsc aperfmperf eagerfpu pni pclmulqdq dtes64 monitor ds_cpl vmx est tm2 ssse3 cx16 xtpr pdcm pcid sse4_1 sse4_2 x2apic popcnt tsc_deadline_timer xsave avx lahf_lm arat epb pln pts dtherm tpr_shadow vnmi flexpriority ept vpid xsaveopt
bugs		:
bogomips	: 4589.50
clflush size	: 64
cache_alignment	: 64
address sizes	: 36 bits physical, 48 bits virtual
power management:



Memory: 4k page, physical 3953184k(152504k free), swap 0k(0k free)

vm_info: Java HotSpot(TM) 64-Bit Server VM (25.111-b14) for linux-amd64 JRE (1.8.0_111-b14), built on Sep 22 2016 16:14:03 by "java_re" with gcc 4.3.0 20080428 (Red Hat 4.3.0-8)

time: Wed Apr 19 09:24:17 2017
elapsed time: 19 seconds (0d 0h 0m 19s)

